mode: set
github.com/tiancaiamao/ai/internal/winai/interpreter.go:173.72,178.2 4 0
github.com/tiancaiamao/ai/internal/winai/interpreter.go:181.110,188.2 6 0
github.com/tiancaiamao/ai/internal/winai/interpreter.go:190.42,201.2 1 0
github.com/tiancaiamao/ai/internal/winai/interpreter.go:204.56,208.2 3 0
github.com/tiancaiamao/ai/internal/winai/interpreter.go:211.58,215.15 3 0
github.com/tiancaiamao/ai/internal/winai/interpreter.go:215.15,217.3 1 0
github.com/tiancaiamao/ai/internal/winai/interpreter.go:219.2,224.14 4 0
github.com/tiancaiamao/ai/internal/winai/interpreter.go:224.14,225.40 1 0
github.com/tiancaiamao/ai/internal/winai/interpreter.go:225.40,227.4 1 0
github.com/tiancaiamao/ai/internal/winai/interpreter.go:228.3,229.40 2 0
github.com/tiancaiamao/ai/internal/winai/interpreter.go:229.40,233.4 3 0
github.com/tiancaiamao/ai/internal/winai/interpreter.go:234.3,235.22 2 0
github.com/tiancaiamao/ai/internal/winai/interpreter.go:235.22,237.4 1 0
github.com/tiancaiamao/ai/internal/winai/interpreter.go:238.3,238.13 1 0
github.com/tiancaiamao/ai/internal/winai/interpreter.go:241.2,242.57 2 0
github.com/tiancaiamao/ai/internal/winai/interpreter.go:242.57,244.3 1 0
github.com/tiancaiamao/ai/internal/winai/interpreter.go:245.2,250.16 4 0
github.com/tiancaiamao/ai/internal/winai/interpreter.go:250.16,252.3 1 0
github.com/tiancaiamao/ai/internal/winai/interpreter.go:253.2,254.16 2 0
github.com/tiancaiamao/ai/internal/winai/interpreter.go:254.16,257.3 2 0
github.com/tiancaiamao/ai/internal/winai/interpreter.go:258.2,259.16 2 0
github.com/tiancaiamao/ai/internal/winai/interpreter.go:259.16,263.3 3 0
github.com/tiancaiamao/ai/internal/winai/interpreter.go:265.2,272.38 7 0
github.com/tiancaiamao/ai/internal/winai/interpreter.go:272.38,275.3 2 0
github.com/tiancaiamao/ai/internal/winai/interpreter.go:277.2,277.39 1 0
github.com/tiancaiamao/ai/internal/winai/interpreter.go:277.39,281.3 3 0
github.com/tiancaiamao/ai/internal/winai/interpreter.go:283.2,287.12 4 0
github.com/tiancaiamao/ai/internal/winai/interpreter.go:290.47,291.27 1 0
github.com/tiancaiamao/ai/internal/winai/interpreter.go:291.27,292.54 1 0
github.com/tiancaiamao/ai/internal/winai/interpreter.go:292.54,294.4 1 0
github.com/tiancaiamao/ai/internal/winai/interpreter.go:296.2,296.14 1 0
github.com/tiancaiamao/ai/internal/winai/interpreter.go:300.38,316.19 15 0
github.com/tiancaiamao/ai/internal/winai/interpreter.go:316.19,318.3 1 0
github.com/tiancaiamao/ai/internal/winai/interpreter.go:320.2,320.18 1 0
github.com/tiancaiamao/ai/internal/winai/interpreter.go:320.18,322.3 1 0
github.com/tiancaiamao/ai/internal/winai/interpreter.go:323.2,323.19 1 0
github.com/tiancaiamao/ai/internal/winai/interpreter.go:323.19,325.3 1 0
github.com/tiancaiamao/ai/internal/winai/interpreter.go:326.2,326.19 1 0
github.com/tiancaiamao/ai/internal/winai/interpreter.go:326.19,328.3 1 0
github.com/tiancaiamao/ai/internal/winai/interpreter.go:330.2,330.49 1 0
github.com/tiancaiamao/ai/internal/winai/interpreter.go:330.49,331.44 1 0
github.com/tiancaiamao/ai/internal/winai/interpreter.go:331.44,333.4 1 0
github.com/tiancaiamao/ai/internal/winai/interpreter.go:336.2,337.12 2 0
github.com/tiancaiamao/ai/internal/winai/interpreter.go:340.52,343.29 3 0
github.com/tiancaiamao/ai/internal/winai/interpreter.go:343.29,345.3 1 0
github.com/tiancaiamao/ai/internal/winai/interpreter.go:347.2,347.50 1 0
github.com/tiancaiamao/ai/internal/winai/interpreter.go:347.50,349.3 1 0
github.com/tiancaiamao/ai/internal/winai/interpreter.go:351.2,352.19 2 0
github.com/tiancaiamao/ai/internal/winai/interpreter.go:352.19,354.3 1 0
github.com/tiancaiamao/ai/internal/winai/interpreter.go:355.2,355.20 1 0
github.com/tiancaiamao/ai/internal/winai/interpreter.go:358.53,362.16 4 0
github.com/tiancaiamao/ai/internal/winai/interpreter.go:362.16,364.3 1 0
github.com/tiancaiamao/ai/internal/winai/interpreter.go:365.2,365.39 1 0
github.com/tiancaiamao/ai/internal/winai/interpreter.go:368.79,370.18 2 0
github.com/tiancaiamao/ai/internal/winai/interpreter.go:370.18,373.3 2 0
github.com/tiancaiamao/ai/internal/winai/interpreter.go:374.2,386.19 12 0
github.com/tiancaiamao/ai/internal/winai/interpreter.go:386.19,388.3 1 0
github.com/tiancaiamao/ai/internal/winai/interpreter.go:389.2,389.18 1 0
github.com/tiancaiamao/ai/internal/winai/interpreter.go:389.18,391.3 1 0
github.com/tiancaiamao/ai/internal/winai/interpreter.go:392.2,392.19 1 0
github.com/tiancaiamao/ai/internal/winai/interpreter.go:392.19,394.3 1 0
github.com/tiancaiamao/ai/internal/winai/interpreter.go:395.2,395.19 1 0
github.com/tiancaiamao/ai/internal/winai/interpreter.go:395.19,397.3 1 0
github.com/tiancaiamao/ai/internal/winai/interpreter.go:399.2,400.13 2 0
github.com/tiancaiamao/ai/internal/winai/interpreter.go:403.40,412.2 7 0
github.com/tiancaiamao/ai/internal/winai/interpreter.go:414.56,418.12 4 0
github.com/tiancaiamao/ai/internal/winai/interpreter.go:418.12,420.3 1 0
github.com/tiancaiamao/ai/internal/winai/interpreter.go:422.2,422.18 1 0
github.com/tiancaiamao/ai/internal/winai/interpreter.go:422.18,424.3 1 0
github.com/tiancaiamao/ai/internal/winai/interpreter.go:426.2,429.36 4 0
github.com/tiancaiamao/ai/internal/winai/interpreter.go:429.36,431.3 1 0
github.com/tiancaiamao/ai/internal/winai/interpreter.go:433.2,433.37 1 0
github.com/tiancaiamao/ai/internal/winai/interpreter.go:433.37,434.58 1 0
github.com/tiancaiamao/ai/internal/winai/interpreter.go:434.58,436.4 1 0
github.com/tiancaiamao/ai/internal/winai/interpreter.go:437.3,437.13 1 0
github.com/tiancaiamao/ai/internal/winai/interpreter.go:439.2,439.12 1 0
github.com/tiancaiamao/ai/internal/winai/interpreter.go:443.74,446.19 3 0
github.com/tiancaiamao/ai/internal/winai/interpreter.go:446.19,448.3 1 0
github.com/tiancaiamao/ai/internal/winai/interpreter.go:450.2,451.16 2 0
github.com/tiancaiamao/ai/internal/winai/interpreter.go:451.16,454.3 2 0
github.com/tiancaiamao/ai/internal/winai/interpreter.go:455.2,455.13 1 0
github.com/tiancaiamao/ai/internal/winai/interpreter.go:455.13,457.3 1 0
github.com/tiancaiamao/ai/internal/winai/interpreter.go:459.2,464.15 5 0
github.com/tiancaiamao/ai/internal/winai/interpreter.go:464.15,465.19 1 0
github.com/tiancaiamao/ai/internal/winai/interpreter.go:466.20,467.65 1 0
github.com/tiancaiamao/ai/internal/winai/interpreter.go:467.65,469.5 1 0
github.com/tiancaiamao/ai/internal/winai/interpreter.go:470.4,470.14 1 0
github.com/tiancaiamao/ai/internal/winai/interpreter.go:471.17,473.14 2 0
github.com/tiancaiamao/ai/internal/winai/interpreter.go:474.11,475.61 1 0
github.com/tiancaiamao/ai/internal/winai/interpreter.go:475.61,477.5 1 0
github.com/tiancaiamao/ai/internal/winai/interpreter.go:478.4,478.14 1 0
github.com/tiancaiamao/ai/internal/winai/interpreter.go:482.2,482.42 1 0
github.com/tiancaiamao/ai/internal/winai/interpreter.go:482.42,484.3 1 0
github.com/tiancaiamao/ai/internal/winai/interpreter.go:485.2,485.12 1 0
github.com/tiancaiamao/ai/internal/winai/interpreter.go:489.55,491.2 1 0
github.com/tiancaiamao/ai/internal/winai/interpreter.go:494.67,496.19 2 0
github.com/tiancaiamao/ai/internal/winai/interpreter.go:496.19,498.3 1 0
github.com/tiancaiamao/ai/internal/winai/interpreter.go:499.2,499.37 1 0
github.com/tiancaiamao/ai/internal/winai/interpreter.go:503.67,505.2 1 0
github.com/tiancaiamao/ai/internal/winai/interpreter.go:507.83,508.39 1 0
github.com/tiancaiamao/ai/internal/winai/interpreter.go:508.39,510.3 1 0
github.com/tiancaiamao/ai/internal/winai/interpreter.go:512.2,512.35 1 0
github.com/tiancaiamao/ai/internal/winai/interpreter.go:512.35,515.35 3 0
github.com/tiancaiamao/ai/internal/winai/interpreter.go:515.35,517.4 1 0
github.com/tiancaiamao/ai/internal/winai/interpreter.go:518.3,520.18 3 0
github.com/tiancaiamao/ai/internal/winai/interpreter.go:520.18,522.22 2 0
github.com/tiancaiamao/ai/internal/winai/interpreter.go:522.22,524.5 1 0
github.com/tiancaiamao/ai/internal/winai/interpreter.go:525.4,525.22 1 0
github.com/tiancaiamao/ai/internal/winai/interpreter.go:527.3,527.22 1 0
github.com/tiancaiamao/ai/internal/winai/interpreter.go:530.2,530.19 1 0
github.com/tiancaiamao/ai/internal/winai/interpreter.go:533.59,535.71 1 0
github.com/tiancaiamao/ai/internal/winai/interpreter.go:535.71,537.3 1 0
github.com/tiancaiamao/ai/internal/winai/interpreter.go:540.2,544.6 4 0
github.com/tiancaiamao/ai/internal/winai/interpreter.go:544.6,545.10 1 0
github.com/tiancaiamao/ai/internal/winai/interpreter.go:546.18,548.21 2 0
github.com/tiancaiamao/ai/internal/winai/interpreter.go:549.19,554.23 4 0
github.com/tiancaiamao/ai/internal/winai/interpreter.go:554.23,557.30 2 0
github.com/tiancaiamao/ai/internal/winai/interpreter.go:557.30,560.20 3 0
github.com/tiancaiamao/ai/internal/winai/interpreter.go:560.20,562.7 1 0
github.com/tiancaiamao/ai/internal/winai/interpreter.go:563.6,563.52 1 0
github.com/tiancaiamao/ai/internal/winai/interpreter.go:567.5,567.26 1 0
github.com/tiancaiamao/ai/internal/winai/interpreter.go:567.26,569.20 2 0
github.com/tiancaiamao/ai/internal/winai/interpreter.go:569.20,572.7 2 0
github.com/tiancaiamao/ai/internal/winai/interpreter.go:573.6,573.25 1 0
github.com/tiancaiamao/ai/internal/winai/interpreter.go:573.25,577.25 2 0
github.com/tiancaiamao/ai/internal/winai/interpreter.go:577.25,579.60 2 0
github.com/tiancaiamao/ai/internal/winai/interpreter.go:579.60,581.9 1 0
github.com/tiancaiamao/ai/internal/winai/interpreter.go:584.6,584.22 1 0
github.com/tiancaiamao/ai/internal/winai/interpreter.go:588.5,589.21 2 0
github.com/tiancaiamao/ai/internal/winai/interpreter.go:595.87,596.19 1 0
github.com/tiancaiamao/ai/internal/winai/interpreter.go:596.19,598.3 1 0
github.com/tiancaiamao/ai/internal/winai/interpreter.go:600.2,601.22 2 0
github.com/tiancaiamao/ai/internal/winai/interpreter.go:601.22,603.3 1 0
github.com/tiancaiamao/ai/internal/winai/interpreter.go:605.2,608.13 3 0
github.com/tiancaiamao/ai/internal/winai/interpreter.go:609.14,611.19 2 0
github.com/tiancaiamao/ai/internal/winai/interpreter.go:612.14,615.19 3 0
github.com/tiancaiamao/ai/internal/winai/interpreter.go:616.15,617.47 1 0
github.com/tiancaiamao/ai/internal/winai/interpreter.go:618.17,619.58 1 0
github.com/tiancaiamao/ai/internal/winai/interpreter.go:620.14,621.56 1 0
github.com/tiancaiamao/ai/internal/winai/interpreter.go:622.18,623.54 1 0
github.com/tiancaiamao/ai/internal/winai/interpreter.go:624.14,625.36 1 0
github.com/tiancaiamao/ai/internal/winai/interpreter.go:625.36,628.4 2 0
github.com/tiancaiamao/ai/internal/winai/interpreter.go:629.3,629.76 1 0
github.com/tiancaiamao/ai/internal/winai/interpreter.go:629.76,630.43 1 0
github.com/tiancaiamao/ai/internal/winai/interpreter.go:630.43,633.5 2 0
github.com/tiancaiamao/ai/internal/winai/interpreter.go:634.4,635.20 2 0
github.com/tiancaiamao/ai/internal/winai/interpreter.go:637.3,637.19 1 0
github.com/tiancaiamao/ai/internal/winai/interpreter.go:638.18,639.54 1 0
github.com/tiancaiamao/ai/internal/winai/interpreter.go:640.14,641.47 1 0
github.com/tiancaiamao/ai/internal/winai/interpreter.go:642.18,643.61 1 0
github.com/tiancaiamao/ai/internal/winai/interpreter.go:644.15,645.48 1 0
github.com/tiancaiamao/ai/internal/winai/interpreter.go:646.16,647.59 1 0
github.com/tiancaiamao/ai/internal/winai/interpreter.go:648.22,649.31 1 0
github.com/tiancaiamao/ai/internal/winai/interpreter.go:650.13,652.36 2 0
github.com/tiancaiamao/ai/internal/winai/interpreter.go:652.36,655.4 2 0
github.com/tiancaiamao/ai/internal/winai/interpreter.go:656.3,656.54 1 0
github.com/tiancaiamao/ai/internal/winai/interpreter.go:657.16,658.36 1 0
github.com/tiancaiamao/ai/internal/winai/interpreter.go:658.36,661.4 2 0
github.com/tiancaiamao/ai/internal/winai/interpreter.go:662.3,662.75 1 0
github.com/tiancaiamao/ai/internal/winai/interpreter.go:662.75,663.46 1 0
github.com/tiancaiamao/ai/internal/winai/interpreter.go:663.46,666.5 2 0
github.com/tiancaiamao/ai/internal/winai/interpreter.go:667.4,668.20 2 0
github.com/tiancaiamao/ai/internal/winai/interpreter.go:670.3,670.19 1 0
github.com/tiancaiamao/ai/internal/winai/interpreter.go:671.17,672.49 1 0
github.com/tiancaiamao/ai/internal/winai/interpreter.go:673.14,674.65 1 0
github.com/tiancaiamao/ai/internal/winai/interpreter.go:675.25,676.57 1 0
github.com/tiancaiamao/ai/internal/winai/interpreter.go:677.24,678.56 1 0
github.com/tiancaiamao/ai/internal/winai/interpreter.go:679.22,680.54 1 0
github.com/tiancaiamao/ai/internal/winai/interpreter.go:681.30,682.62 1 0
github.com/tiancaiamao/ai/internal/winai/interpreter.go:683.14,684.34 1 0
github.com/tiancaiamao/ai/internal/winai/interpreter.go:685.26,686.36 1 0
github.com/tiancaiamao/ai/internal/winai/interpreter.go:686.36,689.4 2 0
github.com/tiancaiamao/ai/internal/winai/interpreter.go:690.3,690.76 1 0
github.com/tiancaiamao/ai/internal/winai/interpreter.go:690.76,691.43 1 0
github.com/tiancaiamao/ai/internal/winai/interpreter.go:691.43,694.5 2 0
github.com/tiancaiamao/ai/internal/winai/interpreter.go:695.4,696.20 2 0
github.com/tiancaiamao/ai/internal/winai/interpreter.go:698.3,698.19 1 0
github.com/tiancaiamao/ai/internal/winai/interpreter.go:699.15,700.36 1 0
github.com/tiancaiamao/ai/internal/winai/interpreter.go:700.36,703.4 2 0
github.com/tiancaiamao/ai/internal/winai/interpreter.go:704.3,704.70 1 0
github.com/tiancaiamao/ai/internal/winai/interpreter.go:705.31,706.36 1 0
github.com/tiancaiamao/ai/internal/winai/interpreter.go:706.36,709.4 2 0
github.com/tiancaiamao/ai/internal/winai/interpreter.go:710.3,710.74 1 0
github.com/tiancaiamao/ai/internal/winai/interpreter.go:711.19,713.17 2 0
github.com/tiancaiamao/ai/internal/winai/interpreter.go:713.17,716.4 2 0
github.com/tiancaiamao/ai/internal/winai/interpreter.go:717.3,717.15 1 0
github.com/tiancaiamao/ai/internal/winai/interpreter.go:718.39,723.20 5 0
github.com/tiancaiamao/ai/internal/winai/interpreter.go:724.11,726.20 2 0
github.com/tiancaiamao/ai/internal/winai/interpreter.go:728.10,729.20 1 0
github.com/tiancaiamao/ai/internal/winai/interpreter.go:738.58,740.19 2 0
github.com/tiancaiamao/ai/internal/winai/interpreter.go:740.19,742.3 1 0
github.com/tiancaiamao/ai/internal/winai/interpreter.go:743.2,743.34 1 0
github.com/tiancaiamao/ai/internal/winai/interpreter.go:743.34,745.3 1 0
github.com/tiancaiamao/ai/internal/winai/interpreter.go:746.2,746.27 1 0
github.com/tiancaiamao/ai/internal/winai/interpreter.go:749.58,751.2 1 0
github.com/tiancaiamao/ai/internal/winai/interpreter.go:753.85,756.2 2 0
github.com/tiancaiamao/ai/internal/winai/interpreter.go:758.101,762.19 2 0
github.com/tiancaiamao/ai/internal/winai/interpreter.go:762.19,764.3 1 0
github.com/tiancaiamao/ai/internal/winai/interpreter.go:765.2,765.17 1 0
github.com/tiancaiamao/ai/internal/winai/interpreter.go:765.17,767.3 1 0
github.com/tiancaiamao/ai/internal/winai/interpreter.go:768.2,770.32 3 0
github.com/tiancaiamao/ai/internal/winai/interpreter.go:773.75,775.19 2 0
github.com/tiancaiamao/ai/internal/winai/interpreter.go:775.19,777.3 1 0
github.com/tiancaiamao/ai/internal/winai/interpreter.go:778.2,778.71 1 0
github.com/tiancaiamao/ai/internal/winai/interpreter.go:781.84,783.16 2 0
github.com/tiancaiamao/ai/internal/winai/interpreter.go:783.16,785.3 1 0
github.com/tiancaiamao/ai/internal/winai/interpreter.go:786.2,794.12 4 0
github.com/tiancaiamao/ai/internal/winai/interpreter.go:797.56,798.43 1 0
github.com/tiancaiamao/ai/internal/winai/interpreter.go:798.43,801.19 3 0
github.com/tiancaiamao/ai/internal/winai/interpreter.go:801.19,803.20 2 0
github.com/tiancaiamao/ai/internal/winai/interpreter.go:803.20,804.60 1 0
github.com/tiancaiamao/ai/internal/winai/interpreter.go:804.60,806.6 1 0
github.com/tiancaiamao/ai/internal/winai/interpreter.go:807.5,807.13 1 0
github.com/tiancaiamao/ai/internal/winai/interpreter.go:809.4,809.47 1 0
github.com/tiancaiamao/ai/internal/winai/interpreter.go:812.3,812.58 1 0
github.com/tiancaiamao/ai/internal/winai/interpreter.go:812.58,814.41 2 0
github.com/tiancaiamao/ai/internal/winai/interpreter.go:814.41,816.55 2 0
github.com/tiancaiamao/ai/internal/winai/interpreter.go:816.55,818.6 1 0
github.com/tiancaiamao/ai/internal/winai/interpreter.go:819.5,819.13 1 0
github.com/tiancaiamao/ai/internal/winai/interpreter.go:821.4,821.45 1 0
github.com/tiancaiamao/ai/internal/winai/interpreter.go:823.3,823.41 1 0
github.com/tiancaiamao/ai/internal/winai/interpreter.go:823.41,824.55 1 0
github.com/tiancaiamao/ai/internal/winai/interpreter.go:824.55,826.42 2 0
github.com/tiancaiamao/ai/internal/winai/interpreter.go:826.42,828.56 2 0
github.com/tiancaiamao/ai/internal/winai/interpreter.go:828.56,830.7 1 0
github.com/tiancaiamao/ai/internal/winai/interpreter.go:831.6,831.14 1 0
github.com/tiancaiamao/ai/internal/winai/interpreter.go:833.5,833.54 1 0
github.com/tiancaiamao/ai/internal/winai/interpreter.go:836.3,837.13 2 0
github.com/tiancaiamao/ai/internal/winai/interpreter.go:839.2,839.45 1 0
github.com/tiancaiamao/ai/internal/winai/interpreter.go:842.53,844.16 2 0
github.com/tiancaiamao/ai/internal/winai/interpreter.go:844.16,846.3 1 0
github.com/tiancaiamao/ai/internal/winai/interpreter.go:847.2,847.32 1 0
github.com/tiancaiamao/ai/internal/winai/interpreter.go:850.35,851.16 1 0
github.com/tiancaiamao/ai/internal/winai/interpreter.go:851.16,853.3 1 0
github.com/tiancaiamao/ai/internal/winai/interpreter.go:854.2,854.70 1 0
github.com/tiancaiamao/ai/internal/winai/interpreter.go:854.70,856.3 1 0
github.com/tiancaiamao/ai/internal/winai/interpreter.go:857.2,860.39 2 0
github.com/tiancaiamao/ai/internal/winai/interpreter.go:863.41,866.2 2 0
github.com/tiancaiamao/ai/internal/winai/interpreter.go:868.73,870.21 2 0
github.com/tiancaiamao/ai/internal/winai/interpreter.go:870.21,873.3 2 0
github.com/tiancaiamao/ai/internal/winai/interpreter.go:874.2,874.18 1 0
github.com/tiancaiamao/ai/internal/winai/interpreter.go:875.18,876.30 1 0
github.com/tiancaiamao/ai/internal/winai/interpreter.go:877.18,878.30 1 0
github.com/tiancaiamao/ai/internal/winai/interpreter.go:879.15,880.53 1 0
github.com/tiancaiamao/ai/internal/winai/interpreter.go:881.10,882.83 1 0
github.com/tiancaiamao/ai/internal/winai/interpreter.go:884.2,884.12 1 0
github.com/tiancaiamao/ai/internal/winai/interpreter.go:887.81,889.16 2 0
github.com/tiancaiamao/ai/internal/winai/interpreter.go:889.16,891.3 1 0
github.com/tiancaiamao/ai/internal/winai/interpreter.go:892.2,896.14 4 0
github.com/tiancaiamao/ai/internal/winai/interpreter.go:897.18,898.25 1 0
github.com/tiancaiamao/ai/internal/winai/interpreter.go:899.16,900.25 1 0
github.com/tiancaiamao/ai/internal/winai/interpreter.go:901.10,903.48 2 0
github.com/tiancaiamao/ai/internal/winai/interpreter.go:905.2,907.14 2 0
github.com/tiancaiamao/ai/internal/winai/interpreter.go:908.12,910.12 2 0
github.com/tiancaiamao/ai/internal/winai/interpreter.go:911.13,913.12 2 0
github.com/tiancaiamao/ai/internal/winai/interpreter.go:914.16,916.12 2 0
github.com/tiancaiamao/ai/internal/winai/interpreter.go:919.2,919.9 1 0
github.com/tiancaiamao/ai/internal/winai/interpreter.go:919.9,922.3 2 0
github.com/tiancaiamao/ai/internal/winai/interpreter.go:924.2,925.14 2 0
github.com/tiancaiamao/ai/internal/winai/interpreter.go:926.18,927.25 1 0
github.com/tiancaiamao/ai/internal/winai/interpreter.go:928.16,929.25 1 0
github.com/tiancaiamao/ai/internal/winai/interpreter.go:931.2,934.12 3 0
github.com/tiancaiamao/ai/internal/winai/interpreter.go:937.74,939.16 2 0
github.com/tiancaiamao/ai/internal/winai/interpreter.go:939.16,941.3 1 0
github.com/tiancaiamao/ai/internal/winai/interpreter.go:943.2,948.14 5 0
github.com/tiancaiamao/ai/internal/winai/interpreter.go:949.12,951.22 2 0
github.com/tiancaiamao/ai/internal/winai/interpreter.go:952.13,954.22 2 0
github.com/tiancaiamao/ai/internal/winai/interpreter.go:955.17,957.21 2 0
github.com/tiancaiamao/ai/internal/winai/interpreter.go:958.16,959.16 1 0
github.com/tiancaiamao/ai/internal/winai/interpreter.go:959.16,962.4 2 0
github.com/tiancaiamao/ai/internal/winai/interpreter.go:962.9,965.4 2 0
github.com/tiancaiamao/ai/internal/winai/interpreter.go:966.10,968.13 2 0
github.com/tiancaiamao/ai/internal/winai/interpreter.go:971.2,977.12 6 0
github.com/tiancaiamao/ai/internal/winai/interpreter.go:980.83,982.16 2 0
github.com/tiancaiamao/ai/internal/winai/interpreter.go:982.16,985.3 2 0
github.com/tiancaiamao/ai/internal/winai/interpreter.go:986.2,987.14 2 0
github.com/tiancaiamao/ai/internal/winai/interpreter.go:988.12,989.17 1 0
github.com/tiancaiamao/ai/internal/winai/interpreter.go:990.13,991.18 1 0
github.com/tiancaiamao/ai/internal/winai/interpreter.go:992.10,994.13 2 0
github.com/tiancaiamao/ai/internal/winai/interpreter.go:996.2,996.85 1 0
github.com/tiancaiamao/ai/internal/winai/interpreter.go:999.82,1001.17 2 0
github.com/tiancaiamao/ai/internal/winai/interpreter.go:1001.17,1004.3 2 0
github.com/tiancaiamao/ai/internal/winai/interpreter.go:1005.2,1005.80 1 0
github.com/tiancaiamao/ai/internal/winai/interpreter.go:1008.80,1010.16 2 0
github.com/tiancaiamao/ai/internal/winai/interpreter.go:1010.16,1013.3 2 0
github.com/tiancaiamao/ai/internal/winai/interpreter.go:1015.2,1018.13 3 0
github.com/tiancaiamao/ai/internal/winai/interpreter.go:1019.13,1020.90 1 0
github.com/tiancaiamao/ai/internal/winai/interpreter.go:1021.17,1022.94 1 0
github.com/tiancaiamao/ai/internal/winai/interpreter.go:1023.13,1024.91 1 0
github.com/tiancaiamao/ai/internal/winai/interpreter.go:1025.14,1026.52 1 0
github.com/tiancaiamao/ai/internal/winai/interpreter.go:1027.27,1030.26 3 0
github.com/tiancaiamao/ai/internal/winai/interpreter.go:1030.26,1033.4 2 0
github.com/tiancaiamao/ai/internal/winai/interpreter.go:1034.3,1035.81 2 0
github.com/tiancaiamao/ai/internal/winai/interpreter.go:1036.10,1039.26 2 0
github.com/tiancaiamao/ai/internal/winai/interpreter.go:1039.26,1042.4 2 0
github.com/tiancaiamao/ai/internal/winai/interpreter.go:1043.3,1043.84 1 0
github.com/tiancaiamao/ai/internal/winai/interpreter.go:1047.52,1048.54 1 0
github.com/tiancaiamao/ai/internal/winai/interpreter.go:1048.54,1049.12 1 0
github.com/tiancaiamao/ai/internal/winai/interpreter.go:1050.35,1051.15 1 0
github.com/tiancaiamao/ai/internal/winai/interpreter.go:1052.11,1053.16 1 0
github.com/tiancaiamao/ai/internal/winai/interpreter.go:1056.2,1058.31 3 0
github.com/tiancaiamao/ai/internal/winai/interpreter.go:1058.31,1060.14 2 0
github.com/tiancaiamao/ai/internal/winai/interpreter.go:1060.14,1061.12 1 0
github.com/tiancaiamao/ai/internal/winai/interpreter.go:1063.3,1063.27 1 0
github.com/tiancaiamao/ai/internal/winai/interpreter.go:1063.27,1064.12 1 0
github.com/tiancaiamao/ai/internal/winai/interpreter.go:1066.3,1067.23 2 0
github.com/tiancaiamao/ai/internal/winai/interpreter.go:1069.2,1069.12 1 0
github.com/tiancaiamao/ai/internal/winai/interpreter.go:1072.55,1074.15 2 0
github.com/tiancaiamao/ai/internal/winai/interpreter.go:1074.15,1077.3 2 0
github.com/tiancaiamao/ai/internal/winai/interpreter.go:1078.2,1079.16 2 0
github.com/tiancaiamao/ai/internal/winai/interpreter.go:1079.16,1080.42 1 0
github.com/tiancaiamao/ai/internal/winai/interpreter.go:1080.42,1083.4 2 0
github.com/tiancaiamao/ai/internal/winai/interpreter.go:1084.3,1085.13 2 0
github.com/tiancaiamao/ai/internal/winai/interpreter.go:1087.2,1087.70 1 0
github.com/tiancaiamao/ai/internal/winai/interpreter.go:1090.72,1091.17 1 0
github.com/tiancaiamao/ai/internal/winai/interpreter.go:1091.17,1093.3 1 0
github.com/tiancaiamao/ai/internal/winai/interpreter.go:1094.2,1094.49 1 0
github.com/tiancaiamao/ai/internal/winai/interpreter.go:1094.49,1097.40 3 0
github.com/tiancaiamao/ai/internal/winai/interpreter.go:1097.40,1099.4 1 0
github.com/tiancaiamao/ai/internal/winai/interpreter.go:1100.3,1100.53 1 0
github.com/tiancaiamao/ai/internal/winai/interpreter.go:1100.53,1102.4 1 0
github.com/tiancaiamao/ai/internal/winai/interpreter.go:1103.3,1103.51 1 0
github.com/tiancaiamao/ai/internal/winai/interpreter.go:1105.2,1105.19 1 0
github.com/tiancaiamao/ai/internal/winai/interpreter.go:1108.72,1109.17 1 0
github.com/tiancaiamao/ai/internal/winai/interpreter.go:1109.17,1111.3 1 0
github.com/tiancaiamao/ai/internal/winai/interpreter.go:1112.2,1112.38 1 0
github.com/tiancaiamao/ai/internal/winai/interpreter.go:1112.38,1114.3 1 0
github.com/tiancaiamao/ai/internal/winai/interpreter.go:1115.2,1115.49 1 0
github.com/tiancaiamao/ai/internal/winai/interpreter.go:1115.49,1118.39 3 0
github.com/tiancaiamao/ai/internal/winai/interpreter.go:1118.39,1120.4 1 0
github.com/tiancaiamao/ai/internal/winai/interpreter.go:1121.3,1121.52 1 0
github.com/tiancaiamao/ai/internal/winai/interpreter.go:1121.52,1123.4 1 0
github.com/tiancaiamao/ai/internal/winai/interpreter.go:1124.3,1124.50 1 0
github.com/tiancaiamao/ai/internal/winai/interpreter.go:1126.2,1126.19 1 0
github.com/tiancaiamao/ai/internal/winai/interpreter.go:1129.69,1131.16 2 0
github.com/tiancaiamao/ai/internal/winai/interpreter.go:1131.16,1133.3 1 0
github.com/tiancaiamao/ai/internal/winai/interpreter.go:1134.2,1134.82 1 0
github.com/tiancaiamao/ai/internal/winai/interpreter.go:1137.63,1139.16 2 0
github.com/tiancaiamao/ai/internal/winai/interpreter.go:1139.16,1141.3 1 0
github.com/tiancaiamao/ai/internal/winai/interpreter.go:1142.2,1142.104 1 0
github.com/tiancaiamao/ai/internal/winai/interpreter.go:1145.81,1146.17 1 0
github.com/tiancaiamao/ai/internal/winai/interpreter.go:1146.17,1148.3 1 0
github.com/tiancaiamao/ai/internal/winai/interpreter.go:1150.2,1155.49 5 0
github.com/tiancaiamao/ai/internal/winai/interpreter.go:1155.49,1156.23 1 0
github.com/tiancaiamao/ai/internal/winai/interpreter.go:1156.23,1158.4 1 0
github.com/tiancaiamao/ai/internal/winai/interpreter.go:1159.3,1159.36 1 0
github.com/tiancaiamao/ai/internal/winai/interpreter.go:1159.36,1161.4 1 0
github.com/tiancaiamao/ai/internal/winai/interpreter.go:1162.3,1162.27 1 0
github.com/tiancaiamao/ai/internal/winai/interpreter.go:1165.2,1165.34 1 0
github.com/tiancaiamao/ai/internal/winai/interpreter.go:1165.34,1167.39 2 0
github.com/tiancaiamao/ai/internal/winai/interpreter.go:1167.39,1169.4 1 0
github.com/tiancaiamao/ai/internal/winai/interpreter.go:1170.3,1170.63 1 0
github.com/tiancaiamao/ai/internal/winai/interpreter.go:1173.2,1173.22 1 0
github.com/tiancaiamao/ai/internal/winai/interpreter.go:1173.22,1174.28 1 0
github.com/tiancaiamao/ai/internal/winai/interpreter.go:1174.28,1176.4 1 0
github.com/tiancaiamao/ai/internal/winai/interpreter.go:1177.3,1177.35 1 0
github.com/tiancaiamao/ai/internal/winai/interpreter.go:1180.2,1180.27 1 0
github.com/tiancaiamao/ai/internal/winai/interpreter.go:1180.27,1181.39 1 0
github.com/tiancaiamao/ai/internal/winai/interpreter.go:1181.39,1183.4 1 0
github.com/tiancaiamao/ai/internal/winai/interpreter.go:1186.2,1186.27 1 0
github.com/tiancaiamao/ai/internal/winai/interpreter.go:1186.27,1188.3 1 0
github.com/tiancaiamao/ai/internal/winai/interpreter.go:1189.2,1189.52 1 0
github.com/tiancaiamao/ai/internal/winai/interpreter.go:1192.68,1193.17 1 0
github.com/tiancaiamao/ai/internal/winai/interpreter.go:1193.17,1195.3 1 0
github.com/tiancaiamao/ai/internal/winai/interpreter.go:1197.2,1201.49 4 0
github.com/tiancaiamao/ai/internal/winai/interpreter.go:1201.49,1202.25 1 0
github.com/tiancaiamao/ai/internal/winai/interpreter.go:1202.25,1204.4 1 0
github.com/tiancaiamao/ai/internal/winai/interpreter.go:1205.3,1205.38 1 0
github.com/tiancaiamao/ai/internal/winai/interpreter.go:1205.38,1207.4 1 0
github.com/tiancaiamao/ai/internal/winai/interpreter.go:1208.3,1208.85 1 0
github.com/tiancaiamao/ai/internal/winai/interpreter.go:1211.2,1211.73 1 0
github.com/tiancaiamao/ai/internal/winai/interpreter.go:1214.57,1220.21 4 0
github.com/tiancaiamao/ai/internal/winai/interpreter.go:1220.21,1222.17 2 0
github.com/tiancaiamao/ai/internal/winai/interpreter.go:1222.17,1223.12 1 0
github.com/tiancaiamao/ai/internal/winai/interpreter.go:1225.3,1228.10 3 0
github.com/tiancaiamao/ai/internal/winai/interpreter.go:1229.21,1230.10 1 0
github.com/tiancaiamao/ai/internal/winai/interpreter.go:1231.11,1231.11 0 0
github.com/tiancaiamao/ai/internal/winai/interpreter.go:1235.2,1235.38 1 0
github.com/tiancaiamao/ai/internal/winai/interpreter.go:1235.38,1237.3 1 0
github.com/tiancaiamao/ai/internal/winai/interpreter.go:1240.57,1245.21 4 0
github.com/tiancaiamao/ai/internal/winai/interpreter.go:1245.21,1250.10 4 0
github.com/tiancaiamao/ai/internal/winai/interpreter.go:1251.21,1252.10 1 0
github.com/tiancaiamao/ai/internal/winai/interpreter.go:1253.11,1253.11 0 0
github.com/tiancaiamao/ai/internal/winai/interpreter.go:1257.2,1257.38 1 0
github.com/tiancaiamao/ai/internal/winai/interpreter.go:1257.38,1259.3 1 0
github.com/tiancaiamao/ai/internal/winai/interpreter.go:1262.55,1264.51 2 0
github.com/tiancaiamao/ai/internal/winai/interpreter.go:1264.51,1268.3 3 0
github.com/tiancaiamao/ai/internal/winai/interpreter.go:1270.2,1270.28 1 0
github.com/tiancaiamao/ai/internal/winai/interpreter.go:1270.28,1272.53 2 0
github.com/tiancaiamao/ai/internal/winai/interpreter.go:1272.53,1275.4 2 0
github.com/tiancaiamao/ai/internal/winai/interpreter.go:1276.3,1277.9 2 0
github.com/tiancaiamao/ai/internal/winai/interpreter.go:1280.2,1280.21 1 0
github.com/tiancaiamao/ai/internal/winai/interpreter.go:1283.58,1284.19 1 0
github.com/tiancaiamao/ai/internal/winai/interpreter.go:1284.19,1285.34 1 0
github.com/tiancaiamao/ai/internal/winai/interpreter.go:1285.34,1287.25 2 0
github.com/tiancaiamao/ai/internal/winai/interpreter.go:1287.25,1289.5 1 0
github.com/tiancaiamao/ai/internal/winai/interpreter.go:1291.3,1291.23 1 0
github.com/tiancaiamao/ai/internal/winai/interpreter.go:1291.23,1294.4 2 0
github.com/tiancaiamao/ai/internal/winai/interpreter.go:1295.3,1296.9 2 0
github.com/tiancaiamao/ai/internal/winai/interpreter.go:1299.2,1299.22 1 0
github.com/tiancaiamao/ai/internal/winai/interpreter.go:1300.30,1301.37 1 0
github.com/tiancaiamao/ai/internal/winai/interpreter.go:1302.19,1303.30 1 0
github.com/tiancaiamao/ai/internal/winai/interpreter.go:1304.19,1305.30 1 0
github.com/tiancaiamao/ai/internal/winai/interpreter.go:1306.27,1307.34 1 0
github.com/tiancaiamao/ai/internal/winai/interpreter.go:1308.22,1309.30 1 0
github.com/tiancaiamao/ai/internal/winai/interpreter.go:1310.22,1311.30 1 0
github.com/tiancaiamao/ai/internal/winai/interpreter.go:1312.21,1313.32 1 0
github.com/tiancaiamao/ai/internal/winai/interpreter.go:1314.23,1315.34 1 0
github.com/tiancaiamao/ai/internal/winai/interpreter.go:1316.24,1317.40 1 0
github.com/tiancaiamao/ai/internal/winai/interpreter.go:1318.29,1319.47 1 0
github.com/tiancaiamao/ai/internal/winai/interpreter.go:1320.28,1321.43 1 0
github.com/tiancaiamao/ai/internal/winai/interpreter.go:1322.30,1323.43 1 0
github.com/tiancaiamao/ai/internal/winai/interpreter.go:1324.33,1325.39 1 0
github.com/tiancaiamao/ai/internal/winai/interpreter.go:1326.27,1327.34 1 0
github.com/tiancaiamao/ai/internal/winai/interpreter.go:1328.14,1329.32 1 0
github.com/tiancaiamao/ai/internal/winai/interpreter.go:1330.18,1331.33 1 0
github.com/tiancaiamao/ai/internal/winai/interpreter.go:1332.26,1333.38 1 0
github.com/tiancaiamao/ai/internal/winai/interpreter.go:1334.17,1335.35 1 0
github.com/tiancaiamao/ai/internal/winai/interpreter.go:1336.16,1336.16 0 0
github.com/tiancaiamao/ai/internal/winai/interpreter.go:1338.15,1339.31 1 0
github.com/tiancaiamao/ai/internal/winai/interpreter.go:1340.26,1341.41 1 0
github.com/tiancaiamao/ai/internal/winai/interpreter.go:1342.26,1343.37 1 0
github.com/tiancaiamao/ai/internal/winai/interpreter.go:1347.50,1349.51 2 0
github.com/tiancaiamao/ai/internal/winai/interpreter.go:1349.51,1351.3 1 0
github.com/tiancaiamao/ai/internal/winai/interpreter.go:1352.2,1354.18 2 0
github.com/tiancaiamao/ai/internal/winai/interpreter.go:1355.22,1357.54 2 0
github.com/tiancaiamao/ai/internal/winai/interpreter.go:1357.54,1359.25 2 0
github.com/tiancaiamao/ai/internal/winai/interpreter.go:1359.25,1361.5 1 0
github.com/tiancaiamao/ai/internal/winai/interpreter.go:1362.4,1362.22 1 0
github.com/tiancaiamao/ai/internal/winai/interpreter.go:1364.21,1366.21 2 0
github.com/tiancaiamao/ai/internal/winai/interpreter.go:1367.19,1369.21 2 0
github.com/tiancaiamao/ai/internal/winai/interpreter.go:1370.20,1371.21 1 0
github.com/tiancaiamao/ai/internal/winai/interpreter.go:1372.18,1373.21 1 0
github.com/tiancaiamao/ai/internal/winai/interpreter.go:1374.23,1375.28 1 0
github.com/tiancaiamao/ai/internal/winai/interpreter.go:1376.24,1377.29 1 0
github.com/tiancaiamao/ai/internal/winai/interpreter.go:1378.21,1379.26 1 0
github.com/tiancaiamao/ai/internal/winai/interpreter.go:1380.30,1381.25 1 0
github.com/tiancaiamao/ai/internal/winai/interpreter.go:1382.28,1383.23 1 0
github.com/tiancaiamao/ai/internal/winai/interpreter.go:1384.20,1385.25 1 0
github.com/tiancaiamao/ai/internal/winai/interpreter.go:1385.25,1387.4 1 0
github.com/tiancaiamao/ai/internal/winai/interpreter.go:1388.24,1389.25 1 0
github.com/tiancaiamao/ai/internal/winai/interpreter.go:1389.25,1391.4 1 0
github.com/tiancaiamao/ai/internal/winai/interpreter.go:1392.26,1393.48 1 0
github.com/tiancaiamao/ai/internal/winai/interpreter.go:1394.24,1395.49 1 0
github.com/tiancaiamao/ai/internal/winai/interpreter.go:1396.30,1397.40 1 0
github.com/tiancaiamao/ai/internal/winai/interpreter.go:1398.28,1399.54 1 0
github.com/tiancaiamao/ai/internal/winai/interpreter.go:1400.15,1401.37 1 0
github.com/tiancaiamao/ai/internal/winai/interpreter.go:1402.25,1402.25 0 0
github.com/tiancaiamao/ai/internal/winai/interpreter.go:1404.10,1404.10 0 0
github.com/tiancaiamao/ai/internal/winai/interpreter.go:1409.60,1415.2 5 0
github.com/tiancaiamao/ai/internal/winai/interpreter.go:1417.61,1418.38 1 0
github.com/tiancaiamao/ai/internal/winai/interpreter.go:1418.38,1420.3 1 0
github.com/tiancaiamao/ai/internal/winai/interpreter.go:1421.2,1428.18 6 0
github.com/tiancaiamao/ai/internal/winai/interpreter.go:1429.20,1430.55 1 0
github.com/tiancaiamao/ai/internal/winai/interpreter.go:1431.24,1432.53 1 0
github.com/tiancaiamao/ai/internal/winai/interpreter.go:1433.18,1433.18 0 0
github.com/tiancaiamao/ai/internal/winai/interpreter.go:1435.24,1435.24 0 0
github.com/tiancaiamao/ai/internal/winai/interpreter.go:1438.2,1438.20 1 0
github.com/tiancaiamao/ai/internal/winai/interpreter.go:1441.58,1442.24 1 0
github.com/tiancaiamao/ai/internal/winai/interpreter.go:1442.24,1444.3 1 0
github.com/tiancaiamao/ai/internal/winai/interpreter.go:1445.2,1446.20 2 0
github.com/tiancaiamao/ai/internal/winai/interpreter.go:1449.87,1451.30 2 0
github.com/tiancaiamao/ai/internal/winai/interpreter.go:1451.30,1453.3 1 0
github.com/tiancaiamao/ai/internal/winai/interpreter.go:1454.2,1454.11 1 0
github.com/tiancaiamao/ai/internal/winai/interpreter.go:1454.11,1455.37 1 0
github.com/tiancaiamao/ai/internal/winai/interpreter.go:1455.37,1457.4 1 0
github.com/tiancaiamao/ai/internal/winai/interpreter.go:1457.9,1459.4 1 0
github.com/tiancaiamao/ai/internal/winai/interpreter.go:1460.3,1460.9 1 0
github.com/tiancaiamao/ai/internal/winai/interpreter.go:1462.2,1462.37 1 0
github.com/tiancaiamao/ai/internal/winai/interpreter.go:1462.37,1465.3 2 0
github.com/tiancaiamao/ai/internal/winai/interpreter.go:1466.2,1466.54 1 0
github.com/tiancaiamao/ai/internal/winai/interpreter.go:1466.54,1469.3 2 0
github.com/tiancaiamao/ai/internal/winai/interpreter.go:1470.2,1470.50 1 0
github.com/tiancaiamao/ai/internal/winai/interpreter.go:1473.73,1475.57 2 0
github.com/tiancaiamao/ai/internal/winai/interpreter.go:1475.57,1477.3 1 0
github.com/tiancaiamao/ai/internal/winai/interpreter.go:1478.2,1478.68 1 0
github.com/tiancaiamao/ai/internal/winai/interpreter.go:1481.87,1484.17 3 0
github.com/tiancaiamao/ai/internal/winai/interpreter.go:1484.17,1485.43 1 0
github.com/tiancaiamao/ai/internal/winai/interpreter.go:1485.43,1487.4 1 0
github.com/tiancaiamao/ai/internal/winai/interpreter.go:1488.3,1488.25 1 0
github.com/tiancaiamao/ai/internal/winai/interpreter.go:1490.2,1490.17 1 0
github.com/tiancaiamao/ai/internal/winai/interpreter.go:1490.17,1493.3 2 0
github.com/tiancaiamao/ai/internal/winai/interpreter.go:1494.2,1494.92 1 0
github.com/tiancaiamao/ai/internal/winai/interpreter.go:1497.59,1499.2 1 0
github.com/tiancaiamao/ai/internal/winai/interpreter.go:1501.57,1506.16 5 0
github.com/tiancaiamao/ai/internal/winai/interpreter.go:1506.16,1508.3 1 0
github.com/tiancaiamao/ai/internal/winai/interpreter.go:1509.2,1511.24 3 0
github.com/tiancaiamao/ai/internal/winai/interpreter.go:1511.24,1513.3 1 0
github.com/tiancaiamao/ai/internal/winai/interpreter.go:1514.2,1514.17 1 0
github.com/tiancaiamao/ai/internal/winai/interpreter.go:1514.17,1516.24 2 0
github.com/tiancaiamao/ai/internal/winai/interpreter.go:1516.24,1519.4 2 0
github.com/tiancaiamao/ai/internal/winai/interpreter.go:1520.3,1520.17 1 0
github.com/tiancaiamao/ai/internal/winai/interpreter.go:1520.17,1522.4 1 0
github.com/tiancaiamao/ai/internal/winai/interpreter.go:1522.9,1524.4 1 0
github.com/tiancaiamao/ai/internal/winai/interpreter.go:1525.3,1525.9 1 0
github.com/tiancaiamao/ai/internal/winai/interpreter.go:1528.2,1529.19 2 0
github.com/tiancaiamao/ai/internal/winai/interpreter.go:1529.19,1531.3 1 0
github.com/tiancaiamao/ai/internal/winai/interpreter.go:1531.8,1533.3 1 0
github.com/tiancaiamao/ai/internal/winai/interpreter.go:1536.55,1541.16 5 0
github.com/tiancaiamao/ai/internal/winai/interpreter.go:1541.16,1543.3 1 0
github.com/tiancaiamao/ai/internal/winai/interpreter.go:1544.2,1546.24 3 0
github.com/tiancaiamao/ai/internal/winai/interpreter.go:1546.24,1548.3 1 0
github.com/tiancaiamao/ai/internal/winai/interpreter.go:1549.2,1549.17 1 0
github.com/tiancaiamao/ai/internal/winai/interpreter.go:1549.17,1551.24 2 0
github.com/tiancaiamao/ai/internal/winai/interpreter.go:1551.24,1553.4 1 0
github.com/tiancaiamao/ai/internal/winai/interpreter.go:1554.3,1554.17 1 0
github.com/tiancaiamao/ai/internal/winai/interpreter.go:1554.17,1556.4 1 0
github.com/tiancaiamao/ai/internal/winai/interpreter.go:1557.3,1557.18 1 0
github.com/tiancaiamao/ai/internal/winai/interpreter.go:1557.18,1559.4 1 0
github.com/tiancaiamao/ai/internal/winai/interpreter.go:1559.9,1561.4 1 0
github.com/tiancaiamao/ai/internal/winai/interpreter.go:1562.3,1563.9 2 0
github.com/tiancaiamao/ai/internal/winai/interpreter.go:1566.2,1566.17 1 0
github.com/tiancaiamao/ai/internal/winai/interpreter.go:1566.17,1568.24 2 0
github.com/tiancaiamao/ai/internal/winai/interpreter.go:1568.24,1570.21 2 0
github.com/tiancaiamao/ai/internal/winai/interpreter.go:1570.21,1572.5 1 0
github.com/tiancaiamao/ai/internal/winai/interpreter.go:1574.3,1574.64 1 0
github.com/tiancaiamao/ai/internal/winai/interpreter.go:1575.8,1577.3 1 0
github.com/tiancaiamao/ai/internal/winai/interpreter.go:1578.2,1578.20 1 0
github.com/tiancaiamao/ai/internal/winai/interpreter.go:1581.70,1589.14 7 0
github.com/tiancaiamao/ai/internal/winai/interpreter.go:1589.14,1591.3 1 0
github.com/tiancaiamao/ai/internal/winai/interpreter.go:1593.2,1594.19 2 0
github.com/tiancaiamao/ai/internal/winai/interpreter.go:1594.19,1596.3 1 0
github.com/tiancaiamao/ai/internal/winai/interpreter.go:1597.2,1598.16 2 0
github.com/tiancaiamao/ai/internal/winai/interpreter.go:1598.16,1600.3 1 0
github.com/tiancaiamao/ai/internal/winai/interpreter.go:1601.2,1602.14 2 0
github.com/tiancaiamao/ai/internal/winai/interpreter.go:1603.19,1604.26 1 0
github.com/tiancaiamao/ai/internal/winai/interpreter.go:1605.18,1606.25 1 0
github.com/tiancaiamao/ai/internal/winai/interpreter.go:1607.14,1608.22 1 0
github.com/tiancaiamao/ai/internal/winai/interpreter.go:1610.2,1610.39 1 0
github.com/tiancaiamao/ai/internal/winai/interpreter.go:1613.94,1614.16 1 0
github.com/tiancaiamao/ai/internal/winai/interpreter.go:1614.16,1616.3 1 0
github.com/tiancaiamao/ai/internal/winai/interpreter.go:1617.2,1618.36 2 0
github.com/tiancaiamao/ai/internal/winai/interpreter.go:1618.36,1619.28 1 0
github.com/tiancaiamao/ai/internal/winai/interpreter.go:1620.26,1621.25 1 0
github.com/tiancaiamao/ai/internal/winai/interpreter.go:1622.30,1623.20 1 0
github.com/tiancaiamao/ai/internal/winai/interpreter.go:1623.20,1625.5 1 0
github.com/tiancaiamao/ai/internal/winai/interpreter.go:1626.30,1627.17 1 0
github.com/tiancaiamao/ai/internal/winai/interpreter.go:1627.17,1629.5 1 0
github.com/tiancaiamao/ai/internal/winai/interpreter.go:1630.27,1630.27 0 0
github.com/tiancaiamao/ai/internal/winai/interpreter.go:1634.2,1634.19 1 0
github.com/tiancaiamao/ai/internal/winai/interpreter.go:1637.56,1638.16 1 0
github.com/tiancaiamao/ai/internal/winai/interpreter.go:1638.16,1640.3 1 0
github.com/tiancaiamao/ai/internal/winai/interpreter.go:1641.2,1642.16 2 0
github.com/tiancaiamao/ai/internal/winai/interpreter.go:1642.16,1644.3 1 0
github.com/tiancaiamao/ai/internal/winai/interpreter.go:1645.2,1645.46 1 0
github.com/tiancaiamao/ai/internal/winai/interpreter.go:1648.70,1649.28 1 0
github.com/tiancaiamao/ai/internal/winai/interpreter.go:1649.28,1651.3 1 0
github.com/tiancaiamao/ai/internal/winai/interpreter.go:1653.2,1662.25 8 0
github.com/tiancaiamao/ai/internal/winai/interpreter.go:1662.25,1663.15 1 0
github.com/tiancaiamao/ai/internal/winai/interpreter.go:1663.15,1665.4 1 0
github.com/tiancaiamao/ai/internal/winai/interpreter.go:1666.3,1666.19 1 0
github.com/tiancaiamao/ai/internal/winai/interpreter.go:1666.19,1668.4 1 0
github.com/tiancaiamao/ai/internal/winai/interpreter.go:1669.3,1672.21 4 0
github.com/tiancaiamao/ai/internal/winai/interpreter.go:1673.8,1673.38 1 0
github.com/tiancaiamao/ai/internal/winai/interpreter.go:1673.38,1678.3 4 0
github.com/tiancaiamao/ai/internal/winai/interpreter.go:1680.2,1680.18 1 0
github.com/tiancaiamao/ai/internal/winai/interpreter.go:1683.48,1693.14 8 0
github.com/tiancaiamao/ai/internal/winai/interpreter.go:1693.14,1695.3 1 0
github.com/tiancaiamao/ai/internal/winai/interpreter.go:1696.2,1696.12 1 0
github.com/tiancaiamao/ai/internal/winai/interpreter.go:1696.12,1698.3 1 0
github.com/tiancaiamao/ai/internal/winai/interpreter.go:1701.62,1709.18 6 0
github.com/tiancaiamao/ai/internal/winai/interpreter.go:1709.18,1712.3 2 0
github.com/tiancaiamao/ai/internal/winai/interpreter.go:1713.2,1713.25 1 0
github.com/tiancaiamao/ai/internal/winai/interpreter.go:1716.50,1720.30 4 0
github.com/tiancaiamao/ai/internal/winai/interpreter.go:1720.30,1725.3 3 0
github.com/tiancaiamao/ai/internal/winai/interpreter.go:1726.2,1732.36 5 0
github.com/tiancaiamao/ai/internal/winai/interpreter.go:1732.36,1734.3 1 0
github.com/tiancaiamao/ai/internal/winai/interpreter.go:1735.2,1736.20 2 0
github.com/tiancaiamao/ai/internal/winai/interpreter.go:1739.78,1740.18 1 0
github.com/tiancaiamao/ai/internal/winai/interpreter.go:1740.18,1743.3 2 0
github.com/tiancaiamao/ai/internal/winai/interpreter.go:1744.2,1744.21 1 0
github.com/tiancaiamao/ai/internal/winai/interpreter.go:1747.54,1751.44 4 0
github.com/tiancaiamao/ai/internal/winai/interpreter.go:1751.44,1754.3 2 0
github.com/tiancaiamao/ai/internal/winai/interpreter.go:1755.2,1755.16 1 0
github.com/tiancaiamao/ai/internal/winai/interpreter.go:1755.16,1757.3 1 0
github.com/tiancaiamao/ai/internal/winai/interpreter.go:1758.2,1760.30 2 0
github.com/tiancaiamao/ai/internal/winai/interpreter.go:1760.30,1762.3 1 0
github.com/tiancaiamao/ai/internal/winai/interpreter.go:1765.47,1767.19 2 0
github.com/tiancaiamao/ai/internal/winai/interpreter.go:1767.19,1770.3 2 0
github.com/tiancaiamao/ai/internal/winai/interpreter.go:1771.2,1771.16 1 0
github.com/tiancaiamao/ai/internal/winai/interpreter.go:1771.16,1773.3 1 0
github.com/tiancaiamao/ai/internal/winai/interpreter.go:1774.2,1774.29 1 0
github.com/tiancaiamao/ai/internal/winai/interpreter.go:1774.29,1776.3 1 0
github.com/tiancaiamao/ai/internal/winai/interpreter.go:1777.2,1779.20 3 0
github.com/tiancaiamao/ai/internal/winai/interpreter.go:1779.20,1781.31 2 0
github.com/tiancaiamao/ai/internal/winai/interpreter.go:1781.31,1783.4 1 0
github.com/tiancaiamao/ai/internal/winai/interpreter.go:1784.3,1784.28 1 0
github.com/tiancaiamao/ai/internal/winai/interpreter.go:1784.28,1785.55 1 0
github.com/tiancaiamao/ai/internal/winai/interpreter.go:1785.55,1787.5 1 0
github.com/tiancaiamao/ai/internal/winai/interpreter.go:1788.4,1788.22 1 0
github.com/tiancaiamao/ai/internal/winai/interpreter.go:1788.22,1790.18 2 0
github.com/tiancaiamao/ai/internal/winai/interpreter.go:1790.18,1792.6 1 0
github.com/tiancaiamao/ai/internal/winai/interpreter.go:1793.5,1793.21 1 0
github.com/tiancaiamao/ai/internal/winai/interpreter.go:1796.3,1798.45 3 0
github.com/tiancaiamao/ai/internal/winai/interpreter.go:1798.45,1800.4 1 0
github.com/tiancaiamao/ai/internal/winai/interpreter.go:1801.3,1802.26 2 0
github.com/tiancaiamao/ai/internal/winai/interpreter.go:1806.42,1808.19 2 0
github.com/tiancaiamao/ai/internal/winai/interpreter.go:1808.19,1810.3 1 0
github.com/tiancaiamao/ai/internal/winai/interpreter.go:1811.2,1811.29 1 0
github.com/tiancaiamao/ai/internal/winai/interpreter.go:1814.60,1817.21 3 0
github.com/tiancaiamao/ai/internal/winai/interpreter.go:1817.21,1819.3 1 0
github.com/tiancaiamao/ai/internal/winai/interpreter.go:1820.2,1829.34 9 0
github.com/tiancaiamao/ai/internal/winai/interpreter.go:1829.34,1831.3 1 0
github.com/tiancaiamao/ai/internal/winai/interpreter.go:1832.2,1832.23 1 0
github.com/tiancaiamao/ai/internal/winai/interpreter.go:1835.61,1841.29 6 0
github.com/tiancaiamao/ai/internal/winai/interpreter.go:1841.29,1843.3 1 0
github.com/tiancaiamao/ai/internal/winai/interpreter.go:1844.2,1845.23 2 0
github.com/tiancaiamao/ai/internal/winai/interpreter.go:1848.38,1853.2 4 0
github.com/tiancaiamao/ai/internal/winai/interpreter.go:1855.38,1860.2 4 0
github.com/tiancaiamao/ai/internal/winai/interpreter.go:1862.52,1890.2 1 0
github.com/tiancaiamao/ai/internal/winai/interpreter.go:1892.56,1907.25 14 0
github.com/tiancaiamao/ai/internal/winai/interpreter.go:1907.25,1909.3 1 0
github.com/tiancaiamao/ai/internal/winai/interpreter.go:1911.2,1918.23 8 0
github.com/tiancaiamao/ai/internal/winai/interpreter.go:1918.23,1926.3 7 0
github.com/tiancaiamao/ai/internal/winai/interpreter.go:1928.2,1957.4 1 0
github.com/tiancaiamao/ai/internal/winai/interpreter.go:1960.56,1966.23 5 0
github.com/tiancaiamao/ai/internal/winai/interpreter.go:1966.23,1968.3 1 0
github.com/tiancaiamao/ai/internal/winai/interpreter.go:1969.2,1970.23 2 0
github.com/tiancaiamao/ai/internal/winai/interpreter.go:1970.23,1972.3 1 0
github.com/tiancaiamao/ai/internal/winai/interpreter.go:1973.2,1974.31 2 0
github.com/tiancaiamao/ai/internal/winai/interpreter.go:1974.31,1976.3 1 0
github.com/tiancaiamao/ai/internal/winai/interpreter.go:1977.2,1978.31 2 0
github.com/tiancaiamao/ai/internal/winai/interpreter.go:1978.31,1980.3 1 0
github.com/tiancaiamao/ai/internal/winai/interpreter.go:1981.2,1982.32 2 0
github.com/tiancaiamao/ai/internal/winai/interpreter.go:1982.32,1984.3 1 0
github.com/tiancaiamao/ai/internal/winai/interpreter.go:1985.2,1986.30 2 0
github.com/tiancaiamao/ai/internal/winai/interpreter.go:1986.30,1988.3 1 0
github.com/tiancaiamao/ai/internal/winai/interpreter.go:1990.2,2013.4 1 0
github.com/tiancaiamao/ai/internal/winai/interpreter.go:2016.69,2020.55 2 0
github.com/tiancaiamao/ai/internal/winai/interpreter.go:2020.55,2023.3 2 0
github.com/tiancaiamao/ai/internal/winai/interpreter.go:2025.2,2027.60 3 0
github.com/tiancaiamao/ai/internal/winai/interpreter.go:2027.60,2028.40 1 0
github.com/tiancaiamao/ai/internal/winai/interpreter.go:2028.40,2029.36 1 0
github.com/tiancaiamao/ai/internal/winai/interpreter.go:2029.36,2031.10 2 0
github.com/tiancaiamao/ai/internal/winai/interpreter.go:2035.2,2035.20 1 0
github.com/tiancaiamao/ai/internal/winai/interpreter.go:2038.79,2039.22 1 0
github.com/tiancaiamao/ai/internal/winai/interpreter.go:2039.22,2042.3 2 0
github.com/tiancaiamao/ai/internal/winai/interpreter.go:2044.2,2045.27 2 0
github.com/tiancaiamao/ai/internal/winai/interpreter.go:2045.27,2047.22 2 0
github.com/tiancaiamao/ai/internal/winai/interpreter.go:2047.22,2049.4 1 0
github.com/tiancaiamao/ai/internal/winai/interpreter.go:2052.2,2061.27 8 0
github.com/tiancaiamao/ai/internal/winai/interpreter.go:2061.27,2064.17 3 0
github.com/tiancaiamao/ai/internal/winai/interpreter.go:2064.17,2066.4 1 0
github.com/tiancaiamao/ai/internal/winai/interpreter.go:2067.3,2068.57 2 0
github.com/tiancaiamao/ai/internal/winai/interpreter.go:2068.57,2070.4 1 0
github.com/tiancaiamao/ai/internal/winai/interpreter.go:2071.3,2072.19 2 0
github.com/tiancaiamao/ai/internal/winai/interpreter.go:2075.2,2076.15 2 0
github.com/tiancaiamao/ai/internal/winai/interpreter.go:2076.15,2083.3 1 0
github.com/tiancaiamao/ai/internal/winai/interpreter.go:2084.2,2084.20 1 0
github.com/tiancaiamao/ai/internal/winai/interpreter.go:2087.62,2089.53 2 0
github.com/tiancaiamao/ai/internal/winai/interpreter.go:2089.53,2092.3 2 0
github.com/tiancaiamao/ai/internal/winai/interpreter.go:2094.2,2100.26 6 0
github.com/tiancaiamao/ai/internal/winai/interpreter.go:2100.26,2102.3 1 0
github.com/tiancaiamao/ai/internal/winai/interpreter.go:2103.2,2103.58 1 0
github.com/tiancaiamao/ai/internal/winai/interpreter.go:2106.63,2109.16 3 0
github.com/tiancaiamao/ai/internal/winai/interpreter.go:2109.16,2112.3 2 0
github.com/tiancaiamao/ai/internal/winai/interpreter.go:2113.2,2115.8 2 0
github.com/tiancaiamao/ai/internal/winai/interpreter.go:2115.8,2116.16 1 0
github.com/tiancaiamao/ai/internal/winai/interpreter.go:2116.16,2119.4 2 0
github.com/tiancaiamao/ai/internal/winai/interpreter.go:2120.3,2121.9 2 0
github.com/tiancaiamao/ai/internal/winai/interpreter.go:2124.2,2124.20 1 0
github.com/tiancaiamao/ai/internal/winai/interpreter.go:2127.86,2129.53 2 0
github.com/tiancaiamao/ai/internal/winai/interpreter.go:2129.53,2131.3 1 0
github.com/tiancaiamao/ai/internal/winai/interpreter.go:2132.2,2132.20 1 0
github.com/tiancaiamao/ai/internal/winai/interpreter.go:2135.61,2136.18 1 0
github.com/tiancaiamao/ai/internal/winai/interpreter.go:2136.18,2138.3 1 0
github.com/tiancaiamao/ai/internal/winai/interpreter.go:2139.2,2140.24 2 0
github.com/tiancaiamao/ai/internal/winai/interpreter.go:2140.24,2143.3 2 0
github.com/tiancaiamao/ai/internal/winai/interpreter.go:2144.2,2151.20 8 0
github.com/tiancaiamao/ai/internal/winai/interpreter.go:2154.60,2155.18 1 0
github.com/tiancaiamao/ai/internal/winai/interpreter.go:2155.18,2157.3 1 0
github.com/tiancaiamao/ai/internal/winai/interpreter.go:2158.2,2159.24 2 0
github.com/tiancaiamao/ai/internal/winai/interpreter.go:2159.24,2161.33 2 0
github.com/tiancaiamao/ai/internal/winai/interpreter.go:2161.33,2163.4 1 0
github.com/tiancaiamao/ai/internal/winai/interpreter.go:2166.2,2174.29 9 0
github.com/tiancaiamao/ai/internal/winai/interpreter.go:2174.29,2180.3 5 0
github.com/tiancaiamao/ai/internal/winai/interpreter.go:2181.2,2181.21 1 0
github.com/tiancaiamao/ai/internal/winai/interpreter.go:2181.21,2183.3 1 0
github.com/tiancaiamao/ai/internal/winai/interpreter.go:2184.2,2184.46 1 0
github.com/tiancaiamao/ai/internal/winai/interpreter.go:2184.46,2186.3 1 0
github.com/tiancaiamao/ai/internal/winai/interpreter.go:2187.2,2187.49 1 0
github.com/tiancaiamao/ai/internal/winai/interpreter.go:2187.49,2189.3 1 0
github.com/tiancaiamao/ai/internal/winai/interpreter.go:2191.2,2228.4 1 0
github.com/tiancaiamao/ai/internal/winai/interpreter.go:2231.82,2232.33 1 0
github.com/tiancaiamao/ai/internal/winai/interpreter.go:2232.33,2234.3 1 0
github.com/tiancaiamao/ai/internal/winai/interpreter.go:2235.2,2237.8 3 0
github.com/tiancaiamao/ai/internal/winai/interpreter.go:2237.8,2239.3 1 0
github.com/tiancaiamao/ai/internal/winai/interpreter.go:2240.2,2241.17 2 0
github.com/tiancaiamao/ai/internal/winai/interpreter.go:2244.89,2247.16 2 0
github.com/tiancaiamao/ai/internal/winai/interpreter.go:2247.16,2249.3 1 0
github.com/tiancaiamao/ai/internal/winai/interpreter.go:2251.2,2255.18 5 0
github.com/tiancaiamao/ai/internal/winai/interpreter.go:2255.18,2259.3 3 0
github.com/tiancaiamao/ai/internal/winai/interpreter.go:2260.2,2261.75 1 0
github.com/tiancaiamao/ai/internal/winai/interpreter.go:2264.66,2266.53 2 0
github.com/tiancaiamao/ai/internal/winai/interpreter.go:2266.53,2269.3 2 0
github.com/tiancaiamao/ai/internal/winai/interpreter.go:2271.2,2274.28 4 0
github.com/tiancaiamao/ai/internal/winai/interpreter.go:2274.28,2292.3 3 0
github.com/tiancaiamao/ai/internal/winai/interpreter.go:2294.2,2320.4 1 0
github.com/tiancaiamao/ai/internal/winai/interpreter.go:2323.62,2327.55 2 0
github.com/tiancaiamao/ai/internal/winai/interpreter.go:2327.55,2330.3 2 0
github.com/tiancaiamao/ai/internal/winai/interpreter.go:2332.2,2333.24 2 0
github.com/tiancaiamao/ai/internal/winai/interpreter.go:2333.24,2336.3 2 0
github.com/tiancaiamao/ai/internal/winai/interpreter.go:2338.2,2338.43 1 0
github.com/tiancaiamao/ai/internal/winai/interpreter.go:2338.43,2339.47 1 0
github.com/tiancaiamao/ai/internal/winai/interpreter.go:2339.47,2341.4 1 0
github.com/tiancaiamao/ai/internal/winai/interpreter.go:2342.3,2342.49 1 0
github.com/tiancaiamao/ai/internal/winai/interpreter.go:2345.2,2347.31 3 0
github.com/tiancaiamao/ai/internal/winai/interpreter.go:2347.31,2349.17 2 0
github.com/tiancaiamao/ai/internal/winai/interpreter.go:2349.17,2351.4 1 0
github.com/tiancaiamao/ai/internal/winai/interpreter.go:2351.9,2353.4 1 0
github.com/tiancaiamao/ai/internal/winai/interpreter.go:2355.2,2355.52 1 0
github.com/tiancaiamao/ai/internal/winai/interpreter.go:2358.62,2362.55 2 0
github.com/tiancaiamao/ai/internal/winai/interpreter.go:2362.55,2365.59 2 0
github.com/tiancaiamao/ai/internal/winai/interpreter.go:2365.59,2368.4 2 0
github.com/tiancaiamao/ai/internal/winai/interpreter.go:2369.3,2369.30 1 0
github.com/tiancaiamao/ai/internal/winai/interpreter.go:2372.2,2372.32 1 0
github.com/tiancaiamao/ai/internal/winai/interpreter.go:2372.32,2375.3 2 0
github.com/tiancaiamao/ai/internal/winai/interpreter.go:2377.2,2381.25 5 0
github.com/tiancaiamao/ai/internal/winai/interpreter.go:2381.25,2384.3 2 0
github.com/tiancaiamao/ai/internal/winai/interpreter.go:2386.2,2387.25 2 0
github.com/tiancaiamao/ai/internal/winai/interpreter.go:2387.25,2389.3 1 0
github.com/tiancaiamao/ai/internal/winai/interpreter.go:2389.8,2391.3 1 0
github.com/tiancaiamao/ai/internal/winai/interpreter.go:2392.2,2392.30 1 0
github.com/tiancaiamao/ai/internal/winai/interpreter.go:2392.30,2394.17 2 0
github.com/tiancaiamao/ai/internal/winai/interpreter.go:2394.17,2396.4 1 0
github.com/tiancaiamao/ai/internal/winai/interpreter.go:2397.3,2398.77 2 0
github.com/tiancaiamao/ai/internal/winai/interpreter.go:2400.2,2400.52 1 0
github.com/tiancaiamao/ai/internal/winai/interpreter.go:2403.64,2408.55 2 0
github.com/tiancaiamao/ai/internal/winai/interpreter.go:2408.55,2411.3 2 0
github.com/tiancaiamao/ai/internal/winai/interpreter.go:2412.2,2412.23 1 0
github.com/tiancaiamao/ai/internal/winai/interpreter.go:2412.23,2415.3 2 0
github.com/tiancaiamao/ai/internal/winai/interpreter.go:2416.2,2416.69 1 0
github.com/tiancaiamao/ai/internal/winai/interpreter.go:2419.66,2423.55 2 0
github.com/tiancaiamao/ai/internal/winai/interpreter.go:2423.55,2426.59 2 0
github.com/tiancaiamao/ai/internal/winai/interpreter.go:2426.59,2429.4 2 0
github.com/tiancaiamao/ai/internal/winai/interpreter.go:2430.3,2430.30 1 0
github.com/tiancaiamao/ai/internal/winai/interpreter.go:2433.2,2441.25 8 0
github.com/tiancaiamao/ai/internal/winai/interpreter.go:2441.25,2442.65 1 0
github.com/tiancaiamao/ai/internal/winai/interpreter.go:2442.65,2444.4 1 0
github.com/tiancaiamao/ai/internal/winai/interpreter.go:2445.3,2445.9 1 0
github.com/tiancaiamao/ai/internal/winai/interpreter.go:2448.2,2448.18 1 0
github.com/tiancaiamao/ai/internal/winai/interpreter.go:2448.18,2450.3 1 0
github.com/tiancaiamao/ai/internal/winai/interpreter.go:2452.2,2452.32 1 0
github.com/tiancaiamao/ai/internal/winai/interpreter.go:2452.32,2455.3 2 0
github.com/tiancaiamao/ai/internal/winai/interpreter.go:2457.2,2461.51 4 0
github.com/tiancaiamao/ai/internal/winai/interpreter.go:2461.51,2463.3 1 0
github.com/tiancaiamao/ai/internal/winai/interpreter.go:2465.2,2465.40 1 0
github.com/tiancaiamao/ai/internal/winai/interpreter.go:2465.40,2467.17 2 0
github.com/tiancaiamao/ai/internal/winai/interpreter.go:2467.17,2469.4 1 0
github.com/tiancaiamao/ai/internal/winai/interpreter.go:2470.3,2472.89 3 0
github.com/tiancaiamao/ai/internal/winai/interpreter.go:2474.2,2476.20 3 0
github.com/tiancaiamao/ai/internal/winai/interpreter.go:2479.75,2483.55 2 0
github.com/tiancaiamao/ai/internal/winai/interpreter.go:2483.55,2486.56 2 0
github.com/tiancaiamao/ai/internal/winai/interpreter.go:2486.56,2489.4 2 0
github.com/tiancaiamao/ai/internal/winai/interpreter.go:2490.3,2490.24 1 0
github.com/tiancaiamao/ai/internal/winai/interpreter.go:2493.2,2497.25 4 0
github.com/tiancaiamao/ai/internal/winai/interpreter.go:2497.25,2500.3 2 0
github.com/tiancaiamao/ai/internal/winai/interpreter.go:2501.2,2501.75 1 0
github.com/tiancaiamao/ai/internal/winai/interpreter.go:2504.73,2508.55 2 0
github.com/tiancaiamao/ai/internal/winai/interpreter.go:2508.55,2511.3 2 0
github.com/tiancaiamao/ai/internal/winai/interpreter.go:2513.2,2513.30 1 0
github.com/tiancaiamao/ai/internal/winai/interpreter.go:2513.30,2516.3 2 0
github.com/tiancaiamao/ai/internal/winai/interpreter.go:2517.2,2517.95 1 0
github.com/tiancaiamao/ai/internal/winai/interpreter.go:2520.69,2524.55 2 0
github.com/tiancaiamao/ai/internal/winai/interpreter.go:2524.55,2527.3 2 0
github.com/tiancaiamao/ai/internal/winai/interpreter.go:2529.2,2529.30 1 0
github.com/tiancaiamao/ai/internal/winai/interpreter.go:2529.30,2532.3 2 0
github.com/tiancaiamao/ai/internal/winai/interpreter.go:2534.2,2534.96 1 0
github.com/tiancaiamao/ai/internal/winai/interpreter.go:2537.71,2541.55 2 0
github.com/tiancaiamao/ai/internal/winai/interpreter.go:2541.55,2544.3 2 0
github.com/tiancaiamao/ai/internal/winai/interpreter.go:2545.2,2545.24 1 0
github.com/tiancaiamao/ai/internal/winai/interpreter.go:2545.24,2548.3 2 0
github.com/tiancaiamao/ai/internal/winai/interpreter.go:2549.2,2549.54 1 0
github.com/tiancaiamao/ai/internal/winai/interpreter.go:2549.54,2552.3 2 0
github.com/tiancaiamao/ai/internal/winai/interpreter.go:2553.2,2553.52 1 0
github.com/tiancaiamao/ai/internal/winai/interpreter.go:2556.66,2560.55 2 0
github.com/tiancaiamao/ai/internal/winai/interpreter.go:2560.55,2563.3 2 0
github.com/tiancaiamao/ai/internal/winai/interpreter.go:2565.2,2573.25 8 0
github.com/tiancaiamao/ai/internal/winai/interpreter.go:2573.25,2574.68 1 0
github.com/tiancaiamao/ai/internal/winai/interpreter.go:2574.68,2575.88 1 0
github.com/tiancaiamao/ai/internal/winai/interpreter.go:2575.88,2577.5 1 0
github.com/tiancaiamao/ai/internal/winai/interpreter.go:2578.9,2580.4 1 0
github.com/tiancaiamao/ai/internal/winai/interpreter.go:2581.3,2581.9 1 0
github.com/tiancaiamao/ai/internal/winai/interpreter.go:2584.2,2584.18 1 0
github.com/tiancaiamao/ai/internal/winai/interpreter.go:2584.18,2586.3 1 0
github.com/tiancaiamao/ai/internal/winai/interpreter.go:2588.2,2588.32 1 0
github.com/tiancaiamao/ai/internal/winai/interpreter.go:2588.32,2591.3 2 0
github.com/tiancaiamao/ai/internal/winai/interpreter.go:2593.2,2597.39 4 0
github.com/tiancaiamao/ai/internal/winai/interpreter.go:2597.39,2601.3 3 0
github.com/tiancaiamao/ai/internal/winai/interpreter.go:2602.2,2604.20 3 0
github.com/tiancaiamao/ai/internal/winai/interpreter.go:2607.65,2611.55 2 0
github.com/tiancaiamao/ai/internal/winai/interpreter.go:2611.55,2613.58 2 0
github.com/tiancaiamao/ai/internal/winai/interpreter.go:2613.58,2616.4 2 0
github.com/tiancaiamao/ai/internal/winai/interpreter.go:2617.3,2617.28 1 0
github.com/tiancaiamao/ai/internal/winai/interpreter.go:2620.2,2628.25 8 0
github.com/tiancaiamao/ai/internal/winai/interpreter.go:2628.25,2629.68 1 0
github.com/tiancaiamao/ai/internal/winai/interpreter.go:2629.68,2630.100 1 0
github.com/tiancaiamao/ai/internal/winai/interpreter.go:2630.100,2632.5 1 0
github.com/tiancaiamao/ai/internal/winai/interpreter.go:2633.9,2635.4 1 0
github.com/tiancaiamao/ai/internal/winai/interpreter.go:2636.3,2636.9 1 0
github.com/tiancaiamao/ai/internal/winai/interpreter.go:2639.2,2639.18 1 0
github.com/tiancaiamao/ai/internal/winai/interpreter.go:2639.18,2641.3 1 0
github.com/tiancaiamao/ai/internal/winai/interpreter.go:2643.2,2643.31 1 0
github.com/tiancaiamao/ai/internal/winai/interpreter.go:2643.31,2646.3 2 0
github.com/tiancaiamao/ai/internal/winai/interpreter.go:2648.2,2652.40 4 0
github.com/tiancaiamao/ai/internal/winai/interpreter.go:2652.40,2655.17 3 0
github.com/tiancaiamao/ai/internal/winai/interpreter.go:2655.17,2657.4 1 0
github.com/tiancaiamao/ai/internal/winai/interpreter.go:2658.3,2659.65 2 0
github.com/tiancaiamao/ai/internal/winai/interpreter.go:2661.2,2663.20 3 0
github.com/tiancaiamao/ai/internal/winai/interpreter.go:2666.64,2668.54 2 0
github.com/tiancaiamao/ai/internal/winai/interpreter.go:2668.54,2671.3 2 0
github.com/tiancaiamao/ai/internal/winai/interpreter.go:2672.2,2672.22 1 0
github.com/tiancaiamao/ai/internal/winai/interpreter.go:2672.22,2675.3 2 0
github.com/tiancaiamao/ai/internal/winai/interpreter.go:2676.2,2676.23 1 0
github.com/tiancaiamao/ai/internal/winai/interpreter.go:2676.23,2679.3 2 0
github.com/tiancaiamao/ai/internal/winai/interpreter.go:2680.2,2680.29 1 0
github.com/tiancaiamao/ai/internal/winai/interpreter.go:2683.67,2685.54 2 0
github.com/tiancaiamao/ai/internal/winai/interpreter.go:2685.54,2688.3 2 0
github.com/tiancaiamao/ai/internal/winai/interpreter.go:2690.2,2690.26 1 0
github.com/tiancaiamao/ai/internal/winai/interpreter.go:2690.26,2693.3 2 0
github.com/tiancaiamao/ai/internal/winai/interpreter.go:2694.2,2694.32 1 0
github.com/tiancaiamao/ai/internal/winai/interpreter.go:2697.42,2701.2 3 0
github.com/tiancaiamao/ai/internal/winai/interpreter.go:2703.31,2704.11 1 0
github.com/tiancaiamao/ai/internal/winai/interpreter.go:2704.11,2706.3 1 0
github.com/tiancaiamao/ai/internal/winai/interpreter.go:2707.2,2707.14 1 0
github.com/tiancaiamao/ai/internal/winai/interpreter.go:2710.52,2711.16 1 0
github.com/tiancaiamao/ai/internal/winai/interpreter.go:2711.16,2713.3 1 0
github.com/tiancaiamao/ai/internal/winai/interpreter.go:2714.2,2714.17 1 0
github.com/tiancaiamao/ai/internal/winai/interpreter.go:2714.17,2716.3 1 0
github.com/tiancaiamao/ai/internal/winai/interpreter.go:2717.2,2717.13 1 0
github.com/tiancaiamao/ai/internal/winai/interpreter.go:2720.37,2721.36 1 0
github.com/tiancaiamao/ai/internal/winai/interpreter.go:2721.36,2723.3 1 0
github.com/tiancaiamao/ai/internal/winai/interpreter.go:2724.2,2724.14 1 0
github.com/tiancaiamao/ai/internal/winai/interpreter.go:2727.45,2728.12 1 0
github.com/tiancaiamao/ai/internal/winai/interpreter.go:2728.12,2730.3 1 0
github.com/tiancaiamao/ai/internal/winai/interpreter.go:2731.2,2731.19 1 0
github.com/tiancaiamao/ai/internal/winai/interpreter.go:2734.37,2735.16 1 0
github.com/tiancaiamao/ai/internal/winai/interpreter.go:2735.16,2737.3 1 0
github.com/tiancaiamao/ai/internal/winai/interpreter.go:2738.2,2738.35 1 0
github.com/tiancaiamao/ai/internal/winai/interpreter.go:2741.43,2742.16 1 0
github.com/tiancaiamao/ai/internal/winai/interpreter.go:2742.16,2744.3 1 0
github.com/tiancaiamao/ai/internal/winai/interpreter.go:2745.2,2745.28 1 0
github.com/tiancaiamao/ai/internal/winai/interpreter.go:2748.36,2749.16 1 0
github.com/tiancaiamao/ai/internal/winai/interpreter.go:2749.16,2751.3 1 0
github.com/tiancaiamao/ai/internal/winai/interpreter.go:2752.2,2752.28 1 0
github.com/tiancaiamao/ai/internal/winai/interpreter.go:2755.58,2756.43 1 0
github.com/tiancaiamao/ai/internal/winai/interpreter.go:2756.43,2758.3 1 0
github.com/tiancaiamao/ai/internal/winai/interpreter.go:2759.2,2760.18 2 0
github.com/tiancaiamao/ai/internal/winai/interpreter.go:2760.18,2762.3 1 0
github.com/tiancaiamao/ai/internal/winai/interpreter.go:2763.2,2763.57 1 0
github.com/tiancaiamao/ai/internal/winai/interpreter.go:2766.50,2767.51 1 0
github.com/tiancaiamao/ai/internal/winai/interpreter.go:2768.24,2769.26 1 0
github.com/tiancaiamao/ai/internal/winai/interpreter.go:2770.20,2771.22 1 0
github.com/tiancaiamao/ai/internal/winai/interpreter.go:2772.14,2773.12 1 0
github.com/tiancaiamao/ai/internal/winai/interpreter.go:2774.10,2775.34 1 0
github.com/tiancaiamao/ai/internal/winai/interpreter.go:2779.46,2780.24 1 1
github.com/tiancaiamao/ai/internal/winai/interpreter.go:2780.24,2782.3 1 1
github.com/tiancaiamao/ai/internal/winai/interpreter.go:2783.2,2783.31 1 0
github.com/tiancaiamao/ai/internal/winai/interpreter.go:2786.48,2788.18 2 1
github.com/tiancaiamao/ai/internal/winai/interpreter.go:2788.18,2790.3 1 1
github.com/tiancaiamao/ai/internal/winai/interpreter.go:2792.2,2796.9 4 1
github.com/tiancaiamao/ai/internal/winai/interpreter.go:2797.47,2798.96 1 1
github.com/tiancaiamao/ai/internal/winai/interpreter.go:2799.105,2800.105 1 1
github.com/tiancaiamao/ai/internal/winai/interpreter.go:2801.67,2802.103 1 1
github.com/tiancaiamao/ai/internal/winai/interpreter.go:2803.96,2804.112 1 1
github.com/tiancaiamao/ai/internal/winai/interpreter.go:2805.71,2806.86 1 1
github.com/tiancaiamao/ai/internal/winai/interpreter.go:2807.151,2808.99 1 1
github.com/tiancaiamao/ai/internal/winai/interpreter.go:2809.159,2810.79 1 1
github.com/tiancaiamao/ai/internal/winai/interpreter.go:2811.10,2812.56 1 1
github.com/tiancaiamao/ai/internal/winai/interpreter.go:2816.56,2817.33 1 1
github.com/tiancaiamao/ai/internal/winai/interpreter.go:2817.33,2818.38 1 1
github.com/tiancaiamao/ai/internal/winai/interpreter.go:2818.38,2820.4 1 1
github.com/tiancaiamao/ai/internal/winai/interpreter.go:2822.2,2822.14 1 1
github.com/tiancaiamao/ai/internal/winai/interpreter.go:2825.50,2827.41 2 0
github.com/tiancaiamao/ai/internal/winai/interpreter.go:2827.41,2829.3 1 0
github.com/tiancaiamao/ai/internal/winai/interpreter.go:2830.2,2831.16 2 0
github.com/tiancaiamao/ai/internal/winai/interpreter.go:2831.16,2833.3 1 0
github.com/tiancaiamao/ai/internal/winai/interpreter.go:2834.2,2834.58 1 0
github.com/tiancaiamao/ai/internal/winai/interpreter.go:2837.77,2838.20 1 0
github.com/tiancaiamao/ai/internal/winai/interpreter.go:2838.20,2840.3 1 0
github.com/tiancaiamao/ai/internal/winai/interpreter.go:2841.2,2853.31 3 0
github.com/tiancaiamao/ai/internal/winai/interpreter.go:2853.31,2854.35 1 0
github.com/tiancaiamao/ai/internal/winai/interpreter.go:2854.35,2855.65 1 0
github.com/tiancaiamao/ai/internal/winai/interpreter.go:2855.65,2857.5 1 0
github.com/tiancaiamao/ai/internal/winai/interpreter.go:2861.2,2862.22 2 0
github.com/tiancaiamao/ai/internal/winai/interpreter.go:2862.22,2864.3 1 0
github.com/tiancaiamao/ai/internal/winai/interpreter.go:2865.2,2866.56 2 0
github.com/tiancaiamao/ai/internal/winai/interpreter.go:2869.41,2872.16 3 0
github.com/tiancaiamao/ai/internal/winai/interpreter.go:2872.16,2874.3 1 0
github.com/tiancaiamao/ai/internal/winai/interpreter.go:2875.2,2875.36 1 0
github.com/tiancaiamao/ai/internal/winai/interpreter.go:2875.36,2878.3 2 0
github.com/tiancaiamao/ai/internal/winai/interpreter.go:2879.2,2879.55 1 0
github.com/tiancaiamao/ai/internal/winai/interpreter.go:2879.55,2882.3 2 0
github.com/tiancaiamao/ai/internal/winai/interpreter.go:2883.2,2883.38 1 0
github.com/tiancaiamao/ai/internal/winai/interpreter.go:2883.38,2885.3 1 0
github.com/tiancaiamao/ai/internal/winai/interpreter.go:2886.2,2886.19 1 0
github.com/tiancaiamao/ai/pkg/llm/client.go:25.38,27.25 1 1
github.com/tiancaiamao/ai/pkg/llm/client.go:27.25,29.4 1 1
github.com/tiancaiamao/ai/pkg/llm/client.go:30.31,31.63 1 1
github.com/tiancaiamao/ai/pkg/llm/client.go:31.63,33.5 1 1
github.com/tiancaiamao/ai/pkg/llm/client.go:34.4,34.23 1 0
github.com/tiancaiamao/ai/pkg/llm/client.go:38.2,38.12 1 1
github.com/tiancaiamao/ai/pkg/llm/client.go:38.12,42.19 2 1
github.com/tiancaiamao/ai/pkg/llm/client.go:42.19,44.4 1 0
github.com/tiancaiamao/ai/pkg/llm/client.go:45.3,45.19 1 1
github.com/tiancaiamao/ai/pkg/llm/client.go:45.19,48.4 2 0
github.com/tiancaiamao/ai/pkg/llm/client.go:51.3,54.32 2 1
github.com/tiancaiamao/ai/pkg/llm/client.go:54.32,60.4 2 0
github.com/tiancaiamao/ai/pkg/llm/client.go:63.3,69.28 2 1
github.com/tiancaiamao/ai/pkg/llm/client.go:69.28,72.4 2 0
github.com/tiancaiamao/ai/pkg/llm/client.go:74.3,75.17 2 1
github.com/tiancaiamao/ai/pkg/llm/client.go:75.17,78.4 2 0
github.com/tiancaiamao/ai/pkg/llm/client.go:79.3,92.17 4 1
github.com/tiancaiamao/ai/pkg/llm/client.go:92.17,95.4 2 0
github.com/tiancaiamao/ai/pkg/llm/client.go:97.3,103.17 5 1
github.com/tiancaiamao/ai/pkg/llm/client.go:103.17,105.53 1 0
github.com/tiancaiamao/ai/pkg/llm/client.go:105.53,107.5 1 0
github.com/tiancaiamao/ai/pkg/llm/client.go:107.10,109.5 1 0
github.com/tiancaiamao/ai/pkg/llm/client.go:110.4,110.10 1 0
github.com/tiancaiamao/ai/pkg/llm/client.go:112.3,114.39 2 1
github.com/tiancaiamao/ai/pkg/llm/client.go:114.39,124.4 5 0
github.com/tiancaiamao/ai/pkg/llm/client.go:127.3,134.22 7 1
github.com/tiancaiamao/ai/pkg/llm/client.go:134.22,138.42 2 1
github.com/tiancaiamao/ai/pkg/llm/client.go:138.42,139.13 1 1
github.com/tiancaiamao/ai/pkg/llm/client.go:142.4,148.24 4 1
github.com/tiancaiamao/ai/pkg/llm/client.go:148.24,159.5 3 1
github.com/tiancaiamao/ai/pkg/llm/client.go:162.4,179.63 2 1
github.com/tiancaiamao/ai/pkg/llm/client.go:179.63,180.13 1 0
github.com/tiancaiamao/ai/pkg/llm/client.go:183.4,183.26 1 1
github.com/tiancaiamao/ai/pkg/llm/client.go:183.26,185.18 2 0
github.com/tiancaiamao/ai/pkg/llm/client.go:185.18,187.6 1 0
github.com/tiancaiamao/ai/pkg/llm/client.go:188.5,189.11 2 0
github.com/tiancaiamao/ai/pkg/llm/client.go:192.4,192.31 1 1
github.com/tiancaiamao/ai/pkg/llm/client.go:192.31,193.13 1 0
github.com/tiancaiamao/ai/pkg/llm/client.go:196.4,197.26 2 1
github.com/tiancaiamao/ai/pkg/llm/client.go:197.26,199.5 1 0
github.com/tiancaiamao/ai/pkg/llm/client.go:202.4,202.34 1 1
github.com/tiancaiamao/ai/pkg/llm/client.go:202.34,205.5 2 1
github.com/tiancaiamao/ai/pkg/llm/client.go:208.4,208.43 1 1
github.com/tiancaiamao/ai/pkg/llm/client.go:208.43,211.5 2 0
github.com/tiancaiamao/ai/pkg/llm/client.go:214.4,214.35 1 1
github.com/tiancaiamao/ai/pkg/llm/client.go:214.35,217.5 2 0
github.com/tiancaiamao/ai/pkg/llm/client.go:220.4,220.39 1 1
github.com/tiancaiamao/ai/pkg/llm/client.go:220.39,221.50 1 0
github.com/tiancaiamao/ai/pkg/llm/client.go:221.50,232.60 2 0
github.com/tiancaiamao/ai/pkg/llm/client.go:232.60,233.15 1 0
github.com/tiancaiamao/ai/pkg/llm/client.go:236.6,246.82 3 0
github.com/tiancaiamao/ai/pkg/llm/client.go:251.4,251.34 1 1
github.com/tiancaiamao/ai/pkg/llm/client.go:251.34,261.5 4 1
github.com/tiancaiamao/ai/pkg/llm/client.go:264.3,264.39 1 0
github.com/tiancaiamao/ai/pkg/llm/client.go:264.39,267.4 2 0
github.com/tiancaiamao/ai/pkg/llm/client.go:270.2,270.15 1 1
github.com/tiancaiamao/ai/pkg/llm/client.go:273.56,275.17 2 1
github.com/tiancaiamao/ai/pkg/llm/client.go:275.17,277.3 1 0
github.com/tiancaiamao/ai/pkg/llm/client.go:278.2,278.68 1 1
github.com/tiancaiamao/ai/pkg/llm/client.go:278.68,280.3 1 1
github.com/tiancaiamao/ai/pkg/llm/client.go:281.2,281.50 1 1
github.com/tiancaiamao/ai/pkg/llm/client.go:281.50,283.12 2 1
github.com/tiancaiamao/ai/pkg/llm/client.go:283.12,285.4 1 1
github.com/tiancaiamao/ai/pkg/llm/client.go:287.2,287.10 1 1
github.com/tiancaiamao/ai/pkg/llm/errors.go:18.35,20.15 2 0
github.com/tiancaiamao/ai/pkg/llm/errors.go:20.15,22.3 1 0
github.com/tiancaiamao/ai/pkg/llm/errors.go:23.2,23.22 1 0
github.com/tiancaiamao/ai/pkg/llm/errors.go:23.22,25.3 1 0
github.com/tiancaiamao/ai/pkg/llm/errors.go:26.2,26.28 1 0
github.com/tiancaiamao/ai/pkg/llm/errors.go:36.53,38.15 2 0
github.com/tiancaiamao/ai/pkg/llm/errors.go:38.15,40.3 1 0
github.com/tiancaiamao/ai/pkg/llm/errors.go:41.2,41.22 1 0
github.com/tiancaiamao/ai/pkg/llm/errors.go:41.22,43.3 1 0
github.com/tiancaiamao/ai/pkg/llm/errors.go:44.2,44.42 1 0
github.com/tiancaiamao/ai/pkg/llm/errors.go:55.41,57.15 2 0
github.com/tiancaiamao/ai/pkg/llm/errors.go:57.15,59.3 1 0
github.com/tiancaiamao/ai/pkg/llm/errors.go:60.2,60.22 1 0
github.com/tiancaiamao/ai/pkg/llm/errors.go:60.22,62.3 1 0
github.com/tiancaiamao/ai/pkg/llm/errors.go:63.2,63.22 1 0
github.com/tiancaiamao/ai/pkg/llm/errors.go:63.22,65.3 1 0
github.com/tiancaiamao/ai/pkg/llm/errors.go:66.2,66.28 1 0
github.com/tiancaiamao/ai/pkg/llm/errors.go:70.61,72.2 1 1
github.com/tiancaiamao/ai/pkg/llm/errors.go:76.101,79.19 3 1
github.com/tiancaiamao/ai/pkg/llm/errors.go:79.19,81.3 1 0
github.com/tiancaiamao/ai/pkg/llm/errors.go:82.2,82.19 1 1
github.com/tiancaiamao/ai/pkg/llm/errors.go:82.19,84.3 1 0
github.com/tiancaiamao/ai/pkg/llm/errors.go:86.2,86.88 1 1
github.com/tiancaiamao/ai/pkg/llm/errors.go:86.88,92.3 1 1
github.com/tiancaiamao/ai/pkg/llm/errors.go:94.2,94.85 1 1
github.com/tiancaiamao/ai/pkg/llm/errors.go:94.85,101.3 1 1
github.com/tiancaiamao/ai/pkg/llm/errors.go:103.2,107.3 1 1
github.com/tiancaiamao/ai/pkg/llm/errors.go:111.46,112.16 1 1
github.com/tiancaiamao/ai/pkg/llm/errors.go:112.16,114.3 1 0
github.com/tiancaiamao/ai/pkg/llm/errors.go:115.2,116.26 2 1
github.com/tiancaiamao/ai/pkg/llm/errors.go:116.26,118.3 1 1
github.com/tiancaiamao/ai/pkg/llm/errors.go:119.2,119.52 1 1
github.com/tiancaiamao/ai/pkg/llm/errors.go:123.34,124.16 1 1
github.com/tiancaiamao/ai/pkg/llm/errors.go:124.16,126.3 1 0
github.com/tiancaiamao/ai/pkg/llm/errors.go:127.2,128.26 2 1
github.com/tiancaiamao/ai/pkg/llm/errors.go:128.26,130.3 1 1
github.com/tiancaiamao/ai/pkg/llm/errors.go:131.2,131.40 1 0
github.com/tiancaiamao/ai/pkg/llm/errors.go:135.42,136.16 1 1
github.com/tiancaiamao/ai/pkg/llm/errors.go:136.16,138.3 1 0
github.com/tiancaiamao/ai/pkg/llm/errors.go:139.2,140.26 2 1
github.com/tiancaiamao/ai/pkg/llm/errors.go:140.26,142.3 1 1
github.com/tiancaiamao/ai/pkg/llm/errors.go:143.2,143.10 1 0
github.com/tiancaiamao/ai/pkg/llm/errors.go:146.52,147.19 1 1
github.com/tiancaiamao/ai/pkg/llm/errors.go:147.19,149.3 1 0
github.com/tiancaiamao/ai/pkg/llm/errors.go:151.2,152.66 2 1
github.com/tiancaiamao/ai/pkg/llm/errors.go:152.66,154.3 1 0
github.com/tiancaiamao/ai/pkg/llm/errors.go:158.2,158.40 1 1
github.com/tiancaiamao/ai/pkg/llm/errors.go:158.40,159.29 1 1
github.com/tiancaiamao/ai/pkg/llm/errors.go:160.15,161.31 1 0
github.com/tiancaiamao/ai/pkg/llm/errors.go:162.23,163.48 1 1
github.com/tiancaiamao/ai/pkg/llm/errors.go:163.48,165.5 1 1
github.com/tiancaiamao/ai/pkg/llm/errors.go:166.4,166.46 1 0
github.com/tiancaiamao/ai/pkg/llm/errors.go:166.46,168.5 1 0
github.com/tiancaiamao/ai/pkg/llm/errors.go:169.4,169.41 1 0
github.com/tiancaiamao/ai/pkg/llm/errors.go:169.41,171.5 1 0
github.com/tiancaiamao/ai/pkg/llm/errors.go:176.2,176.52 1 0
github.com/tiancaiamao/ai/pkg/llm/errors.go:176.52,178.3 1 0
github.com/tiancaiamao/ai/pkg/llm/errors.go:179.2,179.50 1 0
github.com/tiancaiamao/ai/pkg/llm/errors.go:179.50,181.3 1 0
github.com/tiancaiamao/ai/pkg/llm/errors.go:183.2,183.11 1 0
github.com/tiancaiamao/ai/pkg/llm/errors.go:186.52,188.13 2 1
github.com/tiancaiamao/ai/pkg/llm/errors.go:188.13,190.3 1 0
github.com/tiancaiamao/ai/pkg/llm/errors.go:192.2,208.33 2 1
github.com/tiancaiamao/ai/pkg/llm/errors.go:208.33,209.34 1 1
github.com/tiancaiamao/ai/pkg/llm/errors.go:209.34,211.4 1 1
github.com/tiancaiamao/ai/pkg/llm/errors.go:213.2,213.14 1 1
github.com/tiancaiamao/ai/pkg/llm/errors.go:216.40,218.13 2 1
github.com/tiancaiamao/ai/pkg/llm/errors.go:218.13,220.3 1 0
github.com/tiancaiamao/ai/pkg/llm/errors.go:221.2,229.33 2 1
github.com/tiancaiamao/ai/pkg/llm/errors.go:229.33,230.34 1 1
github.com/tiancaiamao/ai/pkg/llm/errors.go:230.34,232.4 1 0
github.com/tiancaiamao/ai/pkg/llm/errors.go:234.2,234.14 1 1
github.com/tiancaiamao/ai/pkg/llm/eventstream.go:31.22,39.2 1 1
github.com/tiancaiamao/ai/pkg/llm/eventstream.go:43.44,47.13 3 1
github.com/tiancaiamao/ai/pkg/llm/eventstream.go:47.13,49.3 1 0
github.com/tiancaiamao/ai/pkg/llm/eventstream.go:52.2,52.26 1 1
github.com/tiancaiamao/ai/pkg/llm/eventstream.go:52.26,56.3 3 1
github.com/tiancaiamao/ai/pkg/llm/eventstream.go:59.2,59.25 1 1
github.com/tiancaiamao/ai/pkg/llm/eventstream.go:59.25,63.3 3 1
github.com/tiancaiamao/ai/pkg/llm/eventstream.go:63.8,65.3 1 1
github.com/tiancaiamao/ai/pkg/llm/eventstream.go:69.44,73.13 3 1
github.com/tiancaiamao/ai/pkg/llm/eventstream.go:73.13,75.3 1 1
github.com/tiancaiamao/ai/pkg/llm/eventstream.go:77.2,82.36 4 0
github.com/tiancaiamao/ai/pkg/llm/eventstream.go:82.36,83.10 1 0
github.com/tiancaiamao/ai/pkg/llm/eventstream.go:84.44,84.44 0 0
github.com/tiancaiamao/ai/pkg/llm/eventstream.go:85.11,85.11 0 0
github.com/tiancaiamao/ai/pkg/llm/eventstream.go:89.2,89.18 1 0
github.com/tiancaiamao/ai/pkg/llm/eventstream.go:94.81,97.12 2 1
github.com/tiancaiamao/ai/pkg/llm/eventstream.go:97.12,99.7 2 1
github.com/tiancaiamao/ai/pkg/llm/eventstream.go:99.7,103.25 2 1
github.com/tiancaiamao/ai/pkg/llm/eventstream.go:103.25,108.13 5 1
github.com/tiancaiamao/ai/pkg/llm/eventstream.go:112.4,112.15 1 1
github.com/tiancaiamao/ai/pkg/llm/eventstream.go:112.15,115.5 2 1
github.com/tiancaiamao/ai/pkg/llm/eventstream.go:118.4,122.11 4 1
github.com/tiancaiamao/ai/pkg/llm/eventstream.go:123.28,124.20 1 1
github.com/tiancaiamao/ai/pkg/llm/eventstream.go:124.20,126.6 1 0
github.com/tiancaiamao/ai/pkg/llm/eventstream.go:127.5,127.17 1 1
github.com/tiancaiamao/ai/pkg/llm/eventstream.go:128.22,129.11 1 0
github.com/tiancaiamao/ai/pkg/llm/eventstream.go:134.2,134.11 1 1
github.com/tiancaiamao/ai/pkg/llm/eventstream.go:138.48,140.2 1 0
github.com/tiancaiamao/ai/pkg/llm/eventstream.go:143.44,147.2 3 0
github.com/tiancaiamao/ai/pkg/llm/types.go:35.51,46.29 3 1
github.com/tiancaiamao/ai/pkg/llm/types.go:46.29,48.3 1 0
github.com/tiancaiamao/ai/pkg/llm/types.go:48.8,51.3 1 1
github.com/tiancaiamao/ai/pkg/llm/types.go:53.2,53.26 1 1
github.com/tiancaiamao/ai/pkg/llm/types.go:108.46,108.64 1 1
github.com/tiancaiamao/ai/pkg/llm/types.go:116.50,116.73 1 1
github.com/tiancaiamao/ai/pkg/llm/types.go:124.54,124.81 1 0
github.com/tiancaiamao/ai/pkg/llm/types.go:132.54,132.82 1 0
github.com/tiancaiamao/ai/pkg/llm/types.go:141.45,141.62 1 1
github.com/tiancaiamao/ai/pkg/llm/types.go:148.46,148.64 1 0
github.com/tiancaiamao/ai/pkg/llm/types.go:161.42,166.2 1 1
github.com/tiancaiamao/ai/pkg/llm/types.go:169.52,173.2 3 1
github.com/tiancaiamao/ai/pkg/llm/types.go:176.56,180.2 3 0
github.com/tiancaiamao/ai/pkg/llm/types.go:183.73,187.45 3 0
github.com/tiancaiamao/ai/pkg/llm/types.go:187.45,189.24 1 0
github.com/tiancaiamao/ai/pkg/llm/types.go:189.24,191.4 1 0
github.com/tiancaiamao/ai/pkg/llm/types.go:192.3,192.26 1 0
github.com/tiancaiamao/ai/pkg/llm/types.go:192.26,194.4 1 0
github.com/tiancaiamao/ai/pkg/llm/types.go:195.3,195.35 1 0
github.com/tiancaiamao/ai/pkg/llm/types.go:195.35,197.4 1 0
github.com/tiancaiamao/ai/pkg/llm/types.go:198.3,198.40 1 0
github.com/tiancaiamao/ai/pkg/llm/types.go:198.40,200.4 1 0
github.com/tiancaiamao/ai/pkg/llm/types.go:201.8,203.3 1 0
github.com/tiancaiamao/ai/pkg/llm/types.go:207.53,216.27 4 1
github.com/tiancaiamao/ai/pkg/llm/types.go:216.27,218.42 2 0
github.com/tiancaiamao/ai/pkg/llm/types.go:218.42,219.37 1 0
github.com/tiancaiamao/ai/pkg/llm/types.go:219.37,221.5 1 0
github.com/tiancaiamao/ai/pkg/llm/types.go:223.3,223.28 1 0
github.com/tiancaiamao/ai/pkg/llm/types.go:226.2,226.12 1 1
github.com/tiancaiamao/ai/pkg/compact/compact.go:30.30,41.2 1 1
github.com/tiancaiamao/ai/pkg/compact/compact.go:53.111,54.19 1 1
github.com/tiancaiamao/ai/pkg/compact/compact.go:54.19,56.3 1 0
github.com/tiancaiamao/ai/pkg/compact/compact.go:57.2,63.3 1 1
github.com/tiancaiamao/ai/pkg/compact/compact.go:67.71,68.27 1 1
github.com/tiancaiamao/ai/pkg/compact/compact.go:68.27,70.3 1 1
github.com/tiancaiamao/ai/pkg/compact/compact.go:74.2,75.19 2 1
github.com/tiancaiamao/ai/pkg/compact/compact.go:75.19,78.3 2 1
github.com/tiancaiamao/ai/pkg/compact/compact.go:79.2,79.14 1 0
github.com/tiancaiamao/ai/pkg/compact/compact.go:85.53,87.25 1 1
github.com/tiancaiamao/ai/pkg/compact/compact.go:87.25,101.21 6 1
github.com/tiancaiamao/ai/pkg/compact/compact.go:101.21,104.4 1 0
github.com/tiancaiamao/ai/pkg/compact/compact.go:108.3,112.31 3 1
github.com/tiancaiamao/ai/pkg/compact/compact.go:112.31,114.4 1 0
github.com/tiancaiamao/ai/pkg/compact/compact.go:116.3,116.19 1 1
github.com/tiancaiamao/ai/pkg/compact/compact.go:120.2,120.27 1 1
github.com/tiancaiamao/ai/pkg/compact/compact.go:125.53,127.35 1 1
github.com/tiancaiamao/ai/pkg/compact/compact.go:127.35,131.64 2 1
[...]
github.com/tiancaiamao/ai/pkg/agent/tool_summary_async.go:267.66,268.33 1 1
github.com/tiancaiamao/ai/pkg/agent/tool_summary_async.go:268.33,270.3 1 0
github.com/tiancaiamao/ai/pkg/agent/tool_summary_async.go:272.2,276.23 4 1
github.com/tiancaiamao/ai/pkg/agent/tool_summary_async.go:276.23,279.3 2 1
github.com/tiancaiamao/ai/pkg/agent/tool_summary_async.go:280.2,284.30 4 1
github.com/tiancaiamao/ai/pkg/agent/tool_summary_async.go:284.30,290.34 3 1
github.com/tiancaiamao/ai/pkg/agent/tool_summary_async.go:290.34,291.42 1 1
github.com/tiancaiamao/ai/pkg/agent/tool_summary_async.go:291.42,292.58 1 1
github.com/tiancaiamao/ai/pkg/agent/tool_summary_async.go:292.58,293.14 1 1
github.com/tiancaiamao/ai/pkg/agent/tool_summary_async.go:295.5,295.34 1 1
github.com/tiancaiamao/ai/pkg/agent/tool_summary_async.go:295.34,296.14 1 0
github.com/tiancaiamao/ai/pkg/agent/tool_summary_async.go:298.5,300.10 3 1
github.com/tiancaiamao/ai/pkg/agent/tool_summary_async.go:304.3,304.24 1 1
github.com/tiancaiamao/ai/pkg/agent/tool_summary_async.go:304.24,306.4 1 1
github.com/tiancaiamao/ai/pkg/agent/tool_summary_async.go:307.3,312.34 5 1
github.com/tiancaiamao/ai/pkg/agent/tool_summary_async.go:312.34,314.4 1 1
github.com/tiancaiamao/ai/pkg/agent/tool_summary_async.go:315.3,315.16 1 1
github.com/tiancaiamao/ai/pkg/agent/tool_summary_async.go:319.66,320.33 1 1
github.com/tiancaiamao/ai/pkg/agent/tool_summary_async.go:320.33,322.3 1 0
github.com/tiancaiamao/ai/pkg/agent/tool_summary_async.go:324.2,325.40 2 1
github.com/tiancaiamao/ai/pkg/agent/tool_summary_async.go:325.40,326.56 1 1
github.com/tiancaiamao/ai/pkg/agent/tool_summary_async.go:326.56,327.12 1 1
github.com/tiancaiamao/ai/pkg/agent/tool_summary_async.go:329.3,330.16 2 1
github.com/tiancaiamao/ai/pkg/agent/tool_summary_async.go:330.16,332.4 1 1
github.com/tiancaiamao/ai/pkg/agent/tool_summary_async.go:335.2,336.32 2 1
github.com/tiancaiamao/ai/pkg/agent/tool_summary_async.go:336.32,337.30 1 1
github.com/tiancaiamao/ai/pkg/agent/tool_summary_async.go:337.30,339.4 1 0
github.com/tiancaiamao/ai/pkg/agent/tool_summary_async.go:341.2,341.15 1 1
github.com/tiancaiamao/ai/pkg/agent/tool_summary_async.go:344.45,345.30 1 1
github.com/tiancaiamao/ai/pkg/agent/tool_summary_async.go:345.30,347.3 1 0
github.com/tiancaiamao/ai/pkg/agent/tool_summary_async.go:348.2,348.55 1 1
github.com/tiancaiamao/ai/pkg/agent/tool_summary_async.go:348.55,350.3 1 1
github.com/tiancaiamao/ai/pkg/agent/tool_summary_async.go:351.2,352.16 2 0
github.com/tiancaiamao/ai/pkg/agent/tool_summary_async.go:352.16,354.3 1 0
github.com/tiancaiamao/ai/pkg/agent/tool_summary_async.go:355.2,355.50 1 0
github.com/tiancaiamao/ai/pkg/agent/tool_tag_parser.go:27.75,28.29 1 1
github.com/tiancaiamao/ai/pkg/agent/tool_tag_parser.go:28.29,30.3 1 0
github.com/tiancaiamao/ai/pkg/agent/tool_tag_parser.go:32.2,33.48 2 1
github.com/tiancaiamao/ai/pkg/agent/tool_tag_parser.go:33.48,35.3 1 1
github.com/tiancaiamao/ai/pkg/agent/tool_tag_parser.go:39.2,41.35 3 1
github.com/tiancaiamao/ai/pkg/agent/tool_tag_parser.go:41.35,43.90 2 1
github.com/tiancaiamao/ai/pkg/agent/tool_tag_parser.go:43.90,45.9 2 0
github.com/tiancaiamao/ai/pkg/agent/tool_tag_parser.go:49.2,49.23 1 1
github.com/tiancaiamao/ai/pkg/agent/tool_tag_parser.go:49.23,54.3 2 0
github.com/tiancaiamao/ai/pkg/agent/tool_tag_parser.go:57.2,57.50 1 1
github.com/tiancaiamao/ai/pkg/agent/tool_tag_parser.go:57.50,61.3 1 1
github.com/tiancaiamao/ai/pkg/agent/tool_tag_parser.go:63.2,64.58 2 1
github.com/tiancaiamao/ai/pkg/agent/tool_tag_parser.go:64.58,66.3 1 1
github.com/tiancaiamao/ai/pkg/agent/tool_tag_parser.go:67.2,67.63 1 1
github.com/tiancaiamao/ai/pkg/agent/tool_tag_parser.go:67.63,69.3 1 1
github.com/tiancaiamao/ai/pkg/agent/tool_tag_parser.go:70.2,71.23 2 1
github.com/tiancaiamao/ai/pkg/agent/tool_tag_parser.go:71.23,73.3 1 1
github.com/tiancaiamao/ai/pkg/agent/tool_tag_parser.go:75.2,76.32 2 1
github.com/tiancaiamao/ai/pkg/agent/tool_tag_parser.go:76.32,77.21 1 1
github.com/tiancaiamao/ai/pkg/agent/tool_tag_parser.go:77.21,78.12 1 0
github.com/tiancaiamao/ai/pkg/agent/tool_tag_parser.go:80.3,83.28 4 1
github.com/tiancaiamao/ai/pkg/agent/tool_tag_parser.go:83.28,84.12 1 0
github.com/tiancaiamao/ai/pkg/agent/tool_tag_parser.go:86.3,87.10 2 1
github.com/tiancaiamao/ai/pkg/agent/tool_tag_parser.go:87.10,88.12 1 0
github.com/tiancaiamao/ai/pkg/agent/tool_tag_parser.go:90.3,96.5 1 1
github.com/tiancaiamao/ai/pkg/agent/tool_tag_parser.go:99.2,99.21 1 1
github.com/tiancaiamao/ai/pkg/agent/tool_tag_parser.go:99.21,101.3 1 0
github.com/tiancaiamao/ai/pkg/agent/tool_tag_parser.go:102.2,102.59 1 1
github.com/tiancaiamao/ai/pkg/agent/tool_tag_parser.go:105.98,110.21 4 1
github.com/tiancaiamao/ai/pkg/agent/tool_tag_parser.go:110.21,115.3 1 1
github.com/tiancaiamao/ai/pkg/agent/tool_tag_parser.go:117.2,117.29 1 1
github.com/tiancaiamao/ai/pkg/agent/tool_tag_parser.go:117.29,124.3 1 1
github.com/tiancaiamao/ai/pkg/agent/tool_tag_parser.go:126.2,128.12 3 1
github.com/tiancaiamao/ai/pkg/agent/tool_tag_parser.go:131.67,132.21 1 1
github.com/tiancaiamao/ai/pkg/agent/tool_tag_parser.go:132.21,134.3 1 0
github.com/tiancaiamao/ai/pkg/agent/tool_tag_parser.go:135.2,137.29 3 1
github.com/tiancaiamao/ai/pkg/agent/tool_tag_parser.go:137.29,138.21 1 1
github.com/tiancaiamao/ai/pkg/agent/tool_tag_parser.go:138.21,139.12 1 0
github.com/tiancaiamao/ai/pkg/agent/tool_tag_parser.go:141.3,141.24 1 1
github.com/tiancaiamao/ai/pkg/agent/tool_tag_parser.go:141.24,143.4 1 1
github.com/tiancaiamao/ai/pkg/agent/tool_tag_parser.go:144.3,144.18 1 1
github.com/tiancaiamao/ai/pkg/agent/tool_tag_parser.go:146.2,146.22 1 1
github.com/tiancaiamao/ai/pkg/agent/tool_tag_parser.go:146.22,148.3 1 0
github.com/tiancaiamao/ai/pkg/agent/tool_tag_parser.go:149.2,149.19 1 1
github.com/tiancaiamao/ai/pkg/agent/tool_tag_parser.go:152.72,153.17 1 1
github.com/tiancaiamao/ai/pkg/agent/tool_tag_parser.go:154.27,156.17 2 1
github.com/tiancaiamao/ai/pkg/agent/tool_tag_parser.go:156.17,158.4 1 0
github.com/tiancaiamao/ai/pkg/agent/tool_tag_parser.go:159.3,159.52 1 1
github.com/tiancaiamao/ai/pkg/agent/tool_tag_parser.go:160.15,163.34 3 1
github.com/tiancaiamao/ai/pkg/agent/tool_tag_parser.go:163.34,165.4 1 0
github.com/tiancaiamao/ai/pkg/agent/tool_tag_parser.go:166.3,166.73 1 1
github.com/tiancaiamao/ai/pkg/agent/tool_tag_parser.go:167.14,171.51 4 0
github.com/tiancaiamao/ai/pkg/agent/tool_tag_parser.go:171.51,173.4 1 0
github.com/tiancaiamao/ai/pkg/agent/tool_tag_parser.go:174.3,178.10 1 0
github.com/tiancaiamao/ai/pkg/agent/tool_tag_parser.go:179.14,181.20 2 1
github.com/tiancaiamao/ai/pkg/agent/tool_tag_parser.go:181.20,183.4 1 1
github.com/tiancaiamao/ai/pkg/agent/tool_tag_parser.go:184.3,184.20 1 1
github.com/tiancaiamao/ai/pkg/agent/tool_tag_parser.go:184.20,186.4 1 0
github.com/tiancaiamao/ai/pkg/agent/tool_tag_parser.go:187.3,187.58 1 1
github.com/tiancaiamao/ai/pkg/agent/tool_tag_parser.go:188.14,190.20 2 0
github.com/tiancaiamao/ai/pkg/agent/tool_tag_parser.go:190.20,192.4 1 0
github.com/tiancaiamao/ai/pkg/agent/tool_tag_parser.go:193.3,194.54 2 0
github.com/tiancaiamao/ai/pkg/agent/tool_tag_parser.go:194.54,196.4 1 0
github.com/tiancaiamao/ai/pkg/agent/tool_tag_parser.go:197.3,197.91 1 0
github.com/tiancaiamao/ai/pkg/agent/tool_tag_parser.go:197.91,199.4 1 0
github.com/tiancaiamao/ai/pkg/agent/tool_tag_parser.go:200.3,200.28 1 0
github.com/tiancaiamao/ai/pkg/agent/tool_tag_parser.go:201.10,202.24 1 0
github.com/tiancaiamao/ai/pkg/agent/tool_tag_parser.go:206.64,208.23 2 1
github.com/tiancaiamao/ai/pkg/agent/tool_tag_parser.go:208.23,210.3 1 1
github.com/tiancaiamao/ai/pkg/agent/tool_tag_parser.go:212.2,216.29 5 1
github.com/tiancaiamao/ai/pkg/agent/tool_tag_parser.go:216.29,218.3 1 1
github.com/tiancaiamao/ai/pkg/agent/tool_tag_parser.go:219.2,219.19 1 1
github.com/tiancaiamao/ai/pkg/agent/tool_tag_parser.go:219.19,221.3 1 1
github.com/tiancaiamao/ai/pkg/agent/tool_tag_parser.go:222.2,222.19 1 1
github.com/tiancaiamao/ai/pkg/agent/tool_tag_parser.go:222.19,224.3 1 1
github.com/tiancaiamao/ai/pkg/agent/tool_tag_parser.go:225.2,226.20 2 1
github.com/tiancaiamao/ai/pkg/agent/tool_tag_parser.go:226.20,228.3 1 0
github.com/tiancaiamao/ai/pkg/agent/tool_tag_parser.go:230.2,232.32 3 1
github.com/tiancaiamao/ai/pkg/agent/tool_tag_parser.go:232.32,233.21 1 1
github.com/tiancaiamao/ai/pkg/agent/tool_tag_parser.go:233.21,234.12 1 0
github.com/tiancaiamao/ai/pkg/agent/tool_tag_parser.go:236.3,238.16 3 1
github.com/tiancaiamao/ai/pkg/agent/tool_tag_parser.go:238.16,239.12 1 0
github.com/tiancaiamao/ai/pkg/agent/tool_tag_parser.go:241.3,242.25 2 1
github.com/tiancaiamao/ai/pkg/agent/tool_tag_parser.go:242.25,244.4 1 0
github.com/tiancaiamao/ai/pkg/agent/tool_tag_parser.go:247.2,253.32 3 1
github.com/tiancaiamao/ai/pkg/agent/tool_tag_parser.go:253.32,254.71 1 1
github.com/tiancaiamao/ai/pkg/agent/tool_tag_parser.go:254.71,256.9 2 1
github.com/tiancaiamao/ai/pkg/agent/tool_tag_parser.go:260.2,262.16 3 1
github.com/tiancaiamao/ai/pkg/agent/tool_tag_parser.go:262.16,264.3 1 0
github.com/tiancaiamao/ai/pkg/agent/tool_tag_parser.go:266.2,272.9 1 1
github.com/tiancaiamao/ai/pkg/agent/tool_tag_parser.go:275.61,277.16 2 1
github.com/tiancaiamao/ai/pkg/agent/tool_tag_parser.go:277.16,279.3 1 0
github.com/tiancaiamao/ai/pkg/agent/tool_tag_parser.go:280.2,280.30 1 1
github.com/tiancaiamao/ai/pkg/agent/tool_tag_parser.go:280.30,282.3 1 0
github.com/tiancaiamao/ai/pkg/agent/tool_tag_parser.go:284.2,285.76 2 1
github.com/tiancaiamao/ai/pkg/agent/tool_tag_parser.go:285.76,287.3 1 1
github.com/tiancaiamao/ai/pkg/agent/tool_tag_parser.go:289.2,289.115 1 1
github.com/tiancaiamao/ai/pkg/agent/tool_tag_parser.go:289.115,291.3 1 1
github.com/tiancaiamao/ai/pkg/agent/tool_tag_parser.go:293.2,293.85 1 1
github.com/tiancaiamao/ai/pkg/agent/tool_tag_parser.go:293.85,295.3 1 1
github.com/tiancaiamao/ai/pkg/agent/tool_tag_parser.go:297.2,297.13 1 0
github.com/tiancaiamao/ai/pkg/agent/tool_tag_parser.go:300.46,302.29 2 1
github.com/tiancaiamao/ai/pkg/agent/tool_tag_parser.go:302.29,303.67 1 1
github.com/tiancaiamao/ai/pkg/agent/tool_tag_parser.go:303.67,305.12 2 1
github.com/tiancaiamao/ai/pkg/agent/tool_tag_parser.go:307.3,307.8 1 1
github.com/tiancaiamao/ai/pkg/agent/tool_tag_parser.go:309.2,310.17 2 1
github.com/tiancaiamao/ai/pkg/agent/tool_tag_parser.go:310.17,312.3 1 0
github.com/tiancaiamao/ai/pkg/agent/tool_tag_parser.go:313.2,313.14 1 1
github.com/tiancaiamao/ai/pkg/agent/tool_tag_parser.go:316.57,317.29 1 1
github.com/tiancaiamao/ai/pkg/agent/tool_tag_parser.go:317.29,319.18 2 1
github.com/tiancaiamao/ai/pkg/agent/tool_tag_parser.go:319.18,321.4 1 1
github.com/tiancaiamao/ai/pkg/agent/tool_tag_parser.go:323.2,323.11 1 1
github.com/tiancaiamao/ai/pkg/agent/tool_tag_parser.go:326.41,329.20 3 1
github.com/tiancaiamao/ai/pkg/agent/tool_tag_parser.go:329.20,331.3 1 1
github.com/tiancaiamao/ai/pkg/agent/tool_tag_parser.go:332.2,332.36 1 1
github.com/tiancaiamao/ai/pkg/agent/tool_tag_parser.go:336.51,337.39 1 1
github.com/tiancaiamao/ai/pkg/agent/tool_tag_parser.go:337.39,339.3 1 1
github.com/tiancaiamao/ai/pkg/agent/tool_tag_parser.go:340.2,340.16 1 0
github.com/tiancaiamao/ai/pkg/agent/tool_tag_parser.go:340.16,342.3 1 0
github.com/tiancaiamao/ai/pkg/agent/tool_tag_parser.go:343.2,343.32 1 0
github.com/tiancaiamao/ai/pkg/agent/tool_tag_parser.go:348.54,354.37 3 1
github.com/tiancaiamao/ai/pkg/agent/tool_tag_parser.go:354.37,360.29 5 1
github.com/tiancaiamao/ai/pkg/agent/tool_tag_parser.go:360.29,362.4 1 1
github.com/tiancaiamao/ai/pkg/agent/tool_tag_parser.go:362.9,362.36 1 1
github.com/tiancaiamao/ai/pkg/agent/tool_tag_parser.go:362.36,364.4 1 1
github.com/tiancaiamao/ai/pkg/agent/tool_tag_parser.go:368.2,369.38 2 1
github.com/tiancaiamao/ai/pkg/agent/tool_tag_parser.go:369.38,371.3 1 1
github.com/tiancaiamao/ai/pkg/agent/tool_tag_parser.go:373.2,373.15 1 1
github.com/tiancaiamao/ai/pkg/agent/tool_tag_parser.go:377.71,378.18 1 1
github.com/tiancaiamao/ai/pkg/agent/tool_tag_parser.go:379.14,380.26 1 1
github.com/tiancaiamao/ai/pkg/agent/tool_tag_parser.go:380.26,382.4 1 1
github.com/tiancaiamao/ai/pkg/agent/tool_tag_parser.go:383.15,384.26 1 1
github.com/tiancaiamao/ai/pkg/agent/tool_tag_parser.go:384.26,386.4 1 0
github.com/tiancaiamao/ai/pkg/agent/tool_tag_parser.go:387.3,387.29 1 1
github.com/tiancaiamao/ai/pkg/agent/tool_tag_parser.go:387.29,389.4 1 0
github.com/tiancaiamao/ai/pkg/agent/tool_tag_parser.go:390.14,391.26 1 0
github.com/tiancaiamao/ai/pkg/agent/tool_tag_parser.go:391.26,393.4 1 0
github.com/tiancaiamao/ai/pkg/agent/tool_tag_parser.go:394.3,394.51 1 0
github.com/tiancaiamao/ai/pkg/agent/tool_tag_parser.go:394.51,396.4 1 0
github.com/tiancaiamao/ai/pkg/agent/tool_tag_parser.go:397.3,397.51 1 0
github.com/tiancaiamao/ai/pkg/agent/tool_tag_parser.go:397.51,399.4 1 0
github.com/tiancaiamao/ai/pkg/agent/tool_tag_parser.go:400.14,401.51 1 1
github.com/tiancaiamao/ai/pkg/agent/tool_tag_parser.go:401.51,403.4 1 1
github.com/tiancaiamao/ai/pkg/agent/tool_tag_parser.go:404.14,405.53 1 0
github.com/tiancaiamao/ai/pkg/agent/tool_tag_parser.go:405.53,407.4 1 0
github.com/tiancaiamao/ai/pkg/agent/tool_tag_parser.go:409.2,409.12 1 1
github.com/tiancaiamao/ai/pkg/agent/tool_tag_parser.go:412.73,413.29 1 1
github.com/tiancaiamao/ai/pkg/agent/tool_tag_parser.go:413.29,415.3 1 0
github.com/tiancaiamao/ai/pkg/agent/tool_tag_parser.go:416.2,416.37 1 1
github.com/tiancaiamao/ai/pkg/agent/tool_tag_parser.go:416.37,418.3 1 0
github.com/tiancaiamao/ai/pkg/agent/tool_tag_parser.go:420.2,421.56 2 1
github.com/tiancaiamao/ai/pkg/agent/tool_tag_parser.go:421.56,423.3 1 1
github.com/tiancaiamao/ai/pkg/agent/tool_tag_parser.go:425.2,431.9 4 1
github.com/tiancaiamao/ai/pkg/agent/tool_tag_parser.go:431.9,433.3 1 0
github.com/tiancaiamao/ai/pkg/agent/tool_tag_parser.go:435.2,436.21 2 1
github.com/tiancaiamao/ai/pkg/agent/tool_tag_parser.go:436.21,438.3 1 0
github.com/tiancaiamao/ai/pkg/agent/tool_tag_parser.go:440.2,442.29 3 1
github.com/tiancaiamao/ai/pkg/agent/tool_tag_parser.go:442.29,444.3 1 1
github.com/tiancaiamao/ai/pkg/agent/tool_tag_parser.go:446.2,447.22 2 1
github.com/tiancaiamao/ai/pkg/agent/tool_tag_parser.go:450.69,452.23 2 1
github.com/tiancaiamao/ai/pkg/agent/tool_tag_parser.go:452.23,454.3 1 1
github.com/tiancaiamao/ai/pkg/agent/tool_tag_parser.go:456.2,459.32 4 1
github.com/tiancaiamao/ai/pkg/agent/tool_tag_parser.go:459.32,460.21 1 1
github.com/tiancaiamao/ai/pkg/agent/tool_tag_parser.go:460.21,461.12 1 0
github.com/tiancaiamao/ai/pkg/agent/tool_tag_parser.go:463.3,465.16 3 1
github.com/tiancaiamao/ai/pkg/agent/tool_tag_parser.go:465.16,466.12 1 0
github.com/tiancaiamao/ai/pkg/agent/tool_tag_parser.go:468.3,469.25 2 1
github.com/tiancaiamao/ai/pkg/agent/tool_tag_parser.go:469.25,471.4 1 0
github.com/tiancaiamao/ai/pkg/agent/tool_tag_parser.go:473.2,473.20 1 1
github.com/tiancaiamao/ai/pkg/agent/tool_tag_parser.go:473.20,475.3 1 0
github.com/tiancaiamao/ai/pkg/agent/tool_tag_parser.go:477.2,481.39 5 1
github.com/tiancaiamao/ai/pkg/agent/tool_tag_parser.go:481.39,482.68 1 1
github.com/tiancaiamao/ai/pkg/agent/tool_tag_parser.go:482.68,485.4 2 1
github.com/tiancaiamao/ai/pkg/agent/tool_tag_parser.go:487.2,487.63 1 1
github.com/tiancaiamao/ai/pkg/agent/tool_tag_parser.go:487.63,489.3 1 0
github.com/tiancaiamao/ai/pkg/agent/tool_tag_parser.go:491.2,492.16 2 1
github.com/tiancaiamao/ai/pkg/agent/tool_tag_parser.go:492.16,494.3 1 0
github.com/tiancaiamao/ai/pkg/agent/tool_tag_parser.go:496.2,502.9 1 1
github.com/tiancaiamao/ai/pkg/agent/tool_tag_parser.go:505.52,507.21 2 1
github.com/tiancaiamao/ai/pkg/agent/tool_tag_parser.go:507.21,509.3 1 1
github.com/tiancaiamao/ai/pkg/agent/tool_tag_parser.go:510.2,510.26 1 1
github.com/tiancaiamao/ai/pkg/agent/tool_tag_parser.go:510.26,512.3 1 0
github.com/tiancaiamao/ai/pkg/agent/tool_tag_parser.go:514.2,515.20 2 1
github.com/tiancaiamao/ai/pkg/agent/tool_tag_parser.go:515.20,517.31 2 1
github.com/tiancaiamao/ai/pkg/agent/tool_tag_parser.go:517.31,519.4 1 1
github.com/tiancaiamao/ai/pkg/agent/tool_tag_parser.go:522.2,522.73 1 0
github.com/tiancaiamao/ai/pkg/agent/tool_tag_parser.go:522.73,523.57 1 0
github.com/tiancaiamao/ai/pkg/agent/tool_tag_parser.go:523.57,525.4 1 0
github.com/tiancaiamao/ai/pkg/agent/tool_tag_parser.go:528.2,528.11 1 0
github.com/tiancaiamao/ai/pkg/agent/working_memory.go:56.57,62.2 1 1
github.com/tiancaiamao/ai/pkg/agent/working_memory.go:65.65,126.2 1 1
github.com/tiancaiamao/ai/pkg/agent/working_memory.go:129.54,131.49 2 1
github.com/tiancaiamao/ai/pkg/agent/working_memory.go:131.49,133.3 1 0
github.com/tiancaiamao/ai/pkg/agent/working_memory.go:135.2,136.53 2 1
github.com/tiancaiamao/ai/pkg/agent/working_memory.go:136.53,138.3 1 0
github.com/tiancaiamao/ai/pkg/agent/working_memory.go:140.2,140.60 1 1
github.com/tiancaiamao/ai/pkg/agent/working_memory.go:140.60,142.79 2 1
github.com/tiancaiamao/ai/pkg/agent/working_memory.go:142.79,144.4 1 0
github.com/tiancaiamao/ai/pkg/agent/working_memory.go:147.2,147.12 1 1
github.com/tiancaiamao/ai/pkg/agent/working_memory.go:152.49,154.16 2 1
github.com/tiancaiamao/ai/pkg/agent/working_memory.go:154.16,156.3 1 0
github.com/tiancaiamao/ai/pkg/agent/working_memory.go:159.2,160.17 2 1
github.com/tiancaiamao/ai/pkg/agent/working_memory.go:160.17,162.3 1 0
github.com/tiancaiamao/ai/pkg/agent/working_memory.go:164.2,164.21 1 1
github.com/tiancaiamao/ai/pkg/agent/working_memory.go:169.56,174.49 3 1
github.com/tiancaiamao/ai/pkg/agent/working_memory.go:174.49,176.3 1 0
github.com/tiancaiamao/ai/pkg/agent/working_memory.go:178.2,179.16 2 1
github.com/tiancaiamao/ai/pkg/agent/working_memory.go:179.16,180.25 1 0
github.com/tiancaiamao/ai/pkg/agent/working_memory.go:180.25,183.4 1 0
github.com/tiancaiamao/ai/pkg/agent/working_memory.go:184.3,184.17 1 0
github.com/tiancaiamao/ai/pkg/agent/working_memory.go:188.2,188.74 1 1
github.com/tiancaiamao/ai/pkg/agent/working_memory.go:188.74,190.3 1 0
github.com/tiancaiamao/ai/pkg/agent/working_memory.go:193.2,194.16 2 1
github.com/tiancaiamao/ai/pkg/agent/working_memory.go:194.16,196.3 1 0
github.com/tiancaiamao/ai/pkg/agent/working_memory.go:198.2,200.32 3 1
github.com/tiancaiamao/ai/pkg/agent/working_memory.go:204.43,206.2 1 1
github.com/tiancaiamao/ai/pkg/agent/working_memory.go:209.48,211.2 1 1
github.com/tiancaiamao/ai/pkg/agent/working_memory.go:214.79,221.2 5 1
github.com/tiancaiamao/ai/pkg/agent/working_memory.go:224.48,230.55 4 1
github.com/tiancaiamao/ai/pkg/agent/working_memory.go:230.55,232.3 1 1
github.com/tiancaiamao/ai/pkg/agent/working_memory.go:235.2,236.20 2 1
github.com/tiancaiamao/ai/pkg/agent/working_memory.go:236.20,238.3 1 0
github.com/tiancaiamao/ai/pkg/agent/working_memory.go:241.2,242.40 2 1
github.com/tiancaiamao/ai/pkg/agent/working_memory.go:242.40,244.3 1 1
github.com/tiancaiamao/ai/pkg/agent/working_memory.go:247.2,255.3 2 1
github.com/tiancaiamao/ai/pkg/agent/working_memory.go:259.44,265.2 4 1
github.com/tiancaiamao/ai/pkg/agent/working_memory.go:271.40,277.2 4 1
github.com/tiancaiamao/ai/pkg/agent/working_memory.go:282.43,287.2 3 1
github.com/tiancaiamao/ai/pkg/agent/working_memory.go:290.53,294.2 3 1
github.com/tiancaiamao/ai/pkg/agent/working_memory.go:300.61,306.17 4 1
github.com/tiancaiamao/ai/pkg/agent/working_memory.go:306.17,308.3 1 1
github.com/tiancaiamao/ai/pkg/agent/working_memory.go:311.2,311.35 1 1
github.com/tiancaiamao/ai/pkg/agent/working_memory.go:311.35,313.3 1 1
github.com/tiancaiamao/ai/pkg/agent/working_memory.go:316.2,322.51 4 0
github.com/tiancaiamao/ai/pkg/agent/working_memory.go:322.51,324.3 1 0
github.com/tiancaiamao/ai/pkg/agent/working_memory.go:327.2,327.57 1 0
github.com/tiancaiamao/ai/pkg/agent/working_memory.go:327.57,329.3 1 0
github.com/tiancaiamao/ai/pkg/agent/working_memory.go:331.2,331.18 1 0
github.com/tiancaiamao/ai/pkg/agent/working_memory.go:335.69,363.2 1 0
github.com/tiancaiamao/ai/pkg/agent/working_memory.go:367.54,373.2 3 1
github.com/tiancaiamao/ai/pkg/agent/working_memory.go:377.58,401.2 5 1
