mode: atomic
github.com/tiancaiamao/ai/benchmark/tasks/004_add_json_parsing/init/main.go:10.49,14.2 3 0
github.com/tiancaiamao/ai/benchmark/tasks/004_add_json_parsing/init/main.go:17.46,20.2 2 0
github.com/tiancaiamao/ai/benchmark/tasks/004_add_json_parsing/init/main.go:22.13,32.2 6 0
github.com/tiancaiamao/ai/benchmark/tasks/003_refactor_duplicated_code/setup/main.go:12.63,13.17 1 0
github.com/tiancaiamao/ai/benchmark/tasks/003_refactor_duplicated_code/setup/main.go:13.17,15.3 1 0
github.com/tiancaiamao/ai/benchmark/tasks/003_refactor_duplicated_code/setup/main.go:16.2,16.51 1 0
github.com/tiancaiamao/ai/benchmark/tasks/003_refactor_duplicated_code/setup/main.go:21.84,23.18 2 0
github.com/tiancaiamao/ai/benchmark/tasks/003_refactor_duplicated_code/setup/main.go:23.18,25.3 1 0
github.com/tiancaiamao/ai/benchmark/tasks/003_refactor_duplicated_code/setup/main.go:26.2,26.51 1 0
github.com/tiancaiamao/ai/benchmark/tasks/003_refactor_duplicated_code/setup/main.go:31.57,32.33 1 0
github.com/tiancaiamao/ai/benchmark/tasks/003_refactor_duplicated_code/setup/main.go:32.33,33.20 1 0
github.com/tiancaiamao/ai/benchmark/tasks/003_refactor_duplicated_code/setup/main.go:33.20,35.4 1 0
github.com/tiancaiamao/ai/benchmark/tasks/003_refactor_duplicated_code/setup/main.go:37.2,37.11 1 0
github.com/tiancaiamao/ai/benchmark/tasks/003_refactor_duplicated_code/setup/main.go:41.61,43.130 1 0
github.com/tiancaiamao/ai/benchmark/tasks/003_refactor_duplicated_code/setup/main.go:43.130,45.3 1 0
github.com/tiancaiamao/ai/benchmark/tasks/003_refactor_duplicated_code/setup/main.go:47.2,47.71 1 0
github.com/tiancaiamao/ai/benchmark/tasks/003_refactor_duplicated_code/setup/main.go:51.73,53.140 1 0
github.com/tiancaiamao/ai/benchmark/tasks/003_refactor_duplicated_code/setup/main.go:53.140,55.3 1 0
github.com/tiancaiamao/ai/benchmark/tasks/003_refactor_duplicated_code/setup/main.go:57.2,57.86 1 0
github.com/tiancaiamao/ai/benchmark/tasks/003_refactor_duplicated_code/setup/main.go:61.68,63.134 1 0
github.com/tiancaiamao/ai/benchmark/tasks/003_refactor_duplicated_code/setup/main.go:63.134,65.3 1 0
github.com/tiancaiamao/ai/benchmark/tasks/003_refactor_duplicated_code/setup/main.go:67.2,67.80 1 0
github.com/tiancaiamao/ai/benchmark/tasks/003_refactor_duplicated_code/setup/main.go:70.13,74.2 3 0
github.com/tiancaiamao/ai/benchmark/tasks/002_add_error_handling/init/main.go:9.35,11.2 1 0
github.com/tiancaiamao/ai/benchmark/tasks/002_add_error_handling/init/main.go:15.56,17.2 1 0
github.com/tiancaiamao/ai/benchmark/tasks/002_add_error_handling/init/main.go:19.13,26.2 5 0
github.com/tiancaiamao/ai/benchmark/runner/runner.go:37.13,38.22 1 0
github.com/tiancaiamao/ai/benchmark/runner/runner.go:38.22,41.3 2 0
github.com/tiancaiamao/ai/benchmark/runner/runner.go:43.2,44.17 2 0
github.com/tiancaiamao/ai/benchmark/runner/runner.go:45.13,46.17 1 0
github.com/tiancaiamao/ai/benchmark/runner/runner.go:47.17,48.19 1 0
github.com/tiancaiamao/ai/benchmark/runner/runner.go:49.14,50.14 1 0
github.com/tiancaiamao/ai/benchmark/runner/runner.go:51.10,54.13 3 0
github.com/tiancaiamao/ai/benchmark/runner/runner.go:58.19,76.2 1 0
github.com/tiancaiamao/ai/benchmark/runner/runner.go:78.18,81.16 3 0
github.com/tiancaiamao/ai/benchmark/runner/runner.go:81.16,84.3 2 0
github.com/tiancaiamao/ai/benchmark/runner/runner.go:86.2,88.32 3 0
github.com/tiancaiamao/ai/benchmark/runner/runner.go:88.32,89.21 1 0
github.com/tiancaiamao/ai/benchmark/runner/runner.go:89.21,90.12 1 0
github.com/tiancaiamao/ai/benchmark/runner/runner.go:93.3,97.17 4 0
github.com/tiancaiamao/ai/benchmark/runner/runner.go:97.17,98.12 1 0
github.com/tiancaiamao/ai/benchmark/runner/runner.go:102.3,104.30 3 0
github.com/tiancaiamao/ai/benchmark/runner/runner.go:104.30,105.37 1 0
github.com/tiancaiamao/ai/benchmark/runner/runner.go:105.37,107.10 2 0
github.com/tiancaiamao/ai/benchmark/runner/runner.go:111.3,111.50 1 0
github.com/tiancaiamao/ai/benchmark/runner/runner.go:115.21,118.16 3 0
github.com/tiancaiamao/ai/benchmark/runner/runner.go:118.16,121.3 2 0
github.com/tiancaiamao/ai/benchmark/runner/runner.go:123.2,135.32 5 0
github.com/tiancaiamao/ai/benchmark/runner/runner.go:135.32,136.21 1 0
github.com/tiancaiamao/ai/benchmark/runner/runner.go:136.21,137.12 1 0
github.com/tiancaiamao/ai/benchmark/runner/runner.go:140.3,147.20 6 0
github.com/tiancaiamao/ai/benchmark/runner/runner.go:147.20,150.4 2 0
github.com/tiancaiamao/ai/benchmark/runner/runner.go:150.9,153.4 2 0
github.com/tiancaiamao/ai/benchmark/runner/runner.go:155.3,155.22 1 0
github.com/tiancaiamao/ai/benchmark/runner/runner.go:158.2,173.56 12 0
github.com/tiancaiamao/ai/benchmark/runner/runner.go:176.49,183.16 3 0
github.com/tiancaiamao/ai/benchmark/runner/runner.go:183.16,187.3 3 0
github.com/tiancaiamao/ai/benchmark/runner/runner.go:190.2,191.55 2 0
github.com/tiancaiamao/ai/benchmark/runner/runner.go:191.55,193.30 2 0
github.com/tiancaiamao/ai/benchmark/runner/runner.go:193.30,194.37 1 0
github.com/tiancaiamao/ai/benchmark/runner/runner.go:194.37,196.10 2 0
github.com/tiancaiamao/ai/benchmark/runner/runner.go:201.2,205.48 3 0
github.com/tiancaiamao/ai/benchmark/runner/runner.go:205.48,212.17 6 0
github.com/tiancaiamao/ai/benchmark/runner/runner.go:212.17,217.4 4 0
github.com/tiancaiamao/ai/benchmark/runner/runner.go:221.2,222.57 2 0
github.com/tiancaiamao/ai/benchmark/runner/runner.go:222.57,227.3 4 0
github.com/tiancaiamao/ai/benchmark/runner/runner.go:230.2,238.16 7 0
github.com/tiancaiamao/ai/benchmark/runner/runner.go:238.16,241.3 2 0
github.com/tiancaiamao/ai/benchmark/runner/runner.go:241.8,243.3 1 0
github.com/tiancaiamao/ai/benchmark/runner/runner.go:245.2,245.15 1 0
github.com/tiancaiamao/ai/benchmark/runner/runner.go:248.23,253.16 4 0
github.com/tiancaiamao/ai/benchmark/runner/runner.go:253.16,257.3 3 0
github.com/tiancaiamao/ai/benchmark/runner/runner.go:259.2,260.16 2 0
github.com/tiancaiamao/ai/benchmark/runner/runner.go:260.16,263.3 2 0
github.com/tiancaiamao/ai/benchmark/runner/runner.go:265.2,284.37 13 0
github.com/tiancaiamao/ai/benchmark/runner/runner.go:284.37,286.3 1 0
github.com/tiancaiamao/ai/benchmark/runner/runner.go:288.2,291.48 3 0
github.com/tiancaiamao/ai/benchmark/runner/runner.go:291.48,294.14 2 0
github.com/tiancaiamao/ai/benchmark/runner/runner.go:294.14,296.12 2 0
github.com/tiancaiamao/ai/benchmark/runner/runner.go:299.3,299.52 1 0
github.com/tiancaiamao/ai/benchmark/runner/runner.go:299.52,300.28 1 0
github.com/tiancaiamao/ai/benchmark/runner/runner.go:300.28,303.5 2 0
github.com/tiancaiamao/ai/benchmark/runner/runner.go:303.10,306.5 2 0
github.com/tiancaiamao/ai/benchmark/runner/runner.go:307.9,309.4 1 0
github.com/tiancaiamao/ai/benchmark/runner/runner.go:312.2,313.21 2 0
github.com/tiancaiamao/ai/benchmark/runner/runner.go:313.21,315.3 1 0
github.com/tiancaiamao/ai/benchmark/runner/runner.go:315.8,315.29 1 0
github.com/tiancaiamao/ai/benchmark/runner/runner.go:315.29,317.3 1 0
github.com/tiancaiamao/ai/benchmark/runner/runner.go:317.8,319.3 1 0
github.com/tiancaiamao/ai/benchmark/runner/runner.go:321.2,321.21 1 0
github.com/tiancaiamao/ai/benchmark/runner/runner.go:321.21,323.3 1 0
github.com/tiancaiamao/ai/benchmark/runner/runner.go:326.34,327.12 1 0
github.com/tiancaiamao/ai/benchmark/runner/runner.go:327.12,329.3 1 0
github.com/tiancaiamao/ai/benchmark/runner/runner.go:330.2,330.19 1 0
github.com/tiancaiamao/ai/benchmark/runner/runner.go:333.56,335.16 2 0
github.com/tiancaiamao/ai/benchmark/runner/runner.go:335.16,337.3 1 0
github.com/tiancaiamao/ai/benchmark/runner/runner.go:339.2,340.54 2 0
github.com/tiancaiamao/ai/benchmark/runner/runner.go:340.54,342.3 1 0
github.com/tiancaiamao/ai/benchmark/runner/runner.go:344.2,344.21 1 0
github.com/tiancaiamao/ai/benchmark/runner/runner.go:347.55,349.16 2 0
github.com/tiancaiamao/ai/benchmark/runner/runner.go:349.16,352.3 2 0
github.com/tiancaiamao/ai/benchmark/runner/runner.go:354.2,354.55 1 0
github.com/tiancaiamao/ai/benchmark/runner/runner.go:354.55,356.3 1 0
github.com/tiancaiamao/ai/benchmark/runner/runner.go:359.28,362.16 3 0
github.com/tiancaiamao/ai/benchmark/runner/runner.go:362.16,364.3 1 0
github.com/tiancaiamao/ai/benchmark/runner/runner.go:365.2,365.42 1 0
github.com/tiancaiamao/ai/benchmark/runner/runner.go:368.53,369.38 1 0
github.com/tiancaiamao/ai/benchmark/runner/runner.go:369.38,371.3 1 0
github.com/tiancaiamao/ai/benchmark/runner/runner.go:372.2,372.19 1 0
github.com/tiancaiamao/ai/benchmark/tasks/004_add_json_parsing/setup/main.go:10.49,14.2 3 0
github.com/tiancaiamao/ai/benchmark/tasks/004_add_json_parsing/setup/main.go:17.46,20.2 2 0
github.com/tiancaiamao/ai/benchmark/tasks/004_add_json_parsing/setup/main.go:22.13,32.2 6 0
github.com/tiancaiamao/ai/benchmark/tasks/001_fix_off_by_one/init/main.go:7.26,9.25 2 0
github.com/tiancaiamao/ai/benchmark/tasks/001_fix_off_by_one/init/main.go:9.25,11.3 1 0
github.com/tiancaiamao/ai/benchmark/tasks/001_fix_off_by_one/init/main.go:12.2,12.12 1 0
github.com/tiancaiamao/ai/benchmark/tasks/001_fix_off_by_one/init/main.go:15.13,17.2 1 0
github.com/tiancaiamao/ai/benchmark/tasks/002_add_error_handling/setup/main.go:9.35,11.2 1 0
github.com/tiancaiamao/ai/benchmark/tasks/002_add_error_handling/setup/main.go:15.56,17.2 1 0
github.com/tiancaiamao/ai/benchmark/tasks/002_add_error_handling/setup/main.go:19.13,26.2 5 0
github.com/tiancaiamao/ai/benchmark/tasks/001_fix_off_by_one/setup/main.go:7.26,9.25 2 0
github.com/tiancaiamao/ai/benchmark/tasks/001_fix_off_by_one/setup/main.go:9.25,11.3 1 0
github.com/tiancaiamao/ai/benchmark/tasks/001_fix_off_by_one/setup/main.go:12.2,12.12 1 0
github.com/tiancaiamao/ai/benchmark/tasks/001_fix_off_by_one/setup/main.go:15.13,17.2 1 0
github.com/tiancaiamao/ai/internal/winai/interpreter.go:176.72,181.2 4 0
github.com/tiancaiamao/ai/internal/winai/interpreter.go:184.110,191.2 6 0
github.com/tiancaiamao/ai/internal/winai/interpreter.go:193.42,205.2 1 3
github.com/tiancaiamao/ai/internal/winai/interpreter.go:208.56,212.2 3 0
github.com/tiancaiamao/ai/internal/winai/interpreter.go:215.58,219.15 3 0
github.com/tiancaiamao/ai/internal/winai/interpreter.go:219.15,221.3 1 0
github.com/tiancaiamao/ai/internal/winai/interpreter.go:223.2,228.14 4 0
github.com/tiancaiamao/ai/internal/winai/interpreter.go:228.14,229.40 1 0
github.com/tiancaiamao/ai/internal/winai/interpreter.go:229.40,231.4 1 0
github.com/tiancaiamao/ai/internal/winai/interpreter.go:233.3,234.40 2 0
github.com/tiancaiamao/ai/internal/winai/interpreter.go:234.40,238.4 3 0
github.com/tiancaiamao/ai/internal/winai/interpreter.go:240.3,241.22 2 0
github.com/tiancaiamao/ai/internal/winai/interpreter.go:241.22,243.4 1 0
github.com/tiancaiamao/ai/internal/winai/interpreter.go:245.3,245.13 1 0
github.com/tiancaiamao/ai/internal/winai/interpreter.go:248.2,249.57 2 0
github.com/tiancaiamao/ai/internal/winai/interpreter.go:249.57,251.3 1 0
github.com/tiancaiamao/ai/internal/winai/interpreter.go:253.2,258.16 4 0
github.com/tiancaiamao/ai/internal/winai/interpreter.go:258.16,260.3 1 0
github.com/tiancaiamao/ai/internal/winai/interpreter.go:262.2,263.16 2 0
github.com/tiancaiamao/ai/internal/winai/interpreter.go:263.16,266.3 2 0
github.com/tiancaiamao/ai/internal/winai/interpreter.go:268.2,269.16 2 0
github.com/tiancaiamao/ai/internal/winai/interpreter.go:269.16,273.3 3 0
github.com/tiancaiamao/ai/internal/winai/interpreter.go:275.2,282.38 7 0
github.com/tiancaiamao/ai/internal/winai/interpreter.go:282.38,285.3 2 0
github.com/tiancaiamao/ai/internal/winai/interpreter.go:287.2,287.39 1 0
github.com/tiancaiamao/ai/internal/winai/interpreter.go:287.39,291.3 3 0
github.com/tiancaiamao/ai/internal/winai/interpreter.go:293.2,297.12 4 0
github.com/tiancaiamao/ai/internal/winai/interpreter.go:300.47,301.27 1 0
github.com/tiancaiamao/ai/internal/winai/interpreter.go:301.27,302.54 1 0
github.com/tiancaiamao/ai/internal/winai/interpreter.go:302.54,304.4 1 0
github.com/tiancaiamao/ai/internal/winai/interpreter.go:308.2,308.14 1 0
github.com/tiancaiamao/ai/internal/winai/interpreter.go:312.38,328.19 15 0
github.com/tiancaiamao/ai/internal/winai/interpreter.go:328.19,330.3 1 0
github.com/tiancaiamao/ai/internal/winai/interpreter.go:332.2,332.18 1 0
github.com/tiancaiamao/ai/internal/winai/interpreter.go:332.18,334.3 1 0
github.com/tiancaiamao/ai/internal/winai/interpreter.go:336.2,336.19 1 0
github.com/tiancaiamao/ai/internal/winai/interpreter.go:336.19,338.3 1 0
github.com/tiancaiamao/ai/internal/winai/interpreter.go:340.2,340.19 1 0
github.com/tiancaiamao/ai/internal/winai/interpreter.go:340.19,342.3 1 0
github.com/tiancaiamao/ai/internal/winai/interpreter.go:344.2,344.49 1 0
github.com/tiancaiamao/ai/internal/winai/interpreter.go:344.49,345.44 1 0
github.com/tiancaiamao/ai/internal/winai/interpreter.go:345.44,347.4 1 0
github.com/tiancaiamao/ai/internal/winai/interpreter.go:351.2,352.12 2 0
github.com/tiancaiamao/ai/internal/winai/interpreter.go:355.52,358.29 3 0
github.com/tiancaiamao/ai/internal/winai/interpreter.go:358.29,360.3 1 0
github.com/tiancaiamao/ai/internal/winai/interpreter.go:362.2,362.50 1 0
github.com/tiancaiamao/ai/internal/winai/interpreter.go:362.50,364.3 1 0
github.com/tiancaiamao/ai/internal/winai/interpreter.go:366.2,367.19 2 0
github.com/tiancaiamao/ai/internal/winai/interpreter.go:367.19,369.3 1 0
github.com/tiancaiamao/ai/internal/winai/interpreter.go:371.2,371.20 1 0
github.com/tiancaiamao/ai/internal/winai/interpreter.go:374.53,378.16 4 0
github.com/tiancaiamao/ai/internal/winai/interpreter.go:378.16,380.3 1 0
github.com/tiancaiamao/ai/internal/winai/interpreter.go:382.2,382.39 1 0
github.com/tiancaiamao/ai/internal/winai/interpreter.go:385.79,387.18 2 0
github.com/tiancaiamao/ai/internal/winai/interpreter.go:387.18,390.3 2 0
github.com/tiancaiamao/ai/internal/winai/interpreter.go:392.2,404.19 12 0
github.com/tiancaiamao/ai/internal/winai/interpreter.go:404.19,406.3 1 0
github.com/tiancaiamao/ai/internal/winai/interpreter.go:408.2,408.18 1 0
github.com/tiancaiamao/ai/internal/winai/interpreter.go:408.18,410.3 1 0
github.com/tiancaiamao/ai/internal/winai/interpreter.go:412.2,412.19 1 0
github.com/tiancaiamao/ai/internal/winai/interpreter.go:412.19,414.3 1 0
github.com/tiancaiamao/ai/internal/winai/interpreter.go:416.2,416.19 1 0
github.com/tiancaiamao/ai/internal/winai/interpreter.go:416.19,418.3 1 0
github.com/tiancaiamao/ai/internal/winai/interpreter.go:420.2,421.13 2 0
github.com/tiancaiamao/ai/internal/winai/interpreter.go:424.40,433.2 7 0
github.com/tiancaiamao/ai/internal/winai/interpreter.go:435.56,439.12 4 0
github.com/tiancaiamao/ai/internal/winai/interpreter.go:439.12,441.3 1 0
github.com/tiancaiamao/ai/internal/winai/interpreter.go:443.2,443.18 1 0
github.com/tiancaiamao/ai/internal/winai/interpreter.go:443.18,445.3 1 0
github.com/tiancaiamao/ai/internal/winai/interpreter.go:447.2,450.36 4 0
github.com/tiancaiamao/ai/internal/winai/interpreter.go:450.36,452.3 1 0
github.com/tiancaiamao/ai/internal/winai/interpreter.go:454.2,454.37 1 0
github.com/tiancaiamao/ai/internal/winai/interpreter.go:454.37,455.58 1 0
github.com/tiancaiamao/ai/internal/winai/interpreter.go:455.58,457.4 1 0
github.com/tiancaiamao/ai/internal/winai/interpreter.go:459.3,459.13 1 0
github.com/tiancaiamao/ai/internal/winai/interpreter.go:462.2,462.12 1 0
github.com/tiancaiamao/ai/internal/winai/interpreter.go:466.74,469.19 3 0
github.com/tiancaiamao/ai/internal/winai/interpreter.go:469.19,471.3 1 0
github.com/tiancaiamao/ai/internal/winai/interpreter.go:473.2,474.16 2 0
github.com/tiancaiamao/ai/internal/winai/interpreter.go:474.16,477.3 2 0
github.com/tiancaiamao/ai/internal/winai/interpreter.go:479.2,479.13 1 0
github.com/tiancaiamao/ai/internal/winai/interpreter.go:479.13,481.3 1 0
github.com/tiancaiamao/ai/internal/winai/interpreter.go:483.2,488.15 5 0
github.com/tiancaiamao/ai/internal/winai/interpreter.go:488.15,489.19 1 0
github.com/tiancaiamao/ai/internal/winai/interpreter.go:490.20,491.65 1 0
github.com/tiancaiamao/ai/internal/winai/interpreter.go:491.65,493.5 1 0
github.com/tiancaiamao/ai/internal/winai/interpreter.go:495.4,495.14 1 0
github.com/tiancaiamao/ai/internal/winai/interpreter.go:496.17,498.14 2 0
github.com/tiancaiamao/ai/internal/winai/interpreter.go:499.11,500.61 1 0
github.com/tiancaiamao/ai/internal/winai/interpreter.go:500.61,502.5 1 0
github.com/tiancaiamao/ai/internal/winai/interpreter.go:504.4,504.14 1 0
github.com/tiancaiamao/ai/internal/winai/interpreter.go:509.2,509.42 1 0
github.com/tiancaiamao/ai/internal/winai/interpreter.go:509.42,511.3 1 0
github.com/tiancaiamao/ai/internal/winai/interpreter.go:513.2,513.12 1 0
github.com/tiancaiamao/ai/internal/winai/interpreter.go:517.55,519.2 1 0
github.com/tiancaiamao/ai/internal/winai/interpreter.go:522.67,524.19 2 0
github.com/tiancaiamao/ai/internal/winai/interpreter.go:524.19,526.3 1 0
github.com/tiancaiamao/ai/internal/winai/interpreter.go:528.2,528.37 1 0
github.com/tiancaiamao/ai/internal/winai/interpreter.go:532.67,534.2 1 0
github.com/tiancaiamao/ai/internal/winai/interpreter.go:536.83,537.39 1 0
github.com/tiancaiamao/ai/internal/winai/interpreter.go:537.39,539.3 1 0
github.com/tiancaiamao/ai/internal/winai/interpreter.go:541.2,541.35 1 0
github.com/tiancaiamao/ai/internal/winai/interpreter.go:541.35,544.35 3 0
github.com/tiancaiamao/ai/internal/winai/interpreter.go:544.35,546.4 1 0
github.com/tiancaiamao/ai/internal/winai/interpreter.go:548.3,550.18 3 0
github.com/tiancaiamao/ai/internal/winai/interpreter.go:550.18,552.22 2 0
github.com/tiancaiamao/ai/internal/winai/interpreter.go:552.22,554.5 1 0
github.com/tiancaiamao/ai/internal/winai/interpreter.go:556.4,556.22 1 0
github.com/tiancaiamao/ai/internal/winai/interpreter.go:559.3,559.22 1 0
github.com/tiancaiamao/ai/internal/winai/interpreter.go:562.2,562.19 1 0
github.com/tiancaiamao/ai/internal/winai/interpreter.go:565.59,571.71 4 0
github.com/tiancaiamao/ai/internal/winai/interpreter.go:571.71,573.3 1 0
github.com/tiancaiamao/ai/internal/winai/interpreter.go:576.2,580.6 4 0
github.com/tiancaiamao/ai/internal/winai/interpreter.go:580.6,581.10 1 0
github.com/tiancaiamao/ai/internal/winai/interpreter.go:582.18,584.21 2 0
github.com/tiancaiamao/ai/internal/winai/interpreter.go:585.19,590.23 4 0
github.com/tiancaiamao/ai/internal/winai/interpreter.go:590.23,593.30 2 0
github.com/tiancaiamao/ai/internal/winai/interpreter.go:593.30,596.20 3 0
github.com/tiancaiamao/ai/internal/winai/interpreter.go:596.20,598.7 1 0
github.com/tiancaiamao/ai/internal/winai/interpreter.go:600.6,600.52 1 0
github.com/tiancaiamao/ai/internal/winai/interpreter.go:604.5,604.26 1 0
github.com/tiancaiamao/ai/internal/winai/interpreter.go:604.26,606.20 2 0
github.com/tiancaiamao/ai/internal/winai/interpreter.go:606.20,609.7 2 0
github.com/tiancaiamao/ai/internal/winai/interpreter.go:611.6,611.25 1 0
github.com/tiancaiamao/ai/internal/winai/interpreter.go:611.25,615.25 2 0
github.com/tiancaiamao/ai/internal/winai/interpreter.go:615.25,617.60 2 0
github.com/tiancaiamao/ai/internal/winai/interpreter.go:617.60,619.9 1 0
github.com/tiancaiamao/ai/internal/winai/interpreter.go:625.6,625.22 1 0
github.com/tiancaiamao/ai/internal/winai/interpreter.go:629.5,630.21 2 0
github.com/tiancaiamao/ai/internal/winai/interpreter.go:639.82,641.16 2 0
github.com/tiancaiamao/ai/internal/winai/interpreter.go:641.16,643.3 1 0
github.com/tiancaiamao/ai/internal/winai/interpreter.go:645.2,645.50 1 0
github.com/tiancaiamao/ai/internal/winai/interpreter.go:645.50,646.43 1 0
github.com/tiancaiamao/ai/internal/winai/interpreter.go:646.43,651.4 4 0
github.com/tiancaiamao/ai/internal/winai/interpreter.go:653.3,654.19 2 0
github.com/tiancaiamao/ai/internal/winai/interpreter.go:657.2,657.18 1 0
github.com/tiancaiamao/ai/internal/winai/interpreter.go:660.87,661.19 1 0
github.com/tiancaiamao/ai/internal/winai/interpreter.go:661.19,663.3 1 0
github.com/tiancaiamao/ai/internal/winai/interpreter.go:665.2,666.22 2 0
github.com/tiancaiamao/ai/internal/winai/interpreter.go:666.22,668.3 1 0
github.com/tiancaiamao/ai/internal/winai/interpreter.go:670.2,673.13 3 0
github.com/tiancaiamao/ai/internal/winai/interpreter.go:674.14,676.19 2 0
github.com/tiancaiamao/ai/internal/winai/interpreter.go:677.14,680.19 3 0
github.com/tiancaiamao/ai/internal/winai/interpreter.go:681.15,682.47 1 0
github.com/tiancaiamao/ai/internal/winai/interpreter.go:683.17,684.58 1 0
github.com/tiancaiamao/ai/internal/winai/interpreter.go:685.14,686.56 1 0
github.com/tiancaiamao/ai/internal/winai/interpreter.go:687.18,688.54 1 0
github.com/tiancaiamao/ai/internal/winai/interpreter.go:689.14,690.36 1 0
github.com/tiancaiamao/ai/internal/winai/interpreter.go:690.36,693.4 2 0
github.com/tiancaiamao/ai/internal/winai/interpreter.go:695.3,695.76 1 0
github.com/tiancaiamao/ai/internal/winai/interpreter.go:695.76,696.43 1 0
github.com/tiancaiamao/ai/internal/winai/interpreter.go:696.43,699.5 2 0
github.com/tiancaiamao/ai/internal/winai/interpreter.go:701.4,702.20 2 0
github.com/tiancaiamao/ai/internal/winai/interpreter.go:705.3,705.19 1 0
github.com/tiancaiamao/ai/internal/winai/interpreter.go:706.16,707.54 1 0
github.com/tiancaiamao/ai/internal/winai/interpreter.go:708.13,709.46 1 0
github.com/tiancaiamao/ai/internal/winai/interpreter.go:710.14,711.47 1 0
github.com/tiancaiamao/ai/internal/winai/interpreter.go:712.18,713.51 1 0
github.com/tiancaiamao/ai/internal/winai/interpreter.go:714.15,715.42 1 0
github.com/tiancaiamao/ai/internal/winai/interpreter.go:716.22,717.42 1 0
github.com/tiancaiamao/ai/internal/winai/interpreter.go:718.13,721.36 2 0
github.com/tiancaiamao/ai/internal/winai/interpreter.go:721.36,724.4 2 0
github.com/tiancaiamao/ai/internal/winai/interpreter.go:726.3,726.54 1 0
github.com/tiancaiamao/ai/internal/winai/interpreter.go:727.16,728.36 1 0
github.com/tiancaiamao/ai/internal/winai/interpreter.go:728.36,731.4 2 0
github.com/tiancaiamao/ai/internal/winai/interpreter.go:733.3,733.75 1 0
github.com/tiancaiamao/ai/internal/winai/interpreter.go:733.75,734.46 1 0
github.com/tiancaiamao/ai/internal/winai/interpreter.go:734.46,737.5 2 0
github.com/tiancaiamao/ai/internal/winai/interpreter.go:739.4,740.20 2 0
github.com/tiancaiamao/ai/internal/winai/interpreter.go:743.3,743.19 1 0
github.com/tiancaiamao/ai/internal/winai/interpreter.go:744.17,745.49 1 0
github.com/tiancaiamao/ai/internal/winai/interpreter.go:746.22,747.54 1 0
github.com/tiancaiamao/ai/internal/winai/interpreter.go:748.14,749.34 1 0
github.com/tiancaiamao/ai/internal/winai/interpreter.go:750.26,751.36 1 0
github.com/tiancaiamao/ai/internal/winai/interpreter.go:751.36,754.4 2 0
github.com/tiancaiamao/ai/internal/winai/interpreter.go:756.3,756.76 1 0
github.com/tiancaiamao/ai/internal/winai/interpreter.go:756.76,757.43 1 0
github.com/tiancaiamao/ai/internal/winai/interpreter.go:757.43,760.5 2 0
github.com/tiancaiamao/ai/internal/winai/interpreter.go:762.4,763.20 2 0
github.com/tiancaiamao/ai/internal/winai/interpreter.go:766.3,766.19 1 0
github.com/tiancaiamao/ai/internal/winai/interpreter.go:767.31,768.36 1 0
github.com/tiancaiamao/ai/internal/winai/interpreter.go:768.36,771.4 2 0
github.com/tiancaiamao/ai/internal/winai/interpreter.go:773.3,773.74 1 0
github.com/tiancaiamao/ai/internal/winai/interpreter.go:774.10,775.20 1 0
github.com/tiancaiamao/ai/internal/winai/interpreter.go:785.58,787.19 2 0
github.com/tiancaiamao/ai/internal/winai/interpreter.go:787.19,789.3 1 0
github.com/tiancaiamao/ai/internal/winai/interpreter.go:791.2,791.34 1 0
github.com/tiancaiamao/ai/internal/winai/interpreter.go:791.34,793.3 1 0
github.com/tiancaiamao/ai/internal/winai/interpreter.go:795.2,795.27 1 0
github.com/tiancaiamao/ai/internal/winai/interpreter.go:798.58,800.2 1 0
github.com/tiancaiamao/ai/internal/winai/interpreter.go:802.85,805.2 2 0
github.com/tiancaiamao/ai/internal/winai/interpreter.go:807.101,812.19 2 0
github.com/tiancaiamao/ai/internal/winai/interpreter.go:812.19,814.3 1 0
github.com/tiancaiamao/ai/internal/winai/interpreter.go:816.2,816.17 1 0
github.com/tiancaiamao/ai/internal/winai/interpreter.go:816.17,818.3 1 0
github.com/tiancaiamao/ai/internal/winai/interpreter.go:820.2,822.32 3 0
github.com/tiancaiamao/ai/internal/winai/interpreter.go:825.75,827.19 2 0
github.com/tiancaiamao/ai/internal/winai/interpreter.go:827.19,829.3 1 0
github.com/tiancaiamao/ai/internal/winai/interpreter.go:831.2,831.71 1 0
github.com/tiancaiamao/ai/internal/winai/interpreter.go:834.84,836.16 2 0
github.com/tiancaiamao/ai/internal/winai/interpreter.go:836.16,838.3 1 0
github.com/tiancaiamao/ai/internal/winai/interpreter.go:840.2,849.12 4 0
github.com/tiancaiamao/ai/internal/winai/interpreter.go:852.56,853.43 1 0
github.com/tiancaiamao/ai/internal/winai/interpreter.go:853.43,856.19 3 0
github.com/tiancaiamao/ai/internal/winai/interpreter.go:856.19,858.20 2 0
github.com/tiancaiamao/ai/internal/winai/interpreter.go:858.20,859.60 1 0
github.com/tiancaiamao/ai/internal/winai/interpreter.go:859.60,861.6 1 0
github.com/tiancaiamao/ai/internal/winai/interpreter.go:863.5,863.13 1 0
github.com/tiancaiamao/ai/internal/winai/interpreter.go:866.4,866.47 1 0
github.com/tiancaiamao/ai/internal/winai/interpreter.go:869.3,869.58 1 0
github.com/tiancaiamao/ai/internal/winai/interpreter.go:869.58,871.41 2 0
github.com/tiancaiamao/ai/internal/winai/interpreter.go:871.41,873.55 2 0
github.com/tiancaiamao/ai/internal/winai/interpreter.go:873.55,875.6 1 0
github.com/tiancaiamao/ai/internal/winai/interpreter.go:877.5,877.13 1 0
github.com/tiancaiamao/ai/internal/winai/interpreter.go:880.4,880.45 1 0
github.com/tiancaiamao/ai/internal/winai/interpreter.go:883.3,883.41 1 0
github.com/tiancaiamao/ai/internal/winai/interpreter.go:883.41,884.55 1 0
github.com/tiancaiamao/ai/internal/winai/interpreter.go:884.55,886.42 2 0
github.com/tiancaiamao/ai/internal/winai/interpreter.go:886.42,888.56 2 0
github.com/tiancaiamao/ai/internal/winai/interpreter.go:888.56,890.7 1 0
github.com/tiancaiamao/ai/internal/winai/interpreter.go:892.6,892.14 1 0
github.com/tiancaiamao/ai/internal/winai/interpreter.go:895.5,895.54 1 0
github.com/tiancaiamao/ai/internal/winai/interpreter.go:900.3,901.13 2 0
github.com/tiancaiamao/ai/internal/winai/interpreter.go:904.2,904.45 1 0
github.com/tiancaiamao/ai/internal/winai/interpreter.go:907.53,909.16 2 0
github.com/tiancaiamao/ai/internal/winai/interpreter.go:909.16,911.3 1 0
github.com/tiancaiamao/ai/internal/winai/interpreter.go:913.2,913.32 1 0
github.com/tiancaiamao/ai/internal/winai/interpreter.go:916.35,917.16 1 0
github.com/tiancaiamao/ai/internal/winai/interpreter.go:917.16,919.3 1 0
github.com/tiancaiamao/ai/internal/winai/interpreter.go:921.2,921.70 1 0
github.com/tiancaiamao/ai/internal/winai/interpreter.go:921.70,923.3 1 0
github.com/tiancaiamao/ai/internal/winai/interpreter.go:925.2,928.39 2 0
github.com/tiancaiamao/ai/internal/winai/interpreter.go:931.41,934.2 2 0
github.com/tiancaiamao/ai/internal/winai/interpreter.go:936.72,938.21 2 0
github.com/tiancaiamao/ai/internal/winai/interpreter.go:938.21,941.3 2 0
github.com/tiancaiamao/ai/internal/winai/interpreter.go:943.2,948.17 4 0
github.com/tiancaiamao/ai/internal/winai/interpreter.go:948.17,950.3 1 0
github.com/tiancaiamao/ai/internal/winai/interpreter.go:952.2,952.13 1 0
github.com/tiancaiamao/ai/internal/winai/interpreter.go:953.15,954.26 1 0
github.com/tiancaiamao/ai/internal/winai/interpreter.go:954.26,956.4 1 0
github.com/tiancaiamao/ai/internal/winai/interpreter.go:956.9,958.4 1 0
github.com/tiancaiamao/ai/internal/winai/interpreter.go:960.3,960.43 1 0
github.com/tiancaiamao/ai/internal/winai/interpreter.go:962.16,963.26 1 0
github.com/tiancaiamao/ai/internal/winai/interpreter.go:963.26,965.4 1 0
github.com/tiancaiamao/ai/internal/winai/interpreter.go:965.9,967.4 1 0
github.com/tiancaiamao/ai/internal/winai/interpreter.go:969.3,969.54 1 0
github.com/tiancaiamao/ai/internal/winai/interpreter.go:971.18,973.26 1 0
github.com/tiancaiamao/ai/internal/winai/interpreter.go:973.26,980.4 5 0
github.com/tiancaiamao/ai/internal/winai/interpreter.go:982.3,982.53 1 0
github.com/tiancaiamao/ai/internal/winai/interpreter.go:984.25,985.26 1 0
github.com/tiancaiamao/ai/internal/winai/interpreter.go:985.26,988.4 2 0
github.com/tiancaiamao/ai/internal/winai/interpreter.go:990.3,990.52 1 0
github.com/tiancaiamao/ai/internal/winai/interpreter.go:992.19,993.26 1 0
github.com/tiancaiamao/ai/internal/winai/interpreter.go:993.26,996.4 2 0
github.com/tiancaiamao/ai/internal/winai/interpreter.go:998.3,998.16 1 0
github.com/tiancaiamao/ai/internal/winai/interpreter.go:999.39,1004.14 5 0
github.com/tiancaiamao/ai/internal/winai/interpreter.go:1005.11,1007.14 2 0
github.com/tiancaiamao/ai/internal/winai/interpreter.go:1010.10,1013.13 3 0
github.com/tiancaiamao/ai/internal/winai/interpreter.go:1018.73,1020.21 2 0
github.com/tiancaiamao/ai/internal/winai/interpreter.go:1020.21,1023.3 2 0
github.com/tiancaiamao/ai/internal/winai/interpreter.go:1025.2,1025.18 1 0
github.com/tiancaiamao/ai/internal/winai/interpreter.go:1026.18,1027.30 1 0
github.com/tiancaiamao/ai/internal/winai/interpreter.go:1028.18,1029.30 1 0
github.com/tiancaiamao/ai/internal/winai/interpreter.go:1030.15,1031.53 1 0
github.com/tiancaiamao/ai/internal/winai/interpreter.go:1032.10,1033.83 1 0
github.com/tiancaiamao/ai/internal/winai/interpreter.go:1036.2,1036.12 1 0
github.com/tiancaiamao/ai/internal/winai/interpreter.go:1039.81,1041.16 2 0
github.com/tiancaiamao/ai/internal/winai/interpreter.go:1041.16,1043.3 1 0
github.com/tiancaiamao/ai/internal/winai/interpreter.go:1045.2,1049.14 4 0
github.com/tiancaiamao/ai/internal/winai/interpreter.go:1050.18,1051.25 1 0
github.com/tiancaiamao/ai/internal/winai/interpreter.go:1052.16,1053.25 1 0
github.com/tiancaiamao/ai/internal/winai/interpreter.go:1054.10,1056.48 2 0
github.com/tiancaiamao/ai/internal/winai/interpreter.go:1059.2,1061.14 2 0
github.com/tiancaiamao/ai/internal/winai/interpreter.go:1062.12,1064.12 2 0
github.com/tiancaiamao/ai/internal/winai/interpreter.go:1065.13,1067.12 2 0
github.com/tiancaiamao/ai/internal/winai/interpreter.go:1068.16,1070.12 2 0
github.com/tiancaiamao/ai/internal/winai/interpreter.go:1073.2,1073.9 1 0
github.com/tiancaiamao/ai/internal/winai/interpreter.go:1073.9,1076.3 2 0
github.com/tiancaiamao/ai/internal/winai/interpreter.go:1078.2,1079.14 2 0
github.com/tiancaiamao/ai/internal/winai/interpreter.go:1080.18,1081.25 1 0
github.com/tiancaiamao/ai/internal/winai/interpreter.go:1082.16,1083.25 1 0
github.com/tiancaiamao/ai/internal/winai/interpreter.go:1086.2,1089.12 3 0
github.com/tiancaiamao/ai/internal/winai/interpreter.go:1092.74,1094.16 2 0
github.com/tiancaiamao/ai/internal/winai/interpreter.go:1094.16,1096.3 1 0
github.com/tiancaiamao/ai/internal/winai/interpreter.go:1098.2,1103.14 5 0
github.com/tiancaiamao/ai/internal/winai/interpreter.go:1104.12,1106.22 2 0
github.com/tiancaiamao/ai/internal/winai/interpreter.go:1107.13,1109.22 2 0
github.com/tiancaiamao/ai/internal/winai/interpreter.go:1110.17,1112.21 2 0
github.com/tiancaiamao/ai/internal/winai/interpreter.go:1113.16,1114.16 1 0
github.com/tiancaiamao/ai/internal/winai/interpreter.go:1114.16,1117.4 2 0
github.com/tiancaiamao/ai/internal/winai/interpreter.go:1117.9,1120.4 2 0
github.com/tiancaiamao/ai/internal/winai/interpreter.go:1122.10,1124.13 2 0
github.com/tiancaiamao/ai/internal/winai/interpreter.go:1127.2,1133.12 6 0
github.com/tiancaiamao/ai/internal/winai/interpreter.go:1136.83,1138.16 2 0
github.com/tiancaiamao/ai/internal/winai/interpreter.go:1138.16,1141.3 2 0
github.com/tiancaiamao/ai/internal/winai/interpreter.go:1143.2,1144.14 2 0
github.com/tiancaiamao/ai/internal/winai/interpreter.go:1145.12,1146.17 1 0
github.com/tiancaiamao/ai/internal/winai/interpreter.go:1147.13,1148.18 1 0
github.com/tiancaiamao/ai/internal/winai/interpreter.go:1149.10,1151.13 2 0
github.com/tiancaiamao/ai/internal/winai/interpreter.go:1154.2,1154.85 1 0
github.com/tiancaiamao/ai/internal/winai/interpreter.go:1157.77,1161.15 2 0
github.com/tiancaiamao/ai/internal/winai/interpreter.go:1161.15,1172.3 5 0
github.com/tiancaiamao/ai/internal/winai/interpreter.go:1175.2,1175.78 1 0
github.com/tiancaiamao/ai/internal/winai/interpreter.go:1178.85,1179.15 1 0
github.com/tiancaiamao/ai/internal/winai/interpreter.go:1180.12,1183.21 3 0
github.com/tiancaiamao/ai/internal/winai/interpreter.go:1184.13,1187.21 3 0
github.com/tiancaiamao/ai/internal/winai/interpreter.go:1188.16,1191.21 3 0
github.com/tiancaiamao/ai/internal/winai/interpreter.go:1192.10,1194.13 2 0
github.com/tiancaiamao/ai/internal/winai/interpreter.go:1197.2,1201.12 5 0
github.com/tiancaiamao/ai/internal/winai/interpreter.go:1204.80,1206.16 2 0
github.com/tiancaiamao/ai/internal/winai/interpreter.go:1206.16,1209.3 2 0
github.com/tiancaiamao/ai/internal/winai/interpreter.go:1211.2,1214.13 3 0
github.com/tiancaiamao/ai/internal/winai/interpreter.go:1215.13,1216.90 1 0
github.com/tiancaiamao/ai/internal/winai/interpreter.go:1217.17,1218.94 1 0
github.com/tiancaiamao/ai/internal/winai/interpreter.go:1219.13,1220.91 1 0
github.com/tiancaiamao/ai/internal/winai/interpreter.go:1221.14,1222.52 1 0
github.com/tiancaiamao/ai/internal/winai/interpreter.go:1223.27,1226.26 3 0
github.com/tiancaiamao/ai/internal/winai/interpreter.go:1226.26,1229.4 2 0
github.com/tiancaiamao/ai/internal/winai/interpreter.go:1231.3,1232.81 2 0
github.com/tiancaiamao/ai/internal/winai/interpreter.go:1233.10,1236.26 2 0
github.com/tiancaiamao/ai/internal/winai/interpreter.go:1236.26,1239.4 2 0
github.com/tiancaiamao/ai/internal/winai/interpreter.go:1241.3,1241.84 1 0
github.com/tiancaiamao/ai/internal/winai/interpreter.go:1246.52,1247.54 1 0
github.com/tiancaiamao/ai/internal/winai/interpreter.go:1247.54,1248.12 1 0
github.com/tiancaiamao/ai/internal/winai/interpreter.go:1249.35,1250.15 1 0
github.com/tiancaiamao/ai/internal/winai/interpreter.go:1251.11,1252.16 1 0
github.com/tiancaiamao/ai/internal/winai/interpreter.go:1256.2,1258.31 3 0
github.com/tiancaiamao/ai/internal/winai/interpreter.go:1258.31,1260.14 2 0
github.com/tiancaiamao/ai/internal/winai/interpreter.go:1260.14,1261.12 1 0
github.com/tiancaiamao/ai/internal/winai/interpreter.go:1264.3,1264.27 1 0
github.com/tiancaiamao/ai/internal/winai/interpreter.go:1264.27,1265.12 1 0
github.com/tiancaiamao/ai/internal/winai/interpreter.go:1268.3,1270.23 2 0
github.com/tiancaiamao/ai/internal/winai/interpreter.go:1273.2,1273.12 1 0
github.com/tiancaiamao/ai/internal/winai/interpreter.go:1276.55,1278.15 2 0
github.com/tiancaiamao/ai/internal/winai/interpreter.go:1278.15,1281.3 2 0
github.com/tiancaiamao/ai/internal/winai/interpreter.go:1283.2,1284.16 2 0
github.com/tiancaiamao/ai/internal/winai/interpreter.go:1284.16,1285.42 1 0
github.com/tiancaiamao/ai/internal/winai/interpreter.go:1285.42,1288.4 2 0
github.com/tiancaiamao/ai/internal/winai/interpreter.go:1290.3,1291.13 2 0
github.com/tiancaiamao/ai/internal/winai/interpreter.go:1294.2,1294.70 1 0
github.com/tiancaiamao/ai/internal/winai/interpreter.go:1297.72,1298.17 1 0
github.com/tiancaiamao/ai/internal/winai/interpreter.go:1298.17,1300.3 1 0
github.com/tiancaiamao/ai/internal/winai/interpreter.go:1302.2,1302.49 1 0
github.com/tiancaiamao/ai/internal/winai/interpreter.go:1302.49,1305.40 3 0
github.com/tiancaiamao/ai/internal/winai/interpreter.go:1305.40,1307.4 1 0
github.com/tiancaiamao/ai/internal/winai/interpreter.go:1309.3,1309.53 1 0
github.com/tiancaiamao/ai/internal/winai/interpreter.go:1309.53,1311.4 1 0
github.com/tiancaiamao/ai/internal/winai/interpreter.go:1313.3,1313.51 1 0
github.com/tiancaiamao/ai/internal/winai/interpreter.go:1316.2,1316.19 1 0
github.com/tiancaiamao/ai/internal/winai/interpreter.go:1319.72,1320.17 1 0
github.com/tiancaiamao/ai/internal/winai/interpreter.go:1320.17,1322.3 1 0
github.com/tiancaiamao/ai/internal/winai/interpreter.go:1324.2,1324.38 1 0
github.com/tiancaiamao/ai/internal/winai/interpreter.go:1324.38,1326.3 1 0
github.com/tiancaiamao/ai/internal/winai/interpreter.go:1328.2,1328.49 1 0
github.com/tiancaiamao/ai/internal/winai/interpreter.go:1328.49,1331.39 3 0
github.com/tiancaiamao/ai/internal/winai/interpreter.go:1331.39,1333.4 1 0
github.com/tiancaiamao/ai/internal/winai/interpreter.go:1335.3,1335.52 1 0
github.com/tiancaiamao/ai/internal/winai/interpreter.go:1335.52,1337.4 1 0
github.com/tiancaiamao/ai/internal/winai/interpreter.go:1339.3,1339.50 1 0
github.com/tiancaiamao/ai/internal/winai/interpreter.go:1342.2,1342.19 1 0
github.com/tiancaiamao/ai/internal/winai/interpreter.go:1345.69,1347.16 2 0
github.com/tiancaiamao/ai/internal/winai/interpreter.go:1347.16,1349.3 1 0
github.com/tiancaiamao/ai/internal/winai/interpreter.go:1351.2,1351.82 1 0
github.com/tiancaiamao/ai/internal/winai/interpreter.go:1354.63,1356.16 2 0
github.com/tiancaiamao/ai/internal/winai/interpreter.go:1356.16,1358.3 1 0
github.com/tiancaiamao/ai/internal/winai/interpreter.go:1360.2,1360.104 1 0
github.com/tiancaiamao/ai/internal/winai/interpreter.go:1363.81,1364.17 1 2
github.com/tiancaiamao/ai/internal/winai/interpreter.go:1364.17,1366.3 1 0
github.com/tiancaiamao/ai/internal/winai/interpreter.go:1368.2,1373.49 5 2
github.com/tiancaiamao/ai/internal/winai/interpreter.go:1373.49,1374.23 1 0
github.com/tiancaiamao/ai/internal/winai/interpreter.go:1374.23,1376.4 1 0
github.com/tiancaiamao/ai/internal/winai/interpreter.go:1378.3,1378.36 1 0
github.com/tiancaiamao/ai/internal/winai/interpreter.go:1378.36,1380.4 1 0
github.com/tiancaiamao/ai/internal/winai/interpreter.go:1382.3,1382.27 1 0
github.com/tiancaiamao/ai/internal/winai/interpreter.go:1385.2,1385.34 1 2
github.com/tiancaiamao/ai/internal/winai/interpreter.go:1385.34,1387.39 2 0
github.com/tiancaiamao/ai/internal/winai/interpreter.go:1387.39,1389.4 1 0
github.com/tiancaiamao/ai/internal/winai/interpreter.go:1391.3,1391.101 1 0
github.com/tiancaiamao/ai/internal/winai/interpreter.go:1394.2,1394.22 1 2
github.com/tiancaiamao/ai/internal/winai/interpreter.go:1394.22,1395.28 1 0
github.com/tiancaiamao/ai/internal/winai/interpreter.go:1395.28,1397.4 1 0
github.com/tiancaiamao/ai/internal/winai/interpreter.go:1399.3,1399.35 1 0
github.com/tiancaiamao/ai/internal/winai/interpreter.go:1402.2,1402.100 1 2
github.com/tiancaiamao/ai/internal/winai/interpreter.go:1402.100,1408.3 1 12
github.com/tiancaiamao/ai/internal/winai/interpreter.go:1409.2,1409.16 1 2
github.com/tiancaiamao/ai/internal/winai/interpreter.go:1409.16,1411.3 1 1
github.com/tiancaiamao/ai/internal/winai/interpreter.go:1412.2,1412.46 1 1
github.com/tiancaiamao/ai/internal/winai/interpreter.go:1412.46,1414.3 1 1
github.com/tiancaiamao/ai/internal/winai/interpreter.go:1416.2,1416.27 1 0
github.com/tiancaiamao/ai/internal/winai/interpreter.go:1416.27,1418.3 1 0
github.com/tiancaiamao/ai/internal/winai/interpreter.go:1420.2,1420.52 1 0
github.com/tiancaiamao/ai/internal/winai/interpreter.go:1423.68,1424.17 1 0
github.com/tiancaiamao/ai/internal/winai/interpreter.go:1424.17,1426.3 1 0
github.com/tiancaiamao/ai/internal/winai/interpreter.go:1428.2,1432.49 4 0
github.com/tiancaiamao/ai/internal/winai/interpreter.go:1432.49,1433.25 1 0
github.com/tiancaiamao/ai/internal/winai/interpreter.go:1433.25,1435.4 1 0
github.com/tiancaiamao/ai/internal/winai/interpreter.go:1437.3,1437.38 1 0
github.com/tiancaiamao/ai/internal/winai/interpreter.go:1437.38,1439.4 1 0
github.com/tiancaiamao/ai/internal/winai/interpreter.go:1441.3,1441.85 1 0
github.com/tiancaiamao/ai/internal/winai/interpreter.go:1444.2,1444.73 1 0
github.com/tiancaiamao/ai/internal/winai/interpreter.go:1447.57,1453.21 4 0
github.com/tiancaiamao/ai/internal/winai/interpreter.go:1453.21,1455.17 2 0
github.com/tiancaiamao/ai/internal/winai/interpreter.go:1455.17,1456.12 1 0
github.com/tiancaiamao/ai/internal/winai/interpreter.go:1459.3,1462.10 3 0
github.com/tiancaiamao/ai/internal/winai/interpreter.go:1463.21,1464.10 1 0
github.com/tiancaiamao/ai/internal/winai/interpreter.go:1465.11,1465.11 0 0
github.com/tiancaiamao/ai/internal/winai/interpreter.go:1470.2,1470.38 1 0
github.com/tiancaiamao/ai/internal/winai/interpreter.go:1470.38,1472.3 1 0
github.com/tiancaiamao/ai/internal/winai/interpreter.go:1476.57,1481.21 4 0
github.com/tiancaiamao/ai/internal/winai/interpreter.go:1481.21,1486.10 4 0
github.com/tiancaiamao/ai/internal/winai/interpreter.go:1487.21,1488.10 1 0
github.com/tiancaiamao/ai/internal/winai/interpreter.go:1489.11,1489.11 0 0
github.com/tiancaiamao/ai/internal/winai/interpreter.go:1494.2,1494.38 1 0
github.com/tiancaiamao/ai/internal/winai/interpreter.go:1494.38,1496.3 1 0
github.com/tiancaiamao/ai/internal/winai/interpreter.go:1500.55,1502.51 2 0
github.com/tiancaiamao/ai/internal/winai/interpreter.go:1502.51,1506.3 3 0
github.com/tiancaiamao/ai/internal/winai/interpreter.go:1508.2,1508.28 1 0
github.com/tiancaiamao/ai/internal/winai/interpreter.go:1508.28,1510.53 2 0
github.com/tiancaiamao/ai/internal/winai/interpreter.go:1510.53,1513.4 2 0
github.com/tiancaiamao/ai/internal/winai/interpreter.go:1515.3,1516.9 2 0
github.com/tiancaiamao/ai/internal/winai/interpreter.go:1519.2,1519.21 1 0
github.com/tiancaiamao/ai/internal/winai/interpreter.go:1522.58,1523.19 1 0
github.com/tiancaiamao/ai/internal/winai/interpreter.go:1523.19,1524.34 1 0
github.com/tiancaiamao/ai/internal/winai/interpreter.go:1524.34,1526.25 2 0
github.com/tiancaiamao/ai/internal/winai/interpreter.go:1526.25,1528.5 1 0
github.com/tiancaiamao/ai/internal/winai/interpreter.go:1532.3,1532.23 1 0
github.com/tiancaiamao/ai/internal/winai/interpreter.go:1532.23,1535.4 2 0
github.com/tiancaiamao/ai/internal/winai/interpreter.go:1537.3,1538.9 2 0
github.com/tiancaiamao/ai/internal/winai/interpreter.go:1541.2,1541.22 1 0
github.com/tiancaiamao/ai/internal/winai/interpreter.go:1542.30,1543.37 1 0
github.com/tiancaiamao/ai/internal/winai/interpreter.go:1544.19,1545.30 1 0
github.com/tiancaiamao/ai/internal/winai/interpreter.go:1546.19,1547.30 1 0
github.com/tiancaiamao/ai/internal/winai/interpreter.go:1548.27,1549.34 1 0
github.com/tiancaiamao/ai/internal/winai/interpreter.go:1550.22,1551.30 1 0
github.com/tiancaiamao/ai/internal/winai/interpreter.go:1552.22,1553.30 1 0
github.com/tiancaiamao/ai/internal/winai/interpreter.go:1554.21,1555.32 1 0
github.com/tiancaiamao/ai/internal/winai/interpreter.go:1556.23,1557.34 1 0
github.com/tiancaiamao/ai/internal/winai/interpreter.go:1558.24,1559.40 1 0
github.com/tiancaiamao/ai/internal/winai/interpreter.go:1560.29,1561.47 1 0
github.com/tiancaiamao/ai/internal/winai/interpreter.go:1562.28,1563.43 1 0
github.com/tiancaiamao/ai/internal/winai/interpreter.go:1564.33,1565.39 1 0
github.com/tiancaiamao/ai/internal/winai/interpreter.go:1566.27,1567.34 1 0
github.com/tiancaiamao/ai/internal/winai/interpreter.go:1568.14,1569.32 1 0
github.com/tiancaiamao/ai/internal/winai/interpreter.go:1570.18,1571.33 1 0
github.com/tiancaiamao/ai/internal/winai/interpreter.go:1572.26,1573.38 1 0
github.com/tiancaiamao/ai/internal/winai/interpreter.go:1574.17,1575.35 1 0
github.com/tiancaiamao/ai/internal/winai/interpreter.go:1576.16,1576.16 0 0
github.com/tiancaiamao/ai/internal/winai/interpreter.go:1578.15,1579.31 1 0
github.com/tiancaiamao/ai/internal/winai/interpreter.go:1580.26,1581.41 1 0
github.com/tiancaiamao/ai/internal/winai/interpreter.go:1582.26,1583.37 1 0
github.com/tiancaiamao/ai/internal/winai/interpreter.go:1588.50,1590.51 2 0
github.com/tiancaiamao/ai/internal/winai/interpreter.go:1590.51,1592.3 1 0
github.com/tiancaiamao/ai/internal/winai/interpreter.go:1594.2,1596.18 2 0
github.com/tiancaiamao/ai/internal/winai/interpreter.go:1597.22,1599.54 2 0
github.com/tiancaiamao/ai/internal/winai/interpreter.go:1599.54,1601.25 2 0
github.com/tiancaiamao/ai/internal/winai/interpreter.go:1601.25,1603.5 1 0
github.com/tiancaiamao/ai/internal/winai/interpreter.go:1605.4,1605.22 1 0
github.com/tiancaiamao/ai/internal/winai/interpreter.go:1608.21,1610.21 2 0
github.com/tiancaiamao/ai/internal/winai/interpreter.go:1611.19,1613.21 2 0
github.com/tiancaiamao/ai/internal/winai/interpreter.go:1614.20,1615.21 1 0
github.com/tiancaiamao/ai/internal/winai/interpreter.go:1616.18,1617.21 1 0
github.com/tiancaiamao/ai/internal/winai/interpreter.go:1618.23,1619.28 1 0
github.com/tiancaiamao/ai/internal/winai/interpreter.go:1620.24,1621.29 1 0
github.com/tiancaiamao/ai/internal/winai/interpreter.go:1622.21,1623.26 1 0
github.com/tiancaiamao/ai/internal/winai/interpreter.go:1624.30,1625.25 1 0
github.com/tiancaiamao/ai/internal/winai/interpreter.go:1626.28,1627.23 1 0
github.com/tiancaiamao/ai/internal/winai/interpreter.go:1628.20,1629.25 1 0
github.com/tiancaiamao/ai/internal/winai/interpreter.go:1629.25,1631.4 1 0
github.com/tiancaiamao/ai/internal/winai/interpreter.go:1633.24,1634.25 1 0
github.com/tiancaiamao/ai/internal/winai/interpreter.go:1634.25,1636.4 1 0
github.com/tiancaiamao/ai/internal/winai/interpreter.go:1638.26,1639.48 1 0
github.com/tiancaiamao/ai/internal/winai/interpreter.go:1640.24,1641.49 1 0
github.com/tiancaiamao/ai/internal/winai/interpreter.go:1642.30,1643.40 1 0
github.com/tiancaiamao/ai/internal/winai/interpreter.go:1644.28,1645.54 1 0
github.com/tiancaiamao/ai/internal/winai/interpreter.go:1646.15,1647.37 1 0
github.com/tiancaiamao/ai/internal/winai/interpreter.go:1648.25,1648.25 0 0
github.com/tiancaiamao/ai/internal/winai/interpreter.go:1650.10,1650.10 0 0
github.com/tiancaiamao/ai/internal/winai/interpreter.go:1656.60,1662.2 5 0
github.com/tiancaiamao/ai/internal/winai/interpreter.go:1664.61,1665.38 1 0
github.com/tiancaiamao/ai/internal/winai/interpreter.go:1665.38,1667.3 1 0
github.com/tiancaiamao/ai/internal/winai/interpreter.go:1669.2,1676.18 6 0
github.com/tiancaiamao/ai/internal/winai/interpreter.go:1677.20,1678.55 1 0
github.com/tiancaiamao/ai/internal/winai/interpreter.go:1679.24,1680.53 1 0
github.com/tiancaiamao/ai/internal/winai/interpreter.go:1681.18,1681.18 0 0
github.com/tiancaiamao/ai/internal/winai/interpreter.go:1683.24,1683.24 0 0
github.com/tiancaiamao/ai/internal/winai/interpreter.go:1687.2,1687.20 1 0
github.com/tiancaiamao/ai/internal/winai/interpreter.go:1690.58,1691.24 1 0
github.com/tiancaiamao/ai/internal/winai/interpreter.go:1691.24,1693.3 1 0
github.com/tiancaiamao/ai/internal/winai/interpreter.go:1695.2,1696.20 2 0
github.com/tiancaiamao/ai/internal/winai/interpreter.go:1699.87,1701.30 2 0
github.com/tiancaiamao/ai/internal/winai/interpreter.go:1701.30,1703.3 1 0
github.com/tiancaiamao/ai/internal/winai/interpreter.go:1705.2,1705.11 1 0
github.com/tiancaiamao/ai/internal/winai/interpreter.go:1705.11,1706.37 1 0
github.com/tiancaiamao/ai/internal/winai/interpreter.go:1706.37,1708.4 1 0
github.com/tiancaiamao/ai/internal/winai/interpreter.go:1708.9,1710.4 1 0
github.com/tiancaiamao/ai/internal/winai/interpreter.go:1712.3,1712.9 1 0
github.com/tiancaiamao/ai/internal/winai/interpreter.go:1715.2,1715.37 1 0
github.com/tiancaiamao/ai/internal/winai/interpreter.go:1715.37,1718.3 2 0
github.com/tiancaiamao/ai/internal/winai/interpreter.go:1720.2,1720.54 1 0
github.com/tiancaiamao/ai/internal/winai/interpreter.go:1720.54,1723.3 2 0
github.com/tiancaiamao/ai/internal/winai/interpreter.go:1725.2,1725.50 1 0
github.com/tiancaiamao/ai/internal/winai/interpreter.go:1728.73,1730.57 2 0
github.com/tiancaiamao/ai/internal/winai/interpreter.go:1730.57,1732.3 1 0
github.com/tiancaiamao/ai/internal/winai/interpreter.go:1734.2,1734.68 1 0
github.com/tiancaiamao/ai/internal/winai/interpreter.go:1737.87,1740.17 3 0
github.com/tiancaiamao/ai/internal/winai/interpreter.go:1740.17,1741.43 1 0
github.com/tiancaiamao/ai/internal/winai/interpreter.go:1741.43,1743.4 1 0
github.com/tiancaiamao/ai/internal/winai/interpreter.go:1745.3,1745.25 1 0
github.com/tiancaiamao/ai/internal/winai/interpreter.go:1748.2,1748.17 1 0
github.com/tiancaiamao/ai/internal/winai/interpreter.go:1748.17,1751.3 2 0
github.com/tiancaiamao/ai/internal/winai/interpreter.go:1753.2,1753.92 1 0
github.com/tiancaiamao/ai/internal/winai/interpreter.go:1756.59,1758.2 1 0
github.com/tiancaiamao/ai/internal/winai/interpreter.go:1760.57,1765.16 5 0
github.com/tiancaiamao/ai/internal/winai/interpreter.go:1765.16,1767.3 1 0
github.com/tiancaiamao/ai/internal/winai/interpreter.go:1769.2,1771.24 3 0
github.com/tiancaiamao/ai/internal/winai/interpreter.go:1771.24,1773.3 1 0
github.com/tiancaiamao/ai/internal/winai/interpreter.go:1775.2,1775.17 1 0
github.com/tiancaiamao/ai/internal/winai/interpreter.go:1775.17,1777.24 2 0
github.com/tiancaiamao/ai/internal/winai/interpreter.go:1777.24,1780.4 2 0
github.com/tiancaiamao/ai/internal/winai/interpreter.go:1782.3,1782.17 1 0
github.com/tiancaiamao/ai/internal/winai/interpreter.go:1782.17,1784.4 1 0
github.com/tiancaiamao/ai/internal/winai/interpreter.go:1784.9,1786.4 1 0
github.com/tiancaiamao/ai/internal/winai/interpreter.go:1788.3,1788.9 1 0
github.com/tiancaiamao/ai/internal/winai/interpreter.go:1791.2,1792.19 2 0
github.com/tiancaiamao/ai/internal/winai/interpreter.go:1792.19,1794.3 1 0
github.com/tiancaiamao/ai/internal/winai/interpreter.go:1794.8,1796.3 1 0
github.com/tiancaiamao/ai/internal/winai/interpreter.go:1800.55,1805.16 5 0
github.com/tiancaiamao/ai/internal/winai/interpreter.go:1805.16,1807.3 1 0
github.com/tiancaiamao/ai/internal/winai/interpreter.go:1809.2,1811.24 3 0
github.com/tiancaiamao/ai/internal/winai/interpreter.go:1811.24,1813.3 1 0
github.com/tiancaiamao/ai/internal/winai/interpreter.go:1815.2,1815.17 1 0
github.com/tiancaiamao/ai/internal/winai/interpreter.go:1815.17,1817.24 2 0
github.com/tiancaiamao/ai/internal/winai/interpreter.go:1817.24,1819.4 1 0
github.com/tiancaiamao/ai/internal/winai/interpreter.go:1821.3,1821.17 1 0
github.com/tiancaiamao/ai/internal/winai/interpreter.go:1821.17,1823.4 1 0
github.com/tiancaiamao/ai/internal/winai/interpreter.go:1825.3,1825.18 1 0
github.com/tiancaiamao/ai/internal/winai/interpreter.go:1825.18,1827.4 1 0
github.com/tiancaiamao/ai/internal/winai/interpreter.go:1827.9,1829.4 1 0
github.com/tiancaiamao/ai/internal/winai/interpreter.go:1831.3,1832.9 2 0
github.com/tiancaiamao/ai/internal/winai/interpreter.go:1835.2,1835.17 1 0
github.com/tiancaiamao/ai/internal/winai/interpreter.go:1835.17,1837.24 2 0
github.com/tiancaiamao/ai/internal/winai/interpreter.go:1837.24,1839.21 2 0
github.com/tiancaiamao/ai/internal/winai/interpreter.go:1839.21,1841.5 1 0
github.com/tiancaiamao/ai/internal/winai/interpreter.go:1845.3,1845.64 1 0
github.com/tiancaiamao/ai/internal/winai/interpreter.go:1846.8,1848.3 1 0
github.com/tiancaiamao/ai/internal/winai/interpreter.go:1850.2,1850.20 1 0
github.com/tiancaiamao/ai/internal/winai/interpreter.go:1853.73,1861.14 7 0
github.com/tiancaiamao/ai/internal/winai/interpreter.go:1861.14,1863.3 1 0
github.com/tiancaiamao/ai/internal/winai/interpreter.go:1865.2,1866.19 2 0
github.com/tiancaiamao/ai/internal/winai/interpreter.go:1866.19,1868.3 1 0
github.com/tiancaiamao/ai/internal/winai/interpreter.go:1870.2,1871.16 2 0
github.com/tiancaiamao/ai/internal/winai/interpreter.go:1871.16,1873.3 1 0
github.com/tiancaiamao/ai/internal/winai/interpreter.go:1875.2,1876.14 2 0
github.com/tiancaiamao/ai/internal/winai/interpreter.go:1877.19,1878.26 1 0
github.com/tiancaiamao/ai/internal/winai/interpreter.go:1879.18,1880.25 1 0
github.com/tiancaiamao/ai/internal/winai/interpreter.go:1881.14,1882.22 1 0
github.com/tiancaiamao/ai/internal/winai/interpreter.go:1885.2,1885.39 1 0
github.com/tiancaiamao/ai/internal/winai/interpreter.go:1888.97,1889.16 1 0
github.com/tiancaiamao/ai/internal/winai/interpreter.go:1889.16,1891.3 1 0
github.com/tiancaiamao/ai/internal/winai/interpreter.go:1893.2,1894.36 2 0
github.com/tiancaiamao/ai/internal/winai/interpreter.go:1894.36,1895.28 1 0
github.com/tiancaiamao/ai/internal/winai/interpreter.go:1896.29,1897.25 1 0
github.com/tiancaiamao/ai/internal/winai/interpreter.go:1898.33,1899.20 1 0
github.com/tiancaiamao/ai/internal/winai/interpreter.go:1899.20,1901.5 1 0
github.com/tiancaiamao/ai/internal/winai/interpreter.go:1903.33,1904.17 1 0
github.com/tiancaiamao/ai/internal/winai/interpreter.go:1904.17,1906.5 1 0
github.com/tiancaiamao/ai/internal/winai/interpreter.go:1908.30,1908.30 0 0
github.com/tiancaiamao/ai/internal/winai/interpreter.go:1914.2,1914.19 1 0
github.com/tiancaiamao/ai/internal/winai/interpreter.go:1917.59,1918.16 1 0
github.com/tiancaiamao/ai/internal/winai/interpreter.go:1918.16,1920.3 1 0
github.com/tiancaiamao/ai/internal/winai/interpreter.go:1922.2,1923.16 2 0
github.com/tiancaiamao/ai/internal/winai/interpreter.go:1923.16,1925.3 1 0
github.com/tiancaiamao/ai/internal/winai/interpreter.go:1927.2,1927.46 1 0
github.com/tiancaiamao/ai/internal/winai/interpreter.go:1930.70,1931.28 1 0
github.com/tiancaiamao/ai/internal/winai/interpreter.go:1931.28,1933.3 1 0
github.com/tiancaiamao/ai/internal/winai/interpreter.go:1935.2,1944.25 8 0
github.com/tiancaiamao/ai/internal/winai/interpreter.go:1944.25,1945.15 1 0
github.com/tiancaiamao/ai/internal/winai/interpreter.go:1945.15,1947.4 1 0
github.com/tiancaiamao/ai/internal/winai/interpreter.go:1949.3,1949.19 1 0
github.com/tiancaiamao/ai/internal/winai/interpreter.go:1949.19,1951.4 1 0
github.com/tiancaiamao/ai/internal/winai/interpreter.go:1953.3,1956.21 4 0
github.com/tiancaiamao/ai/internal/winai/interpreter.go:1957.8,1957.38 1 0
github.com/tiancaiamao/ai/internal/winai/interpreter.go:1957.38,1962.3 4 0
github.com/tiancaiamao/ai/internal/winai/interpreter.go:1964.2,1964.18 1 0
github.com/tiancaiamao/ai/internal/winai/interpreter.go:1967.48,1977.14 8 0
github.com/tiancaiamao/ai/internal/winai/interpreter.go:1977.14,1979.3 1 0
github.com/tiancaiamao/ai/internal/winai/interpreter.go:1981.2,1981.12 1 0
github.com/tiancaiamao/ai/internal/winai/interpreter.go:1981.12,1983.3 1 0
github.com/tiancaiamao/ai/internal/winai/interpreter.go:1987.62,1995.18 6 0
github.com/tiancaiamao/ai/internal/winai/interpreter.go:1995.18,1998.3 2 0
github.com/tiancaiamao/ai/internal/winai/interpreter.go:2000.2,2000.25 1 0
github.com/tiancaiamao/ai/internal/winai/interpreter.go:2003.50,2007.30 4 0
github.com/tiancaiamao/ai/internal/winai/interpreter.go:2007.30,2012.3 3 0
github.com/tiancaiamao/ai/internal/winai/interpreter.go:2014.2,2020.36 5 0
github.com/tiancaiamao/ai/internal/winai/interpreter.go:2020.36,2022.3 1 0
github.com/tiancaiamao/ai/internal/winai/interpreter.go:2024.2,2025.20 2 0
github.com/tiancaiamao/ai/internal/winai/interpreter.go:2028.78,2029.18 1 0
github.com/tiancaiamao/ai/internal/winai/interpreter.go:2029.18,2032.3 2 0
github.com/tiancaiamao/ai/internal/winai/interpreter.go:2034.2,2034.21 1 0
github.com/tiancaiamao/ai/internal/winai/interpreter.go:2037.54,2041.44 4 0
github.com/tiancaiamao/ai/internal/winai/interpreter.go:2041.44,2044.3 2 0
github.com/tiancaiamao/ai/internal/winai/interpreter.go:2046.2,2046.16 1 0
github.com/tiancaiamao/ai/internal/winai/interpreter.go:2046.16,2048.3 1 0
github.com/tiancaiamao/ai/internal/winai/interpreter.go:2050.2,2052.30 2 0
github.com/tiancaiamao/ai/internal/winai/interpreter.go:2052.30,2054.3 1 0
github.com/tiancaiamao/ai/internal/winai/interpreter.go:2058.47,2060.19 2 0
github.com/tiancaiamao/ai/internal/winai/interpreter.go:2060.19,2063.3 2 0
github.com/tiancaiamao/ai/internal/winai/interpreter.go:2065.2,2065.16 1 0
github.com/tiancaiamao/ai/internal/winai/interpreter.go:2065.16,2067.3 1 0
github.com/tiancaiamao/ai/internal/winai/interpreter.go:2069.2,2069.29 1 0
github.com/tiancaiamao/ai/internal/winai/interpreter.go:2069.29,2071.3 1 0
github.com/tiancaiamao/ai/internal/winai/interpreter.go:2073.2,2075.20 3 0
github.com/tiancaiamao/ai/internal/winai/interpreter.go:2075.20,2077.31 2 0
github.com/tiancaiamao/ai/internal/winai/interpreter.go:2077.31,2079.4 1 0
github.com/tiancaiamao/ai/internal/winai/interpreter.go:2081.3,2081.28 1 0
github.com/tiancaiamao/ai/internal/winai/interpreter.go:2081.28,2082.55 1 0
github.com/tiancaiamao/ai/internal/winai/interpreter.go:2082.55,2084.5 1 0
github.com/tiancaiamao/ai/internal/winai/interpreter.go:2086.4,2086.22 1 0
github.com/tiancaiamao/ai/internal/winai/interpreter.go:2086.22,2088.18 2 0
github.com/tiancaiamao/ai/internal/winai/interpreter.go:2088.18,2090.6 1 0
github.com/tiancaiamao/ai/internal/winai/interpreter.go:2092.5,2092.21 1 0
github.com/tiancaiamao/ai/internal/winai/interpreter.go:2097.3,2099.45 3 0
github.com/tiancaiamao/ai/internal/winai/interpreter.go:2099.45,2101.4 1 0
github.com/tiancaiamao/ai/internal/winai/interpreter.go:2103.3,2104.26 2 0
github.com/tiancaiamao/ai/internal/winai/interpreter.go:2109.42,2111.19 2 0
github.com/tiancaiamao/ai/internal/winai/interpreter.go:2111.19,2113.3 1 0
github.com/tiancaiamao/ai/internal/winai/interpreter.go:2115.2,2115.29 1 0
github.com/tiancaiamao/ai/internal/winai/interpreter.go:2118.60,2121.21 3 0
github.com/tiancaiamao/ai/internal/winai/interpreter.go:2121.21,2123.3 1 0
github.com/tiancaiamao/ai/internal/winai/interpreter.go:2125.2,2134.34 9 0
github.com/tiancaiamao/ai/internal/winai/interpreter.go:2134.34,2136.3 1 0
github.com/tiancaiamao/ai/internal/winai/interpreter.go:2138.2,2138.23 1 0
github.com/tiancaiamao/ai/internal/winai/interpreter.go:2141.61,2147.29 6 0
github.com/tiancaiamao/ai/internal/winai/interpreter.go:2147.29,2149.3 1 0
github.com/tiancaiamao/ai/internal/winai/interpreter.go:2151.2,2152.23 2 0
github.com/tiancaiamao/ai/internal/winai/interpreter.go:2155.38,2160.2 4 0
github.com/tiancaiamao/ai/internal/winai/interpreter.go:2162.38,2167.2 4 0
github.com/tiancaiamao/ai/internal/winai/interpreter.go:2169.52,2190.2 1 0
github.com/tiancaiamao/ai/internal/winai/interpreter.go:2192.56,2207.25 14 0
github.com/tiancaiamao/ai/internal/winai/interpreter.go:2207.25,2209.3 1 0
github.com/tiancaiamao/ai/internal/winai/interpreter.go:2211.2,2218.23 8 0
github.com/tiancaiamao/ai/internal/winai/interpreter.go:2218.23,2226.3 7 0
github.com/tiancaiamao/ai/internal/winai/interpreter.go:2228.2,2257.4 1 0
github.com/tiancaiamao/ai/internal/winai/interpreter.go:2260.56,2266.23 5 0
github.com/tiancaiamao/ai/internal/winai/interpreter.go:2266.23,2268.3 1 0
github.com/tiancaiamao/ai/internal/winai/interpreter.go:2270.2,2271.23 2 0
github.com/tiancaiamao/ai/internal/winai/interpreter.go:2271.23,2273.3 1 0
github.com/tiancaiamao/ai/internal/winai/interpreter.go:2275.2,2276.31 2 0
github.com/tiancaiamao/ai/internal/winai/interpreter.go:2276.31,2278.3 1 0
github.com/tiancaiamao/ai/internal/winai/interpreter.go:2280.2,2281.31 2 0
github.com/tiancaiamao/ai/internal/winai/interpreter.go:2281.31,2283.3 1 0
github.com/tiancaiamao/ai/internal/winai/interpreter.go:2285.2,2286.32 2 0
github.com/tiancaiamao/ai/internal/winai/interpreter.go:2286.32,2288.3 1 0
github.com/tiancaiamao/ai/internal/winai/interpreter.go:2290.2,2291.30 2 0
github.com/tiancaiamao/ai/internal/winai/interpreter.go:2291.30,2293.3 1 0
github.com/tiancaiamao/ai/internal/winai/interpreter.go:2295.2,2318.4 1 0
github.com/tiancaiamao/ai/internal/winai/interpreter.go:2321.69,2326.55 2 1
github.com/tiancaiamao/ai/internal/winai/interpreter.go:2326.55,2329.3 2 0
github.com/tiancaiamao/ai/internal/winai/interpreter.go:2331.2,2332.80 2 1
github.com/tiancaiamao/ai/internal/winai/interpreter.go:2332.80,2338.3 1 6
github.com/tiancaiamao/ai/internal/winai/interpreter.go:2340.2,2343.60 4 1
github.com/tiancaiamao/ai/internal/winai/interpreter.go:2343.60,2344.32 1 0
github.com/tiancaiamao/ai/internal/winai/interpreter.go:2344.32,2345.36 1 0
github.com/tiancaiamao/ai/internal/winai/interpreter.go:2345.36,2347.10 2 0
github.com/tiancaiamao/ai/internal/winai/interpreter.go:2353.2,2358.24 4 1
github.com/tiancaiamao/ai/internal/winai/interpreter.go:2358.24,2359.59 1 0
github.com/tiancaiamao/ai/internal/winai/interpreter.go:2359.59,2361.4 1 0
github.com/tiancaiamao/ai/internal/winai/interpreter.go:2365.79,2366.22 1 0
github.com/tiancaiamao/ai/internal/winai/interpreter.go:2366.22,2369.3 2 0
github.com/tiancaiamao/ai/internal/winai/interpreter.go:2371.2,2372.27 2 0
github.com/tiancaiamao/ai/internal/winai/interpreter.go:2372.27,2374.22 2 0
github.com/tiancaiamao/ai/internal/winai/interpreter.go:2374.22,2376.4 1 0
github.com/tiancaiamao/ai/internal/winai/interpreter.go:2380.2,2389.27 8 0
github.com/tiancaiamao/ai/internal/winai/interpreter.go:2389.27,2392.17 3 0
github.com/tiancaiamao/ai/internal/winai/interpreter.go:2392.17,2394.4 1 0
github.com/tiancaiamao/ai/internal/winai/interpreter.go:2396.3,2397.57 2 0
github.com/tiancaiamao/ai/internal/winai/interpreter.go:2397.57,2399.4 1 0
github.com/tiancaiamao/ai/internal/winai/interpreter.go:2401.3,2402.19 2 0
github.com/tiancaiamao/ai/internal/winai/interpreter.go:2405.2,2406.15 2 0
github.com/tiancaiamao/ai/internal/winai/interpreter.go:2406.15,2414.3 1 0
github.com/tiancaiamao/ai/internal/winai/interpreter.go:2416.2,2416.20 1 0
github.com/tiancaiamao/ai/internal/winai/interpreter.go:2419.62,2421.53 2 0
github.com/tiancaiamao/ai/internal/winai/interpreter.go:2421.53,2424.3 2 0
github.com/tiancaiamao/ai/internal/winai/interpreter.go:2426.2,2432.26 6 0
github.com/tiancaiamao/ai/internal/winai/interpreter.go:2432.26,2434.3 1 0
github.com/tiancaiamao/ai/internal/winai/interpreter.go:2436.2,2436.58 1 0
github.com/tiancaiamao/ai/internal/winai/interpreter.go:2439.63,2442.16 3 0
github.com/tiancaiamao/ai/internal/winai/interpreter.go:2442.16,2445.3 2 0
github.com/tiancaiamao/ai/internal/winai/interpreter.go:2447.2,2449.8 2 0
github.com/tiancaiamao/ai/internal/winai/interpreter.go:2449.8,2450.16 1 0
github.com/tiancaiamao/ai/internal/winai/interpreter.go:2450.16,2453.4 2 0
github.com/tiancaiamao/ai/internal/winai/interpreter.go:2455.3,2456.9 2 0
github.com/tiancaiamao/ai/internal/winai/interpreter.go:2459.2,2459.20 1 0
github.com/tiancaiamao/ai/internal/winai/interpreter.go:2462.86,2464.53 2 0
github.com/tiancaiamao/ai/internal/winai/interpreter.go:2464.53,2466.3 1 0
github.com/tiancaiamao/ai/internal/winai/interpreter.go:2468.2,2468.20 1 0
github.com/tiancaiamao/ai/internal/winai/interpreter.go:2471.61,2472.18 1 0
github.com/tiancaiamao/ai/internal/winai/interpreter.go:2472.18,2474.3 1 0
github.com/tiancaiamao/ai/internal/winai/interpreter.go:2476.2,2477.24 2 0
github.com/tiancaiamao/ai/internal/winai/interpreter.go:2477.24,2480.3 2 0
github.com/tiancaiamao/ai/internal/winai/interpreter.go:2482.2,2489.20 8 0
github.com/tiancaiamao/ai/internal/winai/interpreter.go:2492.60,2493.18 1 0
github.com/tiancaiamao/ai/internal/winai/interpreter.go:2493.18,2495.3 1 0
github.com/tiancaiamao/ai/internal/winai/interpreter.go:2497.2,2498.24 2 0
github.com/tiancaiamao/ai/internal/winai/interpreter.go:2498.24,2500.33 2 0
github.com/tiancaiamao/ai/internal/winai/interpreter.go:2500.33,2502.4 1 0
github.com/tiancaiamao/ai/internal/winai/interpreter.go:2506.2,2514.29 9 0
github.com/tiancaiamao/ai/internal/winai/interpreter.go:2514.29,2520.3 5 0
github.com/tiancaiamao/ai/internal/winai/interpreter.go:2522.2,2522.21 1 0
github.com/tiancaiamao/ai/internal/winai/interpreter.go:2522.21,2524.3 1 0
github.com/tiancaiamao/ai/internal/winai/interpreter.go:2526.2,2526.46 1 0
github.com/tiancaiamao/ai/internal/winai/interpreter.go:2526.46,2528.3 1 0
github.com/tiancaiamao/ai/internal/winai/interpreter.go:2530.2,2530.49 1 0
github.com/tiancaiamao/ai/internal/winai/interpreter.go:2530.49,2532.3 1 0
github.com/tiancaiamao/ai/internal/winai/interpreter.go:2534.2,2571.4 1 0
github.com/tiancaiamao/ai/internal/winai/interpreter.go:2574.82,2575.33 1 0
github.com/tiancaiamao/ai/internal/winai/interpreter.go:2575.33,2577.3 1 0
github.com/tiancaiamao/ai/internal/winai/interpreter.go:2579.2,2581.8 3 0
github.com/tiancaiamao/ai/internal/winai/interpreter.go:2581.8,2583.3 1 0
github.com/tiancaiamao/ai/internal/winai/interpreter.go:2585.2,2586.17 2 0
github.com/tiancaiamao/ai/internal/winai/interpreter.go:2589.89,2592.16 2 0
github.com/tiancaiamao/ai/internal/winai/interpreter.go:2592.16,2594.3 1 0
github.com/tiancaiamao/ai/internal/winai/interpreter.go:2596.2,2600.18 5 0
github.com/tiancaiamao/ai/internal/winai/interpreter.go:2600.18,2604.3 3 0
github.com/tiancaiamao/ai/internal/winai/interpreter.go:2606.2,2607.75 1 0
github.com/tiancaiamao/ai/internal/winai/interpreter.go:2610.66,2612.53 2 0
github.com/tiancaiamao/ai/internal/winai/interpreter.go:2612.53,2615.3 2 0
github.com/tiancaiamao/ai/internal/winai/interpreter.go:2617.2,2620.28 4 0
github.com/tiancaiamao/ai/internal/winai/interpreter.go:2620.28,2638.3 3 0
github.com/tiancaiamao/ai/internal/winai/interpreter.go:2640.2,2666.4 1 0
github.com/tiancaiamao/ai/internal/winai/interpreter.go:2669.62,2674.55 2 0
github.com/tiancaiamao/ai/internal/winai/interpreter.go:2674.55,2677.3 2 0
github.com/tiancaiamao/ai/internal/winai/interpreter.go:2679.2,2680.24 2 0
github.com/tiancaiamao/ai/internal/winai/interpreter.go:2680.24,2683.3 2 0
github.com/tiancaiamao/ai/internal/winai/interpreter.go:2685.2,2685.43 1 0
github.com/tiancaiamao/ai/internal/winai/interpreter.go:2685.43,2686.47 1 0
github.com/tiancaiamao/ai/internal/winai/interpreter.go:2686.47,2688.4 1 0
github.com/tiancaiamao/ai/internal/winai/interpreter.go:2690.3,2690.49 1 0
github.com/tiancaiamao/ai/internal/winai/interpreter.go:2693.2,2695.31 3 0
github.com/tiancaiamao/ai/internal/winai/interpreter.go:2695.31,2697.17 2 0
github.com/tiancaiamao/ai/internal/winai/interpreter.go:2697.17,2699.4 1 0
github.com/tiancaiamao/ai/internal/winai/interpreter.go:2699.9,2701.4 1 0
github.com/tiancaiamao/ai/internal/winai/interpreter.go:2705.2,2705.52 1 0
github.com/tiancaiamao/ai/internal/winai/interpreter.go:2708.62,2713.55 2 0
github.com/tiancaiamao/ai/internal/winai/interpreter.go:2713.55,2716.59 2 0
github.com/tiancaiamao/ai/internal/winai/interpreter.go:2716.59,2719.4 2 0
github.com/tiancaiamao/ai/internal/winai/interpreter.go:2721.3,2721.30 1 0
github.com/tiancaiamao/ai/internal/winai/interpreter.go:2724.2,2724.32 1 0
github.com/tiancaiamao/ai/internal/winai/interpreter.go:2724.32,2727.3 2 0
github.com/tiancaiamao/ai/internal/winai/interpreter.go:2729.2,2733.25 5 0
github.com/tiancaiamao/ai/internal/winai/interpreter.go:2733.25,2736.3 2 0
github.com/tiancaiamao/ai/internal/winai/interpreter.go:2738.2,2739.25 2 0
github.com/tiancaiamao/ai/internal/winai/interpreter.go:2739.25,2741.3 1 0
github.com/tiancaiamao/ai/internal/winai/interpreter.go:2741.8,2743.3 1 0
github.com/tiancaiamao/ai/internal/winai/interpreter.go:2745.2,2745.30 1 0
github.com/tiancaiamao/ai/internal/winai/interpreter.go:2745.30,2747.17 2 0
github.com/tiancaiamao/ai/internal/winai/interpreter.go:2747.17,2749.4 1 0
github.com/tiancaiamao/ai/internal/winai/interpreter.go:2751.3,2752.77 2 0
github.com/tiancaiamao/ai/internal/winai/interpreter.go:2755.2,2755.52 1 0
github.com/tiancaiamao/ai/internal/winai/interpreter.go:2758.64,2764.55 2 0
github.com/tiancaiamao/ai/internal/winai/interpreter.go:2764.55,2767.3 2 0
github.com/tiancaiamao/ai/internal/winai/interpreter.go:2769.2,2769.23 1 0
github.com/tiancaiamao/ai/internal/winai/interpreter.go:2769.23,2772.3 2 0
github.com/tiancaiamao/ai/internal/winai/interpreter.go:2774.2,2774.69 1 0
github.com/tiancaiamao/ai/internal/winai/interpreter.go:2777.66,2782.55 2 0
github.com/tiancaiamao/ai/internal/winai/interpreter.go:2782.55,2785.59 2 0
github.com/tiancaiamao/ai/internal/winai/interpreter.go:2785.59,2788.4 2 0
github.com/tiancaiamao/ai/internal/winai/interpreter.go:2790.3,2790.30 1 0
github.com/tiancaiamao/ai/internal/winai/interpreter.go:2793.2,2801.25 8 0
github.com/tiancaiamao/ai/internal/winai/interpreter.go:2801.25,2802.65 1 0
github.com/tiancaiamao/ai/internal/winai/interpreter.go:2802.65,2804.4 1 0
github.com/tiancaiamao/ai/internal/winai/interpreter.go:2806.3,2806.9 1 0
github.com/tiancaiamao/ai/internal/winai/interpreter.go:2809.2,2809.18 1 0
github.com/tiancaiamao/ai/internal/winai/interpreter.go:2809.18,2811.3 1 0
github.com/tiancaiamao/ai/internal/winai/interpreter.go:2813.2,2813.32 1 0
github.com/tiancaiamao/ai/internal/winai/interpreter.go:2813.32,2816.3 2 0
github.com/tiancaiamao/ai/internal/winai/interpreter.go:2818.2,2822.51 4 0
github.com/tiancaiamao/ai/internal/winai/interpreter.go:2822.51,2824.3 1 0
github.com/tiancaiamao/ai/internal/winai/interpreter.go:2826.2,2826.40 1 0
github.com/tiancaiamao/ai/internal/winai/interpreter.go:2826.40,2828.17 2 0
github.com/tiancaiamao/ai/internal/winai/interpreter.go:2828.17,2830.4 1 0
github.com/tiancaiamao/ai/internal/winai/interpreter.go:2832.3,2834.89 3 0
github.com/tiancaiamao/ai/internal/winai/interpreter.go:2837.2,2839.20 3 0
github.com/tiancaiamao/ai/internal/winai/interpreter.go:2842.75,2847.55 2 0
github.com/tiancaiamao/ai/internal/winai/interpreter.go:2847.55,2850.56 2 0
github.com/tiancaiamao/ai/internal/winai/interpreter.go:2850.56,2853.4 2 0
github.com/tiancaiamao/ai/internal/winai/interpreter.go:2855.3,2855.24 1 0
github.com/tiancaiamao/ai/internal/winai/interpreter.go:2858.2,2862.25 4 0
github.com/tiancaiamao/ai/internal/winai/interpreter.go:2862.25,2865.3 2 0
github.com/tiancaiamao/ai/internal/winai/interpreter.go:2867.2,2867.75 1 0
github.com/tiancaiamao/ai/internal/winai/interpreter.go:2870.73,2875.55 2 0
github.com/tiancaiamao/ai/internal/winai/interpreter.go:2875.55,2878.3 2 0
github.com/tiancaiamao/ai/internal/winai/interpreter.go:2880.2,2880.30 1 0
github.com/tiancaiamao/ai/internal/winai/interpreter.go:2880.30,2883.3 2 0
github.com/tiancaiamao/ai/internal/winai/interpreter.go:2885.2,2885.95 1 0
github.com/tiancaiamao/ai/internal/winai/interpreter.go:2888.69,2893.55 2 0
github.com/tiancaiamao/ai/internal/winai/interpreter.go:2893.55,2896.3 2 0
github.com/tiancaiamao/ai/internal/winai/interpreter.go:2898.2,2898.30 1 0
github.com/tiancaiamao/ai/internal/winai/interpreter.go:2898.30,2901.3 2 0
github.com/tiancaiamao/ai/internal/winai/interpreter.go:2903.2,2903.96 1 0
github.com/tiancaiamao/ai/internal/winai/interpreter.go:2906.71,2911.55 2 0
github.com/tiancaiamao/ai/internal/winai/interpreter.go:2911.55,2914.3 2 0
github.com/tiancaiamao/ai/internal/winai/interpreter.go:2916.2,2916.24 1 0
github.com/tiancaiamao/ai/internal/winai/interpreter.go:2916.24,2919.3 2 0
github.com/tiancaiamao/ai/internal/winai/interpreter.go:2921.2,2921.54 1 0
github.com/tiancaiamao/ai/internal/winai/interpreter.go:2921.54,2924.3 2 0
github.com/tiancaiamao/ai/internal/winai/interpreter.go:2926.2,2926.52 1 0
github.com/tiancaiamao/ai/internal/winai/interpreter.go:2929.66,2934.55 2 0
github.com/tiancaiamao/ai/internal/winai/interpreter.go:2934.55,2937.3 2 0
github.com/tiancaiamao/ai/internal/winai/interpreter.go:2939.2,2947.25 8 0
github.com/tiancaiamao/ai/internal/winai/interpreter.go:2947.25,2948.68 1 0
github.com/tiancaiamao/ai/internal/winai/interpreter.go:2948.68,2949.88 1 0
github.com/tiancaiamao/ai/internal/winai/interpreter.go:2949.88,2951.5 1 0
github.com/tiancaiamao/ai/internal/winai/interpreter.go:2953.9,2955.4 1 0
github.com/tiancaiamao/ai/internal/winai/interpreter.go:2957.3,2957.9 1 0
github.com/tiancaiamao/ai/internal/winai/interpreter.go:2960.2,2960.18 1 0
github.com/tiancaiamao/ai/internal/winai/interpreter.go:2960.18,2962.3 1 0
github.com/tiancaiamao/ai/internal/winai/interpreter.go:2964.2,2964.32 1 0
github.com/tiancaiamao/ai/internal/winai/interpreter.go:2964.32,2967.3 2 0
github.com/tiancaiamao/ai/internal/winai/interpreter.go:2969.2,2973.39 4 0
github.com/tiancaiamao/ai/internal/winai/interpreter.go:2973.39,2977.3 3 0
github.com/tiancaiamao/ai/internal/winai/interpreter.go:2979.2,2981.20 3 0
github.com/tiancaiamao/ai/internal/winai/interpreter.go:2984.65,2989.55 2 0
github.com/tiancaiamao/ai/internal/winai/interpreter.go:2989.55,2991.58 2 0
github.com/tiancaiamao/ai/internal/winai/interpreter.go:2991.58,2994.4 2 0
github.com/tiancaiamao/ai/internal/winai/interpreter.go:2996.3,2996.28 1 0
github.com/tiancaiamao/ai/internal/winai/interpreter.go:2999.2,3007.25 8 0
github.com/tiancaiamao/ai/internal/winai/interpreter.go:3007.25,3008.68 1 0
github.com/tiancaiamao/ai/internal/winai/interpreter.go:3008.68,3009.100 1 0
github.com/tiancaiamao/ai/internal/winai/interpreter.go:3009.100,3011.5 1 0
github.com/tiancaiamao/ai/internal/winai/interpreter.go:3013.9,3015.4 1 0
github.com/tiancaiamao/ai/internal/winai/interpreter.go:3017.3,3017.9 1 0
github.com/tiancaiamao/ai/internal/winai/interpreter.go:3020.2,3020.18 1 0
github.com/tiancaiamao/ai/internal/winai/interpreter.go:3020.18,3022.3 1 0
github.com/tiancaiamao/ai/internal/winai/interpreter.go:3024.2,3024.31 1 0
github.com/tiancaiamao/ai/internal/winai/interpreter.go:3024.31,3027.3 2 0
github.com/tiancaiamao/ai/internal/winai/interpreter.go:3029.2,3033.40 4 0
github.com/tiancaiamao/ai/internal/winai/interpreter.go:3033.40,3036.17 3 0
github.com/tiancaiamao/ai/internal/winai/interpreter.go:3036.17,3038.4 1 0
github.com/tiancaiamao/ai/internal/winai/interpreter.go:3040.3,3041.65 2 0
github.com/tiancaiamao/ai/internal/winai/interpreter.go:3044.2,3046.20 3 0
github.com/tiancaiamao/ai/internal/winai/interpreter.go:3049.64,3051.54 2 0
github.com/tiancaiamao/ai/internal/winai/interpreter.go:3051.54,3054.3 2 0
github.com/tiancaiamao/ai/internal/winai/interpreter.go:3056.2,3056.22 1 0
github.com/tiancaiamao/ai/internal/winai/interpreter.go:3056.22,3059.3 2 0
github.com/tiancaiamao/ai/internal/winai/interpreter.go:3061.2,3061.23 1 0
github.com/tiancaiamao/ai/internal/winai/interpreter.go:3061.23,3064.3 2 0
github.com/tiancaiamao/ai/internal/winai/interpreter.go:3066.2,3066.29 1 0
github.com/tiancaiamao/ai/internal/winai/interpreter.go:3069.67,3071.54 2 0
github.com/tiancaiamao/ai/internal/winai/interpreter.go:3071.54,3074.3 2 0
github.com/tiancaiamao/ai/internal/winai/interpreter.go:3076.2,3076.32 1 0
github.com/tiancaiamao/ai/internal/winai/interpreter.go:3079.42,3083.2 3 0
github.com/tiancaiamao/ai/internal/winai/interpreter.go:3085.31,3086.11 1 0
github.com/tiancaiamao/ai/internal/winai/interpreter.go:3086.11,3088.3 1 0
github.com/tiancaiamao/ai/internal/winai/interpreter.go:3090.2,3090.14 1 0
github.com/tiancaiamao/ai/internal/winai/interpreter.go:3093.52,3094.16 1 0
github.com/tiancaiamao/ai/internal/winai/interpreter.go:3094.16,3096.3 1 0
github.com/tiancaiamao/ai/internal/winai/interpreter.go:3098.2,3098.17 1 0
github.com/tiancaiamao/ai/internal/winai/interpreter.go:3098.17,3100.3 1 0
github.com/tiancaiamao/ai/internal/winai/interpreter.go:3102.2,3102.13 1 0
github.com/tiancaiamao/ai/internal/winai/interpreter.go:3105.37,3106.36 1 0
github.com/tiancaiamao/ai/internal/winai/interpreter.go:3106.36,3108.3 1 0
github.com/tiancaiamao/ai/internal/winai/interpreter.go:3110.2,3110.14 1 0
github.com/tiancaiamao/ai/internal/winai/interpreter.go:3113.45,3114.12 1 0
github.com/tiancaiamao/ai/internal/winai/interpreter.go:3114.12,3116.3 1 0
github.com/tiancaiamao/ai/internal/winai/interpreter.go:3118.2,3118.19 1 0
github.com/tiancaiamao/ai/internal/winai/interpreter.go:3121.37,3122.16 1 0
github.com/tiancaiamao/ai/internal/winai/interpreter.go:3122.16,3124.3 1 0
github.com/tiancaiamao/ai/internal/winai/interpreter.go:3126.2,3126.35 1 0
github.com/tiancaiamao/ai/internal/winai/interpreter.go:3129.43,3130.16 1 0
github.com/tiancaiamao/ai/internal/winai/interpreter.go:3130.16,3132.3 1 0
github.com/tiancaiamao/ai/internal/winai/interpreter.go:3134.2,3134.28 1 0
github.com/tiancaiamao/ai/internal/winai/interpreter.go:3137.36,3138.16 1 0
github.com/tiancaiamao/ai/internal/winai/interpreter.go:3138.16,3140.3 1 0
github.com/tiancaiamao/ai/internal/winai/interpreter.go:3142.2,3142.28 1 0
github.com/tiancaiamao/ai/internal/winai/interpreter.go:3145.58,3146.43 1 0
github.com/tiancaiamao/ai/internal/winai/interpreter.go:3146.43,3148.3 1 0
github.com/tiancaiamao/ai/internal/winai/interpreter.go:3150.2,3151.18 2 0
github.com/tiancaiamao/ai/internal/winai/interpreter.go:3151.18,3153.3 1 0
github.com/tiancaiamao/ai/internal/winai/interpreter.go:3155.2,3155.57 1 0
github.com/tiancaiamao/ai/internal/winai/interpreter.go:3158.50,3159.51 1 0
github.com/tiancaiamao/ai/internal/winai/interpreter.go:3160.24,3161.26 1 0
github.com/tiancaiamao/ai/internal/winai/interpreter.go:3162.20,3163.22 1 0
github.com/tiancaiamao/ai/internal/winai/interpreter.go:3164.14,3165.12 1 0
github.com/tiancaiamao/ai/internal/winai/interpreter.go:3166.10,3167.34 1 0
github.com/tiancaiamao/ai/internal/winai/interpreter.go:3172.46,3173.24 1 8
github.com/tiancaiamao/ai/internal/winai/interpreter.go:3173.24,3175.3 1 8
github.com/tiancaiamao/ai/internal/winai/interpreter.go:3177.2,3177.31 1 0
github.com/tiancaiamao/ai/internal/winai/interpreter.go:3180.48,3182.18 2 9
github.com/tiancaiamao/ai/internal/winai/interpreter.go:3182.18,3184.3 1 1
github.com/tiancaiamao/ai/internal/winai/interpreter.go:3186.2,3190.9 4 8
github.com/tiancaiamao/ai/internal/winai/interpreter.go:3191.47,3192.96 1 1
github.com/tiancaiamao/ai/internal/winai/interpreter.go:3193.105,3194.105 1 1
github.com/tiancaiamao/ai/internal/winai/interpreter.go:3195.67,3196.103 1 1
github.com/tiancaiamao/ai/internal/winai/interpreter.go:3197.96,3198.112 1 1
github.com/tiancaiamao/ai/internal/winai/interpreter.go:3199.71,3200.86 1 1
github.com/tiancaiamao/ai/internal/winai/interpreter.go:3201.151,3202.99 1 1
github.com/tiancaiamao/ai/internal/winai/interpreter.go:3203.159,3204.79 1 1
github.com/tiancaiamao/ai/internal/winai/interpreter.go:3205.10,3206.56 1 1
github.com/tiancaiamao/ai/internal/winai/interpreter.go:3211.56,3212.33 1 44
github.com/tiancaiamao/ai/internal/winai/interpreter.go:3212.33,3213.38 1 125
github.com/tiancaiamao/ai/internal/winai/interpreter.go:3213.38,3215.4 1 16
github.com/tiancaiamao/ai/internal/winai/interpreter.go:3219.2,3219.14 1 28
github.com/tiancaiamao/ai/internal/winai/interpreter.go:3222.50,3224.41 2 0
github.com/tiancaiamao/ai/internal/winai/interpreter.go:3224.41,3226.3 1 0
github.com/tiancaiamao/ai/internal/winai/interpreter.go:3228.2,3229.16 2 0
github.com/tiancaiamao/ai/internal/winai/interpreter.go:3229.16,3231.3 1 0
github.com/tiancaiamao/ai/internal/winai/interpreter.go:3233.2,3233.58 1 0
github.com/tiancaiamao/ai/internal/winai/interpreter.go:3236.77,3237.20 1 0
github.com/tiancaiamao/ai/internal/winai/interpreter.go:3237.20,3239.3 1 0
github.com/tiancaiamao/ai/internal/winai/interpreter.go:3241.2,3255.31 3 0
github.com/tiancaiamao/ai/internal/winai/interpreter.go:3255.31,3256.35 1 0
github.com/tiancaiamao/ai/internal/winai/interpreter.go:3256.35,3257.65 1 0
github.com/tiancaiamao/ai/internal/winai/interpreter.go:3257.65,3259.5 1 0
github.com/tiancaiamao/ai/internal/winai/interpreter.go:3265.2,3266.22 2 0
github.com/tiancaiamao/ai/internal/winai/interpreter.go:3266.22,3268.3 1 0
github.com/tiancaiamao/ai/internal/winai/interpreter.go:3270.2,3271.56 2 0
github.com/tiancaiamao/ai/internal/winai/interpreter.go:3274.41,3277.16 3 0
github.com/tiancaiamao/ai/internal/winai/interpreter.go:3277.16,3279.3 1 0
github.com/tiancaiamao/ai/internal/winai/interpreter.go:3281.2,3281.36 1 0
github.com/tiancaiamao/ai/internal/winai/interpreter.go:3281.36,3284.3 2 0
github.com/tiancaiamao/ai/internal/winai/interpreter.go:3286.2,3286.55 1 0
github.com/tiancaiamao/ai/internal/winai/interpreter.go:3286.55,3289.3 2 0
github.com/tiancaiamao/ai/internal/winai/interpreter.go:3291.2,3291.38 1 0
github.com/tiancaiamao/ai/internal/winai/interpreter.go:3291.38,3293.3 1 0
github.com/tiancaiamao/ai/internal/winai/interpreter.go:3295.2,3295.19 1 0
github.com/tiancaiamao/ai/cmd/ai/headless_mode.go:26.58,27.20 1 0
github.com/tiancaiamao/ai/cmd/ai/headless_mode.go:27.20,29.3 1 0
github.com/tiancaiamao/ai/cmd/ai/headless_mode.go:31.2,32.25 2 0
github.com/tiancaiamao/ai/cmd/ai/headless_mode.go:32.25,33.22 1 0
github.com/tiancaiamao/ai/cmd/ai/headless_mode.go:33.22,34.9 1 0
github.com/tiancaiamao/ai/cmd/ai/headless_mode.go:36.3,36.52 1 0
github.com/tiancaiamao/ai/cmd/ai/headless_mode.go:38.2,39.28 2 0
github.com/tiancaiamao/ai/cmd/ai/headless_mode.go:39.28,41.3 1 0
github.com/tiancaiamao/ai/cmd/ai/headless_mode.go:42.2,42.15 1 0
github.com/tiancaiamao/ai/cmd/ai/headless_mode.go:46.54,48.28 2 0
github.com/tiancaiamao/ai/cmd/ai/headless_mode.go:48.28,50.3 1 0
github.com/tiancaiamao/ai/cmd/ai/headless_mode.go:51.2,52.38 2 0
github.com/tiancaiamao/ai/cmd/ai/headless_mode.go:52.38,54.3 1 0
github.com/tiancaiamao/ai/cmd/ai/headless_mode.go:55.2,56.15 2 0
github.com/tiancaiamao/ai/cmd/ai/headless_mode.go:60.50,61.22 1 0
github.com/tiancaiamao/ai/cmd/ai/headless_mode.go:61.22,63.3 1 0
[...]
github.com/tiancaiamao/ai/benchmark/tasks/010_basic_interpreter/setup/main.go:200.2,200.79 1 0
github.com/tiancaiamao/ai/benchmark/tasks/010_basic_interpreter/setup/main.go:203.36,206.52 3 0
github.com/tiancaiamao/ai/benchmark/tasks/010_basic_interpreter/setup/main.go:206.52,208.3 1 0
github.com/tiancaiamao/ai/benchmark/tasks/010_basic_interpreter/setup/main.go:209.2,210.26 2 0
github.com/tiancaiamao/ai/benchmark/tasks/010_basic_interpreter/setup/main.go:210.26,212.3 1 0
github.com/tiancaiamao/ai/benchmark/tasks/010_basic_interpreter/setup/main.go:213.2,213.64 1 0
github.com/tiancaiamao/ai/benchmark/tasks/010_basic_interpreter/setup/main.go:216.40,218.27 2 0
github.com/tiancaiamao/ai/benchmark/tasks/010_basic_interpreter/setup/main.go:218.27,220.78 2 0
github.com/tiancaiamao/ai/benchmark/tasks/010_basic_interpreter/setup/main.go:220.78,221.9 1 0
github.com/tiancaiamao/ai/benchmark/tasks/010_basic_interpreter/setup/main.go:223.3,223.10 1 0
github.com/tiancaiamao/ai/benchmark/tasks/010_basic_interpreter/setup/main.go:225.2,225.83 1 0
github.com/tiancaiamao/ai/benchmark/tasks/010_basic_interpreter/setup/main.go:234.40,239.2 1 0
github.com/tiancaiamao/ai/benchmark/tasks/010_basic_interpreter/setup/main.go:241.34,242.27 1 0
github.com/tiancaiamao/ai/benchmark/tasks/010_basic_interpreter/setup/main.go:242.27,244.3 1 0
github.com/tiancaiamao/ai/benchmark/tasks/010_basic_interpreter/setup/main.go:245.2,245.34 1 0
github.com/tiancaiamao/ai/benchmark/tasks/010_basic_interpreter/setup/main.go:248.41,249.34 1 0
github.com/tiancaiamao/ai/benchmark/tasks/010_basic_interpreter/setup/main.go:249.34,251.3 1 0
github.com/tiancaiamao/ai/benchmark/tasks/010_basic_interpreter/setup/main.go:252.2,252.34 1 0
github.com/tiancaiamao/ai/benchmark/tasks/010_basic_interpreter/setup/main.go:255.34,259.2 3 0
github.com/tiancaiamao/ai/benchmark/tasks/010_basic_interpreter/setup/main.go:261.40,264.35 2 0
github.com/tiancaiamao/ai/benchmark/tasks/010_basic_interpreter/setup/main.go:264.35,266.35 1 0
github.com/tiancaiamao/ai/benchmark/tasks/010_basic_interpreter/setup/main.go:266.35,267.9 1 0
github.com/tiancaiamao/ai/benchmark/tasks/010_basic_interpreter/setup/main.go:270.3,273.38 2 0
github.com/tiancaiamao/ai/benchmark/tasks/010_basic_interpreter/setup/main.go:273.38,277.4 3 0
github.com/tiancaiamao/ai/benchmark/tasks/010_basic_interpreter/setup/main.go:280.3,281.65 2 0
github.com/tiancaiamao/ai/benchmark/tasks/010_basic_interpreter/setup/main.go:281.65,283.19 2 0
github.com/tiancaiamao/ai/benchmark/tasks/010_basic_interpreter/setup/main.go:283.19,285.5 1 0
github.com/tiancaiamao/ai/benchmark/tasks/010_basic_interpreter/setup/main.go:288.4,288.71 1 0
github.com/tiancaiamao/ai/benchmark/tasks/010_basic_interpreter/setup/main.go:288.71,290.5 1 0
github.com/tiancaiamao/ai/benchmark/tasks/010_basic_interpreter/setup/main.go:293.3,293.21 1 0
github.com/tiancaiamao/ai/benchmark/tasks/010_basic_interpreter/setup/main.go:293.21,298.4 1 0
github.com/tiancaiamao/ai/benchmark/tasks/010_basic_interpreter/setup/main.go:301.3,301.35 1 0
github.com/tiancaiamao/ai/benchmark/tasks/010_basic_interpreter/setup/main.go:301.35,303.4 1 0
github.com/tiancaiamao/ai/benchmark/tasks/010_basic_interpreter/setup/main.go:306.2,306.14 1 0
github.com/tiancaiamao/ai/benchmark/tasks/010_basic_interpreter/setup/main.go:309.45,310.91 1 0
github.com/tiancaiamao/ai/benchmark/tasks/010_basic_interpreter/setup/main.go:310.91,312.3 1 0
github.com/tiancaiamao/ai/benchmark/tasks/010_basic_interpreter/setup/main.go:314.2,314.41 1 0
github.com/tiancaiamao/ai/benchmark/tasks/010_basic_interpreter/setup/main.go:314.41,317.3 2 0
github.com/tiancaiamao/ai/benchmark/tasks/010_basic_interpreter/setup/main.go:319.2,322.17 3 0
github.com/tiancaiamao/ai/benchmark/tasks/010_basic_interpreter/setup/main.go:323.15,324.24 1 0
github.com/tiancaiamao/ai/benchmark/tasks/010_basic_interpreter/setup/main.go:325.15,326.24 1 0
github.com/tiancaiamao/ai/benchmark/tasks/010_basic_interpreter/setup/main.go:327.13,328.22 1 0
github.com/tiancaiamao/ai/benchmark/tasks/010_basic_interpreter/setup/main.go:329.13,330.22 1 0
github.com/tiancaiamao/ai/benchmark/tasks/010_basic_interpreter/setup/main.go:331.14,332.23 1 0
github.com/tiancaiamao/ai/benchmark/tasks/010_basic_interpreter/setup/main.go:333.12,334.21 1 0
github.com/tiancaiamao/ai/benchmark/tasks/010_basic_interpreter/setup/main.go:335.14,336.23 1 0
github.com/tiancaiamao/ai/benchmark/tasks/010_basic_interpreter/setup/main.go:337.13,338.25 1 0
github.com/tiancaiamao/ai/benchmark/tasks/010_basic_interpreter/setup/main.go:339.13,340.22 1 0
github.com/tiancaiamao/ai/benchmark/tasks/010_basic_interpreter/setup/main.go:341.10,343.102 1 0
github.com/tiancaiamao/ai/benchmark/tasks/010_basic_interpreter/setup/main.go:343.102,347.4 2 0
github.com/tiancaiamao/ai/benchmark/tasks/010_basic_interpreter/setup/main.go:350.2,350.12 1 0
github.com/tiancaiamao/ai/benchmark/tasks/010_basic_interpreter/setup/main.go:353.41,357.92 3 0
github.com/tiancaiamao/ai/benchmark/tasks/010_basic_interpreter/setup/main.go:357.92,359.31 1 0
github.com/tiancaiamao/ai/benchmark/tasks/010_basic_interpreter/setup/main.go:359.31,362.9 3 0
github.com/tiancaiamao/ai/benchmark/tasks/010_basic_interpreter/setup/main.go:366.3,366.31 1 0
github.com/tiancaiamao/ai/benchmark/tasks/010_basic_interpreter/setup/main.go:366.31,368.12 2 0
github.com/tiancaiamao/ai/benchmark/tasks/010_basic_interpreter/setup/main.go:371.3,372.18 2 0
github.com/tiancaiamao/ai/benchmark/tasks/010_basic_interpreter/setup/main.go:372.18,374.4 1 0
github.com/tiancaiamao/ai/benchmark/tasks/010_basic_interpreter/setup/main.go:377.3,377.31 1 0
github.com/tiancaiamao/ai/benchmark/tasks/010_basic_interpreter/setup/main.go:377.31,380.9 3 0
github.com/tiancaiamao/ai/benchmark/tasks/010_basic_interpreter/setup/main.go:384.2,387.3 1 0
github.com/tiancaiamao/ai/benchmark/tasks/010_basic_interpreter/setup/main.go:390.41,400.2 4 0
github.com/tiancaiamao/ai/benchmark/tasks/010_basic_interpreter/setup/main.go:402.39,409.30 4 0
github.com/tiancaiamao/ai/benchmark/tasks/010_basic_interpreter/setup/main.go:409.30,411.3 1 0
github.com/tiancaiamao/ai/benchmark/tasks/010_basic_interpreter/setup/main.go:413.2,419.3 2 0
github.com/tiancaiamao/ai/benchmark/tasks/010_basic_interpreter/setup/main.go:422.46,429.30 4 0
github.com/tiancaiamao/ai/benchmark/tasks/010_basic_interpreter/setup/main.go:429.30,431.3 1 0
github.com/tiancaiamao/ai/benchmark/tasks/010_basic_interpreter/setup/main.go:433.2,439.3 2 0
github.com/tiancaiamao/ai/benchmark/tasks/010_basic_interpreter/setup/main.go:442.39,447.30 3 0
github.com/tiancaiamao/ai/benchmark/tasks/010_basic_interpreter/setup/main.go:447.30,449.3 1 0
github.com/tiancaiamao/ai/benchmark/tasks/010_basic_interpreter/setup/main.go:451.2,454.87 2 0
github.com/tiancaiamao/ai/benchmark/tasks/010_basic_interpreter/setup/main.go:454.87,456.3 1 0
github.com/tiancaiamao/ai/benchmark/tasks/010_basic_interpreter/setup/main.go:458.2,464.3 2 0
github.com/tiancaiamao/ai/benchmark/tasks/010_basic_interpreter/setup/main.go:467.40,474.2 3 0
github.com/tiancaiamao/ai/benchmark/tasks/010_basic_interpreter/setup/main.go:476.38,480.89 2 0
github.com/tiancaiamao/ai/benchmark/tasks/010_basic_interpreter/setup/main.go:480.89,482.3 1 0
github.com/tiancaiamao/ai/benchmark/tasks/010_basic_interpreter/setup/main.go:485.2,486.92 2 0
github.com/tiancaiamao/ai/benchmark/tasks/010_basic_interpreter/setup/main.go:486.92,488.18 2 0
github.com/tiancaiamao/ai/benchmark/tasks/010_basic_interpreter/setup/main.go:488.18,490.4 1 0
github.com/tiancaiamao/ai/benchmark/tasks/010_basic_interpreter/setup/main.go:491.3,491.31 1 0
github.com/tiancaiamao/ai/benchmark/tasks/010_basic_interpreter/setup/main.go:491.31,493.9 2 0
github.com/tiancaiamao/ai/benchmark/tasks/010_basic_interpreter/setup/main.go:497.2,500.3 1 0
github.com/tiancaiamao/ai/benchmark/tasks/010_basic_interpreter/setup/main.go:503.40,510.2 3 0
github.com/tiancaiamao/ai/benchmark/tasks/010_basic_interpreter/setup/main.go:512.39,515.64 2 0
github.com/tiancaiamao/ai/benchmark/tasks/010_basic_interpreter/setup/main.go:515.64,518.3 2 0
github.com/tiancaiamao/ai/benchmark/tasks/010_basic_interpreter/setup/main.go:520.2,522.3 1 0
github.com/tiancaiamao/ai/benchmark/tasks/010_basic_interpreter/setup/main.go:526.47,528.2 1 0
github.com/tiancaiamao/ai/benchmark/tasks/010_basic_interpreter/setup/main.go:530.47,533.6 2 0
github.com/tiancaiamao/ai/benchmark/tasks/010_basic_interpreter/setup/main.go:533.6,535.84 2 0
github.com/tiancaiamao/ai/benchmark/tasks/010_basic_interpreter/setup/main.go:535.84,539.4 3 0
github.com/tiancaiamao/ai/benchmark/tasks/010_basic_interpreter/setup/main.go:539.9,540.9 1 0
github.com/tiancaiamao/ai/benchmark/tasks/010_basic_interpreter/setup/main.go:544.2,544.13 1 0
github.com/tiancaiamao/ai/benchmark/tasks/010_basic_interpreter/setup/main.go:547.43,550.6 2 0
github.com/tiancaiamao/ai/benchmark/tasks/010_basic_interpreter/setup/main.go:550.6,552.29 2 0
github.com/tiancaiamao/ai/benchmark/tasks/010_basic_interpreter/setup/main.go:552.29,556.4 3 0
github.com/tiancaiamao/ai/benchmark/tasks/010_basic_interpreter/setup/main.go:556.9,557.9 1 0
github.com/tiancaiamao/ai/benchmark/tasks/010_basic_interpreter/setup/main.go:561.2,561.13 1 0
github.com/tiancaiamao/ai/benchmark/tasks/010_basic_interpreter/setup/main.go:564.43,567.6 2 0
github.com/tiancaiamao/ai/benchmark/tasks/010_basic_interpreter/setup/main.go:567.6,569.29 2 0
github.com/tiancaiamao/ai/benchmark/tasks/010_basic_interpreter/setup/main.go:569.29,573.4 3 0
github.com/tiancaiamao/ai/benchmark/tasks/010_basic_interpreter/setup/main.go:573.9,574.9 1 0
github.com/tiancaiamao/ai/benchmark/tasks/010_basic_interpreter/setup/main.go:578.2,578.13 1 0
github.com/tiancaiamao/ai/benchmark/tasks/010_basic_interpreter/setup/main.go:581.42,582.30 1 0
github.com/tiancaiamao/ai/benchmark/tasks/010_basic_interpreter/setup/main.go:582.30,586.3 3 0
github.com/tiancaiamao/ai/benchmark/tasks/010_basic_interpreter/setup/main.go:588.2,588.25 1 0
github.com/tiancaiamao/ai/benchmark/tasks/010_basic_interpreter/setup/main.go:591.44,594.29 2 0
github.com/tiancaiamao/ai/benchmark/tasks/010_basic_interpreter/setup/main.go:594.29,598.3 3 0
github.com/tiancaiamao/ai/benchmark/tasks/010_basic_interpreter/setup/main.go:600.2,600.29 1 0
github.com/tiancaiamao/ai/benchmark/tasks/010_basic_interpreter/setup/main.go:600.29,603.3 2 0
github.com/tiancaiamao/ai/benchmark/tasks/010_basic_interpreter/setup/main.go:605.2,605.33 1 0
github.com/tiancaiamao/ai/benchmark/tasks/010_basic_interpreter/setup/main.go:605.33,609.3 3 0
github.com/tiancaiamao/ai/benchmark/tasks/010_basic_interpreter/setup/main.go:611.2,611.22 1 0
github.com/tiancaiamao/ai/benchmark/tasks/010_basic_interpreter/setup/main.go:611.22,614.31 3 0
github.com/tiancaiamao/ai/benchmark/tasks/010_basic_interpreter/setup/main.go:614.31,616.4 1 0
github.com/tiancaiamao/ai/benchmark/tasks/010_basic_interpreter/setup/main.go:617.3,617.14 1 0
github.com/tiancaiamao/ai/benchmark/tasks/010_basic_interpreter/setup/main.go:620.2,621.30 2 0
github.com/tiancaiamao/ai/benchmark/tasks/010_basic_interpreter/setup/main.go:641.62,643.31 2 0
github.com/tiancaiamao/ai/benchmark/tasks/010_basic_interpreter/setup/main.go:643.31,645.3 1 0
github.com/tiancaiamao/ai/benchmark/tasks/010_basic_interpreter/setup/main.go:647.2,655.3 1 0
github.com/tiancaiamao/ai/benchmark/tasks/010_basic_interpreter/setup/main.go:658.29,659.35 1 0
github.com/tiancaiamao/ai/benchmark/tasks/010_basic_interpreter/setup/main.go:659.35,662.35 2 0
github.com/tiancaiamao/ai/benchmark/tasks/010_basic_interpreter/setup/main.go:662.35,664.37 2 0
github.com/tiancaiamao/ai/benchmark/tasks/010_basic_interpreter/setup/main.go:664.37,665.10 1 0
github.com/tiancaiamao/ai/benchmark/tasks/010_basic_interpreter/setup/main.go:671.56,672.26 1 0
github.com/tiancaiamao/ai/benchmark/tasks/010_basic_interpreter/setup/main.go:673.23,674.20 1 0
github.com/tiancaiamao/ai/benchmark/tasks/010_basic_interpreter/setup/main.go:675.23,676.20 1 0
github.com/tiancaiamao/ai/benchmark/tasks/010_basic_interpreter/setup/main.go:677.21,678.18 1 0
github.com/tiancaiamao/ai/benchmark/tasks/010_basic_interpreter/setup/main.go:679.19,680.25 1 0
github.com/tiancaiamao/ai/benchmark/tasks/010_basic_interpreter/setup/main.go:681.21,682.18 1 0
github.com/tiancaiamao/ai/benchmark/tasks/010_basic_interpreter/setup/main.go:683.22,684.19 1 0
github.com/tiancaiamao/ai/benchmark/tasks/010_basic_interpreter/setup/main.go:685.20,686.17 1 0
github.com/tiancaiamao/ai/benchmark/tasks/010_basic_interpreter/setup/main.go:687.22,688.19 1 0
github.com/tiancaiamao/ai/benchmark/tasks/010_basic_interpreter/setup/main.go:689.21,690.31 1 0
github.com/tiancaiamao/ai/benchmark/tasks/010_basic_interpreter/setup/main.go:691.21,691.21 0 0
github.com/tiancaiamao/ai/benchmark/tasks/010_basic_interpreter/setup/main.go:696.55,698.31 2 0
github.com/tiancaiamao/ai/benchmark/tasks/010_basic_interpreter/setup/main.go:698.31,700.12 2 0
github.com/tiancaiamao/ai/benchmark/tasks/010_basic_interpreter/setup/main.go:700.12,702.4 1 0
github.com/tiancaiamao/ai/benchmark/tasks/010_basic_interpreter/setup/main.go:703.3,703.35 1 0
github.com/tiancaiamao/ai/benchmark/tasks/010_basic_interpreter/setup/main.go:706.2,706.17 1 0
github.com/tiancaiamao/ai/benchmark/tasks/010_basic_interpreter/setup/main.go:706.17,708.3 1 0
github.com/tiancaiamao/ai/benchmark/tasks/010_basic_interpreter/setup/main.go:710.2,710.19 1 0
github.com/tiancaiamao/ai/benchmark/tasks/010_basic_interpreter/setup/main.go:713.55,719.16 5 0
github.com/tiancaiamao/ai/benchmark/tasks/010_basic_interpreter/setup/main.go:719.16,721.3 1 0
github.com/tiancaiamao/ai/benchmark/tasks/010_basic_interpreter/setup/main.go:721.8,723.17 2 0
github.com/tiancaiamao/ai/benchmark/tasks/010_basic_interpreter/setup/main.go:723.17,725.4 1 0
github.com/tiancaiamao/ai/benchmark/tasks/010_basic_interpreter/setup/main.go:725.9,727.4 1 0
github.com/tiancaiamao/ai/benchmark/tasks/010_basic_interpreter/setup/main.go:731.51,734.2 2 0
github.com/tiancaiamao/ai/benchmark/tasks/010_basic_interpreter/setup/main.go:736.56,739.2 2 0
github.com/tiancaiamao/ai/benchmark/tasks/010_basic_interpreter/setup/main.go:741.51,752.2 4 0
github.com/tiancaiamao/ai/benchmark/tasks/010_basic_interpreter/setup/main.go:754.53,756.9 2 0
github.com/tiancaiamao/ai/benchmark/tasks/010_basic_interpreter/setup/main.go:756.9,758.3 1 0
github.com/tiancaiamao/ai/benchmark/tasks/010_basic_interpreter/setup/main.go:761.2,764.41 2 0
github.com/tiancaiamao/ai/benchmark/tasks/010_basic_interpreter/setup/main.go:764.41,767.3 1 0
github.com/tiancaiamao/ai/benchmark/tasks/010_basic_interpreter/setup/main.go:767.8,770.3 1 0
github.com/tiancaiamao/ai/benchmark/tasks/010_basic_interpreter/setup/main.go:773.49,775.15 2 0
github.com/tiancaiamao/ai/benchmark/tasks/010_basic_interpreter/setup/main.go:775.15,776.36 1 0
github.com/tiancaiamao/ai/benchmark/tasks/010_basic_interpreter/setup/main.go:776.36,778.4 1 0
github.com/tiancaiamao/ai/benchmark/tasks/010_basic_interpreter/setup/main.go:782.53,784.8 2 0
github.com/tiancaiamao/ai/benchmark/tasks/010_basic_interpreter/setup/main.go:784.8,786.3 1 0
github.com/tiancaiamao/ai/benchmark/tasks/010_basic_interpreter/setup/main.go:789.63,790.26 1 0
github.com/tiancaiamao/ai/benchmark/tasks/010_basic_interpreter/setup/main.go:791.19,792.17 1 0
github.com/tiancaiamao/ai/benchmark/tasks/010_basic_interpreter/setup/main.go:793.19,795.11 1 0
github.com/tiancaiamao/ai/benchmark/tasks/010_basic_interpreter/setup/main.go:796.21,797.37 1 0
github.com/tiancaiamao/ai/benchmark/tasks/010_basic_interpreter/setup/main.go:797.37,799.4 1 0
github.com/tiancaiamao/ai/benchmark/tasks/010_basic_interpreter/setup/main.go:800.3,800.29 1 0
github.com/tiancaiamao/ai/benchmark/tasks/010_basic_interpreter/setup/main.go:801.19,802.29 1 0
github.com/tiancaiamao/ai/benchmark/tasks/010_basic_interpreter/setup/main.go:803.18,804.36 1 0
github.com/tiancaiamao/ai/benchmark/tasks/010_basic_interpreter/setup/main.go:806.2,806.10 1 0
github.com/tiancaiamao/ai/benchmark/tasks/010_basic_interpreter/setup/main.go:809.64,813.17 3 0
github.com/tiancaiamao/ai/benchmark/tasks/010_basic_interpreter/setup/main.go:814.11,815.22 1 0
github.com/tiancaiamao/ai/benchmark/tasks/010_basic_interpreter/setup/main.go:816.11,817.22 1 0
github.com/tiancaiamao/ai/benchmark/tasks/010_basic_interpreter/setup/main.go:818.11,819.22 1 0
github.com/tiancaiamao/ai/benchmark/tasks/010_basic_interpreter/setup/main.go:820.11,821.17 1 0
github.com/tiancaiamao/ai/benchmark/tasks/010_basic_interpreter/setup/main.go:821.17,823.4 1 0
github.com/tiancaiamao/ai/benchmark/tasks/010_basic_interpreter/setup/main.go:824.3,824.22 1 0
github.com/tiancaiamao/ai/benchmark/tasks/010_basic_interpreter/setup/main.go:825.11,826.20 1 0
github.com/tiancaiamao/ai/benchmark/tasks/010_basic_interpreter/setup/main.go:826.20,828.4 1 0
github.com/tiancaiamao/ai/benchmark/tasks/010_basic_interpreter/setup/main.go:829.3,829.11 1 0
github.com/tiancaiamao/ai/benchmark/tasks/010_basic_interpreter/setup/main.go:830.12,831.20 1 0
github.com/tiancaiamao/ai/benchmark/tasks/010_basic_interpreter/setup/main.go:831.20,833.4 1 0
github.com/tiancaiamao/ai/benchmark/tasks/010_basic_interpreter/setup/main.go:834.3,834.11 1 0
github.com/tiancaiamao/ai/benchmark/tasks/010_basic_interpreter/setup/main.go:835.11,836.19 1 0
github.com/tiancaiamao/ai/benchmark/tasks/010_basic_interpreter/setup/main.go:836.19,838.4 1 0
github.com/tiancaiamao/ai/benchmark/tasks/010_basic_interpreter/setup/main.go:839.3,839.11 1 0
github.com/tiancaiamao/ai/benchmark/tasks/010_basic_interpreter/setup/main.go:840.11,841.19 1 0
github.com/tiancaiamao/ai/benchmark/tasks/010_basic_interpreter/setup/main.go:841.19,843.4 1 0
github.com/tiancaiamao/ai/benchmark/tasks/010_basic_interpreter/setup/main.go:844.3,844.11 1 0
github.com/tiancaiamao/ai/benchmark/tasks/010_basic_interpreter/setup/main.go:845.12,846.20 1 0
github.com/tiancaiamao/ai/benchmark/tasks/010_basic_interpreter/setup/main.go:846.20,848.4 1 0
github.com/tiancaiamao/ai/benchmark/tasks/010_basic_interpreter/setup/main.go:849.3,849.11 1 0
github.com/tiancaiamao/ai/benchmark/tasks/010_basic_interpreter/setup/main.go:850.12,851.20 1 0
github.com/tiancaiamao/ai/benchmark/tasks/010_basic_interpreter/setup/main.go:851.20,853.4 1 0
github.com/tiancaiamao/ai/benchmark/tasks/010_basic_interpreter/setup/main.go:854.3,854.11 1 0
github.com/tiancaiamao/ai/benchmark/tasks/010_basic_interpreter/setup/main.go:856.2,856.10 1 0
github.com/tiancaiamao/ai/benchmark/tasks/010_basic_interpreter/setup/main.go:859.40,861.32 2 0
github.com/tiancaiamao/ai/benchmark/tasks/010_basic_interpreter/setup/main.go:861.32,863.3 1 0
github.com/tiancaiamao/ai/benchmark/tasks/010_basic_interpreter/setup/main.go:864.2,864.33 1 0
github.com/tiancaiamao/ai/benchmark/tasks/010_basic_interpreter/setup/main.go:864.33,866.3 1 0
github.com/tiancaiamao/ai/benchmark/tasks/010_basic_interpreter/setup/main.go:869.13,873.34 3 0
github.com/tiancaiamao/ai/benchmark/tasks/010_basic_interpreter/setup/main.go:873.34,874.22 1 0
github.com/tiancaiamao/ai/benchmark/tasks/010_basic_interpreter/setup/main.go:874.22,876.4 1 0
github.com/tiancaiamao/ai/benchmark/tasks/010_basic_interpreter/setup/main.go:876.9,878.4 1 0
github.com/tiancaiamao/ai/benchmark/tasks/010_basic_interpreter/setup/main.go:881.2,881.20 1 0
github.com/tiancaiamao/ai/benchmark/tasks/010_basic_interpreter/setup/main.go:881.20,884.3 2 0
github.com/tiancaiamao/ai/benchmark/tasks/010_basic_interpreter/setup/main.go:887.2,888.16 2 0
github.com/tiancaiamao/ai/benchmark/tasks/010_basic_interpreter/setup/main.go:888.16,891.3 2 0
github.com/tiancaiamao/ai/benchmark/tasks/010_basic_interpreter/setup/main.go:894.2,905.11 7 0
github.com/tiancaiamao/ai/benchmark/tasks/010_basic_interpreter/setup/main.go:905.11,907.3 1 0
github.com/tiancaiamao/ai/pkg/logger/logger.go:15.51,24.2 3 0
github.com/tiancaiamao/ai/pkg/logger/logger.go:27.38,30.2 2 0
