mode: set
github.com/tiancaiamao/ai/pkg/agent/agent.go:27.49,28.58 1 1
github.com/tiancaiamao/ai/pkg/agent/agent.go:28.58,30.3 1 1
github.com/tiancaiamao/ai/pkg/agent/agent.go:31.2,31.19 1 0
github.com/tiancaiamao/ai/pkg/agent/agent.go:32.82,34.86 1 0
github.com/tiancaiamao/ai/pkg/agent/agent.go:34.86,36.4 1 0
github.com/tiancaiamao/ai/pkg/agent/agent.go:37.3,37.78 1 0
github.com/tiancaiamao/ai/pkg/agent/agent.go:37.78,39.4 1 0
github.com/tiancaiamao/ai/pkg/agent/agent.go:40.3,40.86 1 0
github.com/tiancaiamao/ai/pkg/agent/agent.go:40.86,42.4 1 0
github.com/tiancaiamao/ai/pkg/agent/agent.go:43.3,43.87 1 0
github.com/tiancaiamao/ai/pkg/agent/agent.go:43.87,45.4 1 0
github.com/tiancaiamao/ai/pkg/agent/agent.go:46.3,46.14 1 0
github.com/tiancaiamao/ai/pkg/agent/agent.go:47.10,48.14 1 0
github.com/tiancaiamao/ai/pkg/agent/agent.go:89.68,91.2 1 1
github.com/tiancaiamao/ai/pkg/agent/agent.go:95.95,97.2 1 1
github.com/tiancaiamao/ai/pkg/agent/agent.go:100.98,102.2 1 1
github.com/tiancaiamao/ai/pkg/agent/agent.go:105.125,116.53 8 1
github.com/tiancaiamao/ai/pkg/agent/agent.go:116.53,119.3 2 1
github.com/tiancaiamao/ai/pkg/agent/agent.go:120.2,123.24 2 1
github.com/tiancaiamao/ai/pkg/agent/agent.go:123.24,125.3 1 1
github.com/tiancaiamao/ai/pkg/agent/agent.go:128.2,128.25 1 1
github.com/tiancaiamao/ai/pkg/agent/agent.go:128.25,130.3 1 0
github.com/tiancaiamao/ai/pkg/agent/agent.go:133.2,133.34 1 1
github.com/tiancaiamao/ai/pkg/agent/agent.go:133.34,135.3 1 0
github.com/tiancaiamao/ai/pkg/agent/agent.go:137.2,154.43 2 1
github.com/tiancaiamao/ai/pkg/agent/agent.go:154.43,156.3 1 1
github.com/tiancaiamao/ai/pkg/agent/agent.go:160.2,160.41 1 1
github.com/tiancaiamao/ai/pkg/agent/agent.go:160.41,162.3 1 1
github.com/tiancaiamao/ai/pkg/agent/agent.go:164.2,165.10 2 1
github.com/tiancaiamao/ai/pkg/agent/agent.go:170.46,178.9 6 1
github.com/tiancaiamao/ai/pkg/agent/agent.go:179.26,181.13 2 1
github.com/tiancaiamao/ai/pkg/agent/agent.go:181.13,182.17 1 1
github.com/tiancaiamao/ai/pkg/agent/agent.go:182.17,182.27 1 1
github.com/tiancaiamao/ai/pkg/agent/agent.go:183.4,189.8 4 1
github.com/tiancaiamao/ai/pkg/agent/agent.go:189.8,190.12 1 1
github.com/tiancaiamao/ai/pkg/agent/agent.go:191.43,193.39 2 0
github.com/tiancaiamao/ai/pkg/agent/agent.go:194.13,196.12 1 1
github.com/tiancaiamao/ai/pkg/agent/agent.go:200.3,200.13 1 1
github.com/tiancaiamao/ai/pkg/agent/agent.go:201.17,202.69 1 0
github.com/tiancaiamao/ai/pkg/agent/agent.go:207.68,235.42 17 1
github.com/tiancaiamao/ai/pkg/agent/agent.go:235.42,236.17 1 1
github.com/tiancaiamao/ai/pkg/agent/agent.go:236.17,238.9 2 0
github.com/tiancaiamao/ai/pkg/agent/agent.go:241.3,244.33 2 1
github.com/tiancaiamao/ai/pkg/agent/agent.go:244.33,249.4 1 1
github.com/tiancaiamao/ai/pkg/agent/agent.go:250.3,250.33 1 1
github.com/tiancaiamao/ai/pkg/agent/agent.go:250.33,255.4 1 1
github.com/tiancaiamao/ai/pkg/agent/agent.go:256.3,256.37 1 1
github.com/tiancaiamao/ai/pkg/agent/agent.go:256.37,257.31 1 1
github.com/tiancaiamao/ai/pkg/agent/agent.go:257.31,259.5 1 1
github.com/tiancaiamao/ai/pkg/agent/agent.go:260.4,260.36 1 1
github.com/tiancaiamao/ai/pkg/agent/agent.go:260.36,262.5 1 1
github.com/tiancaiamao/ai/pkg/agent/agent.go:265.3,267.82 2 1
github.com/tiancaiamao/ai/pkg/agent/agent.go:267.82,272.23 2 1
github.com/tiancaiamao/ai/pkg/agent/agent.go:273.22,275.53 1 1
github.com/tiancaiamao/ai/pkg/agent/agent.go:276.20,278.51 1 1
github.com/tiancaiamao/ai/pkg/agent/agent.go:282.3,283.44 2 1
github.com/tiancaiamao/ai/pkg/agent/agent.go:283.44,285.4 1 0
github.com/tiancaiamao/ai/pkg/agent/agent.go:287.3,287.27 1 1
github.com/tiancaiamao/ai/pkg/agent/agent.go:288.30,289.27 1 1
github.com/tiancaiamao/ai/pkg/agent/agent.go:289.27,291.5 1 0
github.com/tiancaiamao/ai/pkg/agent/agent.go:292.19,294.31 2 1
github.com/tiancaiamao/ai/pkg/agent/agent.go:294.31,296.5 1 1
github.com/tiancaiamao/ai/pkg/agent/agent.go:297.4,297.36 1 1
github.com/tiancaiamao/ai/pkg/agent/agent.go:297.36,299.5 1 1
github.com/tiancaiamao/ai/pkg/agent/agent.go:300.21,301.34 1 1
github.com/tiancaiamao/ai/pkg/agent/agent.go:301.34,303.5 1 1
github.com/tiancaiamao/ai/pkg/agent/agent.go:303.10,303.103 1 1
github.com/tiancaiamao/ai/pkg/agent/agent.go:303.103,305.5 1 1
github.com/tiancaiamao/ai/pkg/agent/agent.go:309.3,309.42 1 1
github.com/tiancaiamao/ai/pkg/agent/agent.go:309.42,311.40 2 1
github.com/tiancaiamao/ai/pkg/agent/agent.go:311.40,313.5 1 1
github.com/tiancaiamao/ai/pkg/agent/agent.go:315.3,315.39 1 1
github.com/tiancaiamao/ai/pkg/agent/agent.go:315.39,317.18 2 1
github.com/tiancaiamao/ai/pkg/agent/agent.go:317.18,319.5 1 1
github.com/tiancaiamao/ai/pkg/agent/agent.go:320.4,320.47 1 1
github.com/tiancaiamao/ai/pkg/agent/agent.go:320.47,322.5 1 1
github.com/tiancaiamao/ai/pkg/agent/agent.go:326.3,326.40 1 1
github.com/tiancaiamao/ai/pkg/agent/agent.go:326.40,332.4 3 1
github.com/tiancaiamao/ai/pkg/agent/agent.go:335.3,335.27 1 1
github.com/tiancaiamao/ai/pkg/agent/agent.go:337.2,338.14 2 1
github.com/tiancaiamao/ai/pkg/agent/agent.go:338.14,339.31 1 1
github.com/tiancaiamao/ai/pkg/agent/agent.go:339.31,341.4 1 1
github.com/tiancaiamao/ai/pkg/agent/agent.go:342.3,343.29 2 1
github.com/tiancaiamao/ai/pkg/agent/agent.go:343.29,345.4 1 1
github.com/tiancaiamao/ai/pkg/agent/agent.go:348.2,348.39 1 1
github.com/tiancaiamao/ai/pkg/agent/agent.go:351.59,352.23 1 1
github.com/tiancaiamao/ai/pkg/agent/agent.go:352.23,354.3 1 0
github.com/tiancaiamao/ai/pkg/agent/agent.go:355.2,355.55 1 1
github.com/tiancaiamao/ai/pkg/agent/agent.go:355.55,357.3 1 0
github.com/tiancaiamao/ai/pkg/agent/agent.go:360.2,360.56 1 1
github.com/tiancaiamao/ai/pkg/agent/agent.go:360.56,361.54 1 0
github.com/tiancaiamao/ai/pkg/agent/agent.go:361.54,363.4 1 0
github.com/tiancaiamao/ai/pkg/agent/agent.go:366.2,367.67 2 1
github.com/tiancaiamao/ai/pkg/agent/agent.go:370.61,371.23 1 1
github.com/tiancaiamao/ai/pkg/agent/agent.go:371.23,373.3 1 0
github.com/tiancaiamao/ai/pkg/agent/agent.go:374.2,374.46 1 1
github.com/tiancaiamao/ai/pkg/agent/agent.go:374.46,376.3 1 0
github.com/tiancaiamao/ai/pkg/agent/agent.go:379.35,383.6 4 1
github.com/tiancaiamao/ai/pkg/agent/agent.go:383.6,384.10 1 1
github.com/tiancaiamao/ai/pkg/agent/agent.go:385.22,386.10 1 1
github.com/tiancaiamao/ai/pkg/agent/agent.go:387.19,388.25 1 1
github.com/tiancaiamao/ai/pkg/agent/agent.go:388.25,390.5 1 1
github.com/tiancaiamao/ai/pkg/agent/agent.go:395.35,396.27 1 1
github.com/tiancaiamao/ai/pkg/agent/agent.go:396.27,397.25 1 1
github.com/tiancaiamao/ai/pkg/agent/agent.go:397.25,400.4 2 1
github.com/tiancaiamao/ai/pkg/agent/agent.go:401.3,401.24 1 1
github.com/tiancaiamao/ai/pkg/agent/agent.go:401.24,402.74 1 1
github.com/tiancaiamao/ai/pkg/agent/agent.go:402.74,404.5 1 0
github.com/tiancaiamao/ai/pkg/agent/agent.go:405.4,405.46 1 1
github.com/tiancaiamao/ai/pkg/agent/agent.go:411.24,413.2 1 1
github.com/tiancaiamao/ai/pkg/agent/agent.go:416.28,418.2 1 1
github.com/tiancaiamao/ai/pkg/agent/agent.go:421.39,423.19 2 1
github.com/tiancaiamao/ai/pkg/agent/agent.go:423.19,426.3 2 0
github.com/tiancaiamao/ai/pkg/agent/agent.go:429.2,429.21 1 1
github.com/tiancaiamao/ai/pkg/agent/agent.go:429.21,431.3 1 0
github.com/tiancaiamao/ai/pkg/agent/agent.go:434.2,435.23 2 1
github.com/tiancaiamao/ai/pkg/agent/agent.go:435.23,437.3 1 1
github.com/tiancaiamao/ai/pkg/agent/agent.go:439.2,442.42 2 1
github.com/tiancaiamao/ai/pkg/agent/agent.go:442.42,443.35 1 0
github.com/tiancaiamao/ai/pkg/agent/agent.go:443.35,444.58 1 0
github.com/tiancaiamao/ai/pkg/agent/agent.go:444.58,446.5 1 0
github.com/tiancaiamao/ai/pkg/agent/agent.go:447.4,447.10 1 0
github.com/tiancaiamao/ai/pkg/agent/agent.go:449.3,449.58 1 0
github.com/tiancaiamao/ai/pkg/agent/agent.go:454.25,456.21 2 1
github.com/tiancaiamao/ai/pkg/agent/agent.go:456.21,459.3 2 1
github.com/tiancaiamao/ai/pkg/agent/agent.go:460.2,461.13 2 1
github.com/tiancaiamao/ai/pkg/agent/agent.go:461.13,463.3 1 1
github.com/tiancaiamao/ai/pkg/agent/agent.go:470.2,470.68 1 1
github.com/tiancaiamao/ai/pkg/agent/agent.go:474.48,475.9 1 1
github.com/tiancaiamao/ai/pkg/agent/agent.go:476.34,478.13 2 1
github.com/tiancaiamao/ai/pkg/agent/agent.go:479.10,480.44 1 1
github.com/tiancaiamao/ai/pkg/agent/agent.go:485.44,487.2 1 1
github.com/tiancaiamao/ai/pkg/agent/agent.go:490.43,497.2 1 1
github.com/tiancaiamao/ai/pkg/agent/agent.go:500.43,503.2 2 0
github.com/tiancaiamao/ai/pkg/agent/agent.go:506.42,508.2 1 0
github.com/tiancaiamao/ai/pkg/agent/agent.go:511.38,513.2 1 0
github.com/tiancaiamao/ai/pkg/agent/agent.go:516.55,520.2 3 1
github.com/tiancaiamao/ai/pkg/agent/agent.go:523.45,525.2 1 1
github.com/tiancaiamao/ai/pkg/agent/agent.go:528.56,529.87 1 1
github.com/tiancaiamao/ai/pkg/agent/agent.go:529.87,531.3 1 1
github.com/tiancaiamao/ai/pkg/agent/agent.go:532.2,532.17 1 1
github.com/tiancaiamao/ai/pkg/agent/agent.go:536.53,538.2 1 1
github.com/tiancaiamao/ai/pkg/agent/agent.go:542.51,543.22 1 1
github.com/tiancaiamao/ai/pkg/agent/agent.go:543.22,545.3 1 1
github.com/tiancaiamao/ai/pkg/agent/agent.go:549.52,551.2 1 0
github.com/tiancaiamao/ai/pkg/agent/agent.go:554.44,556.2 1 0
github.com/tiancaiamao/ai/pkg/agent/agent.go:559.62,561.2 1 1
github.com/tiancaiamao/ai/pkg/agent/agent.go:564.47,565.16 1 0
github.com/tiancaiamao/ai/pkg/agent/agent.go:565.16,567.3 1 0
github.com/tiancaiamao/ai/pkg/agent/agent.go:568.2,568.38 1 0
github.com/tiancaiamao/ai/pkg/agent/agent.go:572.48,574.2 1 0
github.com/tiancaiamao/ai/pkg/agent/agent.go:577.44,578.13 1 1
github.com/tiancaiamao/ai/pkg/agent/agent.go:578.13,579.38 1 1
github.com/tiancaiamao/ai/pkg/agent/agent.go:579.38,581.4 1 1
github.com/tiancaiamao/ai/pkg/agent/agent.go:582.3,582.39 1 1
github.com/tiancaiamao/ai/pkg/agent/agent.go:582.39,584.4 1 0
github.com/tiancaiamao/ai/pkg/agent/agent.go:585.3,585.9 1 1
github.com/tiancaiamao/ai/pkg/agent/agent.go:587.2,587.32 1 1
github.com/tiancaiamao/ai/pkg/agent/agent.go:591.41,593.2 1 1
github.com/tiancaiamao/ai/pkg/agent/agent.go:596.76,597.20 1 0
github.com/tiancaiamao/ai/pkg/agent/agent.go:597.20,599.3 1 0
github.com/tiancaiamao/ai/pkg/agent/agent.go:600.2,600.20 1 0
github.com/tiancaiamao/ai/pkg/agent/agent.go:600.20,602.3 1 0
github.com/tiancaiamao/ai/pkg/agent/agent.go:603.2,604.41 2 0
github.com/tiancaiamao/ai/pkg/agent/agent.go:608.43,609.18 1 0
github.com/tiancaiamao/ai/pkg/agent/agent.go:609.18,611.3 1 0
github.com/tiancaiamao/ai/pkg/agent/agent.go:612.2,612.34 1 0
github.com/tiancaiamao/ai/pkg/agent/agent.go:616.53,617.23 1 0
github.com/tiancaiamao/ai/pkg/agent/agent.go:617.23,619.3 1 0
github.com/tiancaiamao/ai/pkg/agent/agent.go:620.2,620.44 1 0
github.com/tiancaiamao/ai/pkg/agent/agent.go:624.43,626.2 1 0
github.com/tiancaiamao/ai/pkg/agent/agent.go:629.52,631.16 2 1
github.com/tiancaiamao/ai/pkg/agent/agent.go:631.16,633.3 1 0
github.com/tiancaiamao/ai/pkg/agent/agent.go:638.2,638.12 1 1
github.com/tiancaiamao/ai/pkg/agent/agent.go:642.53,643.39 1 1
github.com/tiancaiamao/ai/pkg/agent/agent.go:643.39,645.3 1 0
github.com/tiancaiamao/ai/pkg/agent/agent.go:647.2,648.44 2 1
github.com/tiancaiamao/ai/pkg/agent/agent.go:648.44,649.38 1 1
github.com/tiancaiamao/ai/pkg/agent/agent.go:649.38,651.9 2 1
github.com/tiancaiamao/ai/pkg/agent/agent.go:655.2,655.29 1 1
github.com/tiancaiamao/ai/pkg/agent/agent.go:655.29,657.3 1 0
github.com/tiancaiamao/ai/pkg/agent/agent.go:659.2,672.52 5 1
github.com/tiancaiamao/ai/pkg/agent/agent.go:672.52,677.44 5 0
github.com/tiancaiamao/ai/pkg/agent/agent.go:677.44,679.4 1 0
github.com/tiancaiamao/ai/pkg/agent/agent.go:680.3,686.6 2 0
github.com/tiancaiamao/ai/pkg/agent/agent.go:687.8,698.3 5 1
github.com/tiancaiamao/ai/pkg/agent/agent.go:701.45,702.9 1 1
github.com/tiancaiamao/ai/pkg/agent/agent.go:703.28,703.28 0 1
github.com/tiancaiamao/ai/pkg/agent/agent.go:704.10,705.58 1 0
github.com/tiancaiamao/ai/pkg/agent/agent.go:709.96,713.2 3 1
github.com/tiancaiamao/ai/pkg/agent/agent.go:715.90,720.2 4 1
github.com/tiancaiamao/ai/pkg/agent/agent.go:722.43,724.38 2 1
github.com/tiancaiamao/ai/pkg/agent/agent.go:724.38,726.3 1 1
github.com/tiancaiamao/ai/pkg/agent/agent.go:728.2,730.13 3 1
github.com/tiancaiamao/ai/pkg/agent/agent.go:733.34,734.6 1 1
github.com/tiancaiamao/ai/pkg/agent/agent.go:734.6,735.10 1 1
github.com/tiancaiamao/ai/pkg/agent/agent.go:736.26,736.26 0 0
github.com/tiancaiamao/ai/pkg/agent/agent.go:737.11,738.10 1 1
github.com/tiancaiamao/ai/pkg/agent/agent.go:744.39,746.2 1 1
github.com/tiancaiamao/ai/pkg/agent/checkpoint_manager.go:22.98,23.22 1 1
github.com/tiancaiamao/ai/pkg/agent/checkpoint_manager.go:23.22,25.3 1 1
github.com/tiancaiamao/ai/pkg/agent/checkpoint_manager.go:27.2,27.54 1 1
github.com/tiancaiamao/ai/pkg/agent/checkpoint_manager.go:27.54,29.3 1 0
github.com/tiancaiamao/ai/pkg/agent/checkpoint_manager.go:31.2,32.16 2 1
github.com/tiancaiamao/ai/pkg/agent/checkpoint_manager.go:32.16,34.3 1 0
github.com/tiancaiamao/ai/pkg/agent/checkpoint_manager.go:36.2,41.8 1 1
github.com/tiancaiamao/ai/pkg/agent/checkpoint_manager.go:45.88,46.16 1 1
github.com/tiancaiamao/ai/pkg/agent/checkpoint_manager.go:46.16,48.3 1 0
github.com/tiancaiamao/ai/pkg/agent/checkpoint_manager.go:49.2,50.37 2 1
github.com/tiancaiamao/ai/pkg/agent/checkpoint_manager.go:59.16,60.16 1 1
github.com/tiancaiamao/ai/pkg/agent/checkpoint_manager.go:60.16,62.3 1 0
github.com/tiancaiamao/ai/pkg/agent/checkpoint_manager.go:66.2,76.16 5 1
github.com/tiancaiamao/ai/pkg/agent/checkpoint_manager.go:76.16,78.3 1 0
github.com/tiancaiamao/ai/pkg/agent/checkpoint_manager.go:80.2,81.23 2 1
github.com/tiancaiamao/ai/pkg/agent/checkpoint_manager.go:91.3,92.16 1 1
github.com/tiancaiamao/ai/pkg/agent/checkpoint_manager.go:92.16,94.3 1 0
github.com/tiancaiamao/ai/pkg/agent/checkpoint_manager.go:96.2,97.16 2 1
github.com/tiancaiamao/ai/pkg/agent/checkpoint_manager.go:97.16,98.37 1 0
github.com/tiancaiamao/ai/pkg/agent/checkpoint_manager.go:98.37,100.4 1 0
github.com/tiancaiamao/ai/pkg/agent/checkpoint_manager.go:101.3,101.25 1 0
github.com/tiancaiamao/ai/pkg/agent/checkpoint_manager.go:104.2,105.16 2 1
github.com/tiancaiamao/ai/pkg/agent/checkpoint_manager.go:105.16,107.3 1 0
github.com/tiancaiamao/ai/pkg/agent/checkpoint_manager.go:109.2,110.16 2 1
github.com/tiancaiamao/ai/pkg/agent/checkpoint_manager.go:110.16,112.3 1 0
github.com/tiancaiamao/ai/pkg/agent/checkpoint_manager.go:114.2,117.90 3 1
github.com/tiancaiamao/ai/pkg/agent/checkpoint_manager.go:122.65,124.2 1 1
github.com/tiancaiamao/ai/pkg/agent/checkpoint_manager.go:127.55,128.36 1 1
github.com/tiancaiamao/ai/pkg/agent/checkpoint_manager.go:128.36,130.3 1 0
github.com/tiancaiamao/ai/pkg/agent/checkpoint_manager.go:131.2,131.26 1 1
github.com/tiancaiamao/ai/pkg/agent/compaction_controller.go:35.73,37.2 1 0
github.com/tiancaiamao/ai/pkg/agent/compaction_controller.go:42.85,43.45 1 0
github.com/tiancaiamao/ai/pkg/agent/compaction_controller.go:43.45,45.3 1 0
github.com/tiancaiamao/ai/pkg/agent/compaction_controller.go:47.2,48.51 2 0
github.com/tiancaiamao/ai/pkg/agent/compaction_controller.go:48.51,50.3 1 0
github.com/tiancaiamao/ai/pkg/agent/compaction_controller.go:51.2,51.41 1 0
github.com/tiancaiamao/ai/pkg/agent/compaction_controller.go:51.41,57.3 2 0
github.com/tiancaiamao/ai/pkg/agent/compaction_controller.go:59.2,73.16 7 0
github.com/tiancaiamao/ai/pkg/agent/compaction_controller.go:73.16,75.50 2 0
github.com/tiancaiamao/ai/pkg/agent/compaction_controller.go:75.50,77.4 1 0
github.com/tiancaiamao/ai/pkg/agent/compaction_controller.go:77.9,79.4 1 0
github.com/tiancaiamao/ai/pkg/agent/compaction_controller.go:81.2,81.58 1 0
github.com/tiancaiamao/ai/pkg/agent/compaction_controller.go:90.9,101.16 5 0
github.com/tiancaiamao/ai/pkg/agent/compaction_controller.go:101.16,103.3 1 0
github.com/tiancaiamao/ai/pkg/agent/compaction_controller.go:105.2,112.12 7 0
github.com/tiancaiamao/ai/pkg/agent/compaction_controller.go:117.71,119.19 2 0
github.com/tiancaiamao/ai/pkg/agent/compaction_controller.go:119.19,122.3 2 0
github.com/tiancaiamao/ai/pkg/agent/compaction_controller.go:124.2,125.22 2 0
github.com/tiancaiamao/ai/pkg/agent/compaction_controller.go:125.22,128.3 2 0
github.com/tiancaiamao/ai/pkg/agent/compaction_controller.go:130.2,131.49 2 0
github.com/tiancaiamao/ai/pkg/agent/compaction_controller.go:131.49,133.3 1 0
github.com/tiancaiamao/ai/pkg/agent/compaction_controller.go:133.8,135.3 1 0
github.com/tiancaiamao/ai/pkg/agent/conversion.go:14.99,20.31 4 1
github.com/tiancaiamao/ai/pkg/agent/conversion.go:20.31,21.28 1 1
github.com/tiancaiamao/ai/pkg/agent/conversion.go:21.28,22.12 1 1
github.com/tiancaiamao/ai/pkg/agent/conversion.go:25.3,26.27 2 1
github.com/tiancaiamao/ai/pkg/agent/conversion.go:26.27,28.4 1 1
github.com/tiancaiamao/ai/pkg/agent/conversion.go:29.3,34.37 2 1
github.com/tiancaiamao/ai/pkg/agent/conversion.go:34.37,35.29 1 1
github.com/tiancaiamao/ai/pkg/agent/conversion.go:36.30,37.28 1 1
github.com/tiancaiamao/ai/pkg/agent/conversion.go:38.31,47.7 1 0
github.com/tiancaiamao/ai/pkg/agent/conversion.go:52.3,52.30 1 1
github.com/tiancaiamao/ai/pkg/agent/conversion.go:52.30,54.26 2 1
github.com/tiancaiamao/ai/pkg/agent/conversion.go:54.26,56.34 2 1
github.com/tiancaiamao/ai/pkg/agent/conversion.go:56.34,67.6 2 1
github.com/tiancaiamao/ai/pkg/agent/conversion.go:72.3,72.31 1 1
github.com/tiancaiamao/ai/pkg/agent/conversion.go:72.31,75.4 2 1
github.com/tiancaiamao/ai/pkg/agent/conversion.go:77.3,77.44 1 1
github.com/tiancaiamao/ai/pkg/agent/conversion.go:80.2,80.46 1 1
github.com/tiancaiamao/ai/pkg/agent/conversion.go:86.75,87.24 1 1
github.com/tiancaiamao/ai/pkg/agent/conversion.go:87.24,89.3 1 0
github.com/tiancaiamao/ai/pkg/agent/conversion.go:91.2,94.25 3 1
github.com/tiancaiamao/ai/pkg/agent/conversion.go:94.25,95.33 1 1
github.com/tiancaiamao/ai/pkg/agent/conversion.go:95.33,97.4 1 1
github.com/tiancaiamao/ai/pkg/agent/conversion.go:98.3,99.43 2 1
github.com/tiancaiamao/ai/pkg/agent/conversion.go:102.2,102.31 1 1
github.com/tiancaiamao/ai/pkg/agent/conversion.go:102.31,103.19 1 1
github.com/tiancaiamao/ai/pkg/agent/conversion.go:104.20,107.43 3 1
github.com/tiancaiamao/ai/pkg/agent/conversion.go:107.43,108.45 1 1
github.com/tiancaiamao/ai/pkg/agent/conversion.go:108.45,109.14 1 0
github.com/tiancaiamao/ai/pkg/agent/conversion.go:111.5,111.47 1 1
github.com/tiancaiamao/ai/pkg/agent/conversion.go:113.15,115.54 2 1
github.com/tiancaiamao/ai/pkg/agent/conversion.go:115.54,116.13 1 1
github.com/tiancaiamao/ai/pkg/agent/conversion.go:118.4,118.50 1 1
github.com/tiancaiamao/ai/pkg/agent/conversion.go:118.50,119.13 1 0
github.com/tiancaiamao/ai/pkg/agent/conversion.go:121.4,122.40 2 1
github.com/tiancaiamao/ai/pkg/agent/conversion.go:123.11,125.38 2 1
github.com/tiancaiamao/ai/pkg/agent/conversion.go:129.2,130.18 2 1
github.com/tiancaiamao/ai/pkg/agent/conversion.go:133.118,134.45 1 1
github.com/tiancaiamao/ai/pkg/agent/conversion.go:134.45,136.3 1 0
github.com/tiancaiamao/ai/pkg/agent/conversion.go:138.2,138.42 1 1
github.com/tiancaiamao/ai/pkg/agent/conversion.go:138.42,139.38 1 1
github.com/tiancaiamao/ai/pkg/agent/conversion.go:139.38,140.12 1 1
github.com/tiancaiamao/ai/pkg/agent/conversion.go:142.3,142.38 1 1
github.com/tiancaiamao/ai/pkg/agent/conversion.go:142.38,144.4 1 0
github.com/tiancaiamao/ai/pkg/agent/conversion.go:146.3,147.50 2 1
github.com/tiancaiamao/ai/pkg/agent/conversion.go:147.50,148.45 1 1
github.com/tiancaiamao/ai/pkg/agent/conversion.go:148.45,149.13 1 1
github.com/tiancaiamao/ai/pkg/agent/conversion.go:151.4,151.59 1 1
github.com/tiancaiamao/ai/pkg/agent/conversion.go:153.3,157.39 2 1
github.com/tiancaiamao/ai/pkg/agent/conversion.go:157.39,159.4 1 0
github.com/tiancaiamao/ai/pkg/agent/conversion.go:160.3,160.18 1 1
github.com/tiancaiamao/ai/pkg/agent/conversion.go:163.2,163.17 1 0
github.com/tiancaiamao/ai/pkg/agent/conversion.go:167.76,172.27 3 0
github.com/tiancaiamao/ai/pkg/agent/conversion.go:172.27,177.3 1 0
github.com/tiancaiamao/ai/pkg/agent/conversion.go:180.2,180.26 1 0
github.com/tiancaiamao/ai/pkg/agent/conversion.go:180.26,185.3 1 0
github.com/tiancaiamao/ai/pkg/agent/conversion.go:188.2,188.31 1 0
github.com/tiancaiamao/ai/pkg/agent/conversion.go:188.31,189.39 1 0
github.com/tiancaiamao/ai/pkg/agent/conversion.go:189.39,192.79 2 0
github.com/tiancaiamao/ai/pkg/agent/conversion.go:192.79,194.5 1 0
github.com/tiancaiamao/ai/pkg/agent/conversion.go:196.4,201.6 1 0
github.com/tiancaiamao/ai/pkg/agent/conversion.go:205.2,205.17 1 0
github.com/tiancaiamao/ai/pkg/agent/conversion.go:209.82,216.29 5 1
github.com/tiancaiamao/ai/pkg/agent/conversion.go:216.29,217.18 1 1
github.com/tiancaiamao/ai/pkg/agent/conversion.go:217.18,218.12 1 0
github.com/tiancaiamao/ai/pkg/agent/conversion.go:220.3,221.30 2 1
github.com/tiancaiamao/ai/pkg/agent/conversion.go:221.30,222.12 1 1
github.com/tiancaiamao/ai/pkg/agent/conversion.go:224.3,232.5 2 1
github.com/tiancaiamao/ai/pkg/agent/conversion.go:235.2,235.17 1 1
github.com/tiancaiamao/ai/pkg/agent/error_stack.go:19.41,20.30 1 1
github.com/tiancaiamao/ai/pkg/agent/error_stack.go:20.30,22.3 1 0
github.com/tiancaiamao/ai/pkg/agent/error_stack.go:23.2,23.22 1 1
github.com/tiancaiamao/ai/pkg/agent/error_stack.go:26.41,27.14 1 1
github.com/tiancaiamao/ai/pkg/agent/error_stack.go:27.14,29.3 1 0
github.com/tiancaiamao/ai/pkg/agent/error_stack.go:30.2,30.14 1 1
github.com/tiancaiamao/ai/pkg/agent/error_stack.go:33.46,34.14 1 1
github.com/tiancaiamao/ai/pkg/agent/error_stack.go:34.14,36.3 1 0
github.com/tiancaiamao/ai/pkg/agent/error_stack.go:37.2,37.16 1 1
github.com/tiancaiamao/ai/pkg/agent/error_stack.go:41.38,42.16 1 1
github.com/tiancaiamao/ai/pkg/agent/error_stack.go:42.16,44.3 1 0
github.com/tiancaiamao/ai/pkg/agent/error_stack.go:45.2,46.79 2 1
github.com/tiancaiamao/ai/pkg/agent/error_stack.go:46.79,48.3 1 1
github.com/tiancaiamao/ai/pkg/agent/error_stack.go:49.2,52.3 1 1
github.com/tiancaiamao/ai/pkg/agent/error_stack.go:56.35,57.16 1 1
github.com/tiancaiamao/ai/pkg/agent/error_stack.go:57.16,59.3 1 0
github.com/tiancaiamao/ai/pkg/agent/error_stack.go:60.2,61.30 2 1
github.com/tiancaiamao/ai/pkg/agent/error_stack.go:61.30,63.3 1 1
github.com/tiancaiamao/ai/pkg/agent/error_stack.go:64.2,64.11 1 1
github.com/tiancaiamao/ai/pkg/agent/event.go:100.62,106.2 1 1
github.com/tiancaiamao/ai/pkg/agent/event.go:109.60,115.2 1 1
github.com/tiancaiamao/ai/pkg/agent/event.go:118.64,124.2 1 1
github.com/tiancaiamao/ai/pkg/agent/event.go:127.42,131.16 4 1
github.com/tiancaiamao/ai/pkg/agent/event.go:131.16,134.3 2 1
github.com/tiancaiamao/ai/pkg/agent/event.go:135.2,140.3 1 1
github.com/tiancaiamao/ai/pkg/agent/event.go:144.38,146.2 1 1
github.com/tiancaiamao/ai/pkg/agent/event.go:149.68,155.2 1 1
github.com/tiancaiamao/ai/pkg/agent/event.go:158.37,160.2 1 1
github.com/tiancaiamao/ai/pkg/agent/event.go:163.102,170.2 1 1
github.com/tiancaiamao/ai/pkg/agent/event.go:173.69,179.2 1 1
github.com/tiancaiamao/ai/pkg/agent/event.go:182.67,188.2 1 1
github.com/tiancaiamao/ai/pkg/agent/event.go:191.98,198.2 1 1
github.com/tiancaiamao/ai/pkg/agent/event.go:201.102,209.2 1 1
github.com/tiancaiamao/ai/pkg/agent/event.go:212.116,221.2 1 1
github.com/tiancaiamao/ai/pkg/agent/event.go:239.69,245.2 1 1
github.com/tiancaiamao/ai/pkg/agent/event.go:248.53,255.2 1 0
github.com/tiancaiamao/ai/pkg/agent/eventstream.go:32.22,41.2 1 0
github.com/tiancaiamao/ai/pkg/agent/eventstream.go:45.44,49.13 3 0
github.com/tiancaiamao/ai/pkg/agent/eventstream.go:49.13,51.3 1 0
github.com/tiancaiamao/ai/pkg/agent/eventstream.go:54.2,54.26 1 0
github.com/tiancaiamao/ai/pkg/agent/eventstream.go:54.26,58.3 3 0
github.com/tiancaiamao/ai/pkg/agent/eventstream.go:61.2,61.45 1 0
github.com/tiancaiamao/ai/pkg/agent/eventstream.go:61.45,68.3 4 0
github.com/tiancaiamao/ai/pkg/agent/eventstream.go:71.2,71.25 1 0
github.com/tiancaiamao/ai/pkg/agent/eventstream.go:71.25,75.3 3 0
github.com/tiancaiamao/ai/pkg/agent/eventstream.go:75.8,77.3 1 0
github.com/tiancaiamao/ai/pkg/agent/eventstream.go:81.44,85.13 3 0
github.com/tiancaiamao/ai/pkg/agent/eventstream.go:85.13,87.3 1 0
github.com/tiancaiamao/ai/pkg/agent/eventstream.go:89.2,94.36 4 0
github.com/tiancaiamao/ai/pkg/agent/eventstream.go:94.36,95.10 1 0
github.com/tiancaiamao/ai/pkg/agent/eventstream.go:96.44,96.44 0 0
github.com/tiancaiamao/ai/pkg/agent/eventstream.go:97.11,97.11 0 0
github.com/tiancaiamao/ai/pkg/agent/eventstream.go:101.2,102.16 2 0
github.com/tiancaiamao/ai/pkg/agent/eventstream.go:107.81,110.12 2 0
github.com/tiancaiamao/ai/pkg/agent/eventstream.go:110.12,112.7 2 0
github.com/tiancaiamao/ai/pkg/agent/eventstream.go:112.7,116.25 2 0
github.com/tiancaiamao/ai/pkg/agent/eventstream.go:116.25,121.13 5 0
github.com/tiancaiamao/ai/pkg/agent/eventstream.go:125.4,125.15 1 0
github.com/tiancaiamao/ai/pkg/agent/eventstream.go:125.15,128.5 2 0
github.com/tiancaiamao/ai/pkg/agent/eventstream.go:131.4,135.11 4 0
github.com/tiancaiamao/ai/pkg/agent/eventstream.go:136.28,137.20 1 0
github.com/tiancaiamao/ai/pkg/agent/eventstream.go:137.20,139.6 1 0
github.com/tiancaiamao/ai/pkg/agent/eventstream.go:140.5,140.17 1 0
github.com/tiancaiamao/ai/pkg/agent/eventstream.go:141.22,142.11 1 0
github.com/tiancaiamao/ai/pkg/agent/eventstream.go:147.2,147.11 1 0
github.com/tiancaiamao/ai/pkg/agent/eventstream.go:151.48,153.2 1 0
github.com/tiancaiamao/ai/pkg/agent/eventstream.go:156.44,160.2 3 0
github.com/tiancaiamao/ai/pkg/agent/eventstream.go:163.51,167.2 3 0
github.com/tiancaiamao/ai/pkg/agent/eventstream.go:170.46,174.2 3 0
github.com/tiancaiamao/ai/pkg/agent/executor.go:29.75,34.2 1 1
github.com/tiancaiamao/ai/pkg/agent/executor.go:38.145,40.9 1 1
github.com/tiancaiamao/ai/pkg/agent/executor.go:41.33,43.16 1 1
github.com/tiancaiamao/ai/pkg/agent/executor.go:43.16,43.33 1 1
github.com/tiancaiamao/ai/pkg/agent/executor.go:45.3,49.33 2 1
github.com/tiancaiamao/ai/pkg/agent/executor.go:51.36,53.78 1 1
github.com/tiancaiamao/ai/pkg/agent/executor.go:55.20,57.24 1 1
github.com/tiancaiamao/ai/pkg/agent/executor.go:62.37,64.2 1 1
github.com/tiancaiamao/ai/pkg/agent/llm_error_types.go:16.49,17.51 1 1
github.com/tiancaiamao/ai/pkg/agent/llm_error_types.go:18.29,19.31 1 1
github.com/tiancaiamao/ai/pkg/agent/llm_error_types.go:20.27,21.29 1 1
github.com/tiancaiamao/ai/pkg/agent/llm_error_types.go:22.32,23.34 1 0
github.com/tiancaiamao/ai/pkg/agent/llm_error_types.go:24.27,25.29 1 0
github.com/tiancaiamao/ai/pkg/agent/llm_error_types.go:26.26,27.28 1 0
github.com/tiancaiamao/ai/pkg/agent/llm_error_types.go:28.26,29.28 1 0
github.com/tiancaiamao/ai/pkg/agent/llm_error_types.go:30.28,31.30 1 0
github.com/tiancaiamao/ai/pkg/agent/llm_error_types.go:32.10,33.29 1 0
github.com/tiancaiamao/ai/pkg/agent/llm_error_types.go:37.58,39.9 2 1
github.com/tiancaiamao/ai/pkg/agent/llm_error_types.go:40.19,41.29 1 0
github.com/tiancaiamao/ai/pkg/agent/llm_error_types.go:42.111,43.31 1 0
github.com/tiancaiamao/ai/pkg/agent/llm_error_types.go:44.134,45.29 1 0
github.com/tiancaiamao/ai/pkg/agent/llm_error_types.go:46.132,47.34 1 0
github.com/tiancaiamao/ai/pkg/agent/llm_error_types.go:48.187,49.29 1 1
github.com/tiancaiamao/ai/pkg/agent/llm_error_types.go:50.179,51.28 1 0
github.com/tiancaiamao/ai/pkg/agent/llm_error_types.go:52.126,53.28 1 0
github.com/tiancaiamao/ai/pkg/agent/llm_error_types.go:54.89,55.30 1 0
github.com/tiancaiamao/ai/pkg/agent/llm_error_types.go:56.10,57.29 1 0
github.com/tiancaiamao/ai/pkg/agent/llm_retry.go:25.53,26.16 1 1
github.com/tiancaiamao/ai/pkg/agent/llm_retry.go:26.16,28.3 1 0
github.com/tiancaiamao/ai/pkg/agent/llm_retry.go:29.2,30.36 2 1
github.com/tiancaiamao/ai/pkg/agent/llm_retry.go:30.36,32.3 1 1
github.com/tiancaiamao/ai/pkg/agent/llm_retry.go:33.2,33.10 1 1
github.com/tiancaiamao/ai/pkg/agent/llm_retry.go:36.42,37.16 1 1
github.com/tiancaiamao/ai/pkg/agent/llm_retry.go:37.16,39.3 1 0
github.com/tiancaiamao/ai/pkg/agent/llm_retry.go:40.2,40.38 1 1
github.com/tiancaiamao/ai/pkg/agent/llm_retry.go:40.38,42.3 1 0
github.com/tiancaiamao/ai/pkg/agent/llm_retry.go:43.2,43.26 1 1
github.com/tiancaiamao/ai/pkg/agent/llm_retry.go:43.26,45.3 1 0
github.com/tiancaiamao/ai/pkg/agent/llm_retry.go:46.2,47.29 2 1
github.com/tiancaiamao/ai/pkg/agent/llm_retry.go:47.29,48.58 1 1
github.com/tiancaiamao/ai/pkg/agent/llm_retry.go:48.58,50.4 1 1
github.com/tiancaiamao/ai/pkg/agent/llm_retry.go:52.2,52.13 1 1
github.com/tiancaiamao/ai/pkg/agent/llm_retry.go:55.53,56.16 1 1
github.com/tiancaiamao/ai/pkg/agent/llm_retry.go:56.16,58.3 1 0
github.com/tiancaiamao/ai/pkg/agent/llm_retry.go:60.2,61.15 2 1
github.com/tiancaiamao/ai/pkg/agent/llm_retry.go:61.15,63.3 1 0
github.com/tiancaiamao/ai/pkg/agent/llm_retry.go:64.2,66.19 3 1
github.com/tiancaiamao/ai/pkg/agent/llm_retry.go:66.19,68.3 1 0
github.com/tiancaiamao/ai/pkg/agent/llm_retry.go:69.2,69.17 1 1
github.com/tiancaiamao/ai/pkg/agent/llm_retry.go:78.47,80.16 2 1
github.com/tiancaiamao/ai/pkg/agent/llm_retry.go:80.16,82.3 1 0
github.com/tiancaiamao/ai/pkg/agent/llm_retry.go:84.2,85.30 2 1
github.com/tiancaiamao/ai/pkg/agent/llm_retry.go:85.30,90.3 4 0
github.com/tiancaiamao/ai/pkg/agent/llm_retry.go:92.2,93.29 2 1
github.com/tiancaiamao/ai/pkg/agent/llm_retry.go:93.29,97.3 3 0
github.com/tiancaiamao/ai/pkg/agent/llm_retry.go:99.2,100.29 2 1
github.com/tiancaiamao/ai/pkg/agent/llm_retry.go:100.29,102.10 2 1
github.com/tiancaiamao/ai/pkg/agent/llm_retry.go:103.33,104.39 1 1
github.com/tiancaiamao/ai/pkg/agent/llm_retry.go:105.33,106.39 1 1
github.com/tiancaiamao/ai/pkg/agent/llm_retry.go:110.2,110.46 1 1
github.com/tiancaiamao/ai/pkg/agent/llm_retry.go:110.46,112.3 1 0
github.com/tiancaiamao/ai/pkg/agent/llm_retry.go:113.2,113.38 1 1
github.com/tiancaiamao/ai/pkg/agent/llm_retry.go:113.38,115.3 1 0
github.com/tiancaiamao/ai/pkg/agent/llm_retry.go:116.2,116.26 1 1
github.com/tiancaiamao/ai/pkg/agent/llm_retry.go:116.26,118.27 2 0
github.com/tiancaiamao/ai/pkg/agent/llm_retry.go:118.27,120.4 1 0
github.com/tiancaiamao/ai/pkg/agent/llm_retry.go:122.2,122.38 1 1
github.com/tiancaiamao/ai/pkg/agent/llm_retry.go:122.38,124.3 1 0
github.com/tiancaiamao/ai/pkg/agent/llm_retry.go:126.2,126.43 1 1
github.com/tiancaiamao/ai/pkg/agent/llm_retry.go:126.43,128.3 1 1
github.com/tiancaiamao/ai/pkg/agent/llm_retry.go:129.2,129.13 1 1
github.com/tiancaiamao/ai/pkg/agent/llm_retry.go:137.35,146.20 6 1
github.com/tiancaiamao/ai/pkg/agent/llm_retry.go:146.20,148.3 1 0
github.com/tiancaiamao/ai/pkg/agent/llm_retry.go:149.2,150.39 2 1
github.com/tiancaiamao/ai/pkg/agent/llm_retry.go:150.39,152.3 1 1
github.com/tiancaiamao/ai/pkg/agent/llm_retry.go:154.2,154.53 1 1
github.com/tiancaiamao/ai/pkg/agent/llm_retry.go:154.53,155.18 1 1
github.com/tiancaiamao/ai/pkg/agent/llm_retry.go:155.18,157.24 1 1
github.com/tiancaiamao/ai/pkg/agent/llm_retry.go:157.24,160.58 2 0
github.com/tiancaiamao/ai/pkg/agent/llm_retry.go:160.58,162.6 1 0
github.com/tiancaiamao/ai/pkg/agent/llm_retry.go:165.5,165.56 1 0
github.com/tiancaiamao/ai/pkg/agent/llm_retry.go:165.56,167.6 1 0
github.com/tiancaiamao/ai/pkg/agent/llm_retry.go:169.5,171.31 3 0
github.com/tiancaiamao/ai/pkg/agent/llm_retry.go:171.31,173.6 1 0
github.com/tiancaiamao/ai/pkg/agent/llm_retry.go:176.5,177.27 2 0
github.com/tiancaiamao/ai/pkg/agent/llm_retry.go:177.27,179.6 1 0
github.com/tiancaiamao/ai/pkg/agent/llm_retry.go:180.5,180.30 1 0
github.com/tiancaiamao/ai/pkg/agent/llm_retry.go:180.30,182.6 1 0
github.com/tiancaiamao/ai/pkg/agent/llm_retry.go:183.5,199.12 4 0
github.com/tiancaiamao/ai/pkg/agent/llm_retry.go:200.30,200.30 0 0
github.com/tiancaiamao/ai/pkg/agent/llm_retry.go:202.23,208.24 2 0
github.com/tiancaiamao/ai/pkg/agent/llm_retry.go:208.24,210.7 1 0
github.com/tiancaiamao/ai/pkg/agent/llm_retry.go:211.6,212.22 2 0
github.com/tiancaiamao/ai/pkg/agent/llm_retry.go:212.22,214.7 1 0
github.com/tiancaiamao/ai/pkg/agent/llm_retry.go:215.6,215.39 1 0
github.com/tiancaiamao/ai/pkg/agent/llm_retry.go:217.10,228.12 4 1
github.com/tiancaiamao/ai/pkg/agent/llm_retry.go:229.30,229.30 0 1
github.com/tiancaiamao/ai/pkg/agent/llm_retry.go:231.23,237.24 2 0
github.com/tiancaiamao/ai/pkg/agent/llm_retry.go:237.24,239.7 1 0
github.com/tiancaiamao/ai/pkg/agent/llm_retry.go:240.6,241.22 2 0
github.com/tiancaiamao/ai/pkg/agent/llm_retry.go:241.22,243.7 1 0
github.com/tiancaiamao/ai/pkg/agent/llm_retry.go:244.6,244.39 1 0
github.com/tiancaiamao/ai/pkg/agent/llm_retry.go:249.3,251.17 3 1
github.com/tiancaiamao/ai/pkg/agent/llm_retry.go:251.17,253.4 1 1
github.com/tiancaiamao/ai/pkg/agent/llm_retry.go:256.3,258.39 2 1
github.com/tiancaiamao/ai/pkg/agent/llm_retry.go:258.39,260.4 1 1
github.com/tiancaiamao/ai/pkg/agent/llm_retry.go:262.3,270.23 3 1
github.com/tiancaiamao/ai/pkg/agent/llm_retry.go:270.23,277.4 2 1
github.com/tiancaiamao/ai/pkg/agent/llm_retry.go:278.3,278.36 1 1
github.com/tiancaiamao/ai/pkg/agent/llm_retry.go:278.36,288.4 3 1
github.com/tiancaiamao/ai/pkg/agent/llm_retry.go:291.3,291.48 1 1
github.com/tiancaiamao/ai/pkg/agent/llm_retry.go:291.48,293.57 2 0
github.com/tiancaiamao/ai/pkg/agent/llm_retry.go:293.57,295.5 1 0
github.com/tiancaiamao/ai/pkg/agent/llm_retry.go:296.4,296.30 1 0
github.com/tiancaiamao/ai/pkg/agent/llm_retry.go:296.30,299.13 2 0
github.com/tiancaiamao/ai/pkg/agent/llm_retry.go:305.2,305.20 1 1
github.com/tiancaiamao/ai/pkg/agent/llm_retry.go:305.20,312.26 3 1
github.com/tiancaiamao/ai/pkg/agent/llm_retry.go:312.26,314.4 1 1
github.com/tiancaiamao/ai/pkg/agent/llm_retry.go:315.3,315.89 1 1
github.com/tiancaiamao/ai/pkg/agent/llm_retry.go:317.2,317.21 1 1
github.com/tiancaiamao/ai/pkg/agent/llm_stream.go:24.35,29.21 3 1
github.com/tiancaiamao/ai/pkg/agent/llm_stream.go:29.21,31.3 1 1
github.com/tiancaiamao/ai/pkg/agent/llm_stream.go:32.2,41.81 7 1
github.com/tiancaiamao/ai/pkg/agent/llm_stream.go:41.81,42.44 1 1
github.com/tiancaiamao/ai/pkg/agent/llm_stream.go:42.44,44.4 1 0
github.com/tiancaiamao/ai/pkg/agent/llm_stream.go:44.9,46.4 1 1
github.com/tiancaiamao/ai/pkg/agent/llm_stream.go:57.2,58.31 2 1
github.com/tiancaiamao/ai/pkg/agent/llm_stream.go:58.31,60.3 1 1
github.com/tiancaiamao/ai/pkg/agent/llm_stream.go:63.2,65.30 3 1
github.com/tiancaiamao/ai/pkg/agent/llm_stream.go:65.30,67.3 1 1
github.com/tiancaiamao/ai/pkg/agent/llm_stream.go:68.2,76.33 5 1
github.com/tiancaiamao/ai/pkg/agent/llm_stream.go:76.33,78.3 1 1
github.com/tiancaiamao/ai/pkg/agent/llm_stream.go:79.2,79.34 1 1
github.com/tiancaiamao/ai/pkg/agent/llm_stream.go:79.34,81.3 1 1
github.com/tiancaiamao/ai/pkg/agent/llm_stream.go:83.2,85.34 3 1
github.com/tiancaiamao/ai/pkg/agent/llm_stream.go:85.34,87.3 1 1
github.com/tiancaiamao/ai/pkg/agent/llm_stream.go:90.2,91.25 2 1
github.com/tiancaiamao/ai/pkg/agent/llm_stream.go:91.25,93.3 1 0
github.com/tiancaiamao/ai/pkg/agent/llm_stream.go:94.2,95.24 2 1
github.com/tiancaiamao/ai/pkg/agent/llm_stream.go:95.24,97.3 1 0
github.com/tiancaiamao/ai/pkg/agent/llm_stream.go:98.2,99.23 2 1
github.com/tiancaiamao/ai/pkg/agent/llm_stream.go:99.23,101.3 1 1
github.com/tiancaiamao/ai/pkg/agent/llm_stream.go:103.2,115.27 4 1
github.com/tiancaiamao/ai/pkg/agent/llm_stream.go:115.27,121.3 2 1
github.com/tiancaiamao/ai/pkg/agent/llm_stream.go:124.2,167.107 15 1
github.com/tiancaiamao/ai/pkg/agent/llm_stream.go:167.107,169.21 2 1
github.com/tiancaiamao/ai/pkg/agent/llm_stream.go:169.21,174.4 1 1
github.com/tiancaiamao/ai/pkg/agent/llm_stream.go:175.3,175.17 1 1
github.com/tiancaiamao/ai/pkg/agent/llm_stream.go:175.17,180.4 1 1
github.com/tiancaiamao/ai/pkg/agent/llm_stream.go:182.3,182.22 1 1
github.com/tiancaiamao/ai/pkg/agent/llm_stream.go:182.22,184.4 1 1
github.com/tiancaiamao/ai/pkg/agent/llm_stream.go:186.3,187.26 2 1
github.com/tiancaiamao/ai/pkg/agent/llm_stream.go:187.26,189.4 1 1
github.com/tiancaiamao/ai/pkg/agent/llm_stream.go:190.3,192.31 2 1
github.com/tiancaiamao/ai/pkg/agent/llm_stream.go:192.31,195.28 3 1
github.com/tiancaiamao/ai/pkg/agent/llm_stream.go:195.28,196.76 1 1
github.com/tiancaiamao/ai/pkg/agent/llm_stream.go:196.76,198.6 1 0
github.com/tiancaiamao/ai/pkg/agent/llm_stream.go:201.4,206.6 1 1
github.com/tiancaiamao/ai/pkg/agent/llm_stream.go:209.3,209.17 1 1
github.com/tiancaiamao/ai/pkg/agent/llm_stream.go:212.2,212.45 1 1
github.com/tiancaiamao/ai/pkg/agent/llm_stream.go:212.45,213.17 1 1
github.com/tiancaiamao/ai/pkg/agent/llm_stream.go:213.17,214.9 1 0
github.com/tiancaiamao/ai/pkg/agent/llm_stream.go:217.3,217.34 1 1
github.com/tiancaiamao/ai/pkg/agent/llm_stream.go:218.26,228.7 7 1
github.com/tiancaiamao/ai/pkg/agent/llm_stream.go:230.30,231.29 1 1
github.com/tiancaiamao/ai/pkg/agent/llm_stream.go:231.29,232.28 1 1
github.com/tiancaiamao/ai/pkg/agent/llm_stream.go:232.28,235.6 2 1
github.com/tiancaiamao/ai/pkg/agent/llm_stream.go:236.5,246.8 4 1
github.com/tiancaiamao/ai/pkg/agent/llm_stream.go:249.34,250.29 1 1
github.com/tiancaiamao/ai/pkg/agent/llm_stream.go:250.29,251.31 1 1
github.com/tiancaiamao/ai/pkg/agent/llm_stream.go:251.31,252.11 1 0
github.com/tiancaiamao/ai/pkg/agent/llm_stream.go:254.5,254.28 1 1
github.com/tiancaiamao/ai/pkg/agent/llm_stream.go:254.28,257.6 2 1
github.com/tiancaiamao/ai/pkg/agent/llm_stream.go:258.5,270.8 4 1
github.com/tiancaiamao/ai/pkg/agent/llm_stream.go:273.34,274.29 1 1
github.com/tiancaiamao/ai/pkg/agent/llm_stream.go:274.29,275.28 1 1
github.com/tiancaiamao/ai/pkg/agent/llm_stream.go:275.28,278.6 2 1
github.com/tiancaiamao/ai/pkg/agent/llm_stream.go:279.5,285.12 3 1
github.com/tiancaiamao/ai/pkg/agent/llm_stream.go:285.12,288.6 2 1
github.com/tiancaiamao/ai/pkg/agent/llm_stream.go:290.5,290.28 1 1
github.com/tiancaiamao/ai/pkg/agent/llm_stream.go:290.28,292.6 1 1
github.com/tiancaiamao/ai/pkg/agent/llm_stream.go:293.5,293.30 1 1
github.com/tiancaiamao/ai/pkg/agent/llm_stream.go:293.30,295.6 1 1
github.com/tiancaiamao/ai/pkg/agent/llm_stream.go:296.5,296.39 1 1
github.com/tiancaiamao/ai/pkg/agent/llm_stream.go:296.39,298.6 1 1
github.com/tiancaiamao/ai/pkg/agent/llm_stream.go:299.5,299.44 1 1
github.com/tiancaiamao/ai/pkg/agent/llm_stream.go:299.44,303.6 1 1
github.com/tiancaiamao/ai/pkg/agent/llm_stream.go:305.5,309.8 2 1
github.com/tiancaiamao/ai/pkg/agent/llm_stream.go:312.25,318.19 6 1
github.com/tiancaiamao/ai/pkg/agent/llm_stream.go:318.19,323.5 4 1
github.com/tiancaiamao/ai/pkg/agent/llm_stream.go:324.4,324.29 1 1
github.com/tiancaiamao/ai/pkg/agent/llm_stream.go:324.29,326.5 1 1
github.com/tiancaiamao/ai/pkg/agent/llm_stream.go:327.4,327.29 1 1
github.com/tiancaiamao/ai/pkg/agent/llm_stream.go:327.29,332.5 1 1
github.com/tiancaiamao/ai/pkg/agent/llm_stream.go:333.4,335.29 3 1
github.com/tiancaiamao/ai/pkg/agent/llm_stream.go:335.29,339.5 1 1
github.com/tiancaiamao/ai/pkg/agent/llm_stream.go:339.10,339.31 1 0
github.com/tiancaiamao/ai/pkg/agent/llm_stream.go:339.31,341.5 1 0
github.com/tiancaiamao/ai/pkg/agent/llm_stream.go:341.10,343.5 1 0
github.com/tiancaiamao/ai/pkg/agent/llm_stream.go:345.4,357.70 7 1
github.com/tiancaiamao/ai/pkg/agent/llm_stream.go:357.70,359.5 1 0
github.com/tiancaiamao/ai/pkg/agent/llm_stream.go:359.10,359.75 1 1
github.com/tiancaiamao/ai/pkg/agent/llm_stream.go:359.75,361.5 1 1
github.com/tiancaiamao/ai/pkg/agent/llm_stream.go:361.10,364.53 2 1
github.com/tiancaiamao/ai/pkg/agent/llm_stream.go:364.53,372.6 2 0
github.com/tiancaiamao/ai/pkg/agent/llm_stream.go:375.4,376.29 2 1
github.com/tiancaiamao/ai/pkg/agent/llm_stream.go:378.26,380.21 2 1
github.com/tiancaiamao/ai/pkg/agent/llm_stream.go:380.21,382.5 1 0
github.com/tiancaiamao/ai/pkg/agent/llm_stream.go:383.4,383.51 1 1
github.com/tiancaiamao/ai/pkg/agent/llm_stream.go:383.51,385.5 1 0
github.com/tiancaiamao/ai/pkg/agent/llm_stream.go:386.4,390.27 5 1
github.com/tiancaiamao/ai/pkg/agent/llm_stream.go:390.27,392.5 1 0
github.com/tiancaiamao/ai/pkg/agent/llm_stream.go:393.4,393.27 1 1
github.com/tiancaiamao/ai/pkg/agent/llm_stream.go:393.27,395.5 1 0
github.com/tiancaiamao/ai/pkg/agent/llm_stream.go:396.4,397.52 2 1
github.com/tiancaiamao/ai/pkg/agent/llm_stream.go:397.52,399.5 1 1
github.com/tiancaiamao/ai/pkg/agent/llm_stream.go:400.4,400.29 1 1
github.com/tiancaiamao/ai/pkg/agent/llm_stream.go:400.29,402.5 1 0
github.com/tiancaiamao/ai/pkg/agent/llm_stream.go:403.4,403.26 1 1
github.com/tiancaiamao/ai/pkg/agent/llm_stream.go:409.2,409.62 1 1
github.com/tiancaiamao/ai/pkg/agent/llm_stream.go:409.62,411.3 1 0
github.com/tiancaiamao/ai/pkg/agent/llm_stream.go:413.2,413.28 1 1
github.com/tiancaiamao/ai/pkg/agent/llm_stream.go:416.94,417.21 1 1
github.com/tiancaiamao/ai/pkg/agent/llm_stream.go:417.21,419.3 1 0
github.com/tiancaiamao/ai/pkg/agent/llm_stream.go:420.2,420.39 1 1
github.com/tiancaiamao/ai/pkg/agent/llm_stream.go:420.39,422.3 1 0
github.com/tiancaiamao/ai/pkg/agent/llm_stream.go:423.2,423.74 1 1
github.com/tiancaiamao/ai/pkg/agent/llm_stream.go:426.85,428.48 2 1
github.com/tiancaiamao/ai/pkg/agent/llm_stream.go:428.48,430.3 1 1
github.com/tiancaiamao/ai/pkg/agent/llm_stream.go:431.2,431.50 1 1
github.com/tiancaiamao/ai/pkg/agent/llm_stream.go:431.50,433.3 1 1
github.com/tiancaiamao/ai/pkg/agent/llm_stream.go:434.2,434.24 1 1
github.com/tiancaiamao/ai/pkg/agent/llm_stream.go:434.24,436.3 1 1
github.com/tiancaiamao/ai/pkg/agent/llm_stream.go:437.2,439.39 2 1
github.com/tiancaiamao/ai/pkg/agent/llm_stream.go:444.87,446.2 1 1
github.com/tiancaiamao/ai/pkg/agent/llm_stream.go:454.18,455.21 1 1
github.com/tiancaiamao/ai/pkg/agent/llm_stream.go:455.21,457.3 1 0
github.com/tiancaiamao/ai/pkg/agent/llm_stream.go:458.2,458.25 1 1
github.com/tiancaiamao/ai/pkg/agent/llm_stream.go:458.25,460.3 1 0
github.com/tiancaiamao/ai/pkg/agent/llm_stream.go:462.2,469.20 4 1
github.com/tiancaiamao/ai/pkg/agent/llm_stream.go:469.20,471.3 1 1
github.com/tiancaiamao/ai/pkg/agent/llm_stream.go:473.2,518.23 8 1
github.com/tiancaiamao/ai/pkg/agent/llm_stream.go:521.98,522.24 1 1
github.com/tiancaiamao/ai/pkg/agent/llm_stream.go:522.24,524.3 1 1
github.com/tiancaiamao/ai/pkg/agent/llm_stream.go:527.2,528.42 2 1
github.com/tiancaiamao/ai/pkg/agent/llm_stream.go:528.42,529.33 1 1
github.com/tiancaiamao/ai/pkg/agent/llm_stream.go:529.33,531.9 2 1
github.com/tiancaiamao/ai/pkg/agent/llm_stream.go:536.2,536.23 1 1
github.com/tiancaiamao/ai/pkg/agent/llm_stream.go:536.23,538.3 1 1
github.com/tiancaiamao/ai/pkg/agent/llm_stream.go:541.2,545.15 5 1
github.com/tiancaiamao/ai/pkg/agent/loop.go:73.54,74.28 1 1
github.com/tiancaiamao/ai/pkg/agent/loop.go:74.28,76.3 1 1
github.com/tiancaiamao/ai/pkg/agent/loop.go:77.2,77.21 1 1
github.com/tiancaiamao/ai/pkg/agent/loop.go:81.52,82.29 1 1
github.com/tiancaiamao/ai/pkg/agent/loop.go:82.29,84.3 1 1
github.com/tiancaiamao/ai/pkg/agent/loop.go:85.2,85.22 1 1
github.com/tiancaiamao/ai/pkg/agent/loop.go:89.38,101.2 1 1
github.com/tiancaiamao/ai/pkg/agent/loop.go:111.57,113.27 1 1
github.com/tiancaiamao/ai/pkg/agent/loop.go:113.27,113.61 1 1
github.com/tiancaiamao/ai/pkg/agent/loop.go:114.46,114.67 1 1
github.com/tiancaiamao/ai/pkg/agent/loop.go:117.2,117.12 1 1
github.com/tiancaiamao/ai/pkg/agent/loop.go:117.12,132.31 6 1
github.com/tiancaiamao/ai/pkg/agent/loop.go:132.31,135.4 2 1
github.com/tiancaiamao/ai/pkg/agent/loop.go:137.3,137.61 1 1
github.com/tiancaiamao/ai/pkg/agent/loop.go:140.2,140.15 1 1
github.com/tiancaiamao/ai/pkg/agent/loop.go:150.3,166.60 11 1
github.com/tiancaiamao/ai/pkg/agent/loop.go:166.60,168.27 2 0
github.com/tiancaiamao/ai/pkg/agent/loop.go:168.27,170.4 1 0
github.com/tiancaiamao/ai/pkg/agent/loop.go:171.3,171.16 1 0
github.com/tiancaiamao/ai/pkg/agent/loop.go:171.16,172.28 1 0
github.com/tiancaiamao/ai/pkg/agent/loop.go:172.28,174.5 1 0
github.com/tiancaiamao/ai/pkg/agent/loop.go:178.2,178.6 1 1
github.com/tiancaiamao/ai/pkg/agent/loop.go:178.6,180.10 1 1
github.com/tiancaiamao/ai/pkg/agent/loop.go:181.21,183.10 2 0
github.com/tiancaiamao/ai/pkg/agent/loop.go:184.11,184.11 0 1
github.com/tiancaiamao/ai/pkg/agent/loop.go:188.3,188.58 1 1
github.com/tiancaiamao/ai/pkg/agent/loop.go:188.58,194.4 3 1
github.com/tiancaiamao/ai/pkg/agent/loop.go:196.3,206.39 7 1
github.com/tiancaiamao/ai/pkg/agent/loop.go:206.39,207.38 1 1
github.com/tiancaiamao/ai/pkg/agent/loop.go:207.38,208.27 1 1
github.com/tiancaiamao/ai/pkg/agent/loop.go:208.27,222.6 4 1
github.com/tiancaiamao/ai/pkg/agent/loop.go:223.5,225.26 3 1
github.com/tiancaiamao/ai/pkg/agent/loop.go:225.26,226.11 1 1
github.com/tiancaiamao/ai/pkg/agent/loop.go:227.11,229.6 1 0
github.com/tiancaiamao/ai/pkg/agent/loop.go:234.3,234.24 1 1
github.com/tiancaiamao/ai/pkg/agent/loop.go:234.24,235.25 1 1
github.com/tiancaiamao/ai/pkg/agent/loop.go:235.25,247.5 5 0
github.com/tiancaiamao/ai/pkg/agent/loop.go:247.10,247.31 1 1
github.com/tiancaiamao/ai/pkg/agent/loop.go:247.31,256.5 3 0
github.com/tiancaiamao/ai/pkg/agent/loop.go:256.10,278.65 6 1
github.com/tiancaiamao/ai/pkg/agent/loop.go:278.65,279.37 1 0
github.com/tiancaiamao/ai/pkg/agent/loop.go:279.37,281.101 2 0
github.com/tiancaiamao/ai/pkg/agent/loop.go:281.101,283.8 1 0
github.com/tiancaiamao/ai/pkg/agent/loop.go:283.13,285.8 1 0
github.com/tiancaiamao/ai/pkg/agent/loop.go:286.12,288.7 1 0
github.com/tiancaiamao/ai/pkg/agent/loop.go:294.3,295.17 2 1
github.com/tiancaiamao/ai/pkg/agent/loop.go:295.17,296.120 1 1
github.com/tiancaiamao/ai/pkg/agent/loop.go:296.120,313.41 6 1
github.com/tiancaiamao/ai/pkg/agent/loop.go:313.41,315.28 2 1
github.com/tiancaiamao/ai/pkg/agent/loop.go:315.28,316.12 1 1
github.com/tiancaiamao/ai/pkg/agent/loop.go:320.5,320.27 1 1
github.com/tiancaiamao/ai/pkg/agent/loop.go:320.27,324.55 4 1
github.com/tiancaiamao/ai/pkg/agent/loop.go:324.55,326.7 1 0
github.com/tiancaiamao/ai/pkg/agent/loop.go:327.6,333.9 2 1
github.com/tiancaiamao/ai/pkg/agent/loop.go:334.11,336.34 2 1
github.com/tiancaiamao/ai/pkg/agent/loop.go:336.34,340.7 1 1
github.com/tiancaiamao/ai/pkg/agent/loop.go:341.6,344.27 3 1
github.com/tiancaiamao/ai/pkg/agent/loop.go:344.27,345.36 1 1
github.com/tiancaiamao/ai/pkg/agent/loop.go:345.36,347.9 1 1
github.com/tiancaiamao/ai/pkg/agent/loop.go:348.8,348.17 1 0
github.com/tiancaiamao/ai/pkg/agent/loop.go:354.32,355.36 1 1
github.com/tiancaiamao/ai/pkg/agent/loop.go:355.36,357.9 1 1
github.com/tiancaiamao/ai/pkg/agent/loop.go:358.8,358.16 1 0
github.com/tiancaiamao/ai/pkg/agent/loop.go:360.31,361.36 1 1
github.com/tiancaiamao/ai/pkg/agent/loop.go:361.36,363.9 1 1
github.com/tiancaiamao/ai/pkg/agent/loop.go:364.8,364.16 1 0
github.com/tiancaiamao/ai/pkg/agent/loop.go:366.34,367.36 1 1
github.com/tiancaiamao/ai/pkg/agent/loop.go:367.36,369.9 1 1
github.com/tiancaiamao/ai/pkg/agent/loop.go:370.8,370.16 1 0
github.com/tiancaiamao/ai/pkg/agent/loop.go:372.38,373.36 1 1
github.com/tiancaiamao/ai/pkg/agent/loop.go:373.36,375.9 1 1
github.com/tiancaiamao/ai/pkg/agent/loop.go:376.8,376.20 1 0
github.com/tiancaiamao/ai/pkg/agent/loop.go:382.6,382.66 1 1
github.com/tiancaiamao/ai/pkg/agent/loop.go:382.66,383.74 1 0
github.com/tiancaiamao/ai/pkg/agent/loop.go:383.74,384.104 1 0
github.com/tiancaiamao/ai/pkg/agent/loop.go:384.104,386.9 1 0
github.com/tiancaiamao/ai/pkg/agent/loop.go:386.14,388.9 1 0
github.com/tiancaiamao/ai/pkg/agent/loop.go:389.13,391.8 1 0
github.com/tiancaiamao/ai/pkg/agent/loop.go:393.6,393.14 1 1
github.com/tiancaiamao/ai/pkg/agent/loop.go:397.4,401.45 3 1
github.com/tiancaiamao/ai/pkg/agent/loop.go:401.45,403.5 1 1
github.com/tiancaiamao/ai/pkg/agent/loop.go:404.4,408.10 5 1
github.com/tiancaiamao/ai/pkg/agent/loop.go:411.3,411.17 1 1
github.com/tiancaiamao/ai/pkg/agent/loop.go:411.17,415.4 2 1
github.com/tiancaiamao/ai/pkg/agent/loop.go:417.3,421.52 3 1
github.com/tiancaiamao/ai/pkg/agent/loop.go:421.52,425.32 3 1
github.com/tiancaiamao/ai/pkg/agent/loop.go:425.32,427.5 1 0
github.com/tiancaiamao/ai/pkg/agent/loop.go:429.4,431.65 3 1
github.com/tiancaiamao/ai/pkg/agent/loop.go:435.3,435.63 1 1
github.com/tiancaiamao/ai/pkg/agent/loop.go:435.63,439.4 3 0
github.com/tiancaiamao/ai/pkg/agent/loop.go:444.3,444.74 1 1
github.com/tiancaiamao/ai/pkg/agent/loop.go:444.74,451.4 4 0
github.com/tiancaiamao/ai/pkg/agent/loop.go:454.3,456.23 3 1
github.com/tiancaiamao/ai/pkg/agent/loop.go:456.23,458.4 1 1
github.com/tiancaiamao/ai/pkg/agent/loop.go:459.3,459.43 1 1
github.com/tiancaiamao/ai/pkg/agent/loop.go:459.43,460.64 1 1
github.com/tiancaiamao/ai/pkg/agent/loop.go:460.64,471.5 7 1
github.com/tiancaiamao/ai/pkg/agent/loop.go:474.3,475.23 2 1
github.com/tiancaiamao/ai/pkg/agent/loop.go:475.23,477.39 2 1
github.com/tiancaiamao/ai/pkg/agent/loop.go:477.39,480.5 2 1
github.com/tiancaiamao/ai/pkg/agent/loop.go:483.3,486.23 2 1
github.com/tiancaiamao/ai/pkg/agent/loop.go:486.23,488.4 1 1
github.com/tiancaiamao/ai/pkg/agent/loop.go:495.3,495.120 1 1
github.com/tiancaiamao/ai/pkg/agent/loop.go:495.120,497.98 2 0
github.com/tiancaiamao/ai/pkg/agent/loop.go:497.98,499.5 1 0
github.com/tiancaiamao/ai/pkg/agent/loop.go:499.10,501.5 1 0
github.com/tiancaiamao/ai/pkg/agent/loop.go:505.3,505.24 1 1
github.com/tiancaiamao/ai/pkg/agent/loop.go:505.24,506.109 1 1
github.com/tiancaiamao/ai/pkg/agent/loop.go:506.109,507.13 1 1
github.com/tiancaiamao/ai/pkg/agent/loop.go:513.4,513.123 1 1
github.com/tiancaiamao/ai/pkg/agent/loop.go:513.123,521.13 3 1
github.com/tiancaiamao/ai/pkg/agent/loop.go:524.4,524.9 1 1
github.com/tiancaiamao/ai/pkg/agent/loop.go:528.2,528.56 1 1
github.com/tiancaiamao/ai/pkg/agent/loop.go:531.32,533.16 2 1
github.com/tiancaiamao/ai/pkg/agent/loop.go:533.16,535.3 1 0
github.com/tiancaiamao/ai/pkg/agent/loop.go:536.2,537.35 2 1
github.com/tiancaiamao/ai/pkg/agent/loop.go:541.28,543.2 1 0
github.com/tiancaiamao/ai/pkg/agent/loop.go:548.65,549.16 1 1
github.com/tiancaiamao/ai/pkg/agent/loop.go:549.16,551.3 1 1
github.com/tiancaiamao/ai/pkg/agent/loop.go:552.2,552.36 1 1
github.com/tiancaiamao/ai/pkg/agent/loop.go:552.36,553.28 1 1
github.com/tiancaiamao/ai/pkg/agent/loop.go:554.29,556.39 1 1
github.com/tiancaiamao/ai/pkg/agent/loop.go:556.39,558.5 1 1
github.com/tiancaiamao/ai/pkg/agent/loop.go:559.33,561.16 1 1
github.com/tiancaiamao/ai/pkg/agent/loop.go:565.2,565.13 1 1
github.com/tiancaiamao/ai/pkg/agent/metrics.go:123.52,137.2 1 1
github.com/tiancaiamao/ai/pkg/agent/metrics.go:141.37,148.2 3 1
github.com/tiancaiamao/ai/pkg/agent/metrics.go:152.41,154.18 2 1
github.com/tiancaiamao/ai/pkg/agent/metrics.go:154.18,157.3 2 1
github.com/tiancaiamao/ai/pkg/agent/metrics.go:158.2,166.18 6 1
github.com/tiancaiamao/ai/pkg/agent/metrics.go:166.18,168.3 1 0
github.com/tiancaiamao/ai/pkg/agent/metrics.go:170.2,171.22 2 1
github.com/tiancaiamao/ai/pkg/agent/metrics.go:171.22,173.3 1 1
github.com/tiancaiamao/ai/pkg/agent/metrics.go:174.2,188.26 4 1
github.com/tiancaiamao/ai/pkg/agent/metrics.go:188.26,196.32 6 1
github.com/tiancaiamao/ai/pkg/agent/metrics.go:196.32,198.4 1 1
github.com/tiancaiamao/ai/pkg/agent/metrics.go:199.8,202.19 2 1
github.com/tiancaiamao/ai/pkg/agent/metrics.go:202.19,204.4 1 0
github.com/tiancaiamao/ai/pkg/agent/metrics.go:207.3,207.44 1 1
github.com/tiancaiamao/ai/pkg/agent/metrics.go:207.44,209.4 1 1
github.com/tiancaiamao/ai/pkg/agent/metrics.go:213.2,220.31 6 1
github.com/tiancaiamao/ai/pkg/agent/metrics.go:220.31,222.3 1 1
github.com/tiancaiamao/ai/pkg/agent/metrics.go:222.8,224.3 1 1
github.com/tiancaiamao/ai/pkg/agent/metrics.go:227.44,229.18 2 1
github.com/tiancaiamao/ai/pkg/agent/metrics.go:229.18,231.3 1 0
github.com/tiancaiamao/ai/pkg/agent/metrics.go:232.2,238.36 7 1
github.com/tiancaiamao/ai/pkg/agent/metrics.go:238.36,240.3 1 0
github.com/tiancaiamao/ai/pkg/agent/metrics.go:241.2,241.53 1 1
github.com/tiancaiamao/ai/pkg/agent/metrics.go:241.53,243.3 1 1
github.com/tiancaiamao/ai/pkg/agent/metrics.go:245.2,249.39 5 1
github.com/tiancaiamao/ai/pkg/agent/metrics.go:249.39,250.30 1 1
github.com/tiancaiamao/ai/pkg/agent/metrics.go:250.30,251.12 1 0
github.com/tiancaiamao/ai/pkg/agent/metrics.go:253.3,253.36 1 1
github.com/tiancaiamao/ai/pkg/agent/metrics.go:253.36,255.4 1 1
github.com/tiancaiamao/ai/pkg/agent/metrics.go:256.3,256.25 1 1
github.com/tiancaiamao/ai/pkg/agent/metrics.go:256.25,258.4 1 1
github.com/tiancaiamao/ai/pkg/agent/metrics.go:259.3,261.48 3 1
github.com/tiancaiamao/ai/pkg/agent/metrics.go:263.2,263.49 1 1
github.com/tiancaiamao/ai/pkg/agent/metrics.go:263.49,266.3 2 0
github.com/tiancaiamao/ai/pkg/agent/metrics.go:267.2,267.24 1 1
github.com/tiancaiamao/ai/pkg/agent/metrics.go:267.24,269.3 1 0
github.com/tiancaiamao/ai/pkg/agent/metrics.go:270.2,272.84 3 1
github.com/tiancaiamao/ai/pkg/agent/metrics.go:276.63,277.40 1 1
github.com/tiancaiamao/ai/pkg/agent/metrics.go:278.16,279.27 1 1
github.com/tiancaiamao/ai/pkg/agent/metrics.go:280.18,281.24 1 1
github.com/tiancaiamao/ai/pkg/agent/metrics.go:282.24,283.25 1 1
github.com/tiancaiamao/ai/pkg/agent/metrics.go:284.21,285.28 1 1
github.com/tiancaiamao/ai/pkg/agent/metrics.go:286.62,287.28 1 0
github.com/tiancaiamao/ai/pkg/agent/metrics.go:292.64,293.40 1 1
github.com/tiancaiamao/ai/pkg/agent/metrics.go:293.40,299.44 5 1
github.com/tiancaiamao/ai/pkg/agent/metrics.go:299.44,301.4 1 1
github.com/tiancaiamao/ai/pkg/agent/metrics.go:303.2,303.42 1 1
github.com/tiancaiamao/ai/pkg/agent/metrics.go:303.42,305.3 1 1
github.com/tiancaiamao/ai/pkg/agent/metrics.go:309.61,310.40 1 1
github.com/tiancaiamao/ai/pkg/agent/metrics.go:310.40,314.23 4 1
github.com/tiancaiamao/ai/pkg/agent/metrics.go:314.23,316.4 1 1
github.com/tiancaiamao/ai/pkg/agent/metrics.go:317.3,330.51 14 1
github.com/tiancaiamao/ai/pkg/agent/metrics.go:330.51,332.4 1 1
github.com/tiancaiamao/ai/pkg/agent/metrics.go:333.3,341.23 3 1
github.com/tiancaiamao/ai/pkg/agent/metrics.go:341.23,344.4 2 1
github.com/tiancaiamao/ai/pkg/agent/metrics.go:346.3,346.78 1 1
github.com/tiancaiamao/ai/pkg/agent/metrics.go:346.78,349.38 3 1
github.com/tiancaiamao/ai/pkg/agent/metrics.go:349.38,351.5 1 0
github.com/tiancaiamao/ai/pkg/agent/metrics.go:352.4,352.19 1 1
github.com/tiancaiamao/ai/pkg/agent/metrics.go:353.31,354.43 1 1
github.com/tiancaiamao/ai/pkg/agent/metrics.go:355.29,356.41 1 1
github.com/tiancaiamao/ai/pkg/agent/metrics.go:357.34,358.46 1 0
github.com/tiancaiamao/ai/pkg/agent/metrics.go:359.29,360.41 1 0
github.com/tiancaiamao/ai/pkg/agent/metrics.go:361.28,362.40 1 0
github.com/tiancaiamao/ai/pkg/agent/metrics.go:363.28,364.40 1 0
github.com/tiancaiamao/ai/pkg/agent/metrics.go:365.30,366.42 1 0
github.com/tiancaiamao/ai/pkg/agent/metrics.go:367.12,368.41 1 0
github.com/tiancaiamao/ai/pkg/agent/metrics.go:370.4,374.89 5 1
github.com/tiancaiamao/ai/pkg/agent/metrics.go:374.89,376.5 1 1
github.com/tiancaiamao/ai/pkg/agent/metrics.go:379.2,379.42 1 1
github.com/tiancaiamao/ai/pkg/agent/metrics.go:379.42,382.84 3 1
github.com/tiancaiamao/ai/pkg/agent/metrics.go:382.84,384.4 1 1
github.com/tiancaiamao/ai/pkg/agent/metrics.go:389.62,390.42 1 1
github.com/tiancaiamao/ai/pkg/agent/metrics.go:390.42,392.3 1 1
github.com/tiancaiamao/ai/pkg/agent/metrics.go:393.2,393.40 1 1
github.com/tiancaiamao/ai/pkg/agent/metrics.go:393.40,397.21 3 1
github.com/tiancaiamao/ai/pkg/agent/metrics.go:397.21,399.4 1 0
github.com/tiancaiamao/ai/pkg/agent/metrics.go:401.3,402.10 2 1
github.com/tiancaiamao/ai/pkg/agent/metrics.go:402.10,405.4 2 1
github.com/tiancaiamao/ai/pkg/agent/metrics.go:407.3,412.44 5 1
github.com/tiancaiamao/ai/pkg/agent/metrics.go:412.44,414.4 1 0
github.com/tiancaiamao/ai/pkg/agent/metrics.go:414.9,416.4 1 1
github.com/tiancaiamao/ai/pkg/agent/metrics.go:421.65,422.44 1 1
github.com/tiancaiamao/ai/pkg/agent/metrics.go:422.44,424.3 1 0
github.com/tiancaiamao/ai/pkg/agent/metrics.go:425.2,426.14 2 1
github.com/tiancaiamao/ai/pkg/agent/metrics.go:427.14,428.38 1 0
github.com/tiancaiamao/ai/pkg/agent/metrics.go:429.19,430.43 1 1
github.com/tiancaiamao/ai/pkg/agent/metrics.go:435.65,436.44 1 0
github.com/tiancaiamao/ai/pkg/agent/metrics.go:436.44,438.3 1 0
github.com/tiancaiamao/ai/pkg/agent/metrics.go:440.2,444.20 4 0
github.com/tiancaiamao/ai/pkg/agent/metrics.go:445.33,446.41 1 0
github.com/tiancaiamao/ai/pkg/agent/metrics.go:447.35,448.43 1 0
github.com/tiancaiamao/ai/pkg/agent/metrics.go:453.71,460.9 5 0
github.com/tiancaiamao/ai/pkg/agent/metrics.go:460.9,462.3 1 0
github.com/tiancaiamao/ai/pkg/agent/metrics.go:464.2,472.3 1 0
github.com/tiancaiamao/ai/pkg/agent/metrics.go:476.54,483.2 4 1
github.com/tiancaiamao/ai/pkg/agent/metrics.go:485.65,488.20 3 1
github.com/tiancaiamao/ai/pkg/agent/metrics.go:488.20,490.3 1 1
github.com/tiancaiamao/ai/pkg/agent/metrics.go:492.2,493.20 2 1
github.com/tiancaiamao/ai/pkg/agent/metrics.go:493.20,495.3 1 1
github.com/tiancaiamao/ai/pkg/agent/metrics.go:497.2,498.62 2 1
github.com/tiancaiamao/ai/pkg/agent/metrics.go:498.62,500.3 1 1
github.com/tiancaiamao/ai/pkg/agent/metrics.go:502.2,503.20 2 1
github.com/tiancaiamao/ai/pkg/agent/metrics.go:503.20,505.3 1 1
github.com/tiancaiamao/ai/pkg/agent/metrics.go:507.2,512.101 5 1
github.com/tiancaiamao/ai/pkg/agent/metrics.go:512.101,514.3 1 1
github.com/tiancaiamao/ai/pkg/agent/metrics.go:515.2,580.3 10 1
github.com/tiancaiamao/ai/pkg/agent/metrics.go:584.60,591.2 4 1
github.com/tiancaiamao/ai/pkg/agent/metrics.go:593.71,596.20 3 1
github.com/tiancaiamao/ai/pkg/agent/metrics.go:596.20,598.3 1 1
github.com/tiancaiamao/ai/pkg/agent/metrics.go:600.2,608.3 1 1
github.com/tiancaiamao/ai/pkg/agent/metrics.go:612.60,619.2 4 1
github.com/tiancaiamao/ai/pkg/agent/metrics.go:621.71,628.2 1 1
github.com/tiancaiamao/ai/pkg/agent/metrics.go:630.73,638.2 1 1
github.com/tiancaiamao/ai/pkg/agent/metrics.go:641.42,648.38 5 0
github.com/tiancaiamao/ai/pkg/agent/metrics.go:648.38,650.3 1 0
github.com/tiancaiamao/ai/pkg/agent/metrics.go:651.2,651.14 1 0
github.com/tiancaiamao/ai/pkg/agent/metrics.go:655.56,662.42 5 1
github.com/tiancaiamao/ai/pkg/agent/metrics.go:662.42,672.3 1 0
github.com/tiancaiamao/ai/pkg/agent/metrics.go:674.2,681.3 1 1
github.com/tiancaiamao/ai/pkg/agent/metrics.go:685.52,687.2 1 0
github.com/tiancaiamao/ai/pkg/agent/metrics.go:690.27,706.2 12 0
github.com/tiancaiamao/ai/pkg/agent/metrics.go:711.65,714.2 2 1
github.com/tiancaiamao/ai/pkg/agent/metrics.go:718.45,719.14 1 1
github.com/tiancaiamao/ai/pkg/agent/metrics.go:720.36,721.18 1 1
github.com/tiancaiamao/ai/pkg/agent/metrics.go:722.40,723.20 1 0
github.com/tiancaiamao/ai/pkg/agent/metrics.go:724.52,725.26 1 0
github.com/tiancaiamao/ai/pkg/agent/metrics.go:726.44,727.22 1 0
github.com/tiancaiamao/ai/pkg/agent/metrics.go:728.52,729.26 1 0
github.com/tiancaiamao/ai/pkg/agent/metrics.go:730.10,731.14 1 1
github.com/tiancaiamao/ai/pkg/agent/metrics.go:735.69,736.27 1 1
github.com/tiancaiamao/ai/pkg/agent/metrics.go:736.27,737.37 1 1
github.com/tiancaiamao/ai/pkg/agent/metrics.go:737.37,738.12 1 1
github.com/tiancaiamao/ai/pkg/agent/metrics.go:740.3,740.30 1 1
github.com/tiancaiamao/ai/pkg/agent/metrics.go:741.15,742.12 1 1
github.com/tiancaiamao/ai/pkg/agent/metrics.go:743.11,744.24 1 0
github.com/tiancaiamao/ai/pkg/agent/metrics.go:747.2,747.11 1 1
github.com/tiancaiamao/ai/pkg/agent/metrics.go:750.67,751.27 1 1
github.com/tiancaiamao/ai/pkg/agent/metrics.go:751.27,752.37 1 1
github.com/tiancaiamao/ai/pkg/agent/metrics.go:752.37,753.12 1 1
github.com/tiancaiamao/ai/pkg/agent/metrics.go:755.3,755.30 1 1
github.com/tiancaiamao/ai/pkg/agent/metrics.go:756.12,757.19 1 1
github.com/tiancaiamao/ai/pkg/agent/metrics.go:758.14,759.12 1 1
github.com/tiancaiamao/ai/pkg/agent/metrics.go:760.15,761.19 1 0
github.com/tiancaiamao/ai/pkg/agent/metrics.go:762.16,763.19 1 0
github.com/tiancaiamao/ai/pkg/agent/metrics.go:764.22,765.27 1 0
github.com/tiancaiamao/ai/pkg/agent/metrics.go:766.15,769.17 3 0
github.com/tiancaiamao/ai/pkg/agent/metrics.go:772.2,772.10 1 1
github.com/tiancaiamao/ai/pkg/agent/metrics.go:775.65,776.27 1 1
github.com/tiancaiamao/ai/pkg/agent/metrics.go:776.27,777.37 1 1
github.com/tiancaiamao/ai/pkg/agent/metrics.go:777.37,778.12 1 1
github.com/tiancaiamao/ai/pkg/agent/metrics.go:780.3,780.30 1 1
github.com/tiancaiamao/ai/pkg/agent/metrics.go:781.13,782.12 1 1
github.com/tiancaiamao/ai/pkg/agent/metrics.go:783.15,784.34 1 0
github.com/tiancaiamao/ai/pkg/agent/metrics.go:785.12,786.17 1 0
github.com/tiancaiamao/ai/pkg/agent/metrics.go:787.14,788.17 1 0
github.com/tiancaiamao/ai/pkg/agent/metrics.go:791.2,791.14 1 0
github.com/tiancaiamao/ai/pkg/agent/metrics.go:794.37,795.13 1 1
github.com/tiancaiamao/ai/pkg/agent/metrics.go:795.13,797.3 1 1
github.com/tiancaiamao/ai/pkg/agent/metrics.go:798.2,798.25 1 1
github.com/tiancaiamao/ai/pkg/agent/metrics.go:801.40,802.14 1 0
github.com/tiancaiamao/ai/pkg/agent/metrics.go:802.14,804.3 1 0
github.com/tiancaiamao/ai/pkg/agent/metrics.go:805.2,805.36 1 0
github.com/tiancaiamao/ai/pkg/agent/metrics.go:808.55,809.16 1 1
github.com/tiancaiamao/ai/pkg/agent/metrics.go:809.16,811.3 1 1
github.com/tiancaiamao/ai/pkg/agent/metrics.go:812.2,812.39 1 1
github.com/tiancaiamao/ai/pkg/agent/metrics.go:815.53,816.16 1 0
github.com/tiancaiamao/ai/pkg/agent/metrics.go:816.16,818.3 1 0
github.com/tiancaiamao/ai/pkg/agent/metrics.go:819.2,819.36 1 0
github.com/tiancaiamao/ai/pkg/agent/metrics.go:822.54,823.36 1 1
github.com/tiancaiamao/ai/pkg/agent/metrics.go:823.36,825.3 1 1
github.com/tiancaiamao/ai/pkg/agent/metrics.go:826.2,826.69 1 1
github.com/tiancaiamao/ai/pkg/agent/result.go:8.65,10.31 2 1
github.com/tiancaiamao/ai/pkg/agent/result.go:10.31,11.50 1 1
github.com/tiancaiamao/ai/pkg/agent/result.go:11.50,15.4 3 1
github.com/tiancaiamao/ai/pkg/agent/result.go:17.2,17.14 1 1
github.com/tiancaiamao/ai/pkg/agent/runtime_meta.go:10.103,11.24 1 1
github.com/tiancaiamao/ai/pkg/agent/runtime_meta.go:11.24,13.3 1 0
github.com/tiancaiamao/ai/pkg/agent/runtime_meta.go:16.2,17.31 2 1
github.com/tiancaiamao/ai/pkg/agent/runtime_meta.go:17.31,18.27 1 1
github.com/tiancaiamao/ai/pkg/agent/runtime_meta.go:18.27,20.4 1 1
github.com/tiancaiamao/ai/pkg/agent/runtime_meta.go:23.2,23.23 1 1
github.com/tiancaiamao/ai/pkg/agent/runtime_meta.go:23.23,25.3 1 0
github.com/tiancaiamao/ai/pkg/agent/runtime_meta.go:28.2,28.22 1 1
github.com/tiancaiamao/ai/pkg/agent/runtime_meta.go:28.22,30.3 1 0
github.com/tiancaiamao/ai/pkg/agent/runtime_meta.go:33.2,36.41 3 1
github.com/tiancaiamao/ai/pkg/agent/runtime_meta.go:36.41,38.60 2 1
github.com/tiancaiamao/ai/pkg/agent/runtime_meta.go:38.60,39.9 1 0
github.com/tiancaiamao/ai/pkg/agent/runtime_meta.go:41.3,42.12 2 1
github.com/tiancaiamao/ai/pkg/agent/runtime_meta.go:45.2,45.27 1 1
github.com/tiancaiamao/ai/pkg/agent/runtime_meta.go:45.27,47.3 1 0
github.com/tiancaiamao/ai/pkg/agent/runtime_meta.go:49.2,54.86 2 1
github.com/tiancaiamao/ai/pkg/agent/runtime_meta.go:54.86,56.3 1 1
github.com/tiancaiamao/ai/pkg/agent/runtime_meta.go:58.2,58.15 1 1
github.com/tiancaiamao/ai/pkg/agent/runtime_meta.go:63.71,65.31 2 1
github.com/tiancaiamao/ai/pkg/agent/runtime_meta.go:65.31,67.3 1 1
github.com/tiancaiamao/ai/pkg/agent/runtime_meta.go:68.2,68.14 1 1
github.com/tiancaiamao/ai/pkg/agent/runtime_meta.go:74.107,75.24 1 1
github.com/tiancaiamao/ai/pkg/agent/runtime_meta.go:75.24,77.3 1 0
github.com/tiancaiamao/ai/pkg/agent/runtime_meta.go:79.2,80.31 2 1
github.com/tiancaiamao/ai/pkg/agent/runtime_meta.go:80.31,81.27 1 1
github.com/tiancaiamao/ai/pkg/agent/runtime_meta.go:81.27,83.4 1 1
github.com/tiancaiamao/ai/pkg/agent/runtime_meta.go:85.2,85.23 1 1
github.com/tiancaiamao/ai/pkg/agent/runtime_meta.go:85.23,87.3 1 0
github.com/tiancaiamao/ai/pkg/agent/runtime_meta.go:89.2,90.41 2 1
github.com/tiancaiamao/ai/pkg/agent/runtime_meta.go:90.41,91.49 1 1
github.com/tiancaiamao/ai/pkg/agent/runtime_meta.go:91.49,93.9 2 1
github.com/tiancaiamao/ai/pkg/agent/runtime_meta.go:97.2,98.22 2 1
github.com/tiancaiamao/ai/pkg/agent/runtime_meta.go:98.22,100.3 1 0
github.com/tiancaiamao/ai/pkg/agent/runtime_meta.go:101.2,101.51 1 1
github.com/tiancaiamao/ai/pkg/agent/runtime_meta.go:104.45,106.19 2 1
github.com/tiancaiamao/ai/pkg/agent/runtime_meta.go:106.19,108.3 1 1
github.com/tiancaiamao/ai/pkg/agent/runtime_meta.go:109.2,109.31 1 1
github.com/tiancaiamao/ai/pkg/agent/runtime_meta.go:118.87,120.24 2 1
github.com/tiancaiamao/ai/pkg/agent/runtime_meta.go:120.24,122.3 1 1
github.com/tiancaiamao/ai/pkg/agent/runtime_meta.go:124.2,128.31 4 1
github.com/tiancaiamao/ai/pkg/agent/runtime_meta.go:128.31,129.56 1 1
github.com/tiancaiamao/ai/pkg/agent/runtime_meta.go:129.56,130.12 1 1
github.com/tiancaiamao/ai/pkg/agent/runtime_meta.go:133.3,134.35 2 1
github.com/tiancaiamao/ai/pkg/agent/runtime_meta.go:134.35,136.4 1 1
github.com/tiancaiamao/ai/pkg/agent/runtime_meta.go:137.3,137.40 1 1
github.com/tiancaiamao/ai/pkg/agent/runtime_meta.go:137.40,139.4 1 1
github.com/tiancaiamao/ai/pkg/agent/runtime_meta.go:142.2,142.17 1 1
github.com/tiancaiamao/ai/pkg/agent/runtime_meta.go:145.47,146.9 1 1
github.com/tiancaiamao/ai/pkg/agent/runtime_meta.go:147.20,148.16 1 1
github.com/tiancaiamao/ai/pkg/agent/runtime_meta.go:149.20,150.17 1 1
github.com/tiancaiamao/ai/pkg/agent/runtime_meta.go:151.20,152.17 1 1
github.com/tiancaiamao/ai/pkg/agent/runtime_meta.go:153.20,154.17 1 1
github.com/tiancaiamao/ai/pkg/agent/runtime_meta.go:155.10,156.15 1 0
github.com/tiancaiamao/ai/pkg/agent/runtime_meta.go:160.45,161.9 1 1
github.com/tiancaiamao/ai/pkg/agent/runtime_meta.go:162.18,163.13 1 0
github.com/tiancaiamao/ai/pkg/agent/runtime_meta.go:164.19,165.16 1 1
github.com/tiancaiamao/ai/pkg/agent/runtime_meta.go:166.19,167.17 1 1
github.com/tiancaiamao/ai/pkg/agent/runtime_meta.go:168.19,169.17 1 0
github.com/tiancaiamao/ai/pkg/agent/runtime_meta.go:170.20,171.18 1 0
github.com/tiancaiamao/ai/pkg/agent/runtime_meta.go:172.10,173.16 1 0
github.com/tiancaiamao/ai/pkg/agent/runtime_meta.go:177.41,178.9 1 1
github.com/tiancaiamao/ai/pkg/agent/runtime_meta.go:179.17,180.13 1 1
github.com/tiancaiamao/ai/pkg/agent/runtime_meta.go:181.20,182.17 1 1
github.com/tiancaiamao/ai/pkg/agent/runtime_meta.go:183.22,184.17 1 1
github.com/tiancaiamao/ai/pkg/agent/runtime_meta.go:185.23,186.18 1 0
github.com/tiancaiamao/ai/pkg/agent/runtime_meta.go:187.23,188.19 1 0
github.com/tiancaiamao/ai/pkg/agent/runtime_meta.go:189.10,190.17 1 0
github.com/tiancaiamao/ai/pkg/agent/runtime_meta.go:194.43,195.9 1 0
github.com/tiancaiamao/ai/pkg/agent/runtime_meta.go:196.18,197.13 1 0
github.com/tiancaiamao/ai/pkg/agent/runtime_meta.go:198.18,199.15 1 0
github.com/tiancaiamao/ai/pkg/agent/runtime_meta.go:200.18,201.15 1 0
github.com/tiancaiamao/ai/pkg/agent/runtime_meta.go:202.19,203.16 1 0
github.com/tiancaiamao/ai/pkg/agent/runtime_meta.go:204.10,205.15 1 0
github.com/tiancaiamao/ai/pkg/agent/runtime_meta.go:209.52,210.9 1 1
github.com/tiancaiamao/ai/pkg/agent/runtime_meta.go:211.18,212.13 1 1
github.com/tiancaiamao/ai/pkg/agent/runtime_meta.go:213.20,214.18 1 0
github.com/tiancaiamao/ai/pkg/agent/runtime_meta.go:215.21,216.19 1 0
github.com/tiancaiamao/ai/pkg/agent/runtime_meta.go:217.21,218.18 1 0
github.com/tiancaiamao/ai/pkg/agent/runtime_meta.go:219.10,220.16 1 1
github.com/tiancaiamao/ai/pkg/agent/runtime_meta.go:224.27,225.7 1 0
github.com/tiancaiamao/ai/pkg/agent/runtime_meta.go:225.7,227.3 1 0
github.com/tiancaiamao/ai/pkg/agent/runtime_meta.go:228.2,228.13 1 0
github.com/tiancaiamao/ai/pkg/agent/runtime_meta.go:231.37,232.16 1 1
github.com/tiancaiamao/ai/pkg/agent/runtime_meta.go:232.16,234.3 1 0
github.com/tiancaiamao/ai/pkg/agent/runtime_meta.go:235.2,235.18 1 1
github.com/tiancaiamao/ai/pkg/agent/runtime_meta.go:235.18,237.3 1 1
github.com/tiancaiamao/ai/pkg/agent/runtime_meta.go:238.2,238.30 1 1
github.com/tiancaiamao/ai/pkg/agent/tool_call_normalize.go:15.78,19.40 4 1
github.com/tiancaiamao/ai/pkg/agent/tool_call_normalize.go:19.40,20.84 1 1
github.com/tiancaiamao/ai/pkg/agent/tool_call_normalize.go:20.84,23.4 2 1
github.com/tiancaiamao/ai/pkg/agent/tool_call_normalize.go:25.2,26.33 2 1
github.com/tiancaiamao/ai/pkg/agent/tool_call_normalize.go:26.33,28.3 1 0
github.com/tiancaiamao/ai/pkg/agent/tool_call_normalize.go:29.2,29.19 1 1
github.com/tiancaiamao/ai/pkg/agent/tool_call_normalize.go:32.48,44.19 7 1
github.com/tiancaiamao/ai/pkg/agent/tool_call_normalize.go:45.31,46.16 1 1
github.com/tiancaiamao/ai/pkg/agent/tool_call_normalize.go:47.33,48.17 1 0
github.com/tiancaiamao/ai/pkg/agent/tool_call_normalize.go:49.31,50.16 1 0
github.com/tiancaiamao/ai/pkg/agent/tool_call_normalize.go:51.48,52.16 1 1
github.com/tiancaiamao/ai/pkg/agent/tool_call_normalize.go:53.27,54.16 1 0
github.com/tiancaiamao/ai/pkg/agent/tool_call_normalize.go:55.10,56.19 1 1
github.com/tiancaiamao/ai/pkg/agent/tool_call_normalize.go:60.42,61.37 1 1
github.com/tiancaiamao/ai/pkg/agent/tool_call_normalize.go:62.73,63.14 1 1
github.com/tiancaiamao/ai/pkg/agent/tool_call_normalize.go:64.10,65.15 1 1
github.com/tiancaiamao/ai/pkg/agent/tool_call_normalize.go:69.76,71.22 2 1
github.com/tiancaiamao/ai/pkg/agent/tool_call_normalize.go:71.22,73.3 1 0
github.com/tiancaiamao/ai/pkg/agent/tool_call_normalize.go:76.2,76.81 1 1
github.com/tiancaiamao/ai/pkg/agent/tool_call_normalize.go:76.81,78.3 1 1
github.com/tiancaiamao/ai/pkg/agent/tool_call_normalize.go:81.2,81.114 1 1
github.com/tiancaiamao/ai/pkg/agent/tool_call_normalize.go:81.114,83.37 2 1
github.com/tiancaiamao/ai/pkg/agent/tool_call_normalize.go:83.37,85.4 1 1
github.com/tiancaiamao/ai/pkg/agent/tool_call_normalize.go:89.2,96.9 7 1
github.com/tiancaiamao/ai/pkg/agent/tool_call_normalize.go:97.21,98.58 1 1
github.com/tiancaiamao/ai/pkg/agent/tool_call_normalize.go:99.21,101.52 2 0
github.com/tiancaiamao/ai/pkg/agent/tool_call_normalize.go:101.52,103.4 1 0
github.com/tiancaiamao/ai/pkg/agent/tool_call_normalize.go:104.3,104.77 1 0
github.com/tiancaiamao/ai/pkg/agent/tool_call_normalize.go:104.77,106.4 1 0
github.com/tiancaiamao/ai/pkg/agent/tool_call_normalize.go:107.3,107.32 1 0
github.com/tiancaiamao/ai/pkg/agent/tool_call_normalize.go:108.35,109.73 1 0
github.com/tiancaiamao/ai/pkg/agent/tool_call_normalize.go:110.48,111.92 1 1
github.com/tiancaiamao/ai/pkg/agent/tool_call_normalize.go:112.18,113.52 1 1
github.com/tiancaiamao/ai/pkg/agent/tool_call_normalize.go:114.10,115.24 1 0
github.com/tiancaiamao/ai/pkg/agent/tool_call_normalize.go:119.41,121.17 2 1
github.com/tiancaiamao/ai/pkg/agent/tool_call_normalize.go:121.17,123.3 1 1
github.com/tiancaiamao/ai/pkg/agent/tool_call_normalize.go:124.2,125.62 2 1
github.com/tiancaiamao/ai/pkg/agent/tool_call_normalize.go:128.43,129.33 1 1
github.com/tiancaiamao/ai/pkg/agent/tool_call_normalize.go:129.33,131.3 1 1
github.com/tiancaiamao/ai/pkg/agent/tool_call_normalize.go:132.2,133.23 2 1
github.com/tiancaiamao/ai/pkg/agent/tool_call_normalize.go:133.23,137.25 1 1
github.com/tiancaiamao/ai/pkg/agent/tool_call_normalize.go:137.25,139.4 1 1
github.com/tiancaiamao/ai/pkg/agent/tool_call_normalize.go:141.2,142.21 2 1
github.com/tiancaiamao/ai/pkg/agent/tool_call_normalize.go:142.21,144.3 1 0
github.com/tiancaiamao/ai/pkg/agent/tool_call_normalize.go:145.2,145.14 1 1
github.com/tiancaiamao/ai/pkg/agent/tool_call_normalize.go:148.88,151.17 3 1
github.com/tiancaiamao/ai/pkg/agent/tool_call_normalize.go:151.17,153.3 1 0
github.com/tiancaiamao/ai/pkg/agent/tool_call_normalize.go:155.2,155.14 1 1
github.com/tiancaiamao/ai/pkg/agent/tool_call_normalize.go:156.14,158.17 2 1
github.com/tiancaiamao/ai/pkg/agent/tool_call_normalize.go:158.17,160.4 1 1
github.com/tiancaiamao/ai/pkg/agent/tool_call_normalize.go:161.3,162.39 2 1
github.com/tiancaiamao/ai/pkg/agent/tool_call_normalize.go:162.39,164.4 1 1
github.com/tiancaiamao/ai/pkg/agent/tool_call_normalize.go:165.3,165.37 1 1
github.com/tiancaiamao/ai/pkg/agent/tool_call_normalize.go:165.37,167.4 1 1
github.com/tiancaiamao/ai/pkg/agent/tool_call_normalize.go:168.3,168.21 1 1
github.com/tiancaiamao/ai/pkg/agent/tool_call_normalize.go:169.15,172.34 3 1
github.com/tiancaiamao/ai/pkg/agent/tool_call_normalize.go:172.34,174.4 1 1
github.com/tiancaiamao/ai/pkg/agent/tool_call_normalize.go:175.3,175.63 1 1
github.com/tiancaiamao/ai/pkg/agent/tool_call_normalize.go:176.14,180.48 4 1
github.com/tiancaiamao/ai/pkg/agent/tool_call_normalize.go:180.48,182.4 1 1
github.com/tiancaiamao/ai/pkg/agent/tool_call_normalize.go:183.3,187.9 1 1
github.com/tiancaiamao/ai/pkg/agent/tool_call_normalize.go:188.14,190.20 2 1
github.com/tiancaiamao/ai/pkg/agent/tool_call_normalize.go:190.20,192.4 1 0
github.com/tiancaiamao/ai/pkg/agent/tool_call_normalize.go:193.3,195.41 2 1
github.com/tiancaiamao/ai/pkg/agent/tool_call_normalize.go:195.41,197.4 1 0
github.com/tiancaiamao/ai/pkg/agent/tool_call_normalize.go:198.3,198.21 1 1
github.com/tiancaiamao/ai/pkg/agent/tool_call_normalize.go:199.14,201.20 2 1
github.com/tiancaiamao/ai/pkg/agent/tool_call_normalize.go:201.20,203.4 1 0
github.com/tiancaiamao/ai/pkg/agent/tool_call_normalize.go:204.3,205.53 2 1
github.com/tiancaiamao/ai/pkg/agent/tool_call_normalize.go:205.53,207.4 1 0
github.com/tiancaiamao/ai/pkg/agent/tool_call_normalize.go:208.3,208.90 1 1
github.com/tiancaiamao/ai/pkg/agent/tool_call_normalize.go:208.90,210.4 1 0
github.com/tiancaiamao/ai/pkg/agent/tool_call_normalize.go:211.3,211.21 1 1
github.com/tiancaiamao/ai/pkg/agent/tool_call_normalize.go:212.10,213.19 1 1
github.com/tiancaiamao/ai/pkg/agent/tool_call_normalize.go:220.79,221.27 1 1
github.com/tiancaiamao/ai/pkg/agent/tool_call_normalize.go:221.27,223.10 2 1
github.com/tiancaiamao/ai/pkg/agent/tool_call_normalize.go:223.10,224.12 1 1
github.com/tiancaiamao/ai/pkg/agent/tool_call_normalize.go:226.3,226.26 1 1
github.com/tiancaiamao/ai/pkg/agent/tool_call_normalize.go:227.15,228.20 1 1
github.com/tiancaiamao/ai/pkg/agent/tool_call_normalize.go:229.11,231.24 2 1
github.com/tiancaiamao/ai/pkg/agent/tool_call_normalize.go:234.2,234.18 1 1
github.com/tiancaiamao/ai/pkg/agent/tool_call_normalize.go:237.63,238.27 1 1
github.com/tiancaiamao/ai/pkg/agent/tool_call_normalize.go:238.27,240.10 2 1
github.com/tiancaiamao/ai/pkg/agent/tool_call_normalize.go:240.10,241.12 1 1
github.com/tiancaiamao/ai/pkg/agent/tool_call_normalize.go:243.3,243.28 1 1
github.com/tiancaiamao/ai/pkg/agent/tool_call_normalize.go:244.15,245.34 1 1
github.com/tiancaiamao/ai/pkg/agent/tool_call_normalize.go:245.34,247.5 1 1
github.com/tiancaiamao/ai/pkg/agent/tool_call_normalize.go:248.11,250.43 2 0
github.com/tiancaiamao/ai/pkg/agent/tool_call_normalize.go:250.43,252.5 1 0
github.com/tiancaiamao/ai/pkg/agent/tool_call_normalize.go:255.2,255.11 1 1
github.com/tiancaiamao/ai/pkg/agent/tool_call_normalize.go:258.68,259.27 1 1
github.com/tiancaiamao/ai/pkg/agent/tool_call_normalize.go:259.27,261.10 2 1
github.com/tiancaiamao/ai/pkg/agent/tool_call_normalize.go:261.10,262.12 1 1
github.com/tiancaiamao/ai/pkg/agent/tool_call_normalize.go:264.3,264.28 1 1
github.com/tiancaiamao/ai/pkg/agent/tool_call_normalize.go:265.23,266.18 1 1
github.com/tiancaiamao/ai/pkg/agent/tool_call_normalize.go:266.18,268.5 1 1
github.com/tiancaiamao/ai/pkg/agent/tool_call_normalize.go:271.2,271.12 1 1
github.com/tiancaiamao/ai/pkg/agent/tool_call_normalize.go:274.68,275.17 1 1
github.com/tiancaiamao/ai/pkg/agent/tool_call_normalize.go:275.17,277.3 1 0
github.com/tiancaiamao/ai/pkg/agent/tool_call_normalize.go:279.2,280.9 2 1
github.com/tiancaiamao/ai/pkg/agent/tool_call_normalize.go:280.9,282.3 1 1
github.com/tiancaiamao/ai/pkg/agent/tool_call_normalize.go:284.2,284.27 1 1
github.com/tiancaiamao/ai/pkg/agent/tool_call_normalize.go:285.22,286.18 1 1
github.com/tiancaiamao/ai/pkg/agent/tool_call_normalize.go:286.18,288.4 1 0
github.com/tiancaiamao/ai/pkg/agent/tool_call_normalize.go:289.3,289.11 1 1
github.com/tiancaiamao/ai/pkg/agent/tool_call_normalize.go:290.14,292.20 2 1
github.com/tiancaiamao/ai/pkg/agent/tool_call_normalize.go:292.20,294.4 1 0
github.com/tiancaiamao/ai/pkg/agent/tool_call_normalize.go:295.3,296.85 2 1
github.com/tiancaiamao/ai/pkg/agent/tool_call_normalize.go:296.85,298.4 1 1
github.com/tiancaiamao/ai/pkg/agent/tool_call_normalize.go:299.3,299.14 1 0
github.com/tiancaiamao/ai/pkg/agent/tool_call_normalize.go:300.10,301.14 1 0
github.com/tiancaiamao/ai/pkg/agent/tool_exec.go:27.27,29.25 2 1
github.com/tiancaiamao/ai/pkg/agent/tool_exec.go:29.25,31.3 1 0
github.com/tiancaiamao/ai/pkg/agent/tool_exec.go:33.2,49.29 6 1
github.com/tiancaiamao/ai/pkg/agent/tool_exec.go:49.29,51.3 1 1
github.com/tiancaiamao/ai/pkg/agent/tool_exec.go:52.2,53.32 2 1
github.com/tiancaiamao/ai/pkg/agent/tool_exec.go:53.32,55.3 1 1
github.com/tiancaiamao/ai/pkg/agent/tool_exec.go:56.2,58.31 2 1
github.com/tiancaiamao/ai/pkg/agent/tool_exec.go:58.31,66.33 4 1
github.com/tiancaiamao/ai/pkg/agent/tool_exec.go:66.33,73.4 1 0
github.com/tiancaiamao/ai/pkg/agent/tool_exec.go:74.3,74.41 1 1
github.com/tiancaiamao/ai/pkg/agent/tool_exec.go:74.41,85.4 2 0
github.com/tiancaiamao/ai/pkg/agent/tool_exec.go:86.3,92.20 3 1
github.com/tiancaiamao/ai/pkg/agent/tool_exec.go:92.20,119.12 12 1
github.com/tiancaiamao/ai/pkg/agent/tool_exec.go:122.3,126.18 4 1
github.com/tiancaiamao/ai/pkg/agent/tool_exec.go:126.18,155.12 12 1
github.com/tiancaiamao/ai/pkg/agent/tool_exec.go:159.3,159.60 1 1
github.com/tiancaiamao/ai/pkg/agent/tool_exec.go:159.60,185.12 12 0
github.com/tiancaiamao/ai/pkg/agent/tool_exec.go:188.3,193.5 1 1
github.com/tiancaiamao/ai/pkg/agent/tool_exec.go:196.2,200.29 4 1
github.com/tiancaiamao/ai/pkg/agent/tool_exec.go:200.29,202.35 2 1
github.com/tiancaiamao/ai/pkg/agent/tool_exec.go:202.35,209.23 6 1
github.com/tiancaiamao/ai/pkg/agent/tool_exec.go:209.23,211.5 1 1
github.com/tiancaiamao/ai/pkg/agent/tool_exec.go:211.10,213.5 1 1
github.com/tiancaiamao/ai/pkg/agent/tool_exec.go:215.4,220.5 1 1
github.com/tiancaiamao/ai/pkg/agent/tool_exec.go:224.2,228.32 4 1
github.com/tiancaiamao/ai/pkg/agent/tool_exec.go:228.32,230.3 1 1
github.com/tiancaiamao/ai/pkg/agent/tool_exec.go:232.2,232.29 1 1
github.com/tiancaiamao/ai/pkg/agent/tool_exec.go:232.29,234.10 2 1
github.com/tiancaiamao/ai/pkg/agent/tool_exec.go:234.10,235.12 1 0
github.com/tiancaiamao/ai/pkg/agent/tool_exec.go:237.3,238.25 2 1
github.com/tiancaiamao/ai/pkg/agent/tool_exec.go:238.25,254.4 7 0
github.com/tiancaiamao/ai/pkg/agent/tool_exec.go:254.9,266.4 6 1
github.com/tiancaiamao/ai/pkg/agent/tool_exec.go:268.3,269.43 2 1
github.com/tiancaiamao/ai/pkg/agent/tool_exec.go:272.2,273.40 2 1
github.com/tiancaiamao/ai/pkg/agent/tool_exec.go:273.40,274.20 1 1
github.com/tiancaiamao/ai/pkg/agent/tool_exec.go:274.20,276.4 1 1
github.com/tiancaiamao/ai/pkg/agent/tool_exec.go:278.2,278.16 1 1
github.com/tiancaiamao/ai/pkg/agent/tool_exec.go:281.91,282.56 1 1
github.com/tiancaiamao/ai/pkg/agent/tool_exec.go:282.56,284.3 1 1
github.com/tiancaiamao/ai/pkg/agent/tool_exec.go:286.2,287.18 2 1
github.com/tiancaiamao/ai/pkg/agent/tool_exec.go:288.14,291.9 1 1
github.com/tiancaiamao/ai/pkg/agent/tool_exec.go:292.15,296.10 1 0
github.com/tiancaiamao/ai/pkg/agent/tool_exec.go:297.14,302.9 1 0
github.com/tiancaiamao/ai/pkg/agent/tool_exec.go:303.14,309.27 1 0
github.com/tiancaiamao/ai/pkg/agent/tool_exec.go:310.14,314.9 1 0
github.com/tiancaiamao/ai/pkg/agent/tool_exec.go:316.2,316.17 1 1
github.com/tiancaiamao/ai/pkg/agent/tool_exec.go:319.75,320.19 1 1
github.com/tiancaiamao/ai/pkg/agent/tool_exec.go:320.19,322.3 1 0
github.com/tiancaiamao/ai/pkg/agent/tool_exec.go:323.2,323.47 1 1
github.com/tiancaiamao/ai/pkg/agent/tool_exec.go:323.47,325.3 1 1
github.com/tiancaiamao/ai/pkg/agent/tool_exec.go:326.2,326.90 1 1
github.com/tiancaiamao/ai/pkg/agent/tool_exec.go:329.74,340.18 2 1
github.com/tiancaiamao/ai/pkg/agent/tool_exec.go:341.14,344.9 1 0
github.com/tiancaiamao/ai/pkg/agent/tool_exec.go:345.15,349.10 1 1
github.com/tiancaiamao/ai/pkg/agent/tool_exec.go:350.14,355.9 1 0
github.com/tiancaiamao/ai/pkg/agent/tool_exec.go:356.14,362.27 1 0
github.com/tiancaiamao/ai/pkg/agent/tool_exec.go:363.14,367.9 1 0
github.com/tiancaiamao/ai/pkg/agent/tool_exec.go:370.2,370.12 1 1
github.com/tiancaiamao/ai/pkg/agent/tool_exec.go:373.80,374.28 1 1
github.com/tiancaiamao/ai/pkg/agent/tool_exec.go:374.28,375.29 1 1
github.com/tiancaiamao/ai/pkg/agent/tool_exec.go:375.29,377.4 1 1
github.com/tiancaiamao/ai/pkg/agent/tool_exec.go:379.2,379.14 1 1
github.com/tiancaiamao/ai/pkg/agent/tool_guard.go:24.58,25.19 1 1
github.com/tiancaiamao/ai/pkg/agent/tool_guard.go:25.19,27.3 1 0
github.com/tiancaiamao/ai/pkg/agent/tool_guard.go:28.2,29.25 2 1
github.com/tiancaiamao/ai/pkg/agent/tool_guard.go:29.25,31.3 1 0
github.com/tiancaiamao/ai/pkg/agent/tool_guard.go:32.2,34.3 1 1
github.com/tiancaiamao/ai/pkg/agent/tool_guard.go:37.57,38.15 1 1
github.com/tiancaiamao/ai/pkg/agent/tool_guard.go:38.15,40.3 1 0
[...]
github.com/tiancaiamao/ai/pkg/agent/tool_guard.go:205.80,206.51 1 1
github.com/tiancaiamao/ai/pkg/agent/tool_guard.go:206.51,208.3 1 0
github.com/tiancaiamao/ai/pkg/agent/tool_guard.go:210.2,210.36 1 1
github.com/tiancaiamao/ai/pkg/agent/tool_guard.go:210.36,212.3 1 1
github.com/tiancaiamao/ai/pkg/agent/tool_guard.go:214.2,225.39 4 1
github.com/tiancaiamao/ai/pkg/agent/tool_guard.go:225.39,227.17 2 1
github.com/tiancaiamao/ai/pkg/agent/tool_guard.go:227.17,228.12 1 1
github.com/tiancaiamao/ai/pkg/agent/tool_guard.go:231.3,232.22 2 1
github.com/tiancaiamao/ai/pkg/agent/tool_guard.go:232.22,234.4 1 0
github.com/tiancaiamao/ai/pkg/agent/tool_guard.go:236.3,240.39 2 1
github.com/tiancaiamao/ai/pkg/agent/tool_guard.go:240.39,242.4 1 0
github.com/tiancaiamao/ai/pkg/agent/tool_guard.go:245.2,245.18 1 1
github.com/tiancaiamao/ai/pkg/agent/tool_guard.go:248.94,250.23 2 1
github.com/tiancaiamao/ai/pkg/agent/tool_guard.go:250.23,252.3 1 0
github.com/tiancaiamao/ai/pkg/agent/tool_guard.go:254.2,259.95 2 1
github.com/tiancaiamao/ai/pkg/agent/tool_metadata.go:16.48,18.2 1 1
github.com/tiancaiamao/ai/pkg/agent/tool_metadata.go:20.48,22.2 1 1
github.com/tiancaiamao/ai/pkg/agent/tool_metadata.go:24.69,25.42 1 1
github.com/tiancaiamao/ai/pkg/agent/tool_metadata.go:25.42,27.28 2 1
github.com/tiancaiamao/ai/pkg/agent/tool_metadata.go:27.28,28.12 1 0
github.com/tiancaiamao/ai/pkg/agent/tool_metadata.go:30.3,30.42 1 1
github.com/tiancaiamao/ai/pkg/agent/tool_metadata.go:30.42,32.4 1 1
github.com/tiancaiamao/ai/pkg/agent/tool_metadata.go:34.2,34.11 1 1
github.com/tiancaiamao/ai/pkg/agent/tool_metadata.go:37.106,38.21 1 1
github.com/tiancaiamao/ai/pkg/agent/tool_metadata.go:38.21,40.3 1 1
github.com/tiancaiamao/ai/pkg/agent/tool_metadata.go:41.2,43.64 3 1
github.com/tiancaiamao/ai/pkg/agent/tool_metadata.go:43.64,45.56 2 1
github.com/tiancaiamao/ai/pkg/agent/tool_metadata.go:45.56,46.12 1 1
github.com/tiancaiamao/ai/pkg/agent/tool_metadata.go:48.3,49.10 2 1
github.com/tiancaiamao/ai/pkg/agent/tool_metadata.go:51.2,51.18 1 1
github.com/tiancaiamao/ai/pkg/agent/tool_metadata.go:54.106,56.23 2 1
github.com/tiancaiamao/ai/pkg/agent/tool_metadata.go:56.23,58.3 1 1
github.com/tiancaiamao/ai/pkg/agent/tool_metadata.go:60.2,69.31 5 1
github.com/tiancaiamao/ai/pkg/agent/tool_metadata.go:69.31,70.56 1 1
github.com/tiancaiamao/ai/pkg/agent/tool_metadata.go:70.56,71.12 1 1
github.com/tiancaiamao/ai/pkg/agent/tool_metadata.go:73.3,73.25 1 1
github.com/tiancaiamao/ai/pkg/agent/tool_metadata.go:73.25,74.12 1 1
github.com/tiancaiamao/ai/pkg/agent/tool_metadata.go:76.3,76.32 1 1
github.com/tiancaiamao/ai/pkg/agent/tool_metadata.go:76.32,77.12 1 1
github.com/tiancaiamao/ai/pkg/agent/tool_metadata.go:79.3,79.49 1 1
github.com/tiancaiamao/ai/pkg/agent/tool_metadata.go:79.49,80.12 1 0
github.com/tiancaiamao/ai/pkg/agent/tool_metadata.go:83.3,83.79 1 1
github.com/tiancaiamao/ai/pkg/agent/tool_metadata.go:83.79,84.12 1 0
github.com/tiancaiamao/ai/pkg/agent/tool_metadata.go:87.3,88.17 2 1
github.com/tiancaiamao/ai/pkg/agent/tool_metadata.go:88.17,90.4 1 0
github.com/tiancaiamao/ai/pkg/agent/tool_metadata.go:91.3,92.15 2 1
github.com/tiancaiamao/ai/pkg/agent/tool_metadata.go:95.2,95.27 1 1
github.com/tiancaiamao/ai/pkg/agent/tool_metadata.go:100.85,101.42 1 1
github.com/tiancaiamao/ai/pkg/agent/tool_metadata.go:101.42,103.31 2 1
github.com/tiancaiamao/ai/pkg/agent/tool_metadata.go:103.31,104.12 1 1
github.com/tiancaiamao/ai/pkg/agent/tool_metadata.go:106.3,106.31 1 1
github.com/tiancaiamao/ai/pkg/agent/tool_metadata.go:106.31,108.4 1 1
github.com/tiancaiamao/ai/pkg/agent/tool_metadata.go:110.2,110.11 1 1
github.com/tiancaiamao/ai/pkg/agent/tool_metadata.go:113.71,115.41 2 1
github.com/tiancaiamao/ai/pkg/agent/tool_metadata.go:115.41,117.3 1 1
github.com/tiancaiamao/ai/pkg/agent/tool_metadata.go:119.2,124.34 3 1
github.com/tiancaiamao/ai/pkg/agent/tool_metadata.go:124.34,126.3 1 1
github.com/tiancaiamao/ai/pkg/agent/tool_metadata.go:127.2,127.40 1 1
github.com/tiancaiamao/ai/pkg/agent/tool_metadata.go:127.40,128.39 1 1
github.com/tiancaiamao/ai/pkg/agent/tool_metadata.go:128.39,130.4 1 1
github.com/tiancaiamao/ai/pkg/agent/tool_metadata.go:131.3,131.41 1 0
github.com/tiancaiamao/ai/pkg/agent/tool_metadata.go:134.2,135.24 2 1
github.com/tiancaiamao/ai/pkg/agent/tool_metadata.go:135.24,137.3 1 1
github.com/tiancaiamao/ai/pkg/agent/tool_metadata.go:138.2,139.29 2 1
github.com/tiancaiamao/ai/pkg/agent/tool_metadata.go:139.29,141.3 1 1
github.com/tiancaiamao/ai/pkg/agent/tool_metadata.go:142.2,142.24 1 1
github.com/tiancaiamao/ai/pkg/agent/tool_metadata.go:142.24,144.3 1 0
github.com/tiancaiamao/ai/pkg/agent/tool_metadata.go:146.2,146.84 1 1
github.com/tiancaiamao/ai/pkg/agent/tool_output.go:24.49,26.2 1 1
github.com/tiancaiamao/ai/pkg/agent/tool_output.go:28.74,30.19 2 1
github.com/tiancaiamao/ai/pkg/agent/tool_output.go:30.19,32.3 1 1
github.com/tiancaiamao/ai/pkg/agent/tool_output.go:33.2,33.38 1 1
github.com/tiancaiamao/ai/pkg/agent/tool_output.go:33.38,35.3 1 1
github.com/tiancaiamao/ai/pkg/agent/tool_output.go:36.2,36.45 1 1
github.com/tiancaiamao/ai/pkg/agent/tool_output.go:42.146,43.23 1 1
github.com/tiancaiamao/ai/pkg/agent/tool_output.go:43.23,45.3 1 0
github.com/tiancaiamao/ai/pkg/agent/tool_output.go:47.2,50.32 3 1
github.com/tiancaiamao/ai/pkg/agent/tool_output.go:50.32,51.28 1 1
github.com/tiancaiamao/ai/pkg/agent/tool_output.go:52.29,56.30 2 1
github.com/tiancaiamao/ai/pkg/agent/tool_output.go:56.30,75.5 4 1
github.com/tiancaiamao/ai/pkg/agent/tool_output.go:75.10,78.5 1 1
github.com/tiancaiamao/ai/pkg/agent/tool_output.go:79.30,81.34 1 1
github.com/tiancaiamao/ai/pkg/agent/tool_output.go:82.11,84.34 1 0
github.com/tiancaiamao/ai/pkg/agent/tool_output.go:88.2,88.15 1 1
github.com/tiancaiamao/ai/pkg/agent/tool_output.go:92.45,109.40 3 0
github.com/tiancaiamao/ai/pkg/agent/tool_output.go:109.40,110.38 1 0
github.com/tiancaiamao/ai/pkg/agent/tool_output.go:110.38,112.4 1 0
github.com/tiancaiamao/ai/pkg/agent/tool_output.go:114.2,114.14 1 0
github.com/tiancaiamao/ai/pkg/agent/tool_tag_parser.go:36.41,39.2 2 1
github.com/tiancaiamao/ai/pkg/agent/tool_tag_parser.go:41.93,42.29 1 1
github.com/tiancaiamao/ai/pkg/agent/tool_tag_parser.go:42.29,44.3 1 0
github.com/tiancaiamao/ai/pkg/agent/tool_tag_parser.go:46.2,47.48 2 1
github.com/tiancaiamao/ai/pkg/agent/tool_tag_parser.go:47.48,49.3 1 1
github.com/tiancaiamao/ai/pkg/agent/tool_tag_parser.go:53.2,55.35 3 1
github.com/tiancaiamao/ai/pkg/agent/tool_tag_parser.go:55.35,57.90 2 1
github.com/tiancaiamao/ai/pkg/agent/tool_tag_parser.go:57.90,59.9 2 0
github.com/tiancaiamao/ai/pkg/agent/tool_tag_parser.go:63.2,63.23 1 1
github.com/tiancaiamao/ai/pkg/agent/tool_tag_parser.go:63.23,68.3 2 0
github.com/tiancaiamao/ai/pkg/agent/tool_tag_parser.go:71.2,71.50 1 1
github.com/tiancaiamao/ai/pkg/agent/tool_tag_parser.go:71.50,75.3 1 1
github.com/tiancaiamao/ai/pkg/agent/tool_tag_parser.go:77.2,78.58 2 1
github.com/tiancaiamao/ai/pkg/agent/tool_tag_parser.go:78.58,80.3 1 1
github.com/tiancaiamao/ai/pkg/agent/tool_tag_parser.go:81.2,81.63 1 1
github.com/tiancaiamao/ai/pkg/agent/tool_tag_parser.go:81.63,83.3 1 1
github.com/tiancaiamao/ai/pkg/agent/tool_tag_parser.go:84.2,85.23 2 1
github.com/tiancaiamao/ai/pkg/agent/tool_tag_parser.go:85.23,87.3 1 1
github.com/tiancaiamao/ai/pkg/agent/tool_tag_parser.go:89.2,90.32 2 1
github.com/tiancaiamao/ai/pkg/agent/tool_tag_parser.go:90.32,91.21 1 1
github.com/tiancaiamao/ai/pkg/agent/tool_tag_parser.go:91.21,92.12 1 0
github.com/tiancaiamao/ai/pkg/agent/tool_tag_parser.go:94.3,97.28 4 1
github.com/tiancaiamao/ai/pkg/agent/tool_tag_parser.go:97.28,98.12 1 0
github.com/tiancaiamao/ai/pkg/agent/tool_tag_parser.go:100.3,101.10 2 1
github.com/tiancaiamao/ai/pkg/agent/tool_tag_parser.go:101.10,102.12 1 0
github.com/tiancaiamao/ai/pkg/agent/tool_tag_parser.go:104.3,110.5 1 1
github.com/tiancaiamao/ai/pkg/agent/tool_tag_parser.go:113.2,113.21 1 1
github.com/tiancaiamao/ai/pkg/agent/tool_tag_parser.go:113.21,115.3 1 0
github.com/tiancaiamao/ai/pkg/agent/tool_tag_parser.go:116.2,116.59 1 1
github.com/tiancaiamao/ai/pkg/agent/tool_tag_parser.go:119.116,124.21 4 1
github.com/tiancaiamao/ai/pkg/agent/tool_tag_parser.go:124.21,129.3 1 1
github.com/tiancaiamao/ai/pkg/agent/tool_tag_parser.go:131.2,131.29 1 1
github.com/tiancaiamao/ai/pkg/agent/tool_tag_parser.go:131.29,138.3 1 1
github.com/tiancaiamao/ai/pkg/agent/tool_tag_parser.go:140.2,142.12 3 1
github.com/tiancaiamao/ai/pkg/agent/tool_tag_parser.go:145.67,146.21 1 1
github.com/tiancaiamao/ai/pkg/agent/tool_tag_parser.go:146.21,148.3 1 0
github.com/tiancaiamao/ai/pkg/agent/tool_tag_parser.go:149.2,151.29 3 1
github.com/tiancaiamao/ai/pkg/agent/tool_tag_parser.go:151.29,152.21 1 1
github.com/tiancaiamao/ai/pkg/agent/tool_tag_parser.go:152.21,153.12 1 0
github.com/tiancaiamao/ai/pkg/agent/tool_tag_parser.go:155.3,155.24 1 1
github.com/tiancaiamao/ai/pkg/agent/tool_tag_parser.go:155.24,157.4 1 1
github.com/tiancaiamao/ai/pkg/agent/tool_tag_parser.go:158.3,158.18 1 1
github.com/tiancaiamao/ai/pkg/agent/tool_tag_parser.go:160.2,160.22 1 1
github.com/tiancaiamao/ai/pkg/agent/tool_tag_parser.go:160.22,162.3 1 0
github.com/tiancaiamao/ai/pkg/agent/tool_tag_parser.go:163.2,163.19 1 1
github.com/tiancaiamao/ai/pkg/agent/tool_tag_parser.go:166.72,167.17 1 1
github.com/tiancaiamao/ai/pkg/agent/tool_tag_parser.go:168.27,170.17 2 1
github.com/tiancaiamao/ai/pkg/agent/tool_tag_parser.go:170.17,172.4 1 0
github.com/tiancaiamao/ai/pkg/agent/tool_tag_parser.go:173.3,174.60 2 1
github.com/tiancaiamao/ai/pkg/agent/tool_tag_parser.go:174.60,176.4 1 1
github.com/tiancaiamao/ai/pkg/agent/tool_tag_parser.go:177.3,177.57 1 1
github.com/tiancaiamao/ai/pkg/agent/tool_tag_parser.go:177.57,179.4 1 1
github.com/tiancaiamao/ai/pkg/agent/tool_tag_parser.go:180.3,180.28 1 1
github.com/tiancaiamao/ai/pkg/agent/tool_tag_parser.go:181.15,184.34 3 1
github.com/tiancaiamao/ai/pkg/agent/tool_tag_parser.go:184.34,186.4 1 0
github.com/tiancaiamao/ai/pkg/agent/tool_tag_parser.go:187.3,187.73 1 1
github.com/tiancaiamao/ai/pkg/agent/tool_tag_parser.go:188.14,192.51 4 0
github.com/tiancaiamao/ai/pkg/agent/tool_tag_parser.go:192.51,194.4 1 0
github.com/tiancaiamao/ai/pkg/agent/tool_tag_parser.go:195.3,199.10 1 0
github.com/tiancaiamao/ai/pkg/agent/tool_tag_parser.go:200.14,202.20 2 1
github.com/tiancaiamao/ai/pkg/agent/tool_tag_parser.go:202.20,204.4 1 1
github.com/tiancaiamao/ai/pkg/agent/tool_tag_parser.go:205.3,205.20 1 1
github.com/tiancaiamao/ai/pkg/agent/tool_tag_parser.go:205.20,207.4 1 0
github.com/tiancaiamao/ai/pkg/agent/tool_tag_parser.go:208.3,208.58 1 1
github.com/tiancaiamao/ai/pkg/agent/tool_tag_parser.go:209.14,211.20 2 0
github.com/tiancaiamao/ai/pkg/agent/tool_tag_parser.go:211.20,213.4 1 0
github.com/tiancaiamao/ai/pkg/agent/tool_tag_parser.go:214.3,215.54 2 0
github.com/tiancaiamao/ai/pkg/agent/tool_tag_parser.go:215.54,217.4 1 0
github.com/tiancaiamao/ai/pkg/agent/tool_tag_parser.go:218.3,218.91 1 0
github.com/tiancaiamao/ai/pkg/agent/tool_tag_parser.go:218.91,220.4 1 0
github.com/tiancaiamao/ai/pkg/agent/tool_tag_parser.go:221.3,221.28 1 0
github.com/tiancaiamao/ai/pkg/agent/tool_tag_parser.go:222.10,223.24 1 0
github.com/tiancaiamao/ai/pkg/agent/tool_tag_parser.go:227.64,229.23 2 1
github.com/tiancaiamao/ai/pkg/agent/tool_tag_parser.go:229.23,231.3 1 1
github.com/tiancaiamao/ai/pkg/agent/tool_tag_parser.go:233.2,237.29 5 1
github.com/tiancaiamao/ai/pkg/agent/tool_tag_parser.go:237.29,239.3 1 1
github.com/tiancaiamao/ai/pkg/agent/tool_tag_parser.go:240.2,240.19 1 1
github.com/tiancaiamao/ai/pkg/agent/tool_tag_parser.go:240.19,242.3 1 1
github.com/tiancaiamao/ai/pkg/agent/tool_tag_parser.go:243.2,243.19 1 1
github.com/tiancaiamao/ai/pkg/agent/tool_tag_parser.go:243.19,245.3 1 1
github.com/tiancaiamao/ai/pkg/agent/tool_tag_parser.go:246.2,247.20 2 1
github.com/tiancaiamao/ai/pkg/agent/tool_tag_parser.go:247.20,249.3 1 0
github.com/tiancaiamao/ai/pkg/agent/tool_tag_parser.go:251.2,253.32 3 1
github.com/tiancaiamao/ai/pkg/agent/tool_tag_parser.go:253.32,254.21 1 1
github.com/tiancaiamao/ai/pkg/agent/tool_tag_parser.go:254.21,255.12 1 0
github.com/tiancaiamao/ai/pkg/agent/tool_tag_parser.go:257.3,259.16 3 1
github.com/tiancaiamao/ai/pkg/agent/tool_tag_parser.go:259.16,260.12 1 0
github.com/tiancaiamao/ai/pkg/agent/tool_tag_parser.go:262.3,263.25 2 1
github.com/tiancaiamao/ai/pkg/agent/tool_tag_parser.go:263.25,265.4 1 0
github.com/tiancaiamao/ai/pkg/agent/tool_tag_parser.go:268.2,274.32 3 1
github.com/tiancaiamao/ai/pkg/agent/tool_tag_parser.go:274.32,275.71 1 1
github.com/tiancaiamao/ai/pkg/agent/tool_tag_parser.go:275.71,277.9 2 1
github.com/tiancaiamao/ai/pkg/agent/tool_tag_parser.go:281.2,283.16 3 1
github.com/tiancaiamao/ai/pkg/agent/tool_tag_parser.go:283.16,285.3 1 0
github.com/tiancaiamao/ai/pkg/agent/tool_tag_parser.go:287.2,293.9 1 1
github.com/tiancaiamao/ai/pkg/agent/tool_tag_parser.go:296.61,298.16 2 1
github.com/tiancaiamao/ai/pkg/agent/tool_tag_parser.go:298.16,300.3 1 0
github.com/tiancaiamao/ai/pkg/agent/tool_tag_parser.go:301.2,301.30 1 1
github.com/tiancaiamao/ai/pkg/agent/tool_tag_parser.go:301.30,303.3 1 0
github.com/tiancaiamao/ai/pkg/agent/tool_tag_parser.go:305.2,306.76 2 1
github.com/tiancaiamao/ai/pkg/agent/tool_tag_parser.go:306.76,308.3 1 1
github.com/tiancaiamao/ai/pkg/agent/tool_tag_parser.go:310.2,310.115 1 1
github.com/tiancaiamao/ai/pkg/agent/tool_tag_parser.go:310.115,312.3 1 1
github.com/tiancaiamao/ai/pkg/agent/tool_tag_parser.go:314.2,314.85 1 1
github.com/tiancaiamao/ai/pkg/agent/tool_tag_parser.go:314.85,316.3 1 1
github.com/tiancaiamao/ai/pkg/agent/tool_tag_parser.go:318.2,318.13 1 0
github.com/tiancaiamao/ai/pkg/agent/tool_tag_parser.go:321.46,323.29 2 1
github.com/tiancaiamao/ai/pkg/agent/tool_tag_parser.go:323.29,324.67 1 1
github.com/tiancaiamao/ai/pkg/agent/tool_tag_parser.go:324.67,326.12 2 1
github.com/tiancaiamao/ai/pkg/agent/tool_tag_parser.go:328.3,328.8 1 1
github.com/tiancaiamao/ai/pkg/agent/tool_tag_parser.go:330.2,331.17 2 1
github.com/tiancaiamao/ai/pkg/agent/tool_tag_parser.go:331.17,333.3 1 0
github.com/tiancaiamao/ai/pkg/agent/tool_tag_parser.go:334.2,334.14 1 1
github.com/tiancaiamao/ai/pkg/agent/tool_tag_parser.go:337.57,338.29 1 1
github.com/tiancaiamao/ai/pkg/agent/tool_tag_parser.go:338.29,340.18 2 1
github.com/tiancaiamao/ai/pkg/agent/tool_tag_parser.go:340.18,342.4 1 1
github.com/tiancaiamao/ai/pkg/agent/tool_tag_parser.go:344.2,344.11 1 1
github.com/tiancaiamao/ai/pkg/agent/tool_tag_parser.go:347.41,350.20 3 1
github.com/tiancaiamao/ai/pkg/agent/tool_tag_parser.go:350.20,352.3 1 1
github.com/tiancaiamao/ai/pkg/agent/tool_tag_parser.go:353.2,353.36 1 1
github.com/tiancaiamao/ai/pkg/agent/tool_tag_parser.go:357.51,358.39 1 1
github.com/tiancaiamao/ai/pkg/agent/tool_tag_parser.go:358.39,360.3 1 1
github.com/tiancaiamao/ai/pkg/agent/tool_tag_parser.go:361.2,361.16 1 0
github.com/tiancaiamao/ai/pkg/agent/tool_tag_parser.go:361.16,363.3 1 0
github.com/tiancaiamao/ai/pkg/agent/tool_tag_parser.go:364.2,364.32 1 0
github.com/tiancaiamao/ai/pkg/agent/tool_tag_parser.go:369.54,374.45 2 1
github.com/tiancaiamao/ai/pkg/agent/tool_tag_parser.go:374.45,380.29 5 1
github.com/tiancaiamao/ai/pkg/agent/tool_tag_parser.go:380.29,382.4 1 1
github.com/tiancaiamao/ai/pkg/agent/tool_tag_parser.go:382.9,382.36 1 1
github.com/tiancaiamao/ai/pkg/agent/tool_tag_parser.go:382.36,384.4 1 1
github.com/tiancaiamao/ai/pkg/agent/tool_tag_parser.go:388.2,389.38 2 1
github.com/tiancaiamao/ai/pkg/agent/tool_tag_parser.go:389.38,391.3 1 1
github.com/tiancaiamao/ai/pkg/agent/tool_tag_parser.go:393.2,393.15 1 1
github.com/tiancaiamao/ai/pkg/agent/tool_tag_parser.go:397.71,398.18 1 1
github.com/tiancaiamao/ai/pkg/agent/tool_tag_parser.go:399.14,400.26 1 1
github.com/tiancaiamao/ai/pkg/agent/tool_tag_parser.go:400.26,402.4 1 1
github.com/tiancaiamao/ai/pkg/agent/tool_tag_parser.go:403.15,404.26 1 1
github.com/tiancaiamao/ai/pkg/agent/tool_tag_parser.go:404.26,406.4 1 0
github.com/tiancaiamao/ai/pkg/agent/tool_tag_parser.go:407.3,407.29 1 1
github.com/tiancaiamao/ai/pkg/agent/tool_tag_parser.go:407.29,409.4 1 0
github.com/tiancaiamao/ai/pkg/agent/tool_tag_parser.go:410.14,411.26 1 0
github.com/tiancaiamao/ai/pkg/agent/tool_tag_parser.go:411.26,413.4 1 0
github.com/tiancaiamao/ai/pkg/agent/tool_tag_parser.go:414.3,414.51 1 0
github.com/tiancaiamao/ai/pkg/agent/tool_tag_parser.go:414.51,416.4 1 0
github.com/tiancaiamao/ai/pkg/agent/tool_tag_parser.go:417.3,417.51 1 0
github.com/tiancaiamao/ai/pkg/agent/tool_tag_parser.go:417.51,419.4 1 0
github.com/tiancaiamao/ai/pkg/agent/tool_tag_parser.go:420.14,421.51 1 1
github.com/tiancaiamao/ai/pkg/agent/tool_tag_parser.go:421.51,423.4 1 1
github.com/tiancaiamao/ai/pkg/agent/tool_tag_parser.go:424.14,425.53 1 0
github.com/tiancaiamao/ai/pkg/agent/tool_tag_parser.go:425.53,427.4 1 0
github.com/tiancaiamao/ai/pkg/agent/tool_tag_parser.go:429.2,429.12 1 1
github.com/tiancaiamao/ai/pkg/agent/tool_tag_parser.go:432.91,433.29 1 1
github.com/tiancaiamao/ai/pkg/agent/tool_tag_parser.go:433.29,435.3 1 0
github.com/tiancaiamao/ai/pkg/agent/tool_tag_parser.go:436.2,436.37 1 1
github.com/tiancaiamao/ai/pkg/agent/tool_tag_parser.go:436.37,438.3 1 1
github.com/tiancaiamao/ai/pkg/agent/tool_tag_parser.go:440.2,441.56 2 1
github.com/tiancaiamao/ai/pkg/agent/tool_tag_parser.go:441.56,443.3 1 1
github.com/tiancaiamao/ai/pkg/agent/tool_tag_parser.go:445.2,451.9 4 1
github.com/tiancaiamao/ai/pkg/agent/tool_tag_parser.go:451.9,453.3 1 0
github.com/tiancaiamao/ai/pkg/agent/tool_tag_parser.go:455.2,456.21 2 1
github.com/tiancaiamao/ai/pkg/agent/tool_tag_parser.go:456.21,458.3 1 0
github.com/tiancaiamao/ai/pkg/agent/tool_tag_parser.go:460.2,462.29 3 1
github.com/tiancaiamao/ai/pkg/agent/tool_tag_parser.go:462.29,464.3 1 1
github.com/tiancaiamao/ai/pkg/agent/tool_tag_parser.go:466.2,467.22 2 1
github.com/tiancaiamao/ai/pkg/agent/tool_tag_parser.go:470.69,472.23 2 1
github.com/tiancaiamao/ai/pkg/agent/tool_tag_parser.go:472.23,474.3 1 1
github.com/tiancaiamao/ai/pkg/agent/tool_tag_parser.go:476.2,479.32 4 1
github.com/tiancaiamao/ai/pkg/agent/tool_tag_parser.go:479.32,480.21 1 1
github.com/tiancaiamao/ai/pkg/agent/tool_tag_parser.go:480.21,481.12 1 0
github.com/tiancaiamao/ai/pkg/agent/tool_tag_parser.go:483.3,485.16 3 1
github.com/tiancaiamao/ai/pkg/agent/tool_tag_parser.go:485.16,486.12 1 0
github.com/tiancaiamao/ai/pkg/agent/tool_tag_parser.go:488.3,489.25 2 1
github.com/tiancaiamao/ai/pkg/agent/tool_tag_parser.go:489.25,491.4 1 0
github.com/tiancaiamao/ai/pkg/agent/tool_tag_parser.go:493.2,493.20 1 1
github.com/tiancaiamao/ai/pkg/agent/tool_tag_parser.go:493.20,495.3 1 0
github.com/tiancaiamao/ai/pkg/agent/tool_tag_parser.go:497.2,501.39 5 1
github.com/tiancaiamao/ai/pkg/agent/tool_tag_parser.go:501.39,502.68 1 1
github.com/tiancaiamao/ai/pkg/agent/tool_tag_parser.go:502.68,505.4 2 1
github.com/tiancaiamao/ai/pkg/agent/tool_tag_parser.go:507.2,507.63 1 1
github.com/tiancaiamao/ai/pkg/agent/tool_tag_parser.go:507.63,509.3 1 0
github.com/tiancaiamao/ai/pkg/agent/tool_tag_parser.go:511.2,512.16 2 1
github.com/tiancaiamao/ai/pkg/agent/tool_tag_parser.go:512.16,514.3 1 0
github.com/tiancaiamao/ai/pkg/agent/tool_tag_parser.go:516.2,522.9 1 1
github.com/tiancaiamao/ai/pkg/agent/tool_tag_parser.go:525.52,527.21 2 1
github.com/tiancaiamao/ai/pkg/agent/tool_tag_parser.go:527.21,529.3 1 1
github.com/tiancaiamao/ai/pkg/agent/tool_tag_parser.go:530.2,530.26 1 1
github.com/tiancaiamao/ai/pkg/agent/tool_tag_parser.go:530.26,532.3 1 0
github.com/tiancaiamao/ai/pkg/agent/tool_tag_parser.go:534.2,535.20 2 1
github.com/tiancaiamao/ai/pkg/agent/tool_tag_parser.go:535.20,537.31 2 1
github.com/tiancaiamao/ai/pkg/agent/tool_tag_parser.go:537.31,539.4 1 1
github.com/tiancaiamao/ai/pkg/agent/tool_tag_parser.go:542.2,542.73 1 0
github.com/tiancaiamao/ai/pkg/agent/tool_tag_parser.go:542.73,543.57 1 0
github.com/tiancaiamao/ai/pkg/agent/tool_tag_parser.go:543.57,545.4 1 0
github.com/tiancaiamao/ai/pkg/agent/tool_tag_parser.go:548.2,548.11 1 0
